04-Apr-2018 15:09:24.053 INFO [Thread-42] org.apache.coyote.AbstractProtocol.pause Pausing ProtocolHandler ["http-nio-8080"]
04-Apr-2018 15:09:24.107 INFO [Thread-42] org.apache.coyote.AbstractProtocol.pause Pausing ProtocolHandler ["ajp-nio-8009"]
04-Apr-2018 15:09:24.158 INFO [Thread-42] org.apache.catalina.core.StandardService.stopInternal Stopping service Catalina
04-Apr-2018 16:57:13.889 INFO [main] org.apache.catalina.startup.VersionLoggerListener.log Server version:        Apache Tomcat/8.0.32
04-Apr-2018 16:57:13.891 INFO [main] org.apache.catalina.startup.VersionLoggerListener.log Server built:          Feb 2 2016 19:34:53 UTC
04-Apr-2018 16:57:13.891 INFO [main] org.apache.catalina.startup.VersionLoggerListener.log Server number:         8.0.32.0
04-Apr-2018 16:57:13.891 INFO [main] org.apache.catalina.startup.VersionLoggerListener.log OS Name:               Mac OS X
04-Apr-2018 16:57:13.891 INFO [main] org.apache.catalina.startup.VersionLoggerListener.log OS Version:            10.13.3
04-Apr-2018 16:57:13.891 INFO [main] org.apache.catalina.startup.VersionLoggerListener.log Architecture:          x86_64
04-Apr-2018 16:57:13.891 INFO [main] org.apache.catalina.startup.VersionLoggerListener.log Java Home:             /Library/Java/JavaVirtualMachines/jdk1.8.0_131.jdk/Contents/Home/jre
04-Apr-2018 16:57:13.892 INFO [main] org.apache.catalina.startup.VersionLoggerListener.log JVM Version:           1.8.0_131-b11
04-Apr-2018 16:57:13.892 INFO [main] org.apache.catalina.startup.VersionLoggerListener.log JVM Vendor:            Oracle Corporation
04-Apr-2018 16:57:13.892 INFO [main] org.apache.catalina.startup.VersionLoggerListener.log CATALINA_BASE:         /Users/paulo/Documents/eclipse-workspace/bundles/liferay-portal/tomcat-8.0.32
04-Apr-2018 16:57:13.892 INFO [main] org.apache.catalina.startup.VersionLoggerListener.log CATALINA_HOME:         /Users/paulo/Documents/eclipse-workspace/bundles/liferay-portal/tomcat-8.0.32
04-Apr-2018 16:57:13.893 INFO [main] org.apache.catalina.startup.VersionLoggerListener.log Command line argument: -Djava.util.logging.config.file=/Users/paulo/Documents/eclipse-workspace/bundles/liferay-portal/tomcat-8.0.32/conf/logging.properties
04-Apr-2018 16:57:13.893 INFO [main] org.apache.catalina.startup.VersionLoggerListener.log Command line argument: -Djava.util.logging.manager=org.apache.juli.ClassLoaderLogManager
04-Apr-2018 16:57:13.893 INFO [main] org.apache.catalina.startup.VersionLoggerListener.log Command line argument: -Dfile.encoding=UTF8
04-Apr-2018 16:57:13.893 INFO [main] org.apache.catalina.startup.VersionLoggerListener.log Command line argument: -Djava.net.preferIPv4Stack=true
04-Apr-2018 16:57:13.893 INFO [main] org.apache.catalina.startup.VersionLoggerListener.log Command line argument: -Dorg.apache.catalina.loader.WebappClassLoader.ENABLE_CLEAR_REFERENCES=false
04-Apr-2018 16:57:13.893 INFO [main] org.apache.catalina.startup.VersionLoggerListener.log Command line argument: -Duser.timezone=GMT
04-Apr-2018 16:57:13.893 INFO [main] org.apache.catalina.startup.VersionLoggerListener.log Command line argument: -Xmx1024m
04-Apr-2018 16:57:13.893 INFO [main] org.apache.catalina.startup.VersionLoggerListener.log Command line argument: -XX:MaxPermSize=384m
04-Apr-2018 16:57:13.893 INFO [main] org.apache.catalina.startup.VersionLoggerListener.log Command line argument: -Dsun.zip.disableMemoryMapping=true
04-Apr-2018 16:57:13.893 INFO [main] org.apache.catalina.startup.VersionLoggerListener.log Command line argument: -Xdebug
04-Apr-2018 16:57:13.893 INFO [main] org.apache.catalina.startup.VersionLoggerListener.log Command line argument: -Xrunjdwp:transport=dt_socket,address=8000,server=y,suspend=n
04-Apr-2018 16:57:13.894 INFO [main] org.apache.catalina.startup.VersionLoggerListener.log Command line argument: -Djava.endorsed.dirs=/Users/paulo/Documents/eclipse-workspace/bundles/liferay-portal/tomcat-8.0.32/endorsed
04-Apr-2018 16:57:13.894 INFO [main] org.apache.catalina.startup.VersionLoggerListener.log Command line argument: -Dcatalina.base=/Users/paulo/Documents/eclipse-workspace/bundles/liferay-portal/tomcat-8.0.32
04-Apr-2018 16:57:13.894 INFO [main] org.apache.catalina.startup.VersionLoggerListener.log Command line argument: -Dcatalina.home=/Users/paulo/Documents/eclipse-workspace/bundles/liferay-portal/tomcat-8.0.32
04-Apr-2018 16:57:13.894 INFO [main] org.apache.catalina.startup.VersionLoggerListener.log Command line argument: -Djava.io.tmpdir=/Users/paulo/Documents/eclipse-workspace/bundles/liferay-portal/tomcat-8.0.32/temp
04-Apr-2018 16:57:13.894 INFO [main] org.apache.catalina.core.AprLifecycleListener.lifecycleEvent The APR based Apache Tomcat Native library which allows optimal performance in production environments was not found on the java.library.path: /Users/paulo/Library/Java/Extensions:/Library/Java/Extensions:/Network/Library/Java/Extensions:/System/Library/Java/Extensions:/usr/lib/java:.
04-Apr-2018 16:57:14.110 INFO [main] org.apache.coyote.AbstractProtocol.init Initializing ProtocolHandler ["http-nio-8080"]
04-Apr-2018 16:57:14.149 INFO [main] org.apache.tomcat.util.net.NioSelectorPool.getSharedSelector Using a shared selector for servlet write/read
04-Apr-2018 16:57:14.152 INFO [main] org.apache.coyote.AbstractProtocol.init Initializing ProtocolHandler ["ajp-nio-8009"]
04-Apr-2018 16:57:14.154 INFO [main] org.apache.tomcat.util.net.NioSelectorPool.getSharedSelector Using a shared selector for servlet write/read
04-Apr-2018 16:57:14.154 INFO [main] org.apache.catalina.startup.Catalina.load Initialization processed in 711 ms
04-Apr-2018 16:57:14.182 INFO [main] org.apache.catalina.core.StandardService.startInternal Starting service Catalina
04-Apr-2018 16:57:14.183 INFO [main] org.apache.catalina.core.StandardEngine.startInternal Starting Servlet Engine: Apache Tomcat/8.0.32
04-Apr-2018 16:57:14.193 INFO [localhost-startStop-1] org.apache.catalina.startup.HostConfig.deployDescriptor Deploying configuration descriptor /Users/paulo/Documents/eclipse-workspace/bundles/liferay-portal/tomcat-8.0.32/conf/Catalina/localhost/ROOT.xml
04-Apr-2018 17:02:27.065 INFO [localhost-startStop-1] org.apache.catalina.startup.HostConfig.deployDescriptor Deployment of configuration descriptor /Users/paulo/Documents/eclipse-workspace/bundles/liferay-portal/tomcat-8.0.32/conf/Catalina/localhost/ROOT.xml has finished in 312,872 ms
04-Apr-2018 17:02:27.071 INFO [main] org.apache.coyote.AbstractProtocol.start Starting ProtocolHandler ["http-nio-8080"]
04-Apr-2018 17:02:27.084 INFO [main] org.apache.coyote.AbstractProtocol.start Starting ProtocolHandler ["ajp-nio-8009"]
04-Apr-2018 17:02:27.084 INFO [main] org.apache.catalina.startup.Catalina.start Server startup in 312933 ms
