05-Apr-2018 18:36:27.860 SEVERE [http-nio-8080-Acceptor-0] org.apache.tomcat.util.net.NioEndpoint.setSocketOptions 
 java.net.SocketException: Invalid argument
	at sun.nio.ch.Net.setIntOption0(Native Method)
	at sun.nio.ch.Net.setSocketOption(Net.java:334)
	at sun.nio.ch.SocketChannelImpl.setOption(SocketChannelImpl.java:190)
	at sun.nio.ch.SocketAdaptor.setIntOption(SocketAdaptor.java:281)
	at sun.nio.ch.SocketAdaptor.setSoLinger(SocketAdaptor.java:316)
	at org.apache.tomcat.util.net.SocketProperties.setProperties(SocketProperties.java:202)
	at org.apache.tomcat.util.net.NioEndpoint.setSocketOptions(NioEndpoint.java:533)
	at org.apache.tomcat.util.net.NioEndpoint$Acceptor.run(NioEndpoint.java:697)
	at java.lang.Thread.run(Thread.java:748)

05-Apr-2018 18:36:36.737 SEVERE [ajp-nio-8009-exec-2] org.apache.coyote.ajp.AjpMessage.processHeader Invalid message received with signature 18245
05-Apr-2018 18:36:36.741 SEVERE [ajp-nio-8009-exec-3] org.apache.coyote.ajp.AjpMessage.processHeader Invalid message received with signature 5635
05-Apr-2018 18:36:36.743 SEVERE [ajp-nio-8009-exec-4] org.apache.coyote.ajp.AjpMessage.processHeader Invalid message received with signature 32926
05-Apr-2018 18:36:36.744 SEVERE [ajp-nio-8009-exec-5] org.apache.coyote.ajp.AjpMessage.processHeader Invalid message received with signature 18245
05-Apr-2018 18:37:48.217 SEVERE [http-nio-8080-Acceptor-0] org.apache.tomcat.util.net.NioEndpoint.setSocketOptions 
 java.net.SocketException: Invalid argument
	at sun.nio.ch.Net.setIntOption0(Native Method)
	at sun.nio.ch.Net.setSocketOption(Net.java:334)
	at sun.nio.ch.SocketChannelImpl.setOption(SocketChannelImpl.java:190)
	at sun.nio.ch.SocketAdaptor.setIntOption(SocketAdaptor.java:281)
	at sun.nio.ch.SocketAdaptor.setSoLinger(SocketAdaptor.java:316)
	at org.apache.tomcat.util.net.SocketProperties.setProperties(SocketProperties.java:202)
	at org.apache.tomcat.util.net.NioEndpoint.setSocketOptions(NioEndpoint.java:533)
	at org.apache.tomcat.util.net.NioEndpoint$Acceptor.run(NioEndpoint.java:697)
	at java.lang.Thread.run(Thread.java:748)

05-Apr-2018 18:37:54.281 SEVERE [ajp-nio-8009-exec-2] org.apache.coyote.ajp.AjpMessage.processHeader Invalid message received with signature 18245
05-Apr-2018 18:37:54.283 SEVERE [ajp-nio-8009-exec-3] org.apache.coyote.ajp.AjpMessage.processHeader Invalid message received with signature 5635
05-Apr-2018 18:37:54.284 SEVERE [ajp-nio-8009-exec-4] org.apache.coyote.ajp.AjpMessage.processHeader Invalid message received with signature 32926
05-Apr-2018 18:37:54.286 SEVERE [ajp-nio-8009-exec-5] org.apache.coyote.ajp.AjpMessage.processHeader Invalid message received with signature 18245
05-Apr-2018 18:48:02.149 INFO [Thread-42] org.apache.coyote.AbstractProtocol.pause Pausing ProtocolHandler ["http-nio-8080"]
05-Apr-2018 18:48:02.151 INFO [Thread-42] org.apache.coyote.AbstractProtocol.pause Pausing ProtocolHandler ["ajp-nio-8009"]
05-Apr-2018 18:48:02.202 INFO [Thread-42] org.apache.catalina.core.StandardService.stopInternal Stopping service Catalina
05-Apr-2018 18:48:29.250 SEVERE [localhost-startStop-2] org.apache.catalina.loader.WebappClassLoaderBase.checkThreadLocalMapForLeaks The web application [ROOT] created a ThreadLocal with key of type [org.apache.felix.scr.impl.ComponentRegistry$1] (value [org.apache.felix.scr.impl.ComponentRegistry$1@14a5c0ee]) and a value of type [java.util.ArrayList] (value [[]]) but failed to remove it when the web application was stopped. Threads are going to be renewed over time to try and avoid a probable memory leak.
05-Apr-2018 18:48:29.259 INFO [Thread-42] org.apache.coyote.AbstractProtocol.stop Stopping ProtocolHandler ["http-nio-8080"]
05-Apr-2018 18:48:29.341 INFO [Thread-42] org.apache.coyote.AbstractProtocol.stop Stopping ProtocolHandler ["ajp-nio-8009"]
05-Apr-2018 18:48:29.437 INFO [Thread-42] org.apache.coyote.AbstractProtocol.destroy Destroying ProtocolHandler ["http-nio-8080"]
05-Apr-2018 18:48:29.438 INFO [Thread-42] org.apache.coyote.AbstractProtocol.destroy Destroying ProtocolHandler ["ajp-nio-8009"]
