06-Apr-2018 14:36:21.924 INFO [main] org.apache.catalina.startup.VersionLoggerListener.log Server version:        Apache Tomcat/8.0.32
06-Apr-2018 14:36:21.926 INFO [main] org.apache.catalina.startup.VersionLoggerListener.log Server built:          Feb 2 2016 19:34:53 UTC
06-Apr-2018 14:36:21.926 INFO [main] org.apache.catalina.startup.VersionLoggerListener.log Server number:         8.0.32.0
06-Apr-2018 14:36:21.926 INFO [main] org.apache.catalina.startup.VersionLoggerListener.log OS Name:               Mac OS X
06-Apr-2018 14:36:21.926 INFO [main] org.apache.catalina.startup.VersionLoggerListener.log OS Version:            10.13.3
06-Apr-2018 14:36:21.926 INFO [main] org.apache.catalina.startup.VersionLoggerListener.log Architecture:          x86_64
06-Apr-2018 14:36:21.926 INFO [main] org.apache.catalina.startup.VersionLoggerListener.log Java Home:             /Library/Java/JavaVirtualMachines/jdk1.8.0_131.jdk/Contents/Home/jre
06-Apr-2018 14:36:21.926 INFO [main] org.apache.catalina.startup.VersionLoggerListener.log JVM Version:           1.8.0_131-b11
06-Apr-2018 14:36:21.926 INFO [main] org.apache.catalina.startup.VersionLoggerListener.log JVM Vendor:            Oracle Corporation
06-Apr-2018 14:36:21.926 INFO [main] org.apache.catalina.startup.VersionLoggerListener.log CATALINA_BASE:         /Users/paulo/Documents/eclipse-workspace/bundles/liferay-portal/tomcat-8.0.32
06-Apr-2018 14:36:21.926 INFO [main] org.apache.catalina.startup.VersionLoggerListener.log CATALINA_HOME:         /Users/paulo/Documents/eclipse-workspace/bundles/liferay-portal/tomcat-8.0.32
06-Apr-2018 14:36:21.927 INFO [main] org.apache.catalina.startup.VersionLoggerListener.log Command line argument: -Djava.util.logging.config.file=/Users/paulo/Documents/eclipse-workspace/bundles/liferay-portal/tomcat-8.0.32/conf/logging.properties
06-Apr-2018 14:36:21.927 INFO [main] org.apache.catalina.startup.VersionLoggerListener.log Command line argument: -Djava.util.logging.manager=org.apache.juli.ClassLoaderLogManager
06-Apr-2018 14:36:21.927 INFO [main] org.apache.catalina.startup.VersionLoggerListener.log Command line argument: -Dfile.encoding=UTF8
06-Apr-2018 14:36:21.928 INFO [main] org.apache.catalina.startup.VersionLoggerListener.log Command line argument: -Djava.net.preferIPv4Stack=true
06-Apr-2018 14:36:21.928 INFO [main] org.apache.catalina.startup.VersionLoggerListener.log Command line argument: -Dorg.apache.catalina.loader.WebappClassLoader.ENABLE_CLEAR_REFERENCES=false
06-Apr-2018 14:36:21.928 INFO [main] org.apache.catalina.startup.VersionLoggerListener.log Command line argument: -Duser.timezone=GMT
06-Apr-2018 14:36:21.928 INFO [main] org.apache.catalina.startup.VersionLoggerListener.log Command line argument: -Xmx1024m
06-Apr-2018 14:36:21.928 INFO [main] org.apache.catalina.startup.VersionLoggerListener.log Command line argument: -XX:MaxPermSize=384m
06-Apr-2018 14:36:21.928 INFO [main] org.apache.catalina.startup.VersionLoggerListener.log Command line argument: -Dsun.zip.disableMemoryMapping=true
06-Apr-2018 14:36:21.928 INFO [main] org.apache.catalina.startup.VersionLoggerListener.log Command line argument: -Xdebug
06-Apr-2018 14:36:21.928 INFO [main] org.apache.catalina.startup.VersionLoggerListener.log Command line argument: -Xrunjdwp:transport=dt_socket,address=8000,server=y,suspend=n
06-Apr-2018 14:36:21.929 INFO [main] org.apache.catalina.startup.VersionLoggerListener.log Command line argument: -Djava.endorsed.dirs=/Users/paulo/Documents/eclipse-workspace/bundles/liferay-portal/tomcat-8.0.32/endorsed
06-Apr-2018 14:36:21.929 INFO [main] org.apache.catalina.startup.VersionLoggerListener.log Command line argument: -Dcatalina.base=/Users/paulo/Documents/eclipse-workspace/bundles/liferay-portal/tomcat-8.0.32
06-Apr-2018 14:36:21.929 INFO [main] org.apache.catalina.startup.VersionLoggerListener.log Command line argument: -Dcatalina.home=/Users/paulo/Documents/eclipse-workspace/bundles/liferay-portal/tomcat-8.0.32
06-Apr-2018 14:36:21.929 INFO [main] org.apache.catalina.startup.VersionLoggerListener.log Command line argument: -Djava.io.tmpdir=/Users/paulo/Documents/eclipse-workspace/bundles/liferay-portal/tomcat-8.0.32/temp
06-Apr-2018 14:36:21.929 INFO [main] org.apache.catalina.core.AprLifecycleListener.lifecycleEvent The APR based Apache Tomcat Native library which allows optimal performance in production environments was not found on the java.library.path: /Users/paulo/Library/Java/Extensions:/Library/Java/Extensions:/Network/Library/Java/Extensions:/System/Library/Java/Extensions:/usr/lib/java:.
06-Apr-2018 14:36:22.101 INFO [main] org.apache.coyote.AbstractProtocol.init Initializing ProtocolHandler ["http-nio-8080"]
06-Apr-2018 14:36:22.136 INFO [main] org.apache.tomcat.util.net.NioSelectorPool.getSharedSelector Using a shared selector for servlet write/read
06-Apr-2018 14:36:22.139 INFO [main] org.apache.coyote.AbstractProtocol.init Initializing ProtocolHandler ["ajp-nio-8009"]
06-Apr-2018 14:36:22.141 INFO [main] org.apache.tomcat.util.net.NioSelectorPool.getSharedSelector Using a shared selector for servlet write/read
06-Apr-2018 14:36:22.141 INFO [main] org.apache.catalina.startup.Catalina.load Initialization processed in 582 ms
06-Apr-2018 14:36:22.167 INFO [main] org.apache.catalina.core.StandardService.startInternal Starting service Catalina
06-Apr-2018 14:36:22.167 INFO [main] org.apache.catalina.core.StandardEngine.startInternal Starting Servlet Engine: Apache Tomcat/8.0.32
06-Apr-2018 14:36:22.177 INFO [localhost-startStop-1] org.apache.catalina.startup.HostConfig.deployDescriptor Deploying configuration descriptor /Users/paulo/Documents/eclipse-workspace/bundles/liferay-portal/tomcat-8.0.32/conf/Catalina/localhost/ROOT.xml
06-Apr-2018 14:39:30.629 INFO [localhost-startStop-1] org.apache.catalina.startup.HostConfig.deployDescriptor Deployment of configuration descriptor /Users/paulo/Documents/eclipse-workspace/bundles/liferay-portal/tomcat-8.0.32/conf/Catalina/localhost/ROOT.xml has finished in 188,452 ms
06-Apr-2018 14:39:30.633 INFO [main] org.apache.coyote.AbstractProtocol.start Starting ProtocolHandler ["http-nio-8080"]
06-Apr-2018 14:39:30.644 INFO [main] org.apache.coyote.AbstractProtocol.start Starting ProtocolHandler ["ajp-nio-8009"]
06-Apr-2018 14:39:30.644 INFO [main] org.apache.catalina.startup.Catalina.start Server startup in 188504 ms
