2018-06-27 01:40:03.152 WARN  [HikariPool-2 housekeeper][HikariPool:686] HikariPool-2 - Thread starvation or clock leap detected (housekeeper delta=3h45m48s828ms).
2018-06-27 01:40:03.152 WARN  [HikariPool-1 housekeeper][HikariPool:686] HikariPool-1 - Thread starvation or clock leap detected (housekeeper delta=1h59m59s535ms).
2018-06-27 03:40:10.437 WARN  [HikariPool-2 housekeeper][HikariPool:686] HikariPool-2 - Thread starvation or clock leap detected (housekeeper delta=2h7s247ms).
2018-06-27 03:40:10.465 WARN  [HikariPool-1 housekeeper][HikariPool:686] HikariPool-1 - Thread starvation or clock leap detected (housekeeper delta=2h7s248ms).
2018-06-27 05:40:23.893 WARN  [HikariPool-1 housekeeper][HikariPool:686] HikariPool-1 - Thread starvation or clock leap detected (housekeeper delta=2h13s538ms).
2018-06-27 05:40:23.988 WARN  [HikariPool-2 housekeeper][HikariPool:686] HikariPool-2 - Thread starvation or clock leap detected (housekeeper delta=2h13s635ms).
2018-06-27 07:40:35.062 WARN  [HikariPool-1 housekeeper][HikariPool:686] HikariPool-1 - Thread starvation or clock leap detected (housekeeper delta=2h11s167ms).
2018-06-27 07:40:35.143 WARN  [HikariPool-2 housekeeper][HikariPool:686] HikariPool-2 - Thread starvation or clock leap detected (housekeeper delta=2h11s155ms).
2018-06-27 08:36:41.445 WARN  [HikariPool-1 housekeeper][HikariPool:686] HikariPool-1 - Thread starvation or clock leap detected (housekeeper delta=56m6s385ms).
2018-06-27 08:36:41.514 WARN  [HikariPool-2 housekeeper][HikariPool:686] HikariPool-2 - Thread starvation or clock leap detected (housekeeper delta=56m6s370ms).
2018-06-27 13:40:03.068 WARN  [http-nio-8080-exec-4][URLConfigurationSource:122] No URLs will be polled as dynamic configuration sources.
2018-06-27 13:40:03.070 INFO  [http-nio-8080-exec-4][URLConfigurationSource:123] To enable URLs as dynamic configuration sources, define System property archaius.configurationSource.additionalUrls or make config.properties available on classpath.
2018-06-27 13:40:03.080 INFO  [http-nio-8080-exec-4][DynamicPropertyFactory:266] DynamicPropertyFactory is initialized with configuration sources: com.netflix.config.ConcurrentCompositeConfiguration@3601787e
2018-06-27 14:52:27.085 WARN  [HikariPool-2 housekeeper][HikariPool:686] HikariPool-2 - Thread starvation or clock leap detected (housekeeper delta=31m40s702ms).
2018-06-27 14:52:27.085 WARN  [HikariPool-1 housekeeper][HikariPool:686] HikariPool-1 - Thread starvation or clock leap detected (housekeeper delta=31m40s702ms).
2018-06-27 15:46:27.523 WARN  [HikariPool-2 housekeeper][HikariPool:686] HikariPool-2 - Thread starvation or clock leap detected (housekeeper delta=53m30s431ms).
2018-06-27 15:46:27.532 WARN  [HikariPool-1 housekeeper][HikariPool:686] HikariPool-1 - Thread starvation or clock leap detected (housekeeper delta=53m30s431ms).
2018-06-27 16:19:38.259 WARN  [HikariPool-2 housekeeper][HikariPool:686] HikariPool-2 - Thread starvation or clock leap detected (housekeeper delta=32m40s731ms).
2018-06-27 16:19:38.269 WARN  [HikariPool-1 housekeeper][HikariPool:686] HikariPool-1 - Thread starvation or clock leap detected (housekeeper delta=32m40s732ms).
2018-06-27 17:11:01.103 WARN  [HikariPool-2 housekeeper][HikariPool:686] HikariPool-2 - Thread starvation or clock leap detected (housekeeper delta=50m52s839ms).
2018-06-27 17:11:01.122 WARN  [HikariPool-1 housekeeper][HikariPool:686] HikariPool-1 - Thread starvation or clock leap detected (housekeeper delta=50m52s841ms).
2018-06-27 17:15:46.716 INFO  [Thread-42][PortletHotDeployListener:331] Unregistering portlets for tasks-portlet
2018-06-27 17:15:46.769 INFO  [Thread-42][PortletHotDeployListener:365] 2 portlets for tasks-portlet were unregistered
2018-06-27 17:15:46.897 INFO  [Thread-42][HookHotDeployListener:581] Hook for tasks-portlet was unregistered
2018-06-27 17:15:46.988 INFO  [Thread-42][PluginPackageUtil:1001] Reading plugin package for tasks-portlet
2018-06-27 17:15:47.210 INFO  [Thread-42][PortletHotDeployListener:331] Unregistering portlets for opensocial-portlet
2018-06-27 17:15:47.282 INFO  [Thread-42][PortletHotDeployListener:365] 4 portlets for opensocial-portlet were unregistered
2018-06-27 17:15:47.329 INFO  [Thread-42][HookHotDeployListener:581] Hook for opensocial-portlet was unregistered
2018-06-27 17:15:47.428 INFO  [Thread-42][PluginPackageUtil:1001] Reading plugin package for opensocial-portlet
2018-06-27 17:15:47.561 INFO  [Thread-42][ThemeHotDeployListener:136] Unregistering themes for admin-theme
2018-06-27 17:15:47.564 INFO  [Thread-42][ThemeHotDeployListener:170] 1 theme for admin-theme was unregistered
2018-06-27 17:15:47.566 INFO  [Thread-42][PluginPackageUtil:1001] Reading plugin package for admin-theme
2018-06-27 17:15:47.986 INFO  [Thread-42][LayoutTemplateHotDeployListener:137] Unregistering layout templates for frontend-columns-layouttpl
2018-06-27 17:15:47.988 INFO  [Thread-42][LayoutTemplateHotDeployListener:159] 5 layout templates for frontend-columns-layouttpl were unregistered
2018-06-27 17:15:47.989 INFO  [Thread-42][PluginPackageUtil:1001] Reading plugin package for frontend-columns-layouttpl
2018-06-27 17:15:48.979 INFO  [Thread-42][ThemeHotDeployListener:136] Unregistering themes for porygon-theme
2018-06-27 17:15:48.979 INFO  [Thread-42][ThemeHotDeployListener:170] 1 theme for porygon-theme was unregistered
2018-06-27 17:15:48.981 INFO  [Thread-42][PluginPackageUtil:1001] Reading plugin package for porygon-theme
2018-06-27 17:15:49.512 INFO  [Thread-42][HookHotDeployListener:581] Hook for social-bookmarks-hook was unregistered
2018-06-27 17:15:49.867 INFO  [Thread-42][PluginPackageUtil:1001] Reading plugin package for social-bookmarks-hook
2018-06-27 17:15:50.163 INFO  [Thread-42][ThemeHotDeployListener:136] Unregistering themes for classic-theme
2018-06-27 17:15:50.163 INFO  [Thread-42][ThemeHotDeployListener:170] 1 theme for classic-theme was unregistered
2018-06-27 17:15:50.165 INFO  [Thread-42][PluginPackageUtil:1001] Reading plugin package for classic-theme
2018-06-27 17:15:50.552 INFO  [Thread-42][ThemeHotDeployListener:136] Unregistering themes for westeros-bank-theme
2018-06-27 17:15:50.553 INFO  [Thread-42][ThemeHotDeployListener:170] 1 theme for westeros-bank-theme was unregistered
2018-06-27 17:15:50.555 INFO  [Thread-42][PluginPackageUtil:1001] Reading plugin package for westeros-bank-theme
2018-06-27 17:15:50.678 INFO  [Thread-42][PortletHotDeployListener:331] Unregistering portlets for powwow-portlet
2018-06-27 17:15:50.746 INFO  [Thread-42][PortletHotDeployListener:365] 2 portlets for powwow-portlet were unregistered
2018-06-27 17:15:50.814 INFO  [Thread-42][HookHotDeployListener:581] Hook for powwow-portlet was unregistered
2018-06-27 17:15:50.886 INFO  [Thread-42][PluginPackageUtil:1001] Reading plugin package for powwow-portlet
2018-06-27 17:15:51.577 INFO  [Thread-42][ThemeHotDeployListener:136] Unregistering themes for fjord-theme
2018-06-27 17:15:51.578 INFO  [Thread-42][ThemeHotDeployListener:170] 1 theme for fjord-theme was unregistered
2018-06-27 17:15:51.579 INFO  [Thread-42][PluginPackageUtil:1001] Reading plugin package for fjord-theme
