2018-05-22 14:18:32.729 ERROR [http-nio-8080-exec-7][IncludeTag:128] Current URL /group/guest/~/control_panel/manage?p_p_id=com_liferay_dynamic_data_mapping_form_web_portlet_DDMFormAdminPortlet&p_p_lifecycle=0&p_p_state=maximized generates exception: com.liferay.portal.kernel.template.TemplateException: Unable to process templates
com.google.template.soy.tofu.SoyTofuException: Attempting to render undefined template 'com.liferay.frontend.taglib.clay.ManagementToolbar.render'.
	at com.google.template.soy.tofu.internal.BaseTofu.renderMainHelper(BaseTofu.java:198)
	at com.google.template.soy.tofu.internal.BaseTofu.renderMain(BaseTofu.java:156)
	at com.google.template.soy.tofu.internal.BaseTofu.access$100(BaseTofu.java:53)
	at com.google.template.soy.tofu.internal.BaseTofu$RendererImpl.renderStrict(BaseTofu.java:360)
	at com.liferay.portal.template.soy.internal.SoyTemplate.processTemplates(SoyTemplate.java:333)
	at com.liferay.portal.template.AbstractMultiResourceTemplate.processTemplate(AbstractMultiResourceTemplate.java:68)
	at com.liferay.frontend.taglib.soy.servlet.taglib.TemplateRendererTag.renderTemplate(TemplateRendererTag.java:228)
	at com.liferay.frontend.taglib.soy.servlet.taglib.TemplateRendererTag.doEndTag(TemplateRendererTag.java:57)
	at org.apache.jsp.admin.management_005fbar_jsp._jspService(management_005fbar_jsp:292)
	at org.apache.jasper.runtime.HttpJspBase.service(HttpJspBase.java:111)
	at javax.servlet.http.HttpServlet.service(HttpServlet.java:741)
	at org.apache.jasper.servlet.JspServletWrapper.service(JspServletWrapper.java:411)
	at org.apache.jasper.servlet.JspServlet.serviceJspFile(JspServlet.java:473)
	at org.apache.jasper.servlet.JspServlet.service(JspServlet.java:377)
	at javax.servlet.http.HttpServlet.service(HttpServlet.java:741)
	at com.liferay.portal.osgi.web.servlet.jsp.compiler.internal.JspServlet.service(JspServlet.java:345)
	at com.liferay.portal.osgi.web.servlet.jsp.compiler.internal.JspServlet.service(JspServlet.java:356)
	at org.eclipse.equinox.http.servlet.internal.registration.EndpointRegistration.service(EndpointRegistration.java:153)
	at org.eclipse.equinox.http.servlet.internal.servlet.ResponseStateHandler.processRequest(ResponseStateHandler.java:62)
	at org.eclipse.equinox.http.servlet.internal.context.DispatchTargets.doDispatch(DispatchTargets.java:118)
2018-05-22 14:18:50.344 ERROR [http-nio-8080-exec-1][IncludeTag:128] Current URL /group/guest/~/control_panel/manage?p_p_id=com_liferay_dynamic_data_mapping_form_web_portlet_DDMFormAdminPortlet&p_p_lifecycle=0&p_p_state=maximized&p_p_mode=view generates exception: com.liferay.portal.kernel.template.TemplateException: Unable to process templates
com.google.template.soy.tofu.SoyTofuException: Attempting to render undefined template 'com.liferay.frontend.taglib.clay.ManagementToolbar.render'.
	at com.google.template.soy.tofu.internal.BaseTofu.renderMainHelper(BaseTofu.java:198)
	at com.google.template.soy.tofu.internal.BaseTofu.renderMain(BaseTofu.java:156)
	at com.google.template.soy.tofu.internal.BaseTofu.access$100(BaseTofu.java:53)
	at com.google.template.soy.tofu.internal.BaseTofu$RendererImpl.renderStrict(BaseTofu.java:360)
	at com.liferay.portal.template.soy.internal.SoyTemplate.processTemplates(SoyTemplate.java:333)
	at com.liferay.portal.template.AbstractMultiResourceTemplate.processTemplate(AbstractMultiResourceTemplate.java:68)
	at com.liferay.frontend.taglib.soy.servlet.taglib.TemplateRendererTag.renderTemplate(TemplateRendererTag.java:228)
	at com.liferay.frontend.taglib.soy.servlet.taglib.TemplateRendererTag.doEndTag(TemplateRendererTag.java:57)
	at org.apache.jsp.admin.management_005fbar_jsp._jspService(management_005fbar_jsp:292)
	at org.apache.jasper.runtime.HttpJspBase.service(HttpJspBase.java:111)
	at javax.servlet.http.HttpServlet.service(HttpServlet.java:741)
	at org.apache.jasper.servlet.JspServletWrapper.service(JspServletWrapper.java:411)
	at org.apache.jasper.servlet.JspServlet.serviceJspFile(JspServlet.java:473)
	at org.apache.jasper.servlet.JspServlet.service(JspServlet.java:377)
	at javax.servlet.http.HttpServlet.service(HttpServlet.java:741)
	at com.liferay.portal.osgi.web.servlet.jsp.compiler.internal.JspServlet.service(JspServlet.java:345)
	at com.liferay.portal.osgi.web.servlet.jsp.compiler.internal.JspServlet.service(JspServlet.java:356)
	at org.eclipse.equinox.http.servlet.internal.registration.EndpointRegistration.service(EndpointRegistration.java:153)
	at org.eclipse.equinox.http.servlet.internal.servlet.ResponseStateHandler.processRequest(ResponseStateHandler.java:62)
	at org.eclipse.equinox.http.servlet.internal.context.DispatchTargets.doDispatch(DispatchTargets.java:118)
2018-05-22 15:15:59.636 ERROR [http-nio-8080-exec-6][IncludeTag:128] Current URL /group/guest/~/control_panel/manage?p_p_id=com_liferay_dynamic_data_mapping_form_web_portlet_DDMFormAdminPortlet&p_p_lifecycle=0&p_p_state=maximized generates exception: com.liferay.portal.kernel.template.TemplateException: Unable to process templates
com.google.template.soy.tofu.SoyTofuException: Attempting to render undefined template 'com.liferay.frontend.taglib.clay.ManagementToolbar.render'.
	at com.google.template.soy.tofu.internal.BaseTofu.renderMainHelper(BaseTofu.java:198)
	at com.google.template.soy.tofu.internal.BaseTofu.renderMain(BaseTofu.java:156)
	at com.google.template.soy.tofu.internal.BaseTofu.access$100(BaseTofu.java:53)
	at com.google.template.soy.tofu.internal.BaseTofu$RendererImpl.renderStrict(BaseTofu.java:360)
	at com.liferay.portal.template.soy.internal.SoyTemplate.processTemplates(SoyTemplate.java:333)
	at com.liferay.portal.template.AbstractMultiResourceTemplate.processTemplate(AbstractMultiResourceTemplate.java:68)
	at com.liferay.frontend.taglib.soy.servlet.taglib.TemplateRendererTag.renderTemplate(TemplateRendererTag.java:228)
	at com.liferay.frontend.taglib.soy.servlet.taglib.TemplateRendererTag.doEndTag(TemplateRendererTag.java:57)
	at org.apache.jsp.admin.management_005fbar_jsp._jspService(management_005fbar_jsp:292)
	at org.apache.jasper.runtime.HttpJspBase.service(HttpJspBase.java:111)
	at javax.servlet.http.HttpServlet.service(HttpServlet.java:741)
	at org.apache.jasper.servlet.JspServletWrapper.service(JspServletWrapper.java:411)
	at org.apache.jasper.servlet.JspServlet.serviceJspFile(JspServlet.java:473)
	at org.apache.jasper.servlet.JspServlet.service(JspServlet.java:377)
	at javax.servlet.http.HttpServlet.service(HttpServlet.java:741)
	at com.liferay.portal.osgi.web.servlet.jsp.compiler.internal.JspServlet.service(JspServlet.java:345)
	at com.liferay.portal.osgi.web.servlet.jsp.compiler.internal.JspServlet.service(JspServlet.java:356)
	at org.eclipse.equinox.http.servlet.internal.registration.EndpointRegistration.service(EndpointRegistration.java:153)
	at org.eclipse.equinox.http.servlet.internal.servlet.ResponseStateHandler.processRequest(ResponseStateHandler.java:62)
	at org.eclipse.equinox.http.servlet.internal.context.DispatchTargets.doDispatch(DispatchTargets.java:118)
2018-05-22 15:53:35.473 WARN  [HikariPool-2 housekeeper][HikariPool:676] HikariPool-2 - Thread starvation or clock leap detected (housekeeper delta=1m18s63ms).
2018-05-22 15:53:50.143 WARN  [HikariPool-1 housekeeper][HikariPool:676] HikariPool-1 - Thread starvation or clock leap detected (housekeeper delta=1m18s64ms).
2018-05-22 17:07:34.655 INFO  [liferay/scheduler_dispatch-3][PluginPackageUtil:1264] Reloading repositories
