2018-05-19 19:53:20.618 WARN  [HikariPool-2 housekeeper][HikariPool:676] HikariPool-2 - Thread starvation or clock leap detected (housekeeper delta=1d13h35m34s634ms).
2018-05-19 19:53:20.627 WARN  [HikariPool-1 housekeeper][HikariPool:676] HikariPool-1 - Thread starvation or clock leap detected (housekeeper delta=1d13h35m34s649ms).
2018-05-19 19:53:22.991 INFO  [liferay/scheduler_dispatch-3][PluginPackageUtil:1264] Reloading repositories
2018-05-19 19:53:44.210 WARN  [HikariPool-2 housekeeper][HikariPool:667] HikariPool-2 - Retrograde clock change detected (housekeeper delta=23s598ms), soft-evicting connections from pool.
2018-05-19 19:53:44.333 WARN  [HikariPool-1 housekeeper][HikariPool:667] HikariPool-1 - Retrograde clock change detected (housekeeper delta=23s706ms), soft-evicting connections from pool.
2018-05-19 20:38:12.089 INFO  [Thread-42][ThemeHotDeployListener:136] Unregistering themes for westeros-bank-theme
2018-05-19 20:38:12.093 INFO  [Thread-42][ThemeHotDeployListener:170] 1 theme for westeros-bank-theme was unregistered
2018-05-19 20:38:12.109 INFO  [Thread-42][PluginPackageUtil:1001] Reading plugin package for westeros-bank-theme
2018-05-19 20:38:13.616 INFO  [Thread-42][ThemeHotDeployListener:136] Unregistering themes for admin-theme
2018-05-19 20:38:13.617 INFO  [Thread-42][ThemeHotDeployListener:170] 1 theme for admin-theme was unregistered
2018-05-19 20:38:13.618 INFO  [Thread-42][PluginPackageUtil:1001] Reading plugin package for admin-theme
2018-05-19 20:38:13.818 INFO  [Thread-42][PortletHotDeployListener:331] Unregistering portlets for opensocial-portlet
2018-05-19 20:38:13.873 INFO  [Thread-42][PortletHotDeployListener:365] 4 portlets for opensocial-portlet were unregistered
2018-05-19 20:38:13.924 INFO  [Thread-42][HookHotDeployListener:581] Hook for opensocial-portlet was unregistered
2018-05-19 20:38:14.020 INFO  [Thread-42][PluginPackageUtil:1001] Reading plugin package for opensocial-portlet
2018-05-19 20:38:15.258 INFO  [Thread-42][LayoutTemplateHotDeployListener:137] Unregistering layout templates for frontend-columns-layouttpl
2018-05-19 20:38:15.259 INFO  [Thread-42][LayoutTemplateHotDeployListener:159] 5 layout templates for frontend-columns-layouttpl were unregistered
2018-05-19 20:38:15.260 INFO  [Thread-42][PluginPackageUtil:1001] Reading plugin package for frontend-columns-layouttpl
2018-05-19 20:38:15.562 INFO  [Thread-42][ThemeHotDeployListener:136] Unregistering themes for porygon-theme
2018-05-19 20:38:15.563 INFO  [Thread-42][ThemeHotDeployListener:170] 1 theme for porygon-theme was unregistered
2018-05-19 20:38:15.781 INFO  [Thread-42][PluginPackageUtil:1001] Reading plugin package for porygon-theme
2018-05-19 20:38:16.312 INFO  [Thread-42][ThemeHotDeployListener:136] Unregistering themes for fjord-theme
2018-05-19 20:38:16.313 INFO  [Thread-42][ThemeHotDeployListener:170] 1 theme for fjord-theme was unregistered
2018-05-19 20:38:16.314 INFO  [Thread-42][PluginPackageUtil:1001] Reading plugin package for fjord-theme
2018-05-19 20:38:16.469 INFO  [Thread-42][PortletHotDeployListener:331] Unregistering portlets for tasks-portlet
2018-05-19 20:38:16.489 INFO  [Thread-42][PortletHotDeployListener:365] 2 portlets for tasks-portlet were unregistered
2018-05-19 20:38:16.524 INFO  [Thread-42][HookHotDeployListener:581] Hook for tasks-portlet was unregistered
2018-05-19 20:38:16.558 INFO  [Thread-42][PluginPackageUtil:1001] Reading plugin package for tasks-portlet
2018-05-19 20:38:16.744 INFO  [Thread-42][PortletHotDeployListener:331] Unregistering portlets for powwow-portlet
2018-05-19 20:38:16.965 INFO  [Thread-42][PortletHotDeployListener:365] 2 portlets for powwow-portlet were unregistered
2018-05-19 20:38:17.001 INFO  [Thread-42][HookHotDeployListener:581] Hook for powwow-portlet was unregistered
2018-05-19 20:38:17.044 INFO  [Thread-42][PluginPackageUtil:1001] Reading plugin package for powwow-portlet
2018-05-19 20:38:17.132 INFO  [Thread-42][HookHotDeployListener:581] Hook for social-bookmarks-hook was unregistered
2018-05-19 20:38:17.133 INFO  [Thread-42][PluginPackageUtil:1001] Reading plugin package for social-bookmarks-hook
2018-05-19 20:38:17.958 INFO  [Thread-42][ThemeHotDeployListener:136] Unregistering themes for 1975-london-theme
2018-05-19 20:38:17.959 INFO  [Thread-42][ThemeHotDeployListener:170] 1 theme for 1975-london-theme was unregistered
2018-05-19 20:38:17.960 INFO  [Thread-42][PluginPackageUtil:1001] Reading plugin package for 1975-london-theme
2018-05-19 20:38:17.994 INFO  [Thread-42][ThemeHotDeployListener:136] Unregistering themes for classic-theme
2018-05-19 20:38:17.994 INFO  [Thread-42][ThemeHotDeployListener:170] 1 theme for classic-theme was unregistered
2018-05-19 20:38:17.995 INFO  [Thread-42][PluginPackageUtil:1001] Reading plugin package for classic-theme
