2018-04-27 00:30:40.110 WARN  [HikariPool-1 housekeeper][HikariPool:676] HikariPool-1 - Thread starvation or clock leap detected (housekeeper delta=2h25s101ms).
2018-04-27 00:30:40.110 WARN  [HikariPool-2 housekeeper][HikariPool:676] HikariPool-2 - Thread starvation or clock leap detected (housekeeper delta=2h25s101ms).
2018-04-27 02:32:05.208 WARN  [HikariPool-1 housekeeper][HikariPool:676] HikariPool-1 - Thread starvation or clock leap detected (housekeeper delta=2h25s83ms).
2018-04-27 02:32:05.208 WARN  [HikariPool-2 housekeeper][HikariPool:676] HikariPool-2 - Thread starvation or clock leap detected (housekeeper delta=2h25s83ms).
2018-04-27 04:33:00.337 WARN  [HikariPool-2 housekeeper][HikariPool:676] HikariPool-2 - Thread starvation or clock leap detected (housekeeper delta=2h25s128ms).
2018-04-27 04:33:00.337 WARN  [HikariPool-1 housekeeper][HikariPool:676] HikariPool-1 - Thread starvation or clock leap detected (housekeeper delta=2h25s128ms).
2018-04-27 06:33:25.464 WARN  [HikariPool-2 housekeeper][HikariPool:676] HikariPool-2 - Thread starvation or clock leap detected (housekeeper delta=2h25s127ms).
2018-04-27 06:33:25.464 WARN  [HikariPool-1 housekeeper][HikariPool:676] HikariPool-1 - Thread starvation or clock leap detected (housekeeper delta=2h25s127ms).
2018-04-27 08:34:20.585 WARN  [HikariPool-1 housekeeper][HikariPool:676] HikariPool-1 - Thread starvation or clock leap detected (housekeeper delta=2h25s111ms).
2018-04-27 08:34:20.585 WARN  [HikariPool-2 housekeeper][HikariPool:676] HikariPool-2 - Thread starvation or clock leap detected (housekeeper delta=2h25s111ms).
2018-04-27 10:35:15.687 WARN  [HikariPool-2 housekeeper][HikariPool:676] HikariPool-2 - Thread starvation or clock leap detected (housekeeper delta=2h25s94ms).
2018-04-27 10:35:15.687 WARN  [HikariPool-1 housekeeper][HikariPool:676] HikariPool-1 - Thread starvation or clock leap detected (housekeeper delta=2h25s94ms).
2018-04-27 12:30:09.077 WARN  [HikariPool-1 housekeeper][HikariPool:676] HikariPool-1 - Thread starvation or clock leap detected (housekeeper delta=1h54m23s379ms).
2018-04-27 12:30:09.077 WARN  [HikariPool-2 housekeeper][HikariPool:676] HikariPool-2 - Thread starvation or clock leap detected (housekeeper delta=1h54m23s379ms).
2018-04-27 13:54:21.697 ERROR [http-nio-8080-exec-7][ApioLoggerImpl:39] No endpoint found at path form-instances/36511
2018-04-27 13:54:53.944 ERROR [http-nio-8080-exec-10][ApioLoggerImpl:39] Access denied to com.liferay.dynamic.data.mapping.service.DDMFormInstanceService#getFormInstances
2018-04-27 13:55:15.614 ERROR [http-nio-8080-exec-4][ApioLoggerImpl:39] Access denied to com.liferay.dynamic.data.mapping.service.DDMFormInstanceService#getFormInstances
2018-04-27 13:56:20.852 WARN  [http-nio-8080-exec-5][code_jsp:172] {code="500", msg="", uri=/o/api/p/web-sites/form-instance}
javax.servlet.ServletException: org.apache.cxf.interceptor.Fault: web-sites/form-instance path does not have a valid path mapper
	at com.liferay.portal.remote.cxf.common.internal.CXFEndpointPublisher$ServicesRegistrator$RemoteAccessFilter.doFilter(CXFEndpointPublisher.java:364)
	at org.eclipse.equinox.http.servlet.internal.registration.FilterRegistration.doFilter(FilterRegistration.java:121)
	at org.eclipse.equinox.http.servlet.internal.servlet.FilterChainImpl.doFilter(FilterChainImpl.java:45)
	at com.liferay.portal.kernel.servlet.BaseFilter.processFilter(BaseFilter.java:144)
	at com.liferay.portal.servlet.filters.authverifier.AuthVerifierFilter.processFilter(AuthVerifierFilter.java:169)
	at com.liferay.portal.kernel.servlet.BaseFilter.doFilter(BaseFilter.java:49)
	at org.eclipse.equinox.http.servlet.internal.registration.FilterRegistration.doFilter(FilterRegistration.java:121)
	at org.eclipse.equinox.http.servlet.internal.servlet.FilterChainImpl.doFilter(FilterChainImpl.java:45)
	at org.eclipse.equinox.http.servlet.internal.servlet.ResponseStateHandler.processRequest(ResponseStateHandler.java:70)
	at org.eclipse.equinox.http.servlet.internal.context.DispatchTargets.doDispatch(DispatchTargets.java:118)
	at org.eclipse.equinox.http.servlet.internal.HttpServiceRuntimeImpl.doDispatch(HttpServiceRuntimeImpl.java:373)
	at org.eclipse.equinox.http.servlet.internal.servlet.ProxyServlet.service(ProxyServlet.java:70)
	at javax.servlet.http.HttpServlet.service(HttpServlet.java:741)
	at com.liferay.portal.module.framework.ModuleFrameworkServletAdapter.service(ModuleFrameworkServletAdapter.java:51)
	at javax.servlet.http.HttpServlet.service(HttpServlet.java:741)
	at org.apache.catalina.core.ApplicationFilterChain.internalDoFilter(ApplicationFilterChain.java:231)
	at org.apache.catalina.core.ApplicationFilterChain.doFilter(ApplicationFilterChain.java:166)
	at org.apache.tomcat.websocket.server.WsFilter.doFilter(WsFilter.java:53)
	at org.apache.catalina.core.ApplicationFilterChain.internalDoFilter(ApplicationFilterChain.java:193)
	at org.apache.catalina.core.ApplicationFilterChain.doFilter(ApplicationFilterChain.java:166)
	at com.liferay.portal.kernel.servlet.filters.invoker.InvokerFilterChain.doFilter(InvokerFilterChain.java:119)
	at com.liferay.portal.kernel.servlet.BaseFilter.processFilter(BaseFilter.java:144)
	at com.liferay.portal.sharepoint.SharepointFilter.processFilter(SharepointFilter.java:88)
	at com.liferay.portal.kernel.servlet.BaseFilter.doFilter(BaseFilter.java:49)
	at com.liferay.portal.kernel.servlet.filters.invoker.InvokerFilterChain.processDoFilter(InvokerFilterChain.java:207)
	at com.liferay.portal.kernel.servlet.filters.invoker.InvokerFilterChain.doFilter(InvokerFilterChain.java:112)
	at com.liferay.portal.kernel.servlet.BaseFilter.processFilter(BaseFilter.java:144)
	at com.liferay.portal.servlet.filters.virtualhost.VirtualHostFilter.processFilter(VirtualHostFilter.java:263)
	at com.liferay.portal.kernel.servlet.BaseFilter.doFilter(BaseFilter.java:49)
	at com.liferay.portal.kernel.servlet.filters.invoker.InvokerFilterChain.processDoFilter(InvokerFilterChain.java:207)
	at com.liferay.portal.kernel.servlet.filters.invoker.InvokerFilterChain.doFilter(InvokerFilterChain.java:112)
	at com.liferay.portal.kernel.servlet.filters.invoker.InvokerFilterChain.processDirectCallFilter(InvokerFilterChain.java:188)
	at com.liferay.portal.kernel.servlet.filters.invoker.InvokerFilterChain.doFilter(InvokerFilterChain.java:96)
	at com.liferay.portal.kernel.servlet.filters.invoker.InvokerFilterChain.processDirectCallFilter(InvokerFilterChain.java:188)
	at com.liferay.portal.kernel.servlet.filters.invoker.InvokerFilterChain.doFilter(InvokerFilterChain.java:96)
	at org.tuckey.web.filters.urlrewrite.RuleChain.handleRewrite(RuleChain.java:176)
	at org.tuckey.web.filters.urlrewrite.RuleChain.doRules(RuleChain.java:145)
	at org.tuckey.web.filters.urlrewrite.UrlRewriter.processRequest(UrlRewriter.java:92)
	at org.tuckey.web.filters.urlrewrite.UrlRewriteFilter.doFilter(UrlRewriteFilter.java:394)
	at com.liferay.portal.servlet.filters.urlrewrite.UrlRewriteFilter.processFilter(UrlRewriteFilter.java:65)
	at com.liferay.portal.kernel.servlet.BaseFilter.doFilter(BaseFilter.java:49)
	at com.liferay.portal.kernel.servlet.filters.invoker.InvokerFilterChain.processDoFilter(InvokerFilterChain.java:207)
	at com.liferay.portal.kernel.servlet.filters.invoker.InvokerFilterChain.doFilter(InvokerFilterChain.java:112)
	at com.liferay.portal.kernel.servlet.filters.invoker.InvokerFilterChain.processDirectCallFilter(InvokerFilterChain.java:168)
	at com.liferay.portal.kernel.servlet.filters.invoker.InvokerFilterChain.doFilter(InvokerFilterChain.java:96)
	at com.liferay.portal.kernel.servlet.filters.invoker.InvokerFilterChain.processDirectCallFilter(InvokerFilterChain.java:168)
	at com.liferay.portal.kernel.servlet.filters.invoker.InvokerFilterChain.doFilter(InvokerFilterChain.java:96)
	at com.liferay.portal.kernel.servlet.filters.invoker.InvokerFilterChain.processDirectCallFilter(InvokerFilterChain.java:188)
	at com.liferay.portal.kernel.servlet.filters.invoker.InvokerFilterChain.doFilter(InvokerFilterChain.java:96)
	at com.liferay.portal.kernel.servlet.filters.invoker.InvokerFilter.doFilter(InvokerFilter.java:100)
	at org.apache.catalina.core.ApplicationFilterChain.internalDoFilter(ApplicationFilterChain.java:193)
	at org.apache.catalina.core.ApplicationFilterChain.doFilter(ApplicationFilterChain.java:166)
	at org.apache.catalina.core.StandardWrapperValve.invoke(StandardWrapperValve.java:199)
	at org.apache.catalina.core.StandardContextValve.invoke(StandardContextValve.java:96)
	at org.apache.catalina.authenticator.AuthenticatorBase.invoke(AuthenticatorBase.java:494)
	at org.apache.catalina.core.StandardHostValve.invoke(StandardHostValve.java:137)
	at org.apache.catalina.valves.ErrorReportValve.invoke(ErrorReportValve.java:92)
	at org.apache.catalina.valves.AbstractAccessLogValve.invoke(AbstractAccessLogValve.java:651)
	at org.apache.catalina.core.StandardEngineValve.invoke(StandardEngineValve.java:87)
	at org.apache.catalina.connector.CoyoteAdapter.service(CoyoteAdapter.java:343)
	at org.apache.coyote.http11.Http11Processor.service(Http11Processor.java:407)
	at org.apache.coyote.AbstractProcessorLight.process(AbstractProcessorLight.java:66)
	at org.apache.coyote.AbstractProtocol$ConnectionHandler.process(AbstractProtocol.java:754)
	at org.apache.tomcat.util.net.NioEndpoint$SocketProcessor.doRun(NioEndpoint.java:1376)
	at org.apache.tomcat.util.net.SocketProcessorBase.run(SocketProcessorBase.java:49)
	at java.util.concurrent.ThreadPoolExecutor.runWorker(ThreadPoolExecutor.java:1142)
	at java.util.concurrent.ThreadPoolExecutor$Worker.run(ThreadPoolExecutor.java:617)
	at org.apache.tomcat.util.threads.TaskThread$WrappingRunnable.run(TaskThread.java:61)
	at java.lang.Thread.run(Thread.java:748)
Caused by: org.apache.cxf.interceptor.Fault: web-sites/form-instance path does not have a valid path mapper
	at org.apache.cxf.service.invoker.AbstractInvoker.createFault(AbstractInvoker.java:162)
	at org.apache.cxf.service.invoker.AbstractInvoker.invoke(AbstractInvoker.java:128)
	at org.apache.cxf.jaxrs.JAXRSInvoker.invoke(JAXRSInvoker.java:189)
	at org.apache.cxf.jaxrs.JAXRSInvoker.invoke(JAXRSInvoker.java:261)
	at org.apache.cxf.jaxrs.JAXRSInvoker.invoke(JAXRSInvoker.java:99)
	at org.apache.cxf.interceptor.ServiceInvokerInterceptor$1.run(ServiceInvokerInterceptor.java:59)
	at org.apache.cxf.interceptor.ServiceInvokerInterceptor.handleMessage(ServiceInvokerInterceptor.java:96)
	at org.apache.cxf.phase.PhaseInterceptorChain.doIntercept(PhaseInterceptorChain.java:308)
	at org.apache.cxf.transport.ChainInitiationObserver.onMessage(ChainInitiationObserver.java:121)
	at org.apache.cxf.transport.http.AbstractHTTPDestination.invoke(AbstractHTTPDestination.java:252)
	at org.apache.cxf.transport.servlet.ServletController.invokeDestination(ServletController.java:234)
	at org.apache.cxf.transport.servlet.ServletController.invoke(ServletController.java:208)
	at org.apache.cxf.transport.servlet.ServletController.invoke(ServletController.java:160)
	at org.apache.cxf.transport.servlet.CXFNonSpringServlet.invoke(CXFNonSpringServlet.java:180)
	at org.apache.cxf.transport.servlet.AbstractHTTPServlet.handleRequest(AbstractHTTPServlet.java:299)
	at org.apache.cxf.transport.servlet.AbstractHTTPServlet.doGet(AbstractHTTPServlet.java:223)
	at javax.servlet.http.HttpServlet.service(HttpServlet.java:634)
	at org.apache.cxf.transport.servlet.AbstractHTTPServlet.service(AbstractHTTPServlet.java:274)
	at org.eclipse.equinox.http.servlet.internal.registration.EndpointRegistration.service(EndpointRegistration.java:153)
	at org.eclipse.equinox.http.servlet.internal.servlet.FilterChainImpl.doFilter(FilterChainImpl.java:50)
	at com.liferay.portal.remote.cxf.common.internal.CXFEndpointPublisher$ServicesRegistrator$RemoteAccessFilter.doFilter(CXFEndpointPublisher.java:361)
	... 68 more
Caused by: com.liferay.apio.architect.error.ApioDeveloperError$MustHavePathIdentifierMapper: web-sites/form-instance path does not have a valid path mapper
	at com.liferay.apio.architect.wiring.osgi.internal.manager.PathIdentifierMapperManagerImpl.lambda$mapToIdentifierOrFail$1(PathIdentifierMapperManagerImpl.java:59)
	at com.liferay.apio.architect.functional.Try$Failure.orElseThrow(Try.java:582)
	at com.liferay.apio.architect.wiring.osgi.internal.manager.PathIdentifierMapperManagerImpl.mapToIdentifierOrFail(PathIdentifierMapperManagerImpl.java:58)
	at com.liferay.apio.architect.application.internal.endpoint.RootEndpointImpl.lambda$_getSingleModelTry$9(RootEndpointImpl.java:172)
	at com.liferay.apio.architect.functional.Try$Success.flatMap(Try.java:656)
	at com.liferay.apio.architect.application.internal.endpoint.RootEndpointImpl._getSingleModelTry(RootEndpointImpl.java:168)
	at com.liferay.apio.architect.application.internal.endpoint.RootEndpointImpl.lambda$pageEndpoint$3(RootEndpointImpl.java:136)
	at com.liferay.apio.architect.application.internal.endpoint.PageEndpointImpl.getCollectionItemSingleModelTry(PageEndpointImpl.java:146)
	at sun.reflect.NativeMethodAccessorImpl.invoke0(Native Method)
	at sun.reflect.NativeMethodAccessorImpl.invoke(NativeMethodAccessorImpl.java:62)
	at sun.reflect.DelegatingMethodAccessorImpl.invoke(DelegatingMethodAccessorImpl.java:43)
	at java.lang.reflect.Method.invoke(Method.java:498)
	at org.apache.cxf.service.invoker.AbstractInvoker.performInvocation(AbstractInvoker.java:180)
	at org.apache.cxf.service.invoker.AbstractInvoker.invoke(AbstractInvoker.java:96)
	... 87 more
2018-04-27 13:56:35.469 ERROR [http-nio-8080-exec-9][ApioLoggerImpl:39] Access denied to com.liferay.dynamic.data.mapping.service.DDMFormInstanceService#getFormInstances
2018-04-27 14:59:16.580 INFO  [Thread-42][PortletHotDeployListener:331] Unregistering portlets for powwow-portlet
2018-04-27 14:59:16.625 INFO  [Thread-42][PortletHotDeployListener:365] 2 portlets for powwow-portlet were unregistered
2018-04-27 14:59:16.691 INFO  [Thread-42][HookHotDeployListener:583] Hook for powwow-portlet was unregistered
2018-04-27 14:59:16.762 INFO  [Thread-42][PluginPackageUtil:1003] Reading plugin package for powwow-portlet
2018-04-27 14:59:17.531 INFO  [Thread-42][ThemeHotDeployListener:136] Unregistering themes for admin-theme
2018-04-27 14:59:17.533 INFO  [Thread-42][ThemeHotDeployListener:170] 1 theme for admin-theme was unregistered
2018-04-27 14:59:17.535 INFO  [Thread-42][PluginPackageUtil:1003] Reading plugin package for admin-theme
2018-04-27 14:59:17.693 INFO  [Thread-42][HookHotDeployListener:583] Hook for social-bookmarks-hook was unregistered
2018-04-27 14:59:17.694 INFO  [Thread-42][PluginPackageUtil:1003] Reading plugin package for social-bookmarks-hook
2018-04-27 14:59:18.157 INFO  [Thread-42][PortletHotDeployListener:331] Unregistering portlets for opensocial-portlet
2018-04-27 14:59:18.228 INFO  [Thread-42][PortletHotDeployListener:365] 4 portlets for opensocial-portlet were unregistered
2018-04-27 14:59:18.279 INFO  [Thread-42][HookHotDeployListener:583] Hook for opensocial-portlet was unregistered
2018-04-27 14:59:18.351 INFO  [Thread-42][PluginPackageUtil:1003] Reading plugin package for opensocial-portlet
2018-04-27 14:59:19.514 INFO  [Thread-42][LayoutTemplateHotDeployListener:137] Unregistering layout templates for frontend-columns-layouttpl
2018-04-27 14:59:19.515 INFO  [Thread-42][LayoutTemplateHotDeployListener:159] 5 layout templates for frontend-columns-layouttpl were unregistered
2018-04-27 14:59:19.516 INFO  [Thread-42][PluginPackageUtil:1003] Reading plugin package for frontend-columns-layouttpl
2018-04-27 14:59:19.767 INFO  [Thread-42][PortletHotDeployListener:331] Unregistering portlets for tasks-portlet
2018-04-27 14:59:19.798 INFO  [Thread-42][PortletHotDeployListener:365] 2 portlets for tasks-portlet were unregistered
2018-04-27 14:59:19.860 INFO  [Thread-42][HookHotDeployListener:583] Hook for tasks-portlet was unregistered
2018-04-27 14:59:19.902 INFO  [Thread-42][PluginPackageUtil:1003] Reading plugin package for tasks-portlet
2018-04-27 14:59:19.995 INFO  [Thread-42][ThemeHotDeployListener:136] Unregistering themes for classic-theme
2018-04-27 14:59:19.995 INFO  [Thread-42][ThemeHotDeployListener:170] 1 theme for classic-theme was unregistered
2018-04-27 14:59:19.997 INFO  [Thread-42][PluginPackageUtil:1003] Reading plugin package for classic-theme
