2018-05-05 01:49:34.771 WARN  [HikariPool-2 housekeeper][HikariPool:676] HikariPool-2 - Thread starvation or clock leap detected (housekeeper delta=2h9s583ms).
2018-05-05 01:49:34.771 WARN  [HikariPool-1 housekeeper][HikariPool:676] HikariPool-1 - Thread starvation or clock leap detected (housekeeper delta=3h46m24s82ms).
2018-05-05 03:49:52.034 WARN  [HikariPool-2 housekeeper][HikariPool:676] HikariPool-2 - Thread starvation or clock leap detected (housekeeper delta=2h17s456ms).
2018-05-05 03:49:52.060 WARN  [HikariPool-1 housekeeper][HikariPool:676] HikariPool-1 - Thread starvation or clock leap detected (housekeeper delta=2h17s478ms).
2018-05-05 07:50:05.534 WARN  [HikariPool-2 housekeeper][HikariPool:676] HikariPool-2 - Thread starvation or clock leap detected (housekeeper delta=4h13s374ms).
2018-05-05 07:50:05.534 WARN  [HikariPool-1 housekeeper][HikariPool:676] HikariPool-1 - Thread starvation or clock leap detected (housekeeper delta=4h13s354ms).
2018-05-05 08:50:26.493 WARN  [HikariPool-2 housekeeper][HikariPool:676] HikariPool-2 - Thread starvation or clock leap detected (housekeeper delta=1h21s83ms).
2018-05-05 08:50:26.505 WARN  [HikariPool-1 housekeeper][HikariPool:676] HikariPool-1 - Thread starvation or clock leap detected (housekeeper delta=1h21s91ms).
2018-05-05 16:51:14.401 INFO  [liferay/scheduler_dispatch-2][PluginPackageUtil:1266] Reloading repositories
2018-05-05 16:51:17.119 WARN  [HikariPool-2 housekeeper][HikariPool:676] HikariPool-2 - Thread starvation or clock leap detected (housekeeper delta=8h50s627ms).
2018-05-05 16:51:17.130 WARN  [HikariPool-1 housekeeper][HikariPool:676] HikariPool-1 - Thread starvation or clock leap detected (housekeeper delta=8h50s625ms).
2018-05-05 18:05:01.493 WARN  [HikariPool-2 housekeeper][HikariPool:676] HikariPool-2 - Thread starvation or clock leap detected (housekeeper delta=51m44s162ms).
2018-05-05 18:05:01.508 WARN  [HikariPool-1 housekeeper][HikariPool:676] HikariPool-1 - Thread starvation or clock leap detected (housekeeper delta=51m44s165ms).
2018-05-05 19:01:33.938 INFO  [Thread-42][ThemeHotDeployListener:136] Unregistering themes for fjord-theme
2018-05-05 19:01:33.940 INFO  [Thread-42][ThemeHotDeployListener:170] 1 theme for fjord-theme was unregistered
2018-05-05 19:01:33.946 INFO  [Thread-42][PluginPackageUtil:1003] Reading plugin package for fjord-theme
2018-05-05 19:01:34.185 INFO  [Thread-42][ThemeHotDeployListener:136] Unregistering themes for westeros-bank-theme
2018-05-05 19:01:34.186 INFO  [Thread-42][ThemeHotDeployListener:170] 1 theme for westeros-bank-theme was unregistered
2018-05-05 19:01:34.187 INFO  [Thread-42][PluginPackageUtil:1003] Reading plugin package for westeros-bank-theme
2018-05-05 19:01:34.422 INFO  [Thread-42][PortletHotDeployListener:331] Unregistering portlets for opensocial-portlet
2018-05-05 19:01:34.481 INFO  [Thread-42][PortletHotDeployListener:365] 4 portlets for opensocial-portlet were unregistered
2018-05-05 19:01:34.522 INFO  [Thread-42][HookHotDeployListener:581] Hook for opensocial-portlet was unregistered
2018-05-05 19:01:34.607 INFO  [Thread-42][PluginPackageUtil:1003] Reading plugin package for opensocial-portlet
2018-05-05 19:01:34.670 INFO  [Thread-42][ThemeHotDeployListener:136] Unregistering themes for porygon-theme
2018-05-05 19:01:34.670 INFO  [Thread-42][ThemeHotDeployListener:170] 1 theme for porygon-theme was unregistered
2018-05-05 19:01:34.672 INFO  [Thread-42][PluginPackageUtil:1003] Reading plugin package for porygon-theme
2018-05-05 19:01:34.804 INFO  [Thread-42][HookHotDeployListener:581] Hook for social-bookmarks-hook was unregistered
2018-05-05 19:01:34.805 INFO  [Thread-42][PluginPackageUtil:1003] Reading plugin package for social-bookmarks-hook
2018-05-05 19:01:35.183 INFO  [Thread-42][ThemeHotDeployListener:136] Unregistering themes for classic-theme
2018-05-05 19:01:35.183 INFO  [Thread-42][ThemeHotDeployListener:170] 1 theme for classic-theme was unregistered
2018-05-05 19:01:35.185 INFO  [Thread-42][PluginPackageUtil:1003] Reading plugin package for classic-theme
2018-05-05 19:01:35.693 INFO  [Thread-42][ThemeHotDeployListener:136] Unregistering themes for admin-theme
2018-05-05 19:01:35.693 INFO  [Thread-42][ThemeHotDeployListener:170] 1 theme for admin-theme was unregistered
2018-05-05 19:01:35.695 INFO  [Thread-42][PluginPackageUtil:1003] Reading plugin package for admin-theme
2018-05-05 19:01:35.780 INFO  [Thread-42][PortletHotDeployListener:331] Unregistering portlets for powwow-portlet
2018-05-05 19:01:35.815 INFO  [Thread-42][PortletHotDeployListener:365] 2 portlets for powwow-portlet were unregistered
2018-05-05 19:01:35.859 INFO  [Thread-42][HookHotDeployListener:581] Hook for powwow-portlet was unregistered
2018-05-05 19:01:35.907 INFO  [Thread-42][PluginPackageUtil:1003] Reading plugin package for powwow-portlet
2018-05-05 19:01:36.161 INFO  [Thread-42][PortletHotDeployListener:331] Unregistering portlets for tasks-portlet
2018-05-05 19:01:36.187 INFO  [Thread-42][PortletHotDeployListener:365] 2 portlets for tasks-portlet were unregistered
2018-05-05 19:01:36.227 INFO  [Thread-42][HookHotDeployListener:581] Hook for tasks-portlet was unregistered
2018-05-05 19:01:36.267 INFO  [Thread-42][PluginPackageUtil:1003] Reading plugin package for tasks-portlet
2018-05-05 19:01:36.453 INFO  [Thread-42][LayoutTemplateHotDeployListener:137] Unregistering layout templates for frontend-columns-layouttpl
2018-05-05 19:01:36.455 INFO  [Thread-42][LayoutTemplateHotDeployListener:159] 5 layout templates for frontend-columns-layouttpl were unregistered
2018-05-05 19:01:36.456 INFO  [Thread-42][PluginPackageUtil:1003] Reading plugin package for frontend-columns-layouttpl
2018-05-05 19:01:36.634 INFO  [Thread-42][ThemeHotDeployListener:136] Unregistering themes for 1975-london-theme
2018-05-05 19:01:36.635 INFO  [Thread-42][ThemeHotDeployListener:170] 1 theme for 1975-london-theme was unregistered
2018-05-05 19:01:36.636 INFO  [Thread-42][PluginPackageUtil:1003] Reading plugin package for 1975-london-theme
