2018-03-29 00:22:53.821 WARN  [HikariPool-2 housekeeper][HikariPool:676] HikariPool-2 - Thread starvation or clock leap detected (housekeeper delta=29m33s124ms).
2018-03-29 00:22:53.832 WARN  [HikariPool-1 housekeeper][HikariPool:676] HikariPool-1 - Thread starvation or clock leap detected (housekeeper delta=29m33s123ms).
2018-03-29 00:43:57.987 WARN  [HikariPool-2 housekeeper][HikariPool:676] HikariPool-2 - Thread starvation or clock leap detected (housekeeper delta=20m34s151ms).
2018-03-29 00:43:57.987 WARN  [HikariPool-1 housekeeper][HikariPool:676] HikariPool-1 - Thread starvation or clock leap detected (housekeeper delta=20m34s151ms).
2018-03-29 01:31:08.120 WARN  [HikariPool-1 housekeeper][HikariPool:676] HikariPool-1 - Thread starvation or clock leap detected (housekeeper delta=47m10s133ms).
2018-03-29 01:31:08.120 WARN  [HikariPool-2 housekeeper][HikariPool:676] HikariPool-2 - Thread starvation or clock leap detected (housekeeper delta=47m10s133ms).
2018-03-29 01:52:12.261 WARN  [HikariPool-1 housekeeper][HikariPool:676] HikariPool-1 - Thread starvation or clock leap detected (housekeeper delta=20m34s135ms).
2018-03-29 01:52:12.261 WARN  [HikariPool-2 housekeeper][HikariPool:676] HikariPool-2 - Thread starvation or clock leap detected (housekeeper delta=20m34s135ms).
2018-03-29 02:30:36.387 WARN  [HikariPool-2 housekeeper][HikariPool:676] HikariPool-2 - Thread starvation or clock leap detected (housekeeper delta=37m54s117ms).
2018-03-29 02:30:36.387 WARN  [HikariPool-1 housekeeper][HikariPool:676] HikariPool-1 - Thread starvation or clock leap detected (housekeeper delta=37m54s117ms).
2018-03-29 02:51:40.527 WARN  [HikariPool-2 housekeeper][HikariPool:676] HikariPool-2 - Thread starvation or clock leap detected (housekeeper delta=20m34s140ms).
2018-03-29 02:51:40.534 WARN  [HikariPool-1 housekeeper][HikariPool:676] HikariPool-1 - Thread starvation or clock leap detected (housekeeper delta=20m34s136ms).
2018-03-29 03:30:42.725 WARN  [HikariPool-1 housekeeper][HikariPool:676] HikariPool-1 - Thread starvation or clock leap detected (housekeeper delta=39m2s191ms).
2018-03-29 03:30:42.726 WARN  [HikariPool-2 housekeeper][HikariPool:676] HikariPool-2 - Thread starvation or clock leap detected (housekeeper delta=39m2s199ms).
2018-03-29 03:51:46.843 WARN  [HikariPool-1 housekeeper][HikariPool:676] HikariPool-1 - Thread starvation or clock leap detected (housekeeper delta=20m34s116ms).
2018-03-29 03:51:46.843 WARN  [HikariPool-2 housekeeper][HikariPool:676] HikariPool-2 - Thread starvation or clock leap detected (housekeeper delta=20m34s116ms).
2018-03-29 04:22:39.996 WARN  [HikariPool-1 housekeeper][HikariPool:676] HikariPool-1 - Thread starvation or clock leap detected (housekeeper delta=30m23s148ms).
2018-03-29 04:22:39.996 WARN  [HikariPool-2 housekeeper][HikariPool:676] HikariPool-2 - Thread starvation or clock leap detected (housekeeper delta=30m23s148ms).
2018-03-29 04:44:43.582 WARN  [HikariPool-1 housekeeper][HikariPool:676] HikariPool-1 - Thread starvation or clock leap detected (housekeeper delta=20m33s566ms).
2018-03-29 04:44:43.582 WARN  [HikariPool-2 housekeeper][HikariPool:676] HikariPool-2 - Thread starvation or clock leap detected (housekeeper delta=20m33s566ms).
2018-03-29 05:26:48.705 WARN  [HikariPool-1 housekeeper][HikariPool:676] HikariPool-1 - Thread starvation or clock leap detected (housekeeper delta=41m35s118ms).
2018-03-29 05:26:48.705 WARN  [HikariPool-2 housekeeper][HikariPool:676] HikariPool-2 - Thread starvation or clock leap detected (housekeeper delta=41m35s118ms).
2018-03-29 05:47:21.849 WARN  [HikariPool-2 housekeeper][HikariPool:676] HikariPool-2 - Thread starvation or clock leap detected (housekeeper delta=20m33s144ms).
2018-03-29 05:47:21.849 WARN  [HikariPool-1 housekeeper][HikariPool:676] HikariPool-1 - Thread starvation or clock leap detected (housekeeper delta=20m33s144ms).
2018-03-29 06:31:15.982 WARN  [HikariPool-1 housekeeper][HikariPool:676] HikariPool-1 - Thread starvation or clock leap detected (housekeeper delta=43m24s125ms).
2018-03-29 06:31:15.982 WARN  [HikariPool-2 housekeeper][HikariPool:676] HikariPool-2 - Thread starvation or clock leap detected (housekeeper delta=43m24s125ms).
2018-03-29 06:52:20.110 WARN  [HikariPool-1 housekeeper][HikariPool:676] HikariPool-1 - Thread starvation or clock leap detected (housekeeper delta=20m34s124ms).
2018-03-29 06:52:20.110 WARN  [HikariPool-2 housekeeper][HikariPool:676] HikariPool-2 - Thread starvation or clock leap detected (housekeeper delta=20m34s124ms).
2018-03-29 07:26:02.238 WARN  [HikariPool-2 housekeeper][HikariPool:676] HikariPool-2 - Thread starvation or clock leap detected (housekeeper delta=33m12s119ms).
2018-03-29 07:26:02.238 WARN  [HikariPool-1 housekeeper][HikariPool:676] HikariPool-1 - Thread starvation or clock leap detected (housekeeper delta=33m12s119ms).
2018-03-29 07:46:35.703 WARN  [HikariPool-1 housekeeper][HikariPool:676] HikariPool-1 - Thread starvation or clock leap detected (housekeeper delta=20m33s465ms).
2018-03-29 07:46:35.704 WARN  [HikariPool-2 housekeeper][HikariPool:676] HikariPool-2 - Thread starvation or clock leap detected (housekeeper delta=20m33s466ms).
2018-03-29 08:31:40.875 WARN  [HikariPool-1 housekeeper][HikariPool:676] HikariPool-1 - Thread starvation or clock leap detected (housekeeper delta=44m35s163ms).
2018-03-29 08:31:40.875 WARN  [HikariPool-2 housekeeper][HikariPool:676] HikariPool-2 - Thread starvation or clock leap detected (housekeeper delta=44m35s163ms).
2018-03-29 08:52:45.009 WARN  [HikariPool-1 housekeeper][HikariPool:676] HikariPool-1 - Thread starvation or clock leap detected (housekeeper delta=20m34s133ms).
2018-03-29 08:52:45.009 WARN  [HikariPool-2 housekeeper][HikariPool:676] HikariPool-2 - Thread starvation or clock leap detected (housekeeper delta=20m34s133ms).
2018-03-29 09:31:25.137 WARN  [HikariPool-2 housekeeper][HikariPool:676] HikariPool-2 - Thread starvation or clock leap detected (housekeeper delta=38m10s127ms).
2018-03-29 09:31:25.137 WARN  [HikariPool-1 housekeeper][HikariPool:676] HikariPool-1 - Thread starvation or clock leap detected (housekeeper delta=38m10s127ms).
2018-03-29 09:52:29.265 WARN  [HikariPool-2 housekeeper][HikariPool:676] HikariPool-2 - Thread starvation or clock leap detected (housekeeper delta=20m34s128ms).
2018-03-29 09:52:29.265 WARN  [HikariPool-1 housekeeper][HikariPool:676] HikariPool-1 - Thread starvation or clock leap detected (housekeeper delta=20m34s128ms).
2018-03-29 10:26:10.365 WARN  [HikariPool-2 housekeeper][HikariPool:676] HikariPool-2 - Thread starvation or clock leap detected (housekeeper delta=33m41s100ms).
2018-03-29 10:26:10.370 WARN  [HikariPool-1 housekeeper][HikariPool:676] HikariPool-1 - Thread starvation or clock leap detected (housekeeper delta=33m41s105ms).
2018-03-29 10:47:14.481 WARN  [HikariPool-1 housekeeper][HikariPool:676] HikariPool-1 - Thread starvation or clock leap detected (housekeeper delta=20m34s110ms).
2018-03-29 10:47:14.481 WARN  [HikariPool-2 housekeeper][HikariPool:676] HikariPool-2 - Thread starvation or clock leap detected (housekeeper delta=20m34s110ms).
2018-03-29 11:27:10.582 WARN  [HikariPool-1 housekeeper][HikariPool:676] HikariPool-1 - Thread starvation or clock leap detected (housekeeper delta=39m26s95ms).
2018-03-29 11:27:10.582 WARN  [HikariPool-2 housekeeper][HikariPool:676] HikariPool-2 - Thread starvation or clock leap detected (housekeeper delta=39m26s95ms).
2018-03-29 11:48:14.710 WARN  [HikariPool-2 housekeeper][HikariPool:676] HikariPool-2 - Thread starvation or clock leap detected (housekeeper delta=20m34s121ms).
2018-03-29 11:48:14.710 WARN  [HikariPool-1 housekeeper][HikariPool:676] HikariPool-1 - Thread starvation or clock leap detected (housekeeper delta=20m34s121ms).
2018-03-29 12:29:27.851 WARN  [HikariPool-2 housekeeper][HikariPool:676] HikariPool-2 - Thread starvation or clock leap detected (housekeeper delta=41m13s141ms).
2018-03-29 12:29:27.857 WARN  [HikariPool-1 housekeeper][HikariPool:676] HikariPool-1 - Thread starvation or clock leap detected (housekeeper delta=41m13s146ms).
2018-03-29 12:42:10.813 WARN  [HikariPool-2 housekeeper][HikariPool:676] HikariPool-2 - Thread starvation or clock leap detected (housekeeper delta=10m39s589ms).
2018-03-29 12:42:10.817 WARN  [HikariPool-1 housekeeper][HikariPool:676] HikariPool-1 - Thread starvation or clock leap detected (housekeeper delta=10m39s588ms).
2018-03-29 14:07:04.475 WARN  [HikariPool-2 housekeeper][HikariPool:676] HikariPool-2 - Thread starvation or clock leap detected (housekeeper delta=51m29s438ms).
2018-03-29 14:07:04.549 WARN  [HikariPool-1 housekeeper][HikariPool:676] HikariPool-1 - Thread starvation or clock leap detected (housekeeper delta=51m29s442ms).
2018-03-29 15:31:49.636 WARN  [HikariPool-1 housekeeper][HikariPool:676] HikariPool-1 - Thread starvation or clock leap detected (housekeeper delta=1h10m45s12ms).
2018-03-29 15:31:49.636 WARN  [HikariPool-2 housekeeper][HikariPool:676] HikariPool-2 - Thread starvation or clock leap detected (housekeeper delta=1h10m45s108ms).
2018-03-29 15:52:55.403 WARN  [HikariPool-2 housekeeper][HikariPool:676] HikariPool-2 - Thread starvation or clock leap detected (housekeeper delta=20m34s674ms).
2018-03-29 15:52:55.403 WARN  [HikariPool-1 housekeeper][HikariPool:676] HikariPool-1 - Thread starvation or clock leap detected (housekeeper delta=20m34s674ms).
2018-03-29 16:06:17.203 WARN  [HikariPool-1 housekeeper][HikariPool:676] HikariPool-1 - Thread starvation or clock leap detected (housekeeper delta=12m51s798ms).
2018-03-29 16:06:17.203 WARN  [HikariPool-2 housekeeper][HikariPool:676] HikariPool-2 - Thread starvation or clock leap detected (housekeeper delta=12m51s798ms).
2018-03-29 16:15:45.569 INFO  [liferay/scheduler_dispatch-16][PluginPackageUtil:1266] Reloading repositories
2018-03-29 17:01:33.818 WARN  [HikariPool-1 housekeeper][HikariPool:676] HikariPool-1 - Thread starvation or clock leap detected (housekeeper delta=2m16s370ms).
2018-03-29 17:01:33.818 WARN  [HikariPool-2 housekeeper][HikariPool:676] HikariPool-2 - Thread starvation or clock leap detected (housekeeper delta=2m16s370ms).
2018-03-29 17:27:10.910 WARN  [HikariPool-1 housekeeper][HikariPool:676] HikariPool-1 - Thread starvation or clock leap detected (housekeeper delta=9m7s49ms).
2018-03-29 17:27:10.910 WARN  [HikariPool-2 housekeeper][HikariPool:676] HikariPool-2 - Thread starvation or clock leap detected (housekeeper delta=9m7s49ms).
2018-03-29 17:59:33.116 WARN  [HikariPool-1 housekeeper][HikariPool:676] HikariPool-1 - Thread starvation or clock leap detected (housekeeper delta=30m52s202ms).
2018-03-29 17:59:33.116 WARN  [HikariPool-2 housekeeper][HikariPool:676] HikariPool-2 - Thread starvation or clock leap detected (housekeeper delta=30m52s202ms).
2018-03-29 18:16:27.729 WARN  [HikariPool-1 housekeeper][HikariPool:676] HikariPool-1 - Thread starvation or clock leap detected (housekeeper delta=11m54s602ms).
2018-03-29 18:16:27.729 WARN  [HikariPool-2 housekeeper][HikariPool:676] HikariPool-2 - Thread starvation or clock leap detected (housekeeper delta=11m54s602ms).
2018-03-29 18:36:10.343 WARN  [HikariPool-2 housekeeper][HikariPool:676] HikariPool-2 - Thread starvation or clock leap detected (housekeeper delta=12m42s553ms).
2018-03-29 18:36:10.343 WARN  [HikariPool-1 housekeeper][HikariPool:676] HikariPool-1 - Thread starvation or clock leap detected (housekeeper delta=12m42s553ms).
2018-03-29 18:51:20.915 INFO  [fileinstall-/Users/paulo/Documents/eclipse-workspace/bundles/liferay-portal/osgi/portal][BundleStartStopLogger:38] STOPPED com.liferay.portal.apio.api_1.0.0 [1112]
2018-03-29 18:51:21.123 INFO  [fileinstall-/Users/paulo/Documents/eclipse-workspace/bundles/liferay-portal/osgi/portal][BundleStartStopLogger:38] STOPPED com.liferay.portal.apio.impl_1.0.0 [1113]
2018-03-29 18:51:21.154 INFO  [Refresh Thread: Equinox Container: 805a6ef3-d931-0018-1f09-d59a2b9552e2][BundleStartStopLogger:38] STOPPED com.liferay.web.page.element.apio.impl_1.0.0 [1114]
2018-03-29 18:51:21.166 INFO  [Refresh Thread: Equinox Container: 805a6ef3-d931-0018-1f09-d59a2b9552e2][BundleStartStopLogger:38] STOPPED com.liferay.person.apio.impl_1.0.0 [1108]
2018-03-29 18:51:21.175 INFO  [Refresh Thread: Equinox Container: 805a6ef3-d931-0018-1f09-d59a2b9552e2][BundleStartStopLogger:38] STOPPED com.liferay.media.object.apio.impl_1.0.0 [1106]
2018-03-29 18:51:21.220 INFO  [Refresh Thread: Equinox Container: 805a6ef3-d931-0018-1f09-d59a2b9552e2][BundleStartStopLogger:38] STOPPED com.liferay.forms.apio.impl_1.0.0 [1102]
2018-03-29 18:51:21.227 INFO  [Refresh Thread: Equinox Container: 805a6ef3-d931-0018-1f09-d59a2b9552e2][BundleStartStopLogger:38] STOPPED com.liferay.folder.apio.impl_1.0.0 [1100]
2018-03-29 18:51:21.239 INFO  [Refresh Thread: Equinox Container: 805a6ef3-d931-0018-1f09-d59a2b9552e2][BundleStartStopLogger:38] STOPPED com.liferay.blog.apio.impl_1.0.0 [1098]
2018-03-29 18:51:21.254 INFO  [Refresh Thread: Equinox Container: 805a6ef3-d931-0018-1f09-d59a2b9552e2][BundleStartStopLogger:38] STOPPED com.liferay.aggregate.rating.apio.impl_1.0.0 [1096]
2018-03-29 18:51:21.258 INFO  [Refresh Thread: Equinox Container: 805a6ef3-d931-0018-1f09-d59a2b9552e2][BundleStartStopLogger:38] STOPPED com.liferay.aggregate.rating.apio.api_1.0.0 [1023]
2018-03-29 18:51:21.374 INFO  [fileinstall-/Users/paulo/Documents/eclipse-workspace/bundles/liferay-portal/osgi/modules][BundleStartStopLogger:38] STOPPED com.liferay.folder.apio.api_1.0.0 [1099]
2018-03-29 18:51:21.381 INFO  [fileinstall-/Users/paulo/Documents/eclipse-workspace/bundles/liferay-portal/osgi/modules][BundleStartStopLogger:38] STOPPED com.liferay.forms.apio.api_1.0.0 [1101]
2018-03-29 18:51:21.388 INFO  [fileinstall-/Users/paulo/Documents/eclipse-workspace/bundles/liferay-portal/osgi/modules][BundleStartStopLogger:38] STOPPED com.liferay.layout.apio.api_1.0.0 [1103]
2018-03-29 18:51:21.404 INFO  [fileinstall-/Users/paulo/Documents/eclipse-workspace/bundles/liferay-portal/osgi/modules][BundleStartStopLogger:38] STOPPED com.liferay.layout.apio.impl_1.0.0 [1104]
2018-03-29 18:51:21.412 INFO  [fileinstall-/Users/paulo/Documents/eclipse-workspace/bundles/liferay-portal/osgi/modules][BundleStartStopLogger:38] STOPPED com.liferay.media.object.apio.api_1.0.0 [1105]
2018-03-29 18:51:21.419 INFO  [fileinstall-/Users/paulo/Documents/eclipse-workspace/bundles/liferay-portal/osgi/modules][BundleStartStopLogger:38] STOPPED com.liferay.person.apio.api_1.0.0 [1107]
2018-03-29 18:51:21.426 INFO  [fileinstall-/Users/paulo/Documents/eclipse-workspace/bundles/liferay-portal/osgi/modules][BundleStartStopLogger:38] STOPPED com.liferay.site.apio.api_1.0.0 [1109]
2018-03-29 18:51:21.437 INFO  [fileinstall-/Users/paulo/Documents/eclipse-workspace/bundles/liferay-portal/osgi/modules][BundleStartStopLogger:38] STOPPED com.liferay.site.apio.impl_1.0.0 [1110]
2018-03-29 18:51:21.443 INFO  [fileinstall-/Users/paulo/Documents/eclipse-workspace/bundles/liferay-portal/osgi/modules][BundleStartStopLogger:38] STOPPED com.liferay.web.page.element.apio.api_1.0.0 [1111]
2018-03-29 18:51:26.544 INFO  [fileinstall-/Users/paulo/Documents/eclipse-workspace/bundles/liferay-portal/osgi/modules][BundleStartStopLogger:38] STOPPED com.liferay.blog.apio.api_1.0.0 [1097]
2018-03-29 18:51:26.708 INFO  [Refresh Thread: Equinox Container: 805a6ef3-d931-0018-1f09-d59a2b9552e2][BundleStartStopLogger:35] STARTED com.liferay.blog.apio.api_1.0.0 [1097]
2018-03-29 18:51:31.881 INFO  [fileinstall-/Users/paulo/Documents/eclipse-workspace/bundles/liferay-portal/osgi/modules][BundleStartStopLogger:35] STARTED com.liferay.folder.apio.api_1.0.0 [1116]
2018-03-29 18:51:57.228 INFO  [fileinstall-/Users/paulo/Documents/eclipse-workspace/bundles/liferay-portal/osgi/modules][BundleStartStopLogger:35] STARTED com.liferay.forms.apio.api_1.0.0 [1118]
2018-03-29 18:51:57.232 INFO  [fileinstall-/Users/paulo/Documents/eclipse-workspace/bundles/liferay-portal/osgi/modules][BundleStartStopLogger:35] STARTED com.liferay.layout.apio.api_1.0.0 [1120]
2018-03-29 18:52:01.617 INFO  [Refresh Thread: Equinox Container: 805a6ef3-d931-0018-1f09-d59a2b9552e2][BundleStartStopLogger:35] STARTED com.liferay.aggregate.rating.apio.api_1.0.0 [1023]
2018-03-29 18:52:01.676 INFO  [Refresh Thread: Equinox Container: 805a6ef3-d931-0018-1f09-d59a2b9552e2][BundleStartStopLogger:35] STARTED com.liferay.aggregate.rating.apio.impl_1.0.0 [1096]
2018-03-29 18:52:01.678 INFO  [fileinstall-/Users/paulo/Documents/eclipse-workspace/bundles/liferay-portal/osgi/portal][BundleStartStopLogger:35] STARTED com.liferay.portal.apio.api_1.0.0 [1121]
2018-03-29 18:52:01.771 INFO  [fileinstall-/Users/paulo/Documents/eclipse-workspace/bundles/liferay-portal/osgi/portal][BundleStartStopLogger:35] STARTED com.liferay.portal.apio.impl_1.0.0 [1122]
2018-03-29 18:52:02.946 INFO  [Refresh Thread: Equinox Container: 805a6ef3-d931-0018-1f09-d59a2b9552e2][BundleStartStopLogger:35] STARTED com.liferay.blog.apio.impl_1.0.0 [1115]
2018-03-29 18:52:02.964 INFO  [Refresh Thread: Equinox Container: 805a6ef3-d931-0018-1f09-d59a2b9552e2][BundleStartStopLogger:35] STARTED com.liferay.folder.apio.impl_1.0.0 [1117]
2018-03-29 18:52:03.028 INFO  [Refresh Thread: Equinox Container: 805a6ef3-d931-0018-1f09-d59a2b9552e2][BundleStartStopLogger:35] STARTED com.liferay.forms.apio.impl_1.0.0 [1119]
2018-03-29 18:52:03.030 INFO  [fileinstall-/Users/paulo/Documents/eclipse-workspace/bundles/liferay-portal/osgi/modules][BundleStartStopLogger:35] STARTED com.liferay.media.object.apio.api_1.0.0 [1124]
2018-03-29 18:52:03.043 INFO  [fileinstall-/Users/paulo/Documents/eclipse-workspace/bundles/liferay-portal/osgi/modules][BundleStartStopLogger:35] STARTED com.liferay.media.object.apio.impl_1.0.0 [1125]
2018-03-29 18:52:03.069 INFO  [fileinstall-/Users/paulo/Documents/eclipse-workspace/bundles/liferay-portal/osgi/modules][BundleStartStopLogger:35] STARTED com.liferay.layout.apio.impl_1.0.0 [1123]
2018-03-29 18:52:03.070 INFO  [fileinstall-/Users/paulo/Documents/eclipse-workspace/bundles/liferay-portal/osgi/modules][BundleStartStopLogger:35] STARTED com.liferay.site.apio.api_1.0.0 [1128]
2018-03-29 18:52:03.071 INFO  [fileinstall-/Users/paulo/Documents/eclipse-workspace/bundles/liferay-portal/osgi/modules][BundleStartStopLogger:35] STARTED com.liferay.person.apio.api_1.0.0 [1126]
2018-03-29 18:52:03.073 INFO  [fileinstall-/Users/paulo/Documents/eclipse-workspace/bundles/liferay-portal/osgi/modules][BundleStartStopLogger:35] STARTED com.liferay.web.page.element.apio.api_1.0.0 [1130]
2018-03-29 18:52:03.082 INFO  [fileinstall-/Users/paulo/Documents/eclipse-workspace/bundles/liferay-portal/osgi/modules][BundleStartStopLogger:35] STARTED com.liferay.site.apio.impl_1.0.0 [1129]
2018-03-29 18:52:03.094 INFO  [fileinstall-/Users/paulo/Documents/eclipse-workspace/bundles/liferay-portal/osgi/modules][BundleStartStopLogger:35] STARTED com.liferay.person.apio.impl_1.0.0 [1127]
2018-03-29 18:52:08.588 INFO  [fileinstall-/Users/paulo/Documents/eclipse-workspace/bundles/liferay-portal/osgi/modules][BundleStartStopLogger:35] STARTED com.liferay.web.page.element.apio.impl_1.0.0 [1131]
2018-03-29 18:53:50.268 INFO  [fileinstall-/Users/paulo/Documents/eclipse-workspace/bundles/liferay-portal/osgi/portal][BundleStartStopLogger:38] STOPPED com.liferay.portal.apio.api_1.0.0 [1121]
2018-03-29 18:53:50.285 INFO  [Refresh Thread: Equinox Container: 805a6ef3-d931-0018-1f09-d59a2b9552e2][BundleStartStopLogger:38] STOPPED com.liferay.web.page.element.apio.impl_1.0.0 [1131]
2018-03-29 18:53:50.295 INFO  [Refresh Thread: Equinox Container: 805a6ef3-d931-0018-1f09-d59a2b9552e2][BundleStartStopLogger:38] STOPPED com.liferay.person.apio.impl_1.0.0 [1127]
2018-03-29 18:53:50.304 INFO  [Refresh Thread: Equinox Container: 805a6ef3-d931-0018-1f09-d59a2b9552e2][BundleStartStopLogger:38] STOPPED com.liferay.media.object.apio.impl_1.0.0 [1125]
2018-03-29 18:53:50.429 INFO  [Refresh Thread: Equinox Container: 805a6ef3-d931-0018-1f09-d59a2b9552e2][BundleStartStopLogger:38] STOPPED com.liferay.portal.apio.impl_1.0.0 [1122]
2018-03-29 18:53:50.455 INFO  [Refresh Thread: Equinox Container: 805a6ef3-d931-0018-1f09-d59a2b9552e2][BundleStartStopLogger:38] STOPPED com.liferay.forms.apio.impl_1.0.0 [1119]
2018-03-29 18:53:50.463 INFO  [Refresh Thread: Equinox Container: 805a6ef3-d931-0018-1f09-d59a2b9552e2][BundleStartStopLogger:38] STOPPED com.liferay.folder.apio.impl_1.0.0 [1117]
2018-03-29 18:53:50.471 INFO  [Refresh Thread: Equinox Container: 805a6ef3-d931-0018-1f09-d59a2b9552e2][BundleStartStopLogger:38] STOPPED com.liferay.blog.apio.impl_1.0.0 [1115]
2018-03-29 18:53:50.480 INFO  [Refresh Thread: Equinox Container: 805a6ef3-d931-0018-1f09-d59a2b9552e2][BundleStartStopLogger:38] STOPPED com.liferay.aggregate.rating.apio.impl_1.0.0 [1096]
2018-03-29 18:53:50.482 INFO  [Refresh Thread: Equinox Container: 805a6ef3-d931-0018-1f09-d59a2b9552e2][BundleStartStopLogger:38] STOPPED com.liferay.aggregate.rating.apio.api_1.0.0 [1023]
2018-03-29 18:53:53.195 INFO  [fileinstall-/Users/paulo/Documents/eclipse-workspace/bundles/liferay-portal/osgi/modules][BundleStartStopLogger:38] STOPPED com.liferay.folder.apio.api_1.0.0 [1116]
2018-03-29 18:53:53.200 INFO  [fileinstall-/Users/paulo/Documents/eclipse-workspace/bundles/liferay-portal/osgi/modules][BundleStartStopLogger:38] STOPPED com.liferay.forms.apio.api_1.0.0 [1118]
2018-03-29 18:53:53.205 INFO  [fileinstall-/Users/paulo/Documents/eclipse-workspace/bundles/liferay-portal/osgi/modules][BundleStartStopLogger:38] STOPPED com.liferay.layout.apio.api_1.0.0 [1120]
2018-03-29 18:53:53.218 INFO  [fileinstall-/Users/paulo/Documents/eclipse-workspace/bundles/liferay-portal/osgi/modules][BundleStartStopLogger:38] STOPPED com.liferay.layout.apio.impl_1.0.0 [1123]
2018-03-29 18:53:53.224 INFO  [fileinstall-/Users/paulo/Documents/eclipse-workspace/bundles/liferay-portal/osgi/modules][BundleStartStopLogger:38] STOPPED com.liferay.media.object.apio.api_1.0.0 [1124]
2018-03-29 18:53:53.231 INFO  [fileinstall-/Users/paulo/Documents/eclipse-workspace/bundles/liferay-portal/osgi/modules][BundleStartStopLogger:38] STOPPED com.liferay.person.apio.api_1.0.0 [1126]
2018-03-29 18:53:53.235 INFO  [fileinstall-/Users/paulo/Documents/eclipse-workspace/bundles/liferay-portal/osgi/modules][BundleStartStopLogger:38] STOPPED com.liferay.site.apio.api_1.0.0 [1128]
2018-03-29 18:53:53.244 INFO  [fileinstall-/Users/paulo/Documents/eclipse-workspace/bundles/liferay-portal/osgi/modules][BundleStartStopLogger:38] STOPPED com.liferay.site.apio.impl_1.0.0 [1129]
2018-03-29 18:53:53.250 INFO  [fileinstall-/Users/paulo/Documents/eclipse-workspace/bundles/liferay-portal/osgi/modules][BundleStartStopLogger:38] STOPPED com.liferay.web.page.element.apio.api_1.0.0 [1130]
2018-03-29 18:53:58.331 INFO  [fileinstall-/Users/paulo/Documents/eclipse-workspace/bundles/liferay-portal/osgi/modules][BundleStartStopLogger:38] STOPPED com.liferay.blog.apio.api_1.0.0 [1097]
2018-03-29 18:53:58.458 INFO  [Refresh Thread: Equinox Container: 805a6ef3-d931-0018-1f09-d59a2b9552e2][BundleStartStopLogger:35] STARTED com.liferay.blog.apio.api_1.0.0 [1097]
2018-03-29 18:54:03.670 INFO  [fileinstall-/Users/paulo/Documents/eclipse-workspace/bundles/liferay-portal/osgi/modules][BundleStartStopLogger:35] STARTED com.liferay.folder.apio.api_1.0.0 [1133]
2018-03-29 18:54:28.982 INFO  [fileinstall-/Users/paulo/Documents/eclipse-workspace/bundles/liferay-portal/osgi/modules][BundleStartStopLogger:35] STARTED com.liferay.forms.apio.api_1.0.0 [1135]
2018-03-29 18:54:28.985 INFO  [fileinstall-/Users/paulo/Documents/eclipse-workspace/bundles/liferay-portal/osgi/modules][BundleStartStopLogger:35] STARTED com.liferay.layout.apio.api_1.0.0 [1137]
2018-03-29 18:54:30.809 INFO  [Refresh Thread: Equinox Container: 805a6ef3-d931-0018-1f09-d59a2b9552e2][BundleStartStopLogger:35] STARTED com.liferay.aggregate.rating.apio.api_1.0.0 [1023]
2018-03-29 18:54:30.826 INFO  [Refresh Thread: Equinox Container: 805a6ef3-d931-0018-1f09-d59a2b9552e2][BundleStartStopLogger:35] STARTED com.liferay.aggregate.rating.apio.impl_1.0.0 [1096]
2018-03-29 18:54:30.911 INFO  [fileinstall-/Users/paulo/Documents/eclipse-workspace/bundles/liferay-portal/osgi/portal][BundleStartStopLogger:35] STARTED com.liferay.portal.apio.impl_1.0.0 [1139]
2018-03-29 18:54:30.913 INFO  [fileinstall-/Users/paulo/Documents/eclipse-workspace/bundles/liferay-portal/osgi/portal][BundleStartStopLogger:35] STARTED com.liferay.portal.apio.api_1.0.0 [1138]
2018-03-29 18:54:34.678 INFO  [Refresh Thread: Equinox Container: 805a6ef3-d931-0018-1f09-d59a2b9552e2][BundleStartStopLogger:35] STARTED com.liferay.blog.apio.impl_1.0.0 [1132]
2018-03-29 18:54:34.691 INFO  [Refresh Thread: Equinox Container: 805a6ef3-d931-0018-1f09-d59a2b9552e2][BundleStartStopLogger:35] STARTED com.liferay.folder.apio.impl_1.0.0 [1134]
2018-03-29 18:54:34.818 INFO  [Refresh Thread: Equinox Container: 805a6ef3-d931-0018-1f09-d59a2b9552e2][BundleStartStopLogger:35] STARTED com.liferay.forms.apio.impl_1.0.0 [1136]
2018-03-29 18:54:34.835 INFO  [fileinstall-/Users/paulo/Documents/eclipse-workspace/bundles/liferay-portal/osgi/modules][BundleStartStopLogger:35] STARTED com.liferay.media.object.apio.impl_1.0.0 [1142]
2018-03-29 18:54:34.845 INFO  [fileinstall-/Users/paulo/Documents/eclipse-workspace/bundles/liferay-portal/osgi/modules][BundleStartStopLogger:35] STARTED com.liferay.site.apio.impl_1.0.0 [1146]
2018-03-29 18:54:34.858 INFO  [fileinstall-/Users/paulo/Documents/eclipse-workspace/bundles/liferay-portal/osgi/modules][BundleStartStopLogger:35] STARTED com.liferay.person.apio.impl_1.0.0 [1144]
2018-03-29 18:54:34.859 INFO  [fileinstall-/Users/paulo/Documents/eclipse-workspace/bundles/liferay-portal/osgi/modules][BundleStartStopLogger:35] STARTED com.liferay.site.apio.api_1.0.0 [1145]
2018-03-29 18:54:34.860 INFO  [fileinstall-/Users/paulo/Documents/eclipse-workspace/bundles/liferay-portal/osgi/modules][BundleStartStopLogger:35] STARTED com.liferay.media.object.apio.api_1.0.0 [1141]
2018-03-29 18:54:34.881 INFO  [fileinstall-/Users/paulo/Documents/eclipse-workspace/bundles/liferay-portal/osgi/modules][BundleStartStopLogger:35] STARTED com.liferay.layout.apio.impl_1.0.0 [1140]
2018-03-29 18:54:34.883 INFO  [fileinstall-/Users/paulo/Documents/eclipse-workspace/bundles/liferay-portal/osgi/modules][BundleStartStopLogger:35] STARTED com.liferay.web.page.element.apio.api_1.0.0 [1147]
2018-03-29 18:54:34.884 INFO  [fileinstall-/Users/paulo/Documents/eclipse-workspace/bundles/liferay-portal/osgi/modules][BundleStartStopLogger:35] STARTED com.liferay.person.apio.api_1.0.0 [1143]
2018-03-29 18:54:40.355 INFO  [fileinstall-/Users/paulo/Documents/eclipse-workspace/bundles/liferay-portal/osgi/modules][BundleStartStopLogger:35] STARTED com.liferay.web.page.element.apio.impl_1.0.0 [1148]
2018-03-29 18:55:57.481 INFO  [fileinstall-/Users/paulo/Documents/eclipse-workspace/bundles/liferay-portal/osgi/portal][BundleStartStopLogger:38] STOPPED com.liferay.portal.apio.api_1.0.0 [1138]
2018-03-29 18:55:57.603 INFO  [fileinstall-/Users/paulo/Documents/eclipse-workspace/bundles/liferay-portal/osgi/modules][BundleStartStopLogger:38] STOPPED com.liferay.blog.apio.impl_1.0.0 [1132]
2018-03-29 18:55:57.608 INFO  [fileinstall-/Users/paulo/Documents/eclipse-workspace/bundles/liferay-portal/osgi/modules][BundleStartStopLogger:38] STOPPED com.liferay.folder.apio.api_1.0.0 [1133]
2018-03-29 18:55:57.618 INFO  [fileinstall-/Users/paulo/Documents/eclipse-workspace/bundles/liferay-portal/osgi/portal][BundleStartStopLogger:38] STOPPED com.liferay.portal.apio.impl_1.0.0 [1139]
2018-03-29 18:55:57.625 INFO  [fileinstall-/Users/paulo/Documents/eclipse-workspace/bundles/liferay-portal/osgi/modules][BundleStartStopLogger:38] STOPPED com.liferay.folder.apio.impl_1.0.0 [1134]
2018-03-29 18:55:57.633 INFO  [fileinstall-/Users/paulo/Documents/eclipse-workspace/bundles/liferay-portal/osgi/modules][BundleStartStopLogger:38] STOPPED com.liferay.forms.apio.api_1.0.0 [1135]
2018-03-29 18:55:57.668 INFO  [fileinstall-/Users/paulo/Documents/eclipse-workspace/bundles/liferay-portal/osgi/modules][BundleStartStopLogger:38] STOPPED com.liferay.forms.apio.impl_1.0.0 [1136]
2018-03-29 18:55:57.674 INFO  [fileinstall-/Users/paulo/Documents/eclipse-workspace/bundles/liferay-portal/osgi/modules][BundleStartStopLogger:38] STOPPED com.liferay.layout.apio.api_1.0.0 [1137]
2018-03-29 18:55:57.680 INFO  [Refresh Thread: Equinox Container: 805a6ef3-d931-0018-1f09-d59a2b9552e2][BundleStartStopLogger:38] STOPPED com.liferay.web.page.element.apio.impl_1.0.0 [1148]
2018-03-29 18:55:57.686 INFO  [fileinstall-/Users/paulo/Documents/eclipse-workspace/bundles/liferay-portal/osgi/modules][BundleStartStopLogger:38] STOPPED com.liferay.layout.apio.impl_1.0.0 [1140]
2018-03-29 18:55:57.692 INFO  [Refresh Thread: Equinox Container: 805a6ef3-d931-0018-1f09-d59a2b9552e2][BundleStartStopLogger:38] STOPPED com.liferay.person.apio.impl_1.0.0 [1144]
2018-03-29 18:55:57.693 INFO  [fileinstall-/Users/paulo/Documents/eclipse-workspace/bundles/liferay-portal/osgi/modules][BundleStartStopLogger:38] STOPPED com.liferay.media.object.apio.api_1.0.0 [1141]
2018-03-29 18:55:57.700 INFO  [Refresh Thread: Equinox Container: 805a6ef3-d931-0018-1f09-d59a2b9552e2][BundleStartStopLogger:38] STOPPED com.liferay.media.object.apio.impl_1.0.0 [1142]
2018-03-29 18:55:57.709 INFO  [Refresh Thread: Equinox Container: 805a6ef3-d931-0018-1f09-d59a2b9552e2][BundleStartStopLogger:38] STOPPED com.liferay.aggregate.rating.apio.impl_1.0.0 [1096]
2018-03-29 18:55:57.712 INFO  [Refresh Thread: Equinox Container: 805a6ef3-d931-0018-1f09-d59a2b9552e2][BundleStartStopLogger:38] STOPPED com.liferay.aggregate.rating.apio.api_1.0.0 [1023]
2018-03-29 18:55:57.734 INFO  [fileinstall-/Users/paulo/Documents/eclipse-workspace/bundles/liferay-portal/osgi/modules][BundleStartStopLogger:38] STOPPED com.liferay.person.apio.api_1.0.0 [1143]
2018-03-29 18:55:57.743 INFO  [fileinstall-/Users/paulo/Documents/eclipse-workspace/bundles/liferay-portal/osgi/modules][BundleStartStopLogger:38] STOPPED com.liferay.site.apio.api_1.0.0 [1145]
2018-03-29 18:55:57.756 INFO  [fileinstall-/Users/paulo/Documents/eclipse-workspace/bundles/liferay-portal/osgi/modules][BundleStartStopLogger:38] STOPPED com.liferay.site.apio.impl_1.0.0 [1146]
2018-03-29 18:55:57.762 INFO  [fileinstall-/Users/paulo/Documents/eclipse-workspace/bundles/liferay-portal/osgi/modules][BundleStartStopLogger:38] STOPPED com.liferay.web.page.element.apio.api_1.0.0 [1147]
2018-03-29 18:56:02.873 INFO  [fileinstall-/Users/paulo/Documents/eclipse-workspace/bundles/liferay-portal/osgi/modules][BundleStartStopLogger:38] STOPPED com.liferay.blog.apio.api_1.0.0 [1097]
2018-03-29 18:56:03.000 INFO  [Refresh Thread: Equinox Container: 805a6ef3-d931-0018-1f09-d59a2b9552e2][BundleStartStopLogger:35] STARTED com.liferay.blog.apio.api_1.0.0 [1097]
2018-03-29 18:56:08.179 INFO  [fileinstall-/Users/paulo/Documents/eclipse-workspace/bundles/liferay-portal/osgi/modules][BundleStartStopLogger:35] STARTED com.liferay.folder.apio.api_1.0.0 [1150]
2018-03-29 18:56:33.550 INFO  [fileinstall-/Users/paulo/Documents/eclipse-workspace/bundles/liferay-portal/osgi/modules][BundleStartStopLogger:35] STARTED com.liferay.layout.apio.api_1.0.0 [1154]
2018-03-29 18:56:33.555 INFO  [fileinstall-/Users/paulo/Documents/eclipse-workspace/bundles/liferay-portal/osgi/modules][BundleStartStopLogger:35] STARTED com.liferay.forms.apio.api_1.0.0 [1152]
2018-03-29 18:56:38.054 INFO  [Refresh Thread: Equinox Container: 805a6ef3-d931-0018-1f09-d59a2b9552e2][BundleStartStopLogger:35] STARTED com.liferay.aggregate.rating.apio.api_1.0.0 [1023]
2018-03-29 18:56:38.070 INFO  [Refresh Thread: Equinox Container: 805a6ef3-d931-0018-1f09-d59a2b9552e2][BundleStartStopLogger:35] STARTED com.liferay.aggregate.rating.apio.impl_1.0.0 [1096]
2018-03-29 18:56:38.072 INFO  [fileinstall-/Users/paulo/Documents/eclipse-workspace/bundles/liferay-portal/osgi/portal][BundleStartStopLogger:35] STARTED com.liferay.portal.apio.api_1.0.0 [1156]
2018-03-29 18:56:38.156 INFO  [fileinstall-/Users/paulo/Documents/eclipse-workspace/bundles/liferay-portal/osgi/portal][BundleStartStopLogger:35] STARTED com.liferay.portal.apio.impl_1.0.0 [1157]
2018-03-29 18:56:39.246 INFO  [Refresh Thread: Equinox Container: 805a6ef3-d931-0018-1f09-d59a2b9552e2][BundleStartStopLogger:35] STARTED com.liferay.blog.apio.impl_1.0.0 [1149]
2018-03-29 18:56:39.264 INFO  [Refresh Thread: Equinox Container: 805a6ef3-d931-0018-1f09-d59a2b9552e2][BundleStartStopLogger:35] STARTED com.liferay.folder.apio.impl_1.0.0 [1151]
2018-03-29 18:56:39.422 INFO  [Refresh Thread: Equinox Container: 805a6ef3-d931-0018-1f09-d59a2b9552e2][BundleStartStopLogger:35] STARTED com.liferay.forms.apio.impl_1.0.0 [1153]
2018-03-29 18:56:39.446 INFO  [Refresh Thread: Equinox Container: 805a6ef3-d931-0018-1f09-d59a2b9552e2][BundleStartStopLogger:35] STARTED com.liferay.layout.apio.impl_1.0.0 [1155]
2018-03-29 18:56:39.449 INFO  [fileinstall-/Users/paulo/Documents/eclipse-workspace/bundles/liferay-portal/osgi/modules][BundleStartStopLogger:35] STARTED com.liferay.site.apio.api_1.0.0 [1162]
2018-03-29 18:56:39.450 INFO  [fileinstall-/Users/paulo/Documents/eclipse-workspace/bundles/liferay-portal/osgi/modules][BundleStartStopLogger:35] STARTED com.liferay.person.apio.api_1.0.0 [1160]
2018-03-29 18:56:39.467 INFO  [fileinstall-/Users/paulo/Documents/eclipse-workspace/bundles/liferay-portal/osgi/modules][BundleStartStopLogger:35] STARTED com.liferay.site.apio.impl_1.0.0 [1163]
2018-03-29 18:56:39.470 INFO  [fileinstall-/Users/paulo/Documents/eclipse-workspace/bundles/liferay-portal/osgi/modules][BundleStartStopLogger:35] STARTED com.liferay.media.object.apio.api_1.0.0 [1158]
2018-03-29 18:56:39.486 INFO  [fileinstall-/Users/paulo/Documents/eclipse-workspace/bundles/liferay-portal/osgi/modules][BundleStartStopLogger:35] STARTED com.liferay.person.apio.impl_1.0.0 [1161]
2018-03-29 18:56:39.488 INFO  [fileinstall-/Users/paulo/Documents/eclipse-workspace/bundles/liferay-portal/osgi/modules][BundleStartStopLogger:35] STARTED com.liferay.web.page.element.apio.api_1.0.0 [1164]
2018-03-29 18:56:39.507 INFO  [fileinstall-/Users/paulo/Documents/eclipse-workspace/bundles/liferay-portal/osgi/modules][BundleStartStopLogger:35] STARTED com.liferay.media.object.apio.impl_1.0.0 [1159]
2018-03-29 18:56:44.686 INFO  [fileinstall-/Users/paulo/Documents/eclipse-workspace/bundles/liferay-portal/osgi/modules][BundleStartStopLogger:35] STARTED com.liferay.web.page.element.apio.impl_1.0.0 [1165]
2018-03-29 19:15:01.894 WARN  [HikariPool-1 housekeeper][HikariPool:676] HikariPool-1 - Thread starvation or clock leap detected (housekeeper delta=17m49s187ms).
2018-03-29 19:15:01.894 WARN  [HikariPool-2 housekeeper][HikariPool:676] HikariPool-2 - Thread starvation or clock leap detected (housekeeper delta=17m49s188ms).
2018-03-29 19:20:05.923 WARN  [HikariPool-2 housekeeper][HikariPool:676] HikariPool-2 - Thread starvation or clock leap detected (housekeeper delta=2m4s22ms).
2018-03-29 19:20:05.934 WARN  [HikariPool-1 housekeeper][HikariPool:676] HikariPool-1 - Thread starvation or clock leap detected (housekeeper delta=2m4s28ms).
2018-03-29 19:24:59.422 INFO  [fileinstall-/Users/paulo/Documents/eclipse-workspace/bundles/liferay-portal/osgi/portal][BundleStartStopLogger:38] STOPPED com.liferay.portal.apio.api_1.0.0 [1156]
2018-03-29 19:24:59.978 INFO  [fileinstall-/Users/paulo/Documents/eclipse-workspace/bundles/liferay-portal/osgi/portal][BundleStartStopLogger:38] STOPPED com.liferay.portal.apio.impl_1.0.0 [1157]
2018-03-29 19:25:00.001 INFO  [Refresh Thread: Equinox Container: 805a6ef3-d931-0018-1f09-d59a2b9552e2][BundleStartStopLogger:38] STOPPED com.liferay.web.page.element.apio.impl_1.0.0 [1165]
2018-03-29 19:25:00.010 INFO  [Refresh Thread: Equinox Container: 805a6ef3-d931-0018-1f09-d59a2b9552e2][BundleStartStopLogger:38] STOPPED com.liferay.person.apio.impl_1.0.0 [1161]
2018-03-29 19:25:00.020 INFO  [Refresh Thread: Equinox Container: 805a6ef3-d931-0018-1f09-d59a2b9552e2][BundleStartStopLogger:38] STOPPED com.liferay.media.object.apio.impl_1.0.0 [1159]
2018-03-29 19:25:00.056 INFO  [Refresh Thread: Equinox Container: 805a6ef3-d931-0018-1f09-d59a2b9552e2][BundleStartStopLogger:38] STOPPED com.liferay.forms.apio.impl_1.0.0 [1153]
2018-03-29 19:25:00.063 INFO  [Refresh Thread: Equinox Container: 805a6ef3-d931-0018-1f09-d59a2b9552e2][BundleStartStopLogger:38] STOPPED com.liferay.folder.apio.impl_1.0.0 [1151]
2018-03-29 19:25:00.070 INFO  [Refresh Thread: Equinox Container: 805a6ef3-d931-0018-1f09-d59a2b9552e2][BundleStartStopLogger:38] STOPPED com.liferay.blog.apio.impl_1.0.0 [1149]
2018-03-29 19:25:00.079 INFO  [Refresh Thread: Equinox Container: 805a6ef3-d931-0018-1f09-d59a2b9552e2][BundleStartStopLogger:38] STOPPED com.liferay.aggregate.rating.apio.impl_1.0.0 [1096]
2018-03-29 19:25:00.082 INFO  [Refresh Thread: Equinox Container: 805a6ef3-d931-0018-1f09-d59a2b9552e2][BundleStartStopLogger:38] STOPPED com.liferay.aggregate.rating.apio.api_1.0.0 [1023]
2018-03-29 19:25:00.763 INFO  [fileinstall-/Users/paulo/Documents/eclipse-workspace/bundles/liferay-portal/osgi/modules][BundleStartStopLogger:38] STOPPED com.liferay.blog.apio.api_1.0.0 [1097]
2018-03-29 19:25:00.771 INFO  [fileinstall-/Users/paulo/Documents/eclipse-workspace/bundles/liferay-portal/osgi/modules][BundleStartStopLogger:38] STOPPED com.liferay.folder.apio.api_1.0.0 [1150]
2018-03-29 19:25:00.777 INFO  [fileinstall-/Users/paulo/Documents/eclipse-workspace/bundles/liferay-portal/osgi/modules][BundleStartStopLogger:38] STOPPED com.liferay.forms.apio.api_1.0.0 [1152]
2018-03-29 19:25:00.784 INFO  [fileinstall-/Users/paulo/Documents/eclipse-workspace/bundles/liferay-portal/osgi/modules][BundleStartStopLogger:38] STOPPED com.liferay.layout.apio.api_1.0.0 [1154]
2018-03-29 19:25:00.802 INFO  [fileinstall-/Users/paulo/Documents/eclipse-workspace/bundles/liferay-portal/osgi/modules][BundleStartStopLogger:38] STOPPED com.liferay.layout.apio.impl_1.0.0 [1155]
2018-03-29 19:25:00.810 INFO  [fileinstall-/Users/paulo/Documents/eclipse-workspace/bundles/liferay-portal/osgi/modules][BundleStartStopLogger:38] STOPPED com.liferay.media.object.apio.api_1.0.0 [1158]
2018-03-29 19:25:00.820 INFO  [fileinstall-/Users/paulo/Documents/eclipse-workspace/bundles/liferay-portal/osgi/modules][BundleStartStopLogger:38] STOPPED com.liferay.person.apio.api_1.0.0 [1160]
2018-03-29 19:25:00.826 INFO  [fileinstall-/Users/paulo/Documents/eclipse-workspace/bundles/liferay-portal/osgi/modules][BundleStartStopLogger:38] STOPPED com.liferay.site.apio.api_1.0.0 [1162]
2018-03-29 19:25:00.840 INFO  [fileinstall-/Users/paulo/Documents/eclipse-workspace/bundles/liferay-portal/osgi/modules][BundleStartStopLogger:38] STOPPED com.liferay.site.apio.impl_1.0.0 [1163]
2018-03-29 19:25:00.848 INFO  [fileinstall-/Users/paulo/Documents/eclipse-workspace/bundles/liferay-portal/osgi/modules][BundleStartStopLogger:38] STOPPED com.liferay.web.page.element.apio.api_1.0.0 [1164]
2018-03-29 19:25:11.138 INFO  [fileinstall-/Users/paulo/Documents/eclipse-workspace/bundles/liferay-portal/osgi/modules][BundleStartStopLogger:35] STARTED com.liferay.folder.apio.api_1.0.0 [1170]
2018-03-29 19:25:11.145 INFO  [fileinstall-/Users/paulo/Documents/eclipse-workspace/bundles/liferay-portal/osgi/modules][BundleStartStopLogger:35] STARTED com.liferay.blog.apio.api_1.0.0 [1168]
2018-03-29 19:25:41.557 INFO  [fileinstall-/Users/paulo/Documents/eclipse-workspace/bundles/liferay-portal/osgi/modules][BundleStartStopLogger:35] STARTED com.liferay.forms.apio.api_1.0.0 [1172]
2018-03-29 19:25:45.469 INFO  [Refresh Thread: Equinox Container: 805a6ef3-d931-0018-1f09-d59a2b9552e2][BundleStartStopLogger:35] STARTED com.liferay.aggregate.rating.apio.api_1.0.0 [1166]
2018-03-29 19:25:45.814 INFO  [Refresh Thread: Equinox Container: 805a6ef3-d931-0018-1f09-d59a2b9552e2][BundleStartStopLogger:35] STARTED com.liferay.aggregate.rating.apio.impl_1.0.0 [1167]
2018-03-29 19:25:45.917 INFO  [fileinstall-/Users/paulo/Documents/eclipse-workspace/bundles/liferay-portal/osgi/portal][BundleStartStopLogger:35] STARTED com.liferay.portal.apio.api_1.0.0 [1173]
2018-03-29 19:25:46.064 INFO  [fileinstall-/Users/paulo/Documents/eclipse-workspace/bundles/liferay-portal/osgi/portal][BundleStartStopLogger:35] STARTED com.liferay.portal.apio.impl_1.0.0 [1174]
2018-03-29 19:25:47.364 INFO  [Refresh Thread: Equinox Container: 805a6ef3-d931-0018-1f09-d59a2b9552e2][BundleStartStopLogger:35] STARTED com.liferay.blog.apio.impl_1.0.0 [1169]
2018-03-29 19:25:47.376 INFO  [Refresh Thread: Equinox Container: 805a6ef3-d931-0018-1f09-d59a2b9552e2][BundleStartStopLogger:35] STARTED com.liferay.folder.apio.impl_1.0.0 [1171]
2018-03-29 19:25:47.378 INFO  [fileinstall-/Users/paulo/Documents/eclipse-workspace/bundles/liferay-portal/osgi/modules][BundleStartStopLogger:35] STARTED com.liferay.site.apio.api_1.0.0 [1182]
2018-03-29 19:25:47.392 INFO  [fileinstall-/Users/paulo/Documents/eclipse-workspace/bundles/liferay-portal/osgi/modules][BundleStartStopLogger:35] STARTED com.liferay.media.object.apio.impl_1.0.0 [1179]
2018-03-29 19:25:47.393 INFO  [fileinstall-/Users/paulo/Documents/eclipse-workspace/bundles/liferay-portal/osgi/modules][BundleStartStopLogger:35] STARTED com.liferay.media.object.apio.api_1.0.0 [1178]
2018-03-29 19:25:47.394 INFO  [fileinstall-/Users/paulo/Documents/eclipse-workspace/bundles/liferay-portal/osgi/modules][BundleStartStopLogger:35] STARTED com.liferay.web.page.element.apio.api_1.0.0 [1184]
2018-03-29 19:25:47.409 INFO  [fileinstall-/Users/paulo/Documents/eclipse-workspace/bundles/liferay-portal/osgi/modules][BundleStartStopLogger:35] STARTED com.liferay.person.apio.impl_1.0.0 [1181]
2018-03-29 19:25:47.432 INFO  [fileinstall-/Users/paulo/Documents/eclipse-workspace/bundles/liferay-portal/osgi/modules][BundleStartStopLogger:35] STARTED com.liferay.layout.apio.impl_1.0.0 [1177]
2018-03-29 19:25:47.566 INFO  [fileinstall-/Users/paulo/Documents/eclipse-workspace/bundles/liferay-portal/osgi/modules][BundleStartStopLogger:35] STARTED com.liferay.forms.apio.impl_1.0.0 [1175]
2018-03-29 19:25:47.568 INFO  [fileinstall-/Users/paulo/Documents/eclipse-workspace/bundles/liferay-portal/osgi/modules][BundleStartStopLogger:35] STARTED com.liferay.layout.apio.api_1.0.0 [1176]
2018-03-29 19:25:47.578 INFO  [fileinstall-/Users/paulo/Documents/eclipse-workspace/bundles/liferay-portal/osgi/modules][BundleStartStopLogger:35] STARTED com.liferay.site.apio.impl_1.0.0 [1183]
2018-03-29 19:25:47.579 INFO  [fileinstall-/Users/paulo/Documents/eclipse-workspace/bundles/liferay-portal/osgi/modules][BundleStartStopLogger:35] STARTED com.liferay.person.apio.api_1.0.0 [1180]
2018-03-29 19:26:13.231 INFO  [fileinstall-/Users/paulo/Documents/eclipse-workspace/bundles/liferay-portal/osgi/modules][BundleStartStopLogger:35] STARTED com.liferay.web.page.element.apio.impl_1.0.0 [1185]
2018-03-29 19:26:43.403 INFO  [fileinstall-/Users/paulo/Documents/eclipse-workspace/bundles/liferay-portal/osgi/modules][BundleStartStopLogger:38] STOPPED com.liferay.blog.apio.impl_1.0.0 [1169]
2018-03-29 19:26:43.408 INFO  [fileinstall-/Users/paulo/Documents/eclipse-workspace/bundles/liferay-portal/osgi/modules][BundleStartStopLogger:38] STOPPED com.liferay.folder.apio.api_1.0.0 [1170]
2018-03-29 19:26:43.423 INFO  [fileinstall-/Users/paulo/Documents/eclipse-workspace/bundles/liferay-portal/osgi/modules][BundleStartStopLogger:38] STOPPED com.liferay.folder.apio.impl_1.0.0 [1171]
2018-03-29 19:26:43.429 INFO  [fileinstall-/Users/paulo/Documents/eclipse-workspace/bundles/liferay-portal/osgi/modules][BundleStartStopLogger:38] STOPPED com.liferay.forms.apio.api_1.0.0 [1172]
2018-03-29 19:26:43.467 INFO  [fileinstall-/Users/paulo/Documents/eclipse-workspace/bundles/liferay-portal/osgi/modules][BundleStartStopLogger:38] STOPPED com.liferay.forms.apio.impl_1.0.0 [1175]
2018-03-29 19:26:43.474 INFO  [fileinstall-/Users/paulo/Documents/eclipse-workspace/bundles/liferay-portal/osgi/modules][BundleStartStopLogger:38] STOPPED com.liferay.layout.apio.api_1.0.0 [1176]
2018-03-29 19:26:43.484 INFO  [fileinstall-/Users/paulo/Documents/eclipse-workspace/bundles/liferay-portal/osgi/modules][BundleStartStopLogger:38] STOPPED com.liferay.layout.apio.impl_1.0.0 [1177]
2018-03-29 19:26:43.489 INFO  [fileinstall-/Users/paulo/Documents/eclipse-workspace/bundles/liferay-portal/osgi/modules][BundleStartStopLogger:38] STOPPED com.liferay.media.object.apio.api_1.0.0 [1178]
2018-03-29 19:26:43.498 INFO  [fileinstall-/Users/paulo/Documents/eclipse-workspace/bundles/liferay-portal/osgi/modules][BundleStartStopLogger:38] STOPPED com.liferay.media.object.apio.impl_1.0.0 [1179]
2018-03-29 19:26:43.503 INFO  [fileinstall-/Users/paulo/Documents/eclipse-workspace/bundles/liferay-portal/osgi/modules][BundleStartStopLogger:38] STOPPED com.liferay.person.apio.api_1.0.0 [1180]
2018-03-29 19:26:43.513 INFO  [fileinstall-/Users/paulo/Documents/eclipse-workspace/bundles/liferay-portal/osgi/modules][BundleStartStopLogger:38] STOPPED com.liferay.person.apio.impl_1.0.0 [1181]
2018-03-29 19:26:43.517 INFO  [fileinstall-/Users/paulo/Documents/eclipse-workspace/bundles/liferay-portal/osgi/modules][BundleStartStopLogger:38] STOPPED com.liferay.site.apio.api_1.0.0 [1182]
2018-03-29 19:26:43.523 INFO  [fileinstall-/Users/paulo/Documents/eclipse-workspace/bundles/liferay-portal/osgi/modules][BundleStartStopLogger:38] STOPPED com.liferay.site.apio.impl_1.0.0 [1183]
2018-03-29 19:26:43.526 INFO  [fileinstall-/Users/paulo/Documents/eclipse-workspace/bundles/liferay-portal/osgi/modules][BundleStartStopLogger:38] STOPPED com.liferay.web.page.element.apio.api_1.0.0 [1184]
2018-03-29 19:26:43.535 INFO  [fileinstall-/Users/paulo/Documents/eclipse-workspace/bundles/liferay-portal/osgi/modules][BundleStartStopLogger:38] STOPPED com.liferay.web.page.element.apio.impl_1.0.0 [1185]
2018-03-29 19:26:43.921 INFO  [fileinstall-/Users/paulo/Documents/eclipse-workspace/bundles/liferay-portal/osgi/portal][BundleStartStopLogger:38] STOPPED com.liferay.portal.apio.api_1.0.0 [1173]
2018-03-29 19:26:44.029 INFO  [fileinstall-/Users/paulo/Documents/eclipse-workspace/bundles/liferay-portal/osgi/portal][BundleStartStopLogger:38] STOPPED com.liferay.portal.apio.impl_1.0.0 [1174]
2018-03-29 19:26:44.044 INFO  [Refresh Thread: Equinox Container: 805a6ef3-d931-0018-1f09-d59a2b9552e2][BundleStartStopLogger:38] STOPPED com.liferay.aggregate.rating.apio.impl_1.0.0 [1167]
2018-03-29 19:26:44.046 INFO  [Refresh Thread: Equinox Container: 805a6ef3-d931-0018-1f09-d59a2b9552e2][BundleStartStopLogger:38] STOPPED com.liferay.aggregate.rating.apio.api_1.0.0 [1166]
2018-03-29 19:26:48.605 INFO  [fileinstall-/Users/paulo/Documents/eclipse-workspace/bundles/liferay-portal/osgi/modules][BundleStartStopLogger:38] STOPPED com.liferay.blog.apio.api_1.0.0 [1168]
2018-03-29 19:26:48.762 INFO  [Refresh Thread: Equinox Container: 805a6ef3-d931-0018-1f09-d59a2b9552e2][BundleStartStopLogger:35] STARTED com.liferay.blog.apio.api_1.0.0 [1168]
2018-03-29 19:26:53.918 INFO  [fileinstall-/Users/paulo/Documents/eclipse-workspace/bundles/liferay-portal/osgi/modules][BundleStartStopLogger:35] STARTED com.liferay.folder.apio.api_1.0.0 [1187]
2018-03-29 19:27:24.205 INFO  [fileinstall-/Users/paulo/Documents/eclipse-workspace/bundles/liferay-portal/osgi/modules][BundleStartStopLogger:35] STARTED com.liferay.forms.apio.api_1.0.0 [1189]
2018-03-29 19:27:30.352 INFO  [Refresh Thread: Equinox Container: 805a6ef3-d931-0018-1f09-d59a2b9552e2][BundleStartStopLogger:35] STARTED com.liferay.aggregate.rating.apio.api_1.0.0 [1166]
2018-03-29 19:27:30.566 INFO  [Refresh Thread: Equinox Container: 805a6ef3-d931-0018-1f09-d59a2b9552e2][BundleStartStopLogger:35] STARTED com.liferay.aggregate.rating.apio.impl_1.0.0 [1167]
2018-03-29 19:27:30.580 INFO  [Refresh Thread: Equinox Container: 805a6ef3-d931-0018-1f09-d59a2b9552e2][BundleStartStopLogger:35] STARTED com.liferay.blog.apio.impl_1.0.0 [1186]
2018-03-29 19:27:30.594 INFO  [Refresh Thread: Equinox Container: 805a6ef3-d931-0018-1f09-d59a2b9552e2][BundleStartStopLogger:35] STARTED com.liferay.folder.apio.impl_1.0.0 [1188]
2018-03-29 19:27:30.596 INFO  [fileinstall-/Users/paulo/Documents/eclipse-workspace/bundles/liferay-portal/osgi/portal][BundleStartStopLogger:35] STARTED com.liferay.portal.apio.api_1.0.0 [1190]
2018-03-29 19:27:30.602 INFO  [Refresh Thread: Equinox Container: 805a6ef3-d931-0018-1f09-d59a2b9552e2][BundleStartStopLogger:38] STOPPED com.liferay.folder.apio.impl_1.0.0 [1188]
2018-03-29 19:27:30.609 INFO  [Refresh Thread: Equinox Container: 805a6ef3-d931-0018-1f09-d59a2b9552e2][BundleStartStopLogger:38] STOPPED com.liferay.blog.apio.impl_1.0.0 [1186]
2018-03-29 19:27:30.769 INFO  [fileinstall-/Users/paulo/Documents/eclipse-workspace/bundles/liferay-portal/osgi/portal][BundleStartStopLogger:35] STARTED com.liferay.portal.apio.impl_1.0.0 [1191]
2018-03-29 19:27:31.258 INFO  [Refresh Thread: Equinox Container: 805a6ef3-d931-0018-1f09-d59a2b9552e2][BundleStartStopLogger:35] STARTED com.liferay.blog.apio.impl_1.0.0 [1186]
2018-03-29 19:27:31.271 INFO  [Refresh Thread: Equinox Container: 805a6ef3-d931-0018-1f09-d59a2b9552e2][BundleStartStopLogger:35] STARTED com.liferay.folder.apio.impl_1.0.0 [1188]
2018-03-29 19:27:31.272 INFO  [fileinstall-/Users/paulo/Documents/eclipse-workspace/bundles/liferay-portal/osgi/modules][BundleStartStopLogger:35] STARTED com.liferay.layout.apio.api_1.0.0 [1193]
2018-03-29 19:27:31.284 INFO  [fileinstall-/Users/paulo/Documents/eclipse-workspace/bundles/liferay-portal/osgi/modules][BundleStartStopLogger:35] STARTED com.liferay.site.apio.impl_1.0.0 [1200]
2018-03-29 19:27:31.286 INFO  [fileinstall-/Users/paulo/Documents/eclipse-workspace/bundles/liferay-portal/osgi/modules][BundleStartStopLogger:35] STARTED com.liferay.web.page.element.apio.api_1.0.0 [1201]
2018-03-29 19:27:31.343 INFO  [fileinstall-/Users/paulo/Documents/eclipse-workspace/bundles/liferay-portal/osgi/modules][BundleStartStopLogger:35] STARTED com.liferay.forms.apio.impl_1.0.0 [1192]
2018-03-29 19:27:31.344 INFO  [fileinstall-/Users/paulo/Documents/eclipse-workspace/bundles/liferay-portal/osgi/modules][BundleStartStopLogger:35] STARTED com.liferay.person.apio.api_1.0.0 [1197]
2018-03-29 19:27:31.345 INFO  [fileinstall-/Users/paulo/Documents/eclipse-workspace/bundles/liferay-portal/osgi/modules][BundleStartStopLogger:35] STARTED com.liferay.media.object.apio.api_1.0.0 [1195]
2018-03-29 19:27:31.364 INFO  [fileinstall-/Users/paulo/Documents/eclipse-workspace/bundles/liferay-portal/osgi/modules][BundleStartStopLogger:35] STARTED com.liferay.layout.apio.impl_1.0.0 [1194]
2018-03-29 19:27:31.377 INFO  [fileinstall-/Users/paulo/Documents/eclipse-workspace/bundles/liferay-portal/osgi/modules][BundleStartStopLogger:35] STARTED com.liferay.media.object.apio.impl_1.0.0 [1196]
2018-03-29 19:27:31.389 INFO  [fileinstall-/Users/paulo/Documents/eclipse-workspace/bundles/liferay-portal/osgi/modules][BundleStartStopLogger:35] STARTED com.liferay.person.apio.impl_1.0.0 [1198]
2018-03-29 19:27:31.390 INFO  [fileinstall-/Users/paulo/Documents/eclipse-workspace/bundles/liferay-portal/osgi/modules][BundleStartStopLogger:35] STARTED com.liferay.site.apio.api_1.0.0 [1199]
2018-03-29 19:27:36.576 INFO  [fileinstall-/Users/paulo/Documents/eclipse-workspace/bundles/liferay-portal/osgi/modules][BundleStartStopLogger:35] STARTED com.liferay.web.page.element.apio.impl_1.0.0 [1202]
2018-03-29 19:33:37.420 INFO  [fileinstall-/Users/paulo/Documents/eclipse-workspace/bundles/liferay-portal/osgi/portal][BundleStartStopLogger:38] STOPPED com.liferay.portal.apio.api_1.0.0 [1190]
2018-03-29 19:33:37.591 INFO  [fileinstall-/Users/paulo/Documents/eclipse-workspace/bundles/liferay-portal/osgi/portal][BundleStartStopLogger:38] STOPPED com.liferay.portal.apio.impl_1.0.0 [1191]
2018-03-29 19:33:37.613 INFO  [Refresh Thread: Equinox Container: 805a6ef3-d931-0018-1f09-d59a2b9552e2][BundleStartStopLogger:38] STOPPED com.liferay.web.page.element.apio.impl_1.0.0 [1202]
2018-03-29 19:33:37.624 INFO  [Refresh Thread: Equinox Container: 805a6ef3-d931-0018-1f09-d59a2b9552e2][BundleStartStopLogger:38] STOPPED com.liferay.person.apio.impl_1.0.0 [1198]
2018-03-29 19:33:37.632 INFO  [Refresh Thread: Equinox Container: 805a6ef3-d931-0018-1f09-d59a2b9552e2][BundleStartStopLogger:38] STOPPED com.liferay.media.object.apio.impl_1.0.0 [1196]
2018-03-29 19:33:37.668 INFO  [Refresh Thread: Equinox Container: 805a6ef3-d931-0018-1f09-d59a2b9552e2][BundleStartStopLogger:38] STOPPED com.liferay.forms.apio.impl_1.0.0 [1192]
2018-03-29 19:33:37.675 INFO  [Refresh Thread: Equinox Container: 805a6ef3-d931-0018-1f09-d59a2b9552e2][BundleStartStopLogger:38] STOPPED com.liferay.folder.apio.impl_1.0.0 [1188]
2018-03-29 19:33:37.683 INFO  [Refresh Thread: Equinox Container: 805a6ef3-d931-0018-1f09-d59a2b9552e2][BundleStartStopLogger:38] STOPPED com.liferay.blog.apio.impl_1.0.0 [1186]
2018-03-29 19:33:37.689 INFO  [Refresh Thread: Equinox Container: 805a6ef3-d931-0018-1f09-d59a2b9552e2][BundleStartStopLogger:38] STOPPED com.liferay.aggregate.rating.apio.impl_1.0.0 [1167]
2018-03-29 19:33:37.690 INFO  [Refresh Thread: Equinox Container: 805a6ef3-d931-0018-1f09-d59a2b9552e2][BundleStartStopLogger:38] STOPPED com.liferay.aggregate.rating.apio.api_1.0.0 [1166]
2018-03-29 19:33:37.702 INFO  [fileinstall-/Users/paulo/Documents/eclipse-workspace/bundles/liferay-portal/osgi/modules][BundleStartStopLogger:38] STOPPED com.liferay.folder.apio.api_1.0.0 [1187]
2018-03-29 19:33:37.707 INFO  [fileinstall-/Users/paulo/Documents/eclipse-workspace/bundles/liferay-portal/osgi/modules][BundleStartStopLogger:38] STOPPED com.liferay.forms.apio.api_1.0.0 [1189]
2018-03-29 19:33:37.715 INFO  [fileinstall-/Users/paulo/Documents/eclipse-workspace/bundles/liferay-portal/osgi/modules][BundleStartStopLogger:38] STOPPED com.liferay.layout.apio.api_1.0.0 [1193]
2018-03-29 19:33:37.728 INFO  [fileinstall-/Users/paulo/Documents/eclipse-workspace/bundles/liferay-portal/osgi/modules][BundleStartStopLogger:38] STOPPED com.liferay.layout.apio.impl_1.0.0 [1194]
2018-03-29 19:33:37.735 INFO  [fileinstall-/Users/paulo/Documents/eclipse-workspace/bundles/liferay-portal/osgi/modules][BundleStartStopLogger:38] STOPPED com.liferay.media.object.apio.api_1.0.0 [1195]
2018-03-29 19:33:37.740 INFO  [fileinstall-/Users/paulo/Documents/eclipse-workspace/bundles/liferay-portal/osgi/modules][BundleStartStopLogger:38] STOPPED com.liferay.person.apio.api_1.0.0 [1197]
2018-03-29 19:33:37.745 INFO  [fileinstall-/Users/paulo/Documents/eclipse-workspace/bundles/liferay-portal/osgi/modules][BundleStartStopLogger:38] STOPPED com.liferay.site.apio.api_1.0.0 [1199]
2018-03-29 19:33:37.752 INFO  [fileinstall-/Users/paulo/Documents/eclipse-workspace/bundles/liferay-portal/osgi/modules][BundleStartStopLogger:38] STOPPED com.liferay.site.apio.impl_1.0.0 [1200]
2018-03-29 19:33:37.758 INFO  [fileinstall-/Users/paulo/Documents/eclipse-workspace/bundles/liferay-portal/osgi/modules][BundleStartStopLogger:38] STOPPED com.liferay.web.page.element.apio.api_1.0.0 [1201]
2018-03-29 19:33:42.878 INFO  [fileinstall-/Users/paulo/Documents/eclipse-workspace/bundles/liferay-portal/osgi/modules][BundleStartStopLogger:38] STOPPED com.liferay.blog.apio.api_1.0.0 [1168]
2018-03-29 19:33:43.024 INFO  [Refresh Thread: Equinox Container: 805a6ef3-d931-0018-1f09-d59a2b9552e2][BundleStartStopLogger:35] STARTED com.liferay.blog.apio.api_1.0.0 [1168]
2018-03-29 19:33:48.209 INFO  [fileinstall-/Users/paulo/Documents/eclipse-workspace/bundles/liferay-portal/osgi/modules][BundleStartStopLogger:35] STARTED com.liferay.folder.apio.api_1.0.0 [1204]
2018-03-29 19:34:18.037 INFO  [Refresh Thread: Equinox Container: 805a6ef3-d931-0018-1f09-d59a2b9552e2][BundleStartStopLogger:35] STARTED com.liferay.aggregate.rating.apio.api_1.0.0 [1166]
2018-03-29 19:34:18.054 INFO  [Refresh Thread: Equinox Container: 805a6ef3-d931-0018-1f09-d59a2b9552e2][BundleStartStopLogger:35] STARTED com.liferay.aggregate.rating.apio.impl_1.0.0 [1167]
2018-03-29 19:34:18.055 INFO  [fileinstall-/Users/paulo/Documents/eclipse-workspace/bundles/liferay-portal/osgi/portal][BundleStartStopLogger:35] STARTED com.liferay.portal.apio.api_1.0.0 [1205]
2018-03-29 19:34:18.139 INFO  [fileinstall-/Users/paulo/Documents/eclipse-workspace/bundles/liferay-portal/osgi/portal][BundleStartStopLogger:35] STARTED com.liferay.portal.apio.impl_1.0.0 [1206]
2018-03-29 19:34:19.104 INFO  [Refresh Thread: Equinox Container: 805a6ef3-d931-0018-1f09-d59a2b9552e2][BundleStartStopLogger:35] STARTED com.liferay.blog.apio.impl_1.0.0 [1203]
2018-03-29 19:34:19.126 INFO  [fileinstall-/Users/paulo/Documents/eclipse-workspace/bundles/liferay-portal/osgi/modules][BundleStartStopLogger:35] STARTED com.liferay.layout.apio.impl_1.0.0 [1211]
2018-03-29 19:34:19.181 INFO  [fileinstall-/Users/paulo/Documents/eclipse-workspace/bundles/liferay-portal/osgi/modules][BundleStartStopLogger:35] STARTED com.liferay.forms.apio.impl_1.0.0 [1209]
2018-03-29 19:34:19.183 INFO  [fileinstall-/Users/paulo/Documents/eclipse-workspace/bundles/liferay-portal/osgi/modules][BundleStartStopLogger:35] STARTED com.liferay.media.object.apio.api_1.0.0 [1212]
2018-03-29 19:34:19.193 INFO  [fileinstall-/Users/paulo/Documents/eclipse-workspace/bundles/liferay-portal/osgi/modules][BundleStartStopLogger:35] STARTED com.liferay.site.apio.impl_1.0.0 [1217]
2018-03-29 19:34:19.195 INFO  [fileinstall-/Users/paulo/Documents/eclipse-workspace/bundles/liferay-portal/osgi/modules][BundleStartStopLogger:35] STARTED com.liferay.web.page.element.apio.api_1.0.0 [1218]
2018-03-29 19:34:19.196 INFO  [fileinstall-/Users/paulo/Documents/eclipse-workspace/bundles/liferay-portal/osgi/modules][BundleStartStopLogger:35] STARTED com.liferay.layout.apio.api_1.0.0 [1210]
2018-03-29 19:34:19.210 INFO  [fileinstall-/Users/paulo/Documents/eclipse-workspace/bundles/liferay-portal/osgi/modules][BundleStartStopLogger:35] STARTED com.liferay.person.apio.impl_1.0.0 [1215]
2018-03-29 19:34:19.212 INFO  [fileinstall-/Users/paulo/Documents/eclipse-workspace/bundles/liferay-portal/osgi/modules][BundleStartStopLogger:35] STARTED com.liferay.person.apio.api_1.0.0 [1214]
2018-03-29 19:34:19.225 INFO  [fileinstall-/Users/paulo/Documents/eclipse-workspace/bundles/liferay-portal/osgi/modules][BundleStartStopLogger:35] STARTED com.liferay.folder.apio.impl_1.0.0 [1207]
2018-03-29 19:34:19.226 INFO  [fileinstall-/Users/paulo/Documents/eclipse-workspace/bundles/liferay-portal/osgi/modules][BundleStartStopLogger:35] STARTED com.liferay.forms.apio.api_1.0.0 [1208]
2018-03-29 19:34:19.227 INFO  [fileinstall-/Users/paulo/Documents/eclipse-workspace/bundles/liferay-portal/osgi/modules][BundleStartStopLogger:35] STARTED com.liferay.site.apio.api_1.0.0 [1216]
2018-03-29 19:34:19.239 INFO  [fileinstall-/Users/paulo/Documents/eclipse-workspace/bundles/liferay-portal/osgi/modules][BundleStartStopLogger:35] STARTED com.liferay.media.object.apio.impl_1.0.0 [1213]
2018-03-29 19:34:24.460 INFO  [fileinstall-/Users/paulo/Documents/eclipse-workspace/bundles/liferay-portal/osgi/modules][BundleStartStopLogger:35] STARTED com.liferay.web.page.element.apio.impl_1.0.0 [1219]
2018-03-29 19:53:21.527 INFO  [fileinstall-/Users/paulo/Documents/eclipse-workspace/bundles/liferay-portal/osgi/modules][BundleStartStopLogger:38] STOPPED com.liferay.aggregate.rating.apio.api_1.0.0 [1166]
2018-03-29 19:53:21.562 INFO  [fileinstall-/Users/paulo/Documents/eclipse-workspace/bundles/liferay-portal/osgi/modules][BundleStartStopLogger:38] STOPPED com.liferay.aggregate.rating.apio.impl_1.0.0 [1167]
2018-03-29 19:53:21.570 INFO  [fileinstall-/Users/paulo/Documents/eclipse-workspace/bundles/liferay-portal/osgi/modules][BundleStartStopLogger:38] STOPPED com.liferay.blog.apio.api_1.0.0 [1168]
2018-03-29 19:53:21.596 INFO  [fileinstall-/Users/paulo/Documents/eclipse-workspace/bundles/liferay-portal/osgi/modules][BundleStartStopLogger:38] STOPPED com.liferay.blog.apio.impl_1.0.0 [1203]
2018-03-29 19:53:21.605 INFO  [fileinstall-/Users/paulo/Documents/eclipse-workspace/bundles/liferay-portal/osgi/modules][BundleStartStopLogger:38] STOPPED com.liferay.folder.apio.api_1.0.0 [1204]
2018-03-29 19:53:21.617 INFO  [fileinstall-/Users/paulo/Documents/eclipse-workspace/bundles/liferay-portal/osgi/modules][BundleStartStopLogger:38] STOPPED com.liferay.folder.apio.impl_1.0.0 [1207]
2018-03-29 19:53:21.625 INFO  [fileinstall-/Users/paulo/Documents/eclipse-workspace/bundles/liferay-portal/osgi/modules][BundleStartStopLogger:38] STOPPED com.liferay.forms.apio.api_1.0.0 [1208]
2018-03-29 19:53:21.662 INFO  [fileinstall-/Users/paulo/Documents/eclipse-workspace/bundles/liferay-portal/osgi/modules][BundleStartStopLogger:38] STOPPED com.liferay.forms.apio.impl_1.0.0 [1209]
2018-03-29 19:53:21.671 INFO  [fileinstall-/Users/paulo/Documents/eclipse-workspace/bundles/liferay-portal/osgi/modules][BundleStartStopLogger:38] STOPPED com.liferay.layout.apio.api_1.0.0 [1210]
2018-03-29 19:53:21.683 INFO  [fileinstall-/Users/paulo/Documents/eclipse-workspace/bundles/liferay-portal/osgi/modules][BundleStartStopLogger:38] STOPPED com.liferay.layout.apio.impl_1.0.0 [1211]
2018-03-29 19:53:21.692 INFO  [fileinstall-/Users/paulo/Documents/eclipse-workspace/bundles/liferay-portal/osgi/modules][BundleStartStopLogger:38] STOPPED com.liferay.media.object.apio.api_1.0.0 [1212]
2018-03-29 19:53:21.701 INFO  [fileinstall-/Users/paulo/Documents/eclipse-workspace/bundles/liferay-portal/osgi/modules][BundleStartStopLogger:38] STOPPED com.liferay.media.object.apio.impl_1.0.0 [1213]
2018-03-29 19:53:21.706 INFO  [fileinstall-/Users/paulo/Documents/eclipse-workspace/bundles/liferay-portal/osgi/modules][BundleStartStopLogger:38] STOPPED com.liferay.person.apio.api_1.0.0 [1214]
2018-03-29 19:53:21.712 INFO  [fileinstall-/Users/paulo/Documents/eclipse-workspace/bundles/liferay-portal/osgi/modules][BundleStartStopLogger:38] STOPPED com.liferay.person.apio.impl_1.0.0 [1215]
2018-03-29 19:53:21.716 INFO  [fileinstall-/Users/paulo/Documents/eclipse-workspace/bundles/liferay-portal/osgi/modules][BundleStartStopLogger:38] STOPPED com.liferay.site.apio.api_1.0.0 [1216]
2018-03-29 19:53:21.721 INFO  [fileinstall-/Users/paulo/Documents/eclipse-workspace/bundles/liferay-portal/osgi/modules][BundleStartStopLogger:38] STOPPED com.liferay.site.apio.impl_1.0.0 [1217]
2018-03-29 19:53:21.725 INFO  [fileinstall-/Users/paulo/Documents/eclipse-workspace/bundles/liferay-portal/osgi/modules][BundleStartStopLogger:38] STOPPED com.liferay.web.page.element.apio.api_1.0.0 [1218]
2018-03-29 19:53:21.731 INFO  [fileinstall-/Users/paulo/Documents/eclipse-workspace/bundles/liferay-portal/osgi/modules][BundleStartStopLogger:38] STOPPED com.liferay.web.page.element.apio.impl_1.0.0 [1219]
2018-03-29 19:53:23.391 INFO  [fileinstall-/Users/paulo/Documents/eclipse-workspace/bundles/liferay-portal/osgi/portal][BundleStartStopLogger:38] STOPPED com.liferay.portal.apio.api_1.0.0 [1205]
2018-03-29 19:53:23.562 INFO  [fileinstall-/Users/paulo/Documents/eclipse-workspace/bundles/liferay-portal/osgi/portal][BundleStartStopLogger:38] STOPPED com.liferay.portal.apio.impl_1.0.0 [1206]
2018-03-29 19:53:32.003 INFO  [fileinstall-/Users/paulo/Documents/eclipse-workspace/bundles/liferay-portal/osgi/modules][BundleStartStopLogger:35] STARTED com.liferay.blog.apio.api_1.0.0 [1222]
2018-03-29 19:53:32.004 INFO  [fileinstall-/Users/paulo/Documents/eclipse-workspace/bundles/liferay-portal/osgi/modules][BundleStartStopLogger:35] STARTED com.liferay.folder.apio.api_1.0.0 [1224]
2018-03-29 19:54:02.494 INFO  [fileinstall-/Users/paulo/Documents/eclipse-workspace/bundles/liferay-portal/osgi/modules][BundleStartStopLogger:35] STARTED com.liferay.forms.apio.api_1.0.0 [1226]
2018-03-29 19:54:02.495 INFO  [fileinstall-/Users/paulo/Documents/eclipse-workspace/bundles/liferay-portal/osgi/modules][BundleStartStopLogger:35] STARTED com.liferay.person.apio.api_1.0.0 [1232]
2018-03-29 19:54:02.498 INFO  [fileinstall-/Users/paulo/Documents/eclipse-workspace/bundles/liferay-portal/osgi/modules][BundleStartStopLogger:35] STARTED com.liferay.media.object.apio.api_1.0.0 [1230]
2018-03-29 19:54:02.502 INFO  [fileinstall-/Users/paulo/Documents/eclipse-workspace/bundles/liferay-portal/osgi/modules][BundleStartStopLogger:35] STARTED com.liferay.layout.apio.api_1.0.0 [1228]
2018-03-29 19:54:04.108 INFO  [Refresh Thread: Equinox Container: 805a6ef3-d931-0018-1f09-d59a2b9552e2][BundleStartStopLogger:35] STARTED com.liferay.aggregate.rating.apio.api_1.0.0 [1220]
2018-03-29 19:54:04.149 INFO  [Refresh Thread: Equinox Container: 805a6ef3-d931-0018-1f09-d59a2b9552e2][BundleStartStopLogger:35] STARTED com.liferay.aggregate.rating.apio.impl_1.0.0 [1221]
2018-03-29 19:54:04.180 INFO  [Refresh Thread: Equinox Container: 805a6ef3-d931-0018-1f09-d59a2b9552e2][BundleStartStopLogger:35] STARTED com.liferay.media.object.apio.impl_1.0.0 [1231]
2018-03-29 19:54:04.202 INFO  [Refresh Thread: Equinox Container: 805a6ef3-d931-0018-1f09-d59a2b9552e2][BundleStartStopLogger:35] STARTED com.liferay.person.apio.impl_1.0.0 [1233]
2018-03-29 19:54:04.285 INFO  [fileinstall-/Users/paulo/Documents/eclipse-workspace/bundles/liferay-portal/osgi/portal][BundleStartStopLogger:35] STARTED com.liferay.portal.apio.impl_1.0.0 [1235]
2018-03-29 19:54:04.287 INFO  [fileinstall-/Users/paulo/Documents/eclipse-workspace/bundles/liferay-portal/osgi/portal][BundleStartStopLogger:35] STARTED com.liferay.portal.apio.api_1.0.0 [1234]
2018-03-29 19:54:08.084 INFO  [Refresh Thread: Equinox Container: 805a6ef3-d931-0018-1f09-d59a2b9552e2][BundleStartStopLogger:35] STARTED com.liferay.blog.apio.impl_1.0.0 [1223]
2018-03-29 19:54:08.096 INFO  [Refresh Thread: Equinox Container: 805a6ef3-d931-0018-1f09-d59a2b9552e2][BundleStartStopLogger:35] STARTED com.liferay.folder.apio.impl_1.0.0 [1225]
2018-03-29 19:54:08.462 INFO  [Refresh Thread: Equinox Container: 805a6ef3-d931-0018-1f09-d59a2b9552e2][BundleStartStopLogger:35] STARTED com.liferay.forms.apio.impl_1.0.0 [1227]
2018-03-29 19:54:08.483 INFO  [Refresh Thread: Equinox Container: 805a6ef3-d931-0018-1f09-d59a2b9552e2][BundleStartStopLogger:35] STARTED com.liferay.layout.apio.impl_1.0.0 [1229]
2018-03-29 19:54:08.484 INFO  [fileinstall-/Users/paulo/Documents/eclipse-workspace/bundles/liferay-portal/osgi/modules][BundleStartStopLogger:35] STARTED com.liferay.site.apio.api_1.0.0 [1236]
2018-03-29 19:54:08.486 INFO  [fileinstall-/Users/paulo/Documents/eclipse-workspace/bundles/liferay-portal/osgi/modules][BundleStartStopLogger:35] STARTED com.liferay.web.page.element.apio.api_1.0.0 [1238]
2018-03-29 19:54:08.496 INFO  [fileinstall-/Users/paulo/Documents/eclipse-workspace/bundles/liferay-portal/osgi/modules][BundleStartStopLogger:35] STARTED com.liferay.site.apio.impl_1.0.0 [1237]
2018-03-29 19:54:08.511 INFO  [fileinstall-/Users/paulo/Documents/eclipse-workspace/bundles/liferay-portal/osgi/modules][BundleStartStopLogger:35] STARTED com.liferay.web.page.element.apio.impl_1.0.0 [1239]
2018-03-29 19:58:49.809 INFO  [fileinstall-/Users/paulo/Documents/eclipse-workspace/bundles/liferay-portal/osgi/modules][BundleStartStopLogger:38] STOPPED com.liferay.blog.apio.impl_1.0.0 [1223]
2018-03-29 19:58:49.815 INFO  [fileinstall-/Users/paulo/Documents/eclipse-workspace/bundles/liferay-portal/osgi/portal][BundleStartStopLogger:38] STOPPED com.liferay.portal.apio.api_1.0.0 [1234]
2018-03-29 19:58:49.816 INFO  [fileinstall-/Users/paulo/Documents/eclipse-workspace/bundles/liferay-portal/osgi/modules][BundleStartStopLogger:38] STOPPED com.liferay.folder.apio.api_1.0.0 [1224]
2018-03-29 19:58:49.872 INFO  [fileinstall-/Users/paulo/Documents/eclipse-workspace/bundles/liferay-portal/osgi/modules][BundleStartStopLogger:38] STOPPED com.liferay.folder.apio.impl_1.0.0 [1225]
2018-03-29 19:58:49.878 INFO  [fileinstall-/Users/paulo/Documents/eclipse-workspace/bundles/liferay-portal/osgi/modules][BundleStartStopLogger:38] STOPPED com.liferay.forms.apio.api_1.0.0 [1226]
2018-03-29 19:58:49.972 INFO  [fileinstall-/Users/paulo/Documents/eclipse-workspace/bundles/liferay-portal/osgi/modules][BundleStartStopLogger:38] STOPPED com.liferay.forms.apio.impl_1.0.0 [1227]
2018-03-29 19:58:49.979 INFO  [fileinstall-/Users/paulo/Documents/eclipse-workspace/bundles/liferay-portal/osgi/modules][BundleStartStopLogger:38] STOPPED com.liferay.layout.apio.api_1.0.0 [1228]
2018-03-29 19:58:49.996 INFO  [fileinstall-/Users/paulo/Documents/eclipse-workspace/bundles/liferay-portal/osgi/modules][BundleStartStopLogger:38] STOPPED com.liferay.layout.apio.impl_1.0.0 [1229]
2018-03-29 19:58:50.006 INFO  [fileinstall-/Users/paulo/Documents/eclipse-workspace/bundles/liferay-portal/osgi/modules][BundleStartStopLogger:38] STOPPED com.liferay.media.object.apio.api_1.0.0 [1230]
2018-03-29 19:58:50.019 INFO  [fileinstall-/Users/paulo/Documents/eclipse-workspace/bundles/liferay-portal/osgi/modules][BundleStartStopLogger:38] STOPPED com.liferay.media.object.apio.impl_1.0.0 [1231]
2018-03-29 19:58:50.027 INFO  [fileinstall-/Users/paulo/Documents/eclipse-workspace/bundles/liferay-portal/osgi/modules][BundleStartStopLogger:38] STOPPED com.liferay.person.apio.api_1.0.0 [1232]
2018-03-29 19:58:50.038 INFO  [fileinstall-/Users/paulo/Documents/eclipse-workspace/bundles/liferay-portal/osgi/modules][BundleStartStopLogger:38] STOPPED com.liferay.person.apio.impl_1.0.0 [1233]
2018-03-29 19:58:50.042 INFO  [fileinstall-/Users/paulo/Documents/eclipse-workspace/bundles/liferay-portal/osgi/modules][BundleStartStopLogger:38] STOPPED com.liferay.site.apio.api_1.0.0 [1236]
2018-03-29 19:58:50.051 INFO  [fileinstall-/Users/paulo/Documents/eclipse-workspace/bundles/liferay-portal/osgi/modules][BundleStartStopLogger:38] STOPPED com.liferay.site.apio.impl_1.0.0 [1237]
2018-03-29 19:58:50.056 INFO  [fileinstall-/Users/paulo/Documents/eclipse-workspace/bundles/liferay-portal/osgi/modules][BundleStartStopLogger:38] STOPPED com.liferay.web.page.element.apio.api_1.0.0 [1238]
2018-03-29 19:58:50.067 INFO  [fileinstall-/Users/paulo/Documents/eclipse-workspace/bundles/liferay-portal/osgi/modules][BundleStartStopLogger:38] STOPPED com.liferay.web.page.element.apio.impl_1.0.0 [1239]
2018-03-29 19:58:50.072 INFO  [fileinstall-/Users/paulo/Documents/eclipse-workspace/bundles/liferay-portal/osgi/portal][BundleStartStopLogger:38] STOPPED com.liferay.portal.apio.impl_1.0.0 [1235]
2018-03-29 19:58:50.089 INFO  [Refresh Thread: Equinox Container: 805a6ef3-d931-0018-1f09-d59a2b9552e2][BundleStartStopLogger:38] STOPPED com.liferay.aggregate.rating.apio.impl_1.0.0 [1221]
2018-03-29 19:58:50.091 INFO  [Refresh Thread: Equinox Container: 805a6ef3-d931-0018-1f09-d59a2b9552e2][BundleStartStopLogger:38] STOPPED com.liferay.aggregate.rating.apio.api_1.0.0 [1220]
2018-03-29 19:58:55.135 INFO  [fileinstall-/Users/paulo/Documents/eclipse-workspace/bundles/liferay-portal/osgi/modules][BundleStartStopLogger:38] STOPPED com.liferay.blog.apio.api_1.0.0 [1222]
2018-03-29 19:58:55.263 INFO  [Refresh Thread: Equinox Container: 805a6ef3-d931-0018-1f09-d59a2b9552e2][BundleStartStopLogger:35] STARTED com.liferay.blog.apio.api_1.0.0 [1222]
2018-03-29 19:59:00.436 INFO  [fileinstall-/Users/paulo/Documents/eclipse-workspace/bundles/liferay-portal/osgi/modules][BundleStartStopLogger:35] STARTED com.liferay.folder.apio.api_1.0.0 [1241]
2018-03-29 19:59:30.412 INFO  [Refresh Thread: Equinox Container: 805a6ef3-d931-0018-1f09-d59a2b9552e2][BundleStartStopLogger:35] STARTED com.liferay.aggregate.rating.apio.api_1.0.0 [1220]
2018-03-29 19:59:30.432 INFO  [Refresh Thread: Equinox Container: 805a6ef3-d931-0018-1f09-d59a2b9552e2][BundleStartStopLogger:35] STARTED com.liferay.aggregate.rating.apio.impl_1.0.0 [1221]
2018-03-29 19:59:30.433 INFO  [fileinstall-/Users/paulo/Documents/eclipse-workspace/bundles/liferay-portal/osgi/portal][BundleStartStopLogger:35] STARTED com.liferay.portal.apio.api_1.0.0 [1242]
2018-03-29 19:59:30.899 INFO  [fileinstall-/Users/paulo/Documents/eclipse-workspace/bundles/liferay-portal/osgi/portal][BundleStartStopLogger:35] STARTED com.liferay.portal.apio.impl_1.0.0 [1243]
2018-03-29 19:59:31.344 INFO  [Refresh Thread: Equinox Container: 805a6ef3-d931-0018-1f09-d59a2b9552e2][BundleStartStopLogger:35] STARTED com.liferay.blog.apio.impl_1.0.0 [1240]
2018-03-29 19:59:31.346 INFO  [fileinstall-/Users/paulo/Documents/eclipse-workspace/bundles/liferay-portal/osgi/modules][BundleStartStopLogger:35] STARTED com.liferay.forms.apio.api_1.0.0 [1245]
2018-03-29 19:59:31.358 INFO  [fileinstall-/Users/paulo/Documents/eclipse-workspace/bundles/liferay-portal/osgi/modules][BundleStartStopLogger:35] STARTED com.liferay.person.apio.impl_1.0.0 [1252]
2018-03-29 19:59:31.359 INFO  [fileinstall-/Users/paulo/Documents/eclipse-workspace/bundles/liferay-portal/osgi/modules][BundleStartStopLogger:35] STARTED com.liferay.person.apio.api_1.0.0 [1251]
2018-03-29 19:59:31.360 INFO  [fileinstall-/Users/paulo/Documents/eclipse-workspace/bundles/liferay-portal/osgi/modules][BundleStartStopLogger:35] STARTED com.liferay.layout.apio.api_1.0.0 [1247]
2018-03-29 19:59:31.374 INFO  [fileinstall-/Users/paulo/Documents/eclipse-workspace/bundles/liferay-portal/osgi/modules][BundleStartStopLogger:35] STARTED com.liferay.folder.apio.impl_1.0.0 [1244]
2018-03-29 19:59:31.391 INFO  [fileinstall-/Users/paulo/Documents/eclipse-workspace/bundles/liferay-portal/osgi/modules][BundleStartStopLogger:35] STARTED com.liferay.site.apio.impl_1.0.0 [1254]
2018-03-29 19:59:31.405 INFO  [fileinstall-/Users/paulo/Documents/eclipse-workspace/bundles/liferay-portal/osgi/modules][BundleStartStopLogger:35] STARTED com.liferay.media.object.apio.impl_1.0.0 [1250]
2018-03-29 19:59:31.406 INFO  [fileinstall-/Users/paulo/Documents/eclipse-workspace/bundles/liferay-portal/osgi/modules][BundleStartStopLogger:35] STARTED com.liferay.media.object.apio.api_1.0.0 [1249]
2018-03-29 19:59:31.427 INFO  [fileinstall-/Users/paulo/Documents/eclipse-workspace/bundles/liferay-portal/osgi/modules][BundleStartStopLogger:35] STARTED com.liferay.layout.apio.impl_1.0.0 [1248]
2018-03-29 19:59:31.429 INFO  [fileinstall-/Users/paulo/Documents/eclipse-workspace/bundles/liferay-portal/osgi/modules][BundleStartStopLogger:35] STARTED com.liferay.web.page.element.apio.api_1.0.0 [1255]
2018-03-29 19:59:31.528 INFO  [fileinstall-/Users/paulo/Documents/eclipse-workspace/bundles/liferay-portal/osgi/modules][BundleStartStopLogger:35] STARTED com.liferay.forms.apio.impl_1.0.0 [1246]
2018-03-29 19:59:31.530 INFO  [fileinstall-/Users/paulo/Documents/eclipse-workspace/bundles/liferay-portal/osgi/modules][BundleStartStopLogger:35] STARTED com.liferay.site.apio.api_1.0.0 [1253]
2018-03-29 19:59:36.700 INFO  [fileinstall-/Users/paulo/Documents/eclipse-workspace/bundles/liferay-portal/osgi/modules][BundleStartStopLogger:35] STARTED com.liferay.web.page.element.apio.impl_1.0.0 [1256]
2018-03-29 20:09:09.651 WARN  [HikariPool-1 housekeeper][HikariPool:676] HikariPool-1 - Thread starvation or clock leap detected (housekeeper delta=49s885ms).
2018-03-29 20:09:09.651 WARN  [HikariPool-2 housekeeper][HikariPool:676] HikariPool-2 - Thread starvation or clock leap detected (housekeeper delta=49s885ms).
2018-03-29 20:30:25.229 WARN  [HikariPool-1 housekeeper][HikariPool:676] HikariPool-1 - Thread starvation or clock leap detected (housekeeper delta=3m11s366ms).
2018-03-29 20:30:25.230 WARN  [HikariPool-2 housekeeper][HikariPool:676] HikariPool-2 - Thread starvation or clock leap detected (housekeeper delta=3m11s367ms).
2018-03-29 20:33:02.450 INFO  [fileinstall-/Users/paulo/Documents/eclipse-workspace/bundles/liferay-portal/osgi/portal][BundleStartStopLogger:38] STOPPED com.liferay.portal.apio.api_1.0.0 [1242]
2018-03-29 20:33:02.895 INFO  [fileinstall-/Users/paulo/Documents/eclipse-workspace/bundles/liferay-portal/osgi/portal][BundleStartStopLogger:38] STOPPED com.liferay.portal.apio.impl_1.0.0 [1243]
2018-03-29 20:33:02.914 INFO  [Refresh Thread: Equinox Container: 805a6ef3-d931-0018-1f09-d59a2b9552e2][BundleStartStopLogger:38] STOPPED com.liferay.web.page.element.apio.impl_1.0.0 [1256]
2018-03-29 20:33:02.923 INFO  [Refresh Thread: Equinox Container: 805a6ef3-d931-0018-1f09-d59a2b9552e2][BundleStartStopLogger:38] STOPPED com.liferay.person.apio.impl_1.0.0 [1252]
2018-03-29 20:33:02.931 INFO  [Refresh Thread: Equinox Container: 805a6ef3-d931-0018-1f09-d59a2b9552e2][BundleStartStopLogger:38] STOPPED com.liferay.media.object.apio.impl_1.0.0 [1250]
2018-03-29 20:33:02.965 INFO  [Refresh Thread: Equinox Container: 805a6ef3-d931-0018-1f09-d59a2b9552e2][BundleStartStopLogger:38] STOPPED com.liferay.forms.apio.impl_1.0.0 [1246]
2018-03-29 20:33:02.976 INFO  [Refresh Thread: Equinox Container: 805a6ef3-d931-0018-1f09-d59a2b9552e2][BundleStartStopLogger:38] STOPPED com.liferay.folder.apio.impl_1.0.0 [1244]
2018-03-29 20:33:02.984 INFO  [Refresh Thread: Equinox Container: 805a6ef3-d931-0018-1f09-d59a2b9552e2][BundleStartStopLogger:38] STOPPED com.liferay.blog.apio.impl_1.0.0 [1240]
2018-03-29 20:33:02.991 INFO  [Refresh Thread: Equinox Container: 805a6ef3-d931-0018-1f09-d59a2b9552e2][BundleStartStopLogger:38] STOPPED com.liferay.aggregate.rating.apio.impl_1.0.0 [1221]
2018-03-29 20:33:02.993 INFO  [Refresh Thread: Equinox Container: 805a6ef3-d931-0018-1f09-d59a2b9552e2][BundleStartStopLogger:38] STOPPED com.liferay.aggregate.rating.apio.api_1.0.0 [1220]
2018-03-29 20:33:03.679 INFO  [fileinstall-/Users/paulo/Documents/eclipse-workspace/bundles/liferay-portal/osgi/modules][BundleStartStopLogger:38] STOPPED com.liferay.folder.apio.api_1.0.0 [1241]
2018-03-29 20:33:03.685 INFO  [fileinstall-/Users/paulo/Documents/eclipse-workspace/bundles/liferay-portal/osgi/modules][BundleStartStopLogger:38] STOPPED com.liferay.forms.apio.api_1.0.0 [1245]
2018-03-29 20:33:03.691 INFO  [fileinstall-/Users/paulo/Documents/eclipse-workspace/bundles/liferay-portal/osgi/modules][BundleStartStopLogger:38] STOPPED com.liferay.layout.apio.api_1.0.0 [1247]
2018-03-29 20:33:03.702 INFO  [fileinstall-/Users/paulo/Documents/eclipse-workspace/bundles/liferay-portal/osgi/modules][BundleStartStopLogger:38] STOPPED com.liferay.layout.apio.impl_1.0.0 [1248]
2018-03-29 20:33:03.708 INFO  [fileinstall-/Users/paulo/Documents/eclipse-workspace/bundles/liferay-portal/osgi/modules][BundleStartStopLogger:38] STOPPED com.liferay.media.object.apio.api_1.0.0 [1249]
2018-03-29 20:33:03.715 INFO  [fileinstall-/Users/paulo/Documents/eclipse-workspace/bundles/liferay-portal/osgi/modules][BundleStartStopLogger:38] STOPPED com.liferay.person.apio.api_1.0.0 [1251]
2018-03-29 20:33:03.722 INFO  [fileinstall-/Users/paulo/Documents/eclipse-workspace/bundles/liferay-portal/osgi/modules][BundleStartStopLogger:38] STOPPED com.liferay.site.apio.api_1.0.0 [1253]
2018-03-29 20:33:03.734 INFO  [fileinstall-/Users/paulo/Documents/eclipse-workspace/bundles/liferay-portal/osgi/modules][BundleStartStopLogger:38] STOPPED com.liferay.site.apio.impl_1.0.0 [1254]
2018-03-29 20:33:03.740 INFO  [fileinstall-/Users/paulo/Documents/eclipse-workspace/bundles/liferay-portal/osgi/modules][BundleStartStopLogger:38] STOPPED com.liferay.web.page.element.apio.api_1.0.0 [1255]
2018-03-29 20:33:08.833 INFO  [fileinstall-/Users/paulo/Documents/eclipse-workspace/bundles/liferay-portal/osgi/modules][BundleStartStopLogger:38] STOPPED com.liferay.blog.apio.api_1.0.0 [1222]
2018-03-29 20:33:08.959 INFO  [Refresh Thread: Equinox Container: 805a6ef3-d931-0018-1f09-d59a2b9552e2][BundleStartStopLogger:35] STARTED com.liferay.blog.apio.api_1.0.0 [1222]
2018-03-29 20:33:14.120 INFO  [fileinstall-/Users/paulo/Documents/eclipse-workspace/bundles/liferay-portal/osgi/modules][BundleStartStopLogger:35] STARTED com.liferay.folder.apio.api_1.0.0 [1258]
2018-03-29 20:33:49.428 INFO  [fileinstall-/Users/paulo/Documents/eclipse-workspace/bundles/liferay-portal/osgi/modules][BundleStartStopLogger:35] STARTED com.liferay.forms.apio.api_1.0.0 [1260]
2018-03-29 21:00:48.673 WARN  [HikariPool-2 housekeeper][HikariPool:676] HikariPool-2 - Thread starvation or clock leap detected (housekeeper delta=24m47s433ms).
2018-03-29 21:00:48.673 WARN  [HikariPool-1 housekeeper][HikariPool:676] HikariPool-1 - Thread starvation or clock leap detected (housekeeper delta=24m47s433ms).
2018-03-29 22:13:14.181 WARN  [HikariPool-2 housekeeper][HikariPool:676] HikariPool-2 - Thread starvation or clock leap detected (housekeeper delta=1h9m25s492ms).
2018-03-29 22:13:14.181 WARN  [HikariPool-1 housekeeper][HikariPool:676] HikariPool-1 - Thread starvation or clock leap detected (housekeeper delta=1h9m25s492ms).
2018-03-29 23:19:01.205 WARN  [HikariPool-1 housekeeper][HikariPool:676] HikariPool-1 - Thread starvation or clock leap detected (housekeeper delta=1h5m47s24ms).
2018-03-29 23:19:01.206 WARN  [HikariPool-2 housekeeper][HikariPool:676] HikariPool-2 - Thread starvation or clock leap detected (housekeeper delta=1h5m47s25ms).
2018-03-29 23:26:06.080 WARN  [HikariPool-2 housekeeper][HikariPool:676] HikariPool-2 - Thread starvation or clock leap detected (housekeeper delta=6m34s874ms).
2018-03-29 23:26:06.080 WARN  [HikariPool-1 housekeeper][HikariPool:676] HikariPool-1 - Thread starvation or clock leap detected (housekeeper delta=6m34s874ms).
