2018-03-21 00:35:03.230 WARN  [HikariPool-2 housekeeper][HikariPool:676] HikariPool-2 - Thread starvation or clock leap detected (housekeeper delta=42m26s17ms).
2018-03-21 00:35:03.230 WARN  [HikariPool-1 housekeeper][HikariPool:676] HikariPool-1 - Thread starvation or clock leap detected (housekeeper delta=42m26s17ms).
2018-03-21 00:56:37.232 WARN  [HikariPool-1 housekeeper][HikariPool:676] HikariPool-1 - Thread starvation or clock leap detected (housekeeper delta=20m33s985ms).
2018-03-21 00:56:37.232 WARN  [HikariPool-2 housekeeper][HikariPool:676] HikariPool-2 - Thread starvation or clock leap detected (housekeeper delta=20m33s985ms).
2018-03-21 01:30:01.338 WARN  [HikariPool-2 housekeeper][HikariPool:676] HikariPool-2 - Thread starvation or clock leap detected (housekeeper delta=33m24s106ms).
2018-03-21 01:30:01.338 WARN  [HikariPool-1 housekeeper][HikariPool:676] HikariPool-1 - Thread starvation or clock leap detected (housekeeper delta=33m24s106ms).
2018-03-21 01:51:04.358 WARN  [HikariPool-1 housekeeper][HikariPool:676] HikariPool-1 - Thread starvation or clock leap detected (housekeeper delta=20m33s13ms).
2018-03-21 01:51:04.358 WARN  [HikariPool-2 housekeeper][HikariPool:676] HikariPool-2 - Thread starvation or clock leap detected (housekeeper delta=20m33s13ms).
2018-03-21 02:28:57.477 WARN  [HikariPool-2 housekeeper][HikariPool:676] HikariPool-2 - Thread starvation or clock leap detected (housekeeper delta=37m23s110ms).
2018-03-21 02:28:57.477 WARN  [HikariPool-1 housekeeper][HikariPool:676] HikariPool-1 - Thread starvation or clock leap detected (housekeeper delta=37m23s110ms).
2018-03-21 02:50:01.573 WARN  [HikariPool-2 housekeeper][HikariPool:676] HikariPool-2 - Thread starvation or clock leap detected (housekeeper delta=20m34s92ms).
2018-03-21 02:50:01.573 WARN  [HikariPool-1 housekeeper][HikariPool:676] HikariPool-1 - Thread starvation or clock leap detected (housekeeper delta=20m34s92ms).
2018-03-21 03:37:17.847 WARN  [HikariPool-1 housekeeper][HikariPool:676] HikariPool-1 - Thread starvation or clock leap detected (housekeeper delta=47m16s274ms).
2018-03-21 03:37:17.848 WARN  [HikariPool-2 housekeeper][HikariPool:676] HikariPool-2 - Thread starvation or clock leap detected (housekeeper delta=47m16s275ms).
2018-03-21 03:58:20.945 WARN  [HikariPool-1 housekeeper][HikariPool:676] HikariPool-1 - Thread starvation or clock leap detected (housekeeper delta=20m33s95ms).
2018-03-21 03:58:20.955 WARN  [HikariPool-2 housekeeper][HikariPool:676] HikariPool-2 - Thread starvation or clock leap detected (housekeeper delta=20m33s95ms).
2018-03-21 04:35:30.031 WARN  [HikariPool-1 housekeeper][HikariPool:676] HikariPool-1 - Thread starvation or clock leap detected (housekeeper delta=36m39s84ms).
2018-03-21 04:35:30.041 WARN  [HikariPool-2 housekeeper][HikariPool:676] HikariPool-2 - Thread starvation or clock leap detected (housekeeper delta=36m39s85ms).
2018-03-21 04:56:34.153 WARN  [HikariPool-1 housekeeper][HikariPool:676] HikariPool-1 - Thread starvation or clock leap detected (housekeeper delta=20m34s112ms).
2018-03-21 04:56:34.153 WARN  [HikariPool-2 housekeeper][HikariPool:676] HikariPool-2 - Thread starvation or clock leap detected (housekeeper delta=20m34s104ms).
2018-03-21 05:37:04.247 WARN  [HikariPool-1 housekeeper][HikariPool:676] HikariPool-1 - Thread starvation or clock leap detected (housekeeper delta=40m89ms).
2018-03-21 05:37:04.247 WARN  [HikariPool-2 housekeeper][HikariPool:676] HikariPool-2 - Thread starvation or clock leap detected (housekeeper delta=40m89ms).
2018-03-21 05:57:37.343 WARN  [HikariPool-1 housekeeper][HikariPool:676] HikariPool-1 - Thread starvation or clock leap detected (housekeeper delta=20m33s96ms).
2018-03-21 05:57:37.343 WARN  [HikariPool-2 housekeeper][HikariPool:676] HikariPool-2 - Thread starvation or clock leap detected (housekeeper delta=20m33s96ms).
2018-03-21 06:34:47.431 WARN  [HikariPool-2 housekeeper][HikariPool:676] HikariPool-2 - Thread starvation or clock leap detected (housekeeper delta=36m40s88ms).
2018-03-21 06:34:47.431 WARN  [HikariPool-1 housekeeper][HikariPool:676] HikariPool-1 - Thread starvation or clock leap detected (housekeeper delta=36m40s88ms).
2018-03-21 06:55:50.451 WARN  [HikariPool-2 housekeeper][HikariPool:676] HikariPool-2 - Thread starvation or clock leap detected (housekeeper delta=20m33s16ms).
2018-03-21 06:55:50.451 WARN  [HikariPool-1 housekeeper][HikariPool:676] HikariPool-1 - Thread starvation or clock leap detected (housekeeper delta=20m33s16ms).
2018-03-21 07:30:41.557 WARN  [HikariPool-1 housekeeper][HikariPool:676] HikariPool-1 - Thread starvation or clock leap detected (housekeeper delta=34m21s96ms).
2018-03-21 07:30:41.557 WARN  [HikariPool-2 housekeeper][HikariPool:676] HikariPool-2 - Thread starvation or clock leap detected (housekeeper delta=34m21s96ms).
2018-03-21 07:51:45.663 WARN  [HikariPool-1 housekeeper][HikariPool:676] HikariPool-1 - Thread starvation or clock leap detected (housekeeper delta=20m34s100ms).
2018-03-21 07:51:45.663 WARN  [HikariPool-2 housekeeper][HikariPool:676] HikariPool-2 - Thread starvation or clock leap detected (housekeeper delta=20m34s100ms).
2018-03-21 08:31:04.773 WARN  [HikariPool-1 housekeeper][HikariPool:676] HikariPool-1 - Thread starvation or clock leap detected (housekeeper delta=38m49s100ms).
2018-03-21 08:31:04.773 WARN  [HikariPool-2 housekeeper][HikariPool:676] HikariPool-2 - Thread starvation or clock leap detected (housekeeper delta=38m49s100ms).
2018-03-21 08:51:38.872 WARN  [HikariPool-2 housekeeper][HikariPool:676] HikariPool-2 - Thread starvation or clock leap detected (housekeeper delta=20m34s99ms).
2018-03-21 08:51:38.872 WARN  [HikariPool-1 housekeeper][HikariPool:676] HikariPool-1 - Thread starvation or clock leap detected (housekeeper delta=20m34s99ms).
2018-03-21 09:34:55.994 WARN  [HikariPool-2 housekeeper][HikariPool:676] HikariPool-2 - Thread starvation or clock leap detected (housekeeper delta=42m47s112ms).
2018-03-21 09:34:55.994 WARN  [HikariPool-1 housekeeper][HikariPool:676] HikariPool-1 - Thread starvation or clock leap detected (housekeeper delta=42m47s112ms).
2018-03-21 09:55:59.123 WARN  [HikariPool-1 housekeeper][HikariPool:676] HikariPool-1 - Thread starvation or clock leap detected (housekeeper delta=20m33s127ms).
2018-03-21 09:55:59.123 WARN  [HikariPool-2 housekeeper][HikariPool:676] HikariPool-2 - Thread starvation or clock leap detected (housekeeper delta=20m33s127ms).
2018-03-21 10:30:42.230 WARN  [HikariPool-1 housekeeper][HikariPool:676] HikariPool-1 - Thread starvation or clock leap detected (housekeeper delta=34m13s103ms).
2018-03-21 10:30:42.241 WARN  [HikariPool-2 housekeeper][HikariPool:676] HikariPool-2 - Thread starvation or clock leap detected (housekeeper delta=34m13s108ms).
2018-03-21 10:51:16.328 WARN  [HikariPool-1 housekeeper][HikariPool:676] HikariPool-1 - Thread starvation or clock leap detected (housekeeper delta=20m34s97ms).
2018-03-21 10:51:16.337 WARN  [HikariPool-2 housekeeper][HikariPool:676] HikariPool-2 - Thread starvation or clock leap detected (housekeeper delta=20m34s97ms).
2018-03-21 11:33:22.428 WARN  [HikariPool-1 housekeeper][HikariPool:676] HikariPool-1 - Thread starvation or clock leap detected (housekeeper delta=41m36s92ms).
2018-03-21 11:33:22.442 WARN  [HikariPool-2 housekeeper][HikariPool:676] HikariPool-2 - Thread starvation or clock leap detected (housekeeper delta=41m36s96ms).
2018-03-21 11:54:12.210 INFO  [liferay/scheduler_dispatch-2][PluginPackageUtil:1266] Reloading repositories
2018-03-21 11:54:25.504 WARN  [HikariPool-1 housekeeper][HikariPool:676] HikariPool-1 - Thread starvation or clock leap detected (housekeeper delta=20m33s69ms).
2018-03-21 11:54:25.527 WARN  [HikariPool-2 housekeeper][HikariPool:676] HikariPool-2 - Thread starvation or clock leap detected (housekeeper delta=20m33s76ms).
2018-03-21 12:29:28.593 WARN  [HikariPool-1 housekeeper][HikariPool:676] HikariPool-1 - Thread starvation or clock leap detected (housekeeper delta=34m33s87ms).
2018-03-21 12:29:28.616 WARN  [HikariPool-2 housekeeper][HikariPool:676] HikariPool-2 - Thread starvation or clock leap detected (housekeeper delta=34m33s89ms).
2018-03-21 12:31:45.489 WARN  [HikariPool-1 housekeeper][HikariPool:676] HikariPool-1 - Thread starvation or clock leap detected (housekeeper delta=1m46s895ms).
2018-03-21 12:31:45.511 WARN  [HikariPool-2 housekeeper][HikariPool:676] HikariPool-2 - Thread starvation or clock leap detected (housekeeper delta=1m46s893ms).
2018-03-21 12:47:26.617 WARN  [HikariPool-1 housekeeper][HikariPool:676] HikariPool-1 - Thread starvation or clock leap detected (housekeeper delta=1m11s40ms).
2018-03-21 12:47:26.672 WARN  [HikariPool-2 housekeeper][HikariPool:676] HikariPool-2 - Thread starvation or clock leap detected (housekeeper delta=1m11s44ms).
2018-03-21 14:30:28.870 INFO  [fileinstall-/Users/paulo/Documents/eclipse-workspace/bundles/liferay-portal/osgi/modules][BundleStartStopLogger:38] STOPPED com.liferay.aggregate.rating.apio.impl_1.0.0 [2948]
2018-03-21 14:30:28.877 INFO  [fileinstall-/Users/paulo/Documents/eclipse-workspace/bundles/liferay-portal/osgi/modules][BundleStartStopLogger:38] STOPPED com.liferay.blog.apio.api_1.0.0 [2949]
2018-03-21 14:30:28.894 INFO  [fileinstall-/Users/paulo/Documents/eclipse-workspace/bundles/liferay-portal/osgi/modules][BundleStartStopLogger:38] STOPPED com.liferay.blog.apio.impl_1.0.0 [2967]
2018-03-21 14:30:28.902 INFO  [fileinstall-/Users/paulo/Documents/eclipse-workspace/bundles/liferay-portal/osgi/modules][BundleStartStopLogger:38] STOPPED com.liferay.folder.apio.api_1.0.0 [2968]
2018-03-21 14:30:28.929 INFO  [fileinstall-/Users/paulo/Documents/eclipse-workspace/bundles/liferay-portal/osgi/modules][BundleStartStopLogger:38] STOPPED com.liferay.folder.apio.impl_1.0.0 [2969]
2018-03-21 14:30:28.940 INFO  [fileinstall-/Users/paulo/Documents/eclipse-workspace/bundles/liferay-portal/osgi/modules][BundleStartStopLogger:38] STOPPED com.liferay.forms.apio.api_1.0.0 [2970]
2018-03-21 14:30:29.004 INFO  [fileinstall-/Users/paulo/Documents/eclipse-workspace/bundles/liferay-portal/osgi/modules][BundleStartStopLogger:38] STOPPED com.liferay.forms.apio.impl_1.0.0 [2971]
2018-03-21 14:30:29.011 INFO  [fileinstall-/Users/paulo/Documents/eclipse-workspace/bundles/liferay-portal/osgi/modules][BundleStartStopLogger:38] STOPPED com.liferay.layout.apio.api_1.0.0 [2972]
2018-03-21 14:30:29.031 INFO  [fileinstall-/Users/paulo/Documents/eclipse-workspace/bundles/liferay-portal/osgi/modules][BundleStartStopLogger:38] STOPPED com.liferay.layout.apio.impl_1.0.0 [2973]
2018-03-21 14:30:29.040 INFO  [fileinstall-/Users/paulo/Documents/eclipse-workspace/bundles/liferay-portal/osgi/modules][BundleStartStopLogger:38] STOPPED com.liferay.media.object.apio.api_1.0.0 [2974]
2018-03-21 14:30:29.062 INFO  [fileinstall-/Users/paulo/Documents/eclipse-workspace/bundles/liferay-portal/osgi/modules][BundleStartStopLogger:38] STOPPED com.liferay.media.object.apio.impl_1.0.0 [2975]
2018-03-21 14:30:29.070 INFO  [fileinstall-/Users/paulo/Documents/eclipse-workspace/bundles/liferay-portal/osgi/modules][BundleStartStopLogger:38] STOPPED com.liferay.person.apio.api_1.0.0 [2976]
2018-03-21 14:30:29.082 INFO  [fileinstall-/Users/paulo/Documents/eclipse-workspace/bundles/liferay-portal/osgi/modules][BundleStartStopLogger:38] STOPPED com.liferay.person.apio.impl_1.0.0 [2977]
2018-03-21 14:30:29.087 INFO  [fileinstall-/Users/paulo/Documents/eclipse-workspace/bundles/liferay-portal/osgi/modules][BundleStartStopLogger:38] STOPPED com.liferay.site.apio.api_1.0.0 [2978]
2018-03-21 14:30:29.097 INFO  [fileinstall-/Users/paulo/Documents/eclipse-workspace/bundles/liferay-portal/osgi/modules][BundleStartStopLogger:38] STOPPED com.liferay.site.apio.impl_1.0.0 [2979]
2018-03-21 14:30:29.102 INFO  [fileinstall-/Users/paulo/Documents/eclipse-workspace/bundles/liferay-portal/osgi/modules][BundleStartStopLogger:38] STOPPED com.liferay.web.page.element.apio.api_1.0.0 [2980]
2018-03-21 14:30:29.119 INFO  [fileinstall-/Users/paulo/Documents/eclipse-workspace/bundles/liferay-portal/osgi/modules][BundleStartStopLogger:38] STOPPED com.liferay.web.page.element.apio.impl_1.0.0 [2983]
2018-03-21 14:30:31.965 INFO  [fileinstall-/Users/paulo/Documents/eclipse-workspace/bundles/liferay-portal/osgi/portal][BundleStartStopLogger:38] STOPPED com.liferay.portal.apio.api_1.0.0 [2981]
2018-03-21 14:30:32.359 INFO  [fileinstall-/Users/paulo/Documents/eclipse-workspace/bundles/liferay-portal/osgi/portal][BundleStartStopLogger:38] STOPPED com.liferay.portal.apio.impl_1.0.0 [2982]
2018-03-21 14:30:32.378 INFO  [Refresh Thread: Equinox Container: 70848e9d-322c-0018-1ee4-fc81abe1adeb][BundleStartStopLogger:38] STOPPED com.liferay.aggregate.rating.apio.api_1.0.0 [2858]
2018-03-21 14:30:39.613 INFO  [fileinstall-/Users/paulo/Documents/eclipse-workspace/bundles/liferay-portal/osgi/modules][BundleStartStopLogger:35] STARTED com.liferay.folder.apio.api_1.0.0 [2987]
2018-03-21 14:30:39.616 INFO  [fileinstall-/Users/paulo/Documents/eclipse-workspace/bundles/liferay-portal/osgi/modules][BundleStartStopLogger:35] STARTED com.liferay.blog.apio.api_1.0.0 [2985]
2018-03-21 14:30:54.775 INFO  [fileinstall-/Users/paulo/Documents/eclipse-workspace/bundles/liferay-portal/osgi/modules][BundleStartStopLogger:35] STARTED com.liferay.forms.apio.api_1.0.0 [2989]
2018-03-21 14:31:05.281 INFO  [fileinstall-/Users/paulo/Documents/eclipse-workspace/bundles/liferay-portal/osgi/modules][BundleStartStopLogger:35] STARTED com.liferay.layout.apio.api_1.0.0 [2991]
2018-03-21 14:31:05.284 INFO  [fileinstall-/Users/paulo/Documents/eclipse-workspace/bundles/liferay-portal/osgi/modules][BundleStartStopLogger:35] STARTED com.liferay.site.apio.impl_1.0.0 [2998]
2018-03-21 14:31:05.505 INFO  [fileinstall-/Users/paulo/Documents/eclipse-workspace/bundles/liferay-portal/osgi/modules][BundleStartStopLogger:35] STARTED com.liferay.person.apio.api_1.0.0 [2995]
2018-03-21 14:31:05.506 INFO  [fileinstall-/Users/paulo/Documents/eclipse-workspace/bundles/liferay-portal/osgi/modules][BundleStartStopLogger:35] STARTED com.liferay.web.page.element.apio.api_1.0.0 [2999]
2018-03-21 14:31:05.509 INFO  [fileinstall-/Users/paulo/Documents/eclipse-workspace/bundles/liferay-portal/osgi/modules][BundleStartStopLogger:35] STARTED com.liferay.layout.apio.impl_1.0.0 [2992]
2018-03-21 14:31:05.534 INFO  [fileinstall-/Users/paulo/Documents/eclipse-workspace/bundles/liferay-portal/osgi/modules][BundleStartStopLogger:35] STARTED com.liferay.site.apio.api_1.0.0 [2997]
2018-03-21 14:31:05.536 INFO  [fileinstall-/Users/paulo/Documents/eclipse-workspace/bundles/liferay-portal/osgi/modules][BundleStartStopLogger:35] STARTED com.liferay.media.object.apio.api_1.0.0 [2993]
2018-03-21 14:31:07.724 INFO  [Refresh Thread: Equinox Container: 70848e9d-322c-0018-1ee4-fc81abe1adeb][BundleStartStopLogger:35] STARTED com.liferay.aggregate.rating.apio.api_1.0.0 [2858]
2018-03-21 14:31:07.725 INFO  [Refresh Thread: Equinox Container: 70848e9d-322c-0018-1ee4-fc81abe1adeb][BundleStartStopLogger:35] STARTED com.liferay.aggregate.rating.apio.impl_1.0.0 [2984]
2018-03-21 14:31:07.745 INFO  [Refresh Thread: Equinox Container: 70848e9d-322c-0018-1ee4-fc81abe1adeb][BundleStartStopLogger:35] STARTED com.liferay.blog.apio.impl_1.0.0 [2986]
2018-03-21 14:31:07.759 INFO  [Refresh Thread: Equinox Container: 70848e9d-322c-0018-1ee4-fc81abe1adeb][BundleStartStopLogger:35] STARTED com.liferay.folder.apio.impl_1.0.0 [2988]
2018-03-21 14:31:07.776 INFO  [Refresh Thread: Equinox Container: 70848e9d-322c-0018-1ee4-fc81abe1adeb][BundleStartStopLogger:35] STARTED com.liferay.forms.apio.impl_1.0.0 [2990]
2018-03-21 14:31:07.824 INFO  [Refresh Thread: Equinox Container: 70848e9d-322c-0018-1ee4-fc81abe1adeb][BundleStartStopLogger:35] STARTED com.liferay.media.object.apio.impl_1.0.0 [2994]
2018-03-21 14:31:07.838 INFO  [Refresh Thread: Equinox Container: 70848e9d-322c-0018-1ee4-fc81abe1adeb][BundleStartStopLogger:35] STARTED com.liferay.person.apio.impl_1.0.0 [2996]
2018-03-21 14:31:07.853 INFO  [fileinstall-/Users/paulo/Documents/eclipse-workspace/bundles/liferay-portal/osgi/portal][BundleStartStopLogger:35] STARTED com.liferay.portal.apio.impl_1.0.0 [3001]
2018-03-21 14:31:07.981 INFO  [fileinstall-/Users/paulo/Documents/eclipse-workspace/bundles/liferay-portal/osgi/portal][BundleStartStopLogger:35] STARTED com.liferay.portal.apio.api_1.0.0 [3000]
2018-03-21 14:31:10.654 INFO  [fileinstall-/Users/paulo/Documents/eclipse-workspace/bundles/liferay-portal/osgi/modules][BundleStartStopLogger:35] STARTED com.liferay.web.page.element.apio.impl_1.0.0 [3002]
2018-03-21 14:31:31.190 INFO  [fileinstall-/Users/paulo/Documents/eclipse-workspace/bundles/liferay-portal/osgi/modules][BundleStartStopLogger:38] STOPPED com.liferay.aggregate.rating.apio.api_1.0.0 [2858]
2018-03-21 14:31:31.208 INFO  [fileinstall-/Users/paulo/Documents/eclipse-workspace/bundles/liferay-portal/osgi/modules][BundleStartStopLogger:38] STOPPED com.liferay.aggregate.rating.apio.impl_1.0.0 [2984]
2018-03-21 14:31:31.213 INFO  [fileinstall-/Users/paulo/Documents/eclipse-workspace/bundles/liferay-portal/osgi/modules][BundleStartStopLogger:38] STOPPED com.liferay.blog.apio.api_1.0.0 [2985]
2018-03-21 14:31:31.225 INFO  [fileinstall-/Users/paulo/Documents/eclipse-workspace/bundles/liferay-portal/osgi/modules][BundleStartStopLogger:38] STOPPED com.liferay.blog.apio.impl_1.0.0 [2986]
2018-03-21 14:31:31.234 INFO  [fileinstall-/Users/paulo/Documents/eclipse-workspace/bundles/liferay-portal/osgi/modules][BundleStartStopLogger:38] STOPPED com.liferay.folder.apio.api_1.0.0 [2987]
2018-03-21 14:31:31.247 INFO  [fileinstall-/Users/paulo/Documents/eclipse-workspace/bundles/liferay-portal/osgi/modules][BundleStartStopLogger:38] STOPPED com.liferay.folder.apio.impl_1.0.0 [2988]
2018-03-21 14:31:31.253 INFO  [fileinstall-/Users/paulo/Documents/eclipse-workspace/bundles/liferay-portal/osgi/modules][BundleStartStopLogger:38] STOPPED com.liferay.forms.apio.api_1.0.0 [2989]
2018-03-21 14:31:31.284 INFO  [fileinstall-/Users/paulo/Documents/eclipse-workspace/bundles/liferay-portal/osgi/modules][BundleStartStopLogger:38] STOPPED com.liferay.forms.apio.impl_1.0.0 [2990]
2018-03-21 14:31:31.290 INFO  [fileinstall-/Users/paulo/Documents/eclipse-workspace/bundles/liferay-portal/osgi/modules][BundleStartStopLogger:38] STOPPED com.liferay.layout.apio.api_1.0.0 [2991]
2018-03-21 14:31:31.320 INFO  [fileinstall-/Users/paulo/Documents/eclipse-workspace/bundles/liferay-portal/osgi/modules][BundleStartStopLogger:38] STOPPED com.liferay.layout.apio.impl_1.0.0 [2992]
2018-03-21 14:31:31.327 INFO  [fileinstall-/Users/paulo/Documents/eclipse-workspace/bundles/liferay-portal/osgi/modules][BundleStartStopLogger:38] STOPPED com.liferay.media.object.apio.api_1.0.0 [2993]
2018-03-21 14:31:31.342 INFO  [fileinstall-/Users/paulo/Documents/eclipse-workspace/bundles/liferay-portal/osgi/modules][BundleStartStopLogger:38] STOPPED com.liferay.media.object.apio.impl_1.0.0 [2994]
2018-03-21 14:31:31.351 INFO  [fileinstall-/Users/paulo/Documents/eclipse-workspace/bundles/liferay-portal/osgi/modules][BundleStartStopLogger:38] STOPPED com.liferay.person.apio.api_1.0.0 [2995]
2018-03-21 14:31:31.363 INFO  [fileinstall-/Users/paulo/Documents/eclipse-workspace/bundles/liferay-portal/osgi/modules][BundleStartStopLogger:38] STOPPED com.liferay.person.apio.impl_1.0.0 [2996]
2018-03-21 14:31:31.369 INFO  [fileinstall-/Users/paulo/Documents/eclipse-workspace/bundles/liferay-portal/osgi/modules][BundleStartStopLogger:38] STOPPED com.liferay.site.apio.api_1.0.0 [2997]
2018-03-21 14:31:31.379 INFO  [fileinstall-/Users/paulo/Documents/eclipse-workspace/bundles/liferay-portal/osgi/modules][BundleStartStopLogger:38] STOPPED com.liferay.site.apio.impl_1.0.0 [2998]
2018-03-21 14:31:31.396 INFO  [fileinstall-/Users/paulo/Documents/eclipse-workspace/bundles/liferay-portal/osgi/modules][BundleStartStopLogger:38] STOPPED com.liferay.web.page.element.apio.api_1.0.0 [2999]
2018-03-21 14:31:31.414 INFO  [fileinstall-/Users/paulo/Documents/eclipse-workspace/bundles/liferay-portal/osgi/modules][BundleStartStopLogger:38] STOPPED com.liferay.web.page.element.apio.impl_1.0.0 [3002]
2018-03-21 14:31:33.025 INFO  [fileinstall-/Users/paulo/Documents/eclipse-workspace/bundles/liferay-portal/osgi/portal][BundleStartStopLogger:38] STOPPED com.liferay.portal.apio.api_1.0.0 [3000]
2018-03-21 14:31:33.116 INFO  [fileinstall-/Users/paulo/Documents/eclipse-workspace/bundles/liferay-portal/osgi/portal][BundleStartStopLogger:38] STOPPED com.liferay.portal.apio.impl_1.0.0 [3001]
2018-03-21 14:31:41.637 INFO  [fileinstall-/Users/paulo/Documents/eclipse-workspace/bundles/liferay-portal/osgi/modules][BundleStartStopLogger:35] STARTED com.liferay.folder.apio.api_1.0.0 [3007]
2018-03-21 14:31:41.642 INFO  [fileinstall-/Users/paulo/Documents/eclipse-workspace/bundles/liferay-portal/osgi/modules][BundleStartStopLogger:35] STARTED com.liferay.blog.apio.api_1.0.0 [3005]
2018-03-21 14:31:56.788 INFO  [fileinstall-/Users/paulo/Documents/eclipse-workspace/bundles/liferay-portal/osgi/modules][BundleStartStopLogger:35] STARTED com.liferay.forms.apio.api_1.0.0 [3009]
2018-03-21 14:32:07.037 INFO  [fileinstall-/Users/paulo/Documents/eclipse-workspace/bundles/liferay-portal/osgi/modules][BundleStartStopLogger:35] STARTED com.liferay.media.object.apio.api_1.0.0 [3013]
2018-03-21 14:32:07.040 INFO  [fileinstall-/Users/paulo/Documents/eclipse-workspace/bundles/liferay-portal/osgi/modules][BundleStartStopLogger:35] STARTED com.liferay.site.apio.api_1.0.0 [3017]
2018-03-21 14:32:07.042 INFO  [fileinstall-/Users/paulo/Documents/eclipse-workspace/bundles/liferay-portal/osgi/modules][BundleStartStopLogger:35] STARTED com.liferay.person.apio.api_1.0.0 [3015]
2018-03-21 14:32:07.044 INFO  [fileinstall-/Users/paulo/Documents/eclipse-workspace/bundles/liferay-portal/osgi/modules][BundleStartStopLogger:35] STARTED com.liferay.layout.apio.api_1.0.0 [3011]
2018-03-21 14:32:07.046 INFO  [fileinstall-/Users/paulo/Documents/eclipse-workspace/bundles/liferay-portal/osgi/modules][BundleStartStopLogger:35] STARTED com.liferay.layout.apio.impl_1.0.0 [3012]
2018-03-21 14:32:07.069 INFO  [fileinstall-/Users/paulo/Documents/eclipse-workspace/bundles/liferay-portal/osgi/modules][BundleStartStopLogger:35] STARTED com.liferay.site.apio.impl_1.0.0 [3018]
2018-03-21 14:32:07.094 INFO  [fileinstall-/Users/paulo/Documents/eclipse-workspace/bundles/liferay-portal/osgi/modules][BundleStartStopLogger:35] STARTED com.liferay.web.page.element.apio.api_1.0.0 [3019]
2018-03-21 14:32:08.466 INFO  [Refresh Thread: Equinox Container: 70848e9d-322c-0018-1ee4-fc81abe1adeb][BundleStartStopLogger:35] STARTED com.liferay.aggregate.rating.apio.api_1.0.0 [3003]
2018-03-21 14:32:08.468 INFO  [Refresh Thread: Equinox Container: 70848e9d-322c-0018-1ee4-fc81abe1adeb][BundleStartStopLogger:35] STARTED com.liferay.aggregate.rating.apio.impl_1.0.0 [3004]
2018-03-21 14:32:08.687 INFO  [Refresh Thread: Equinox Container: 70848e9d-322c-0018-1ee4-fc81abe1adeb][BundleStartStopLogger:35] STARTED com.liferay.blog.apio.impl_1.0.0 [3006]
2018-03-21 14:32:08.699 INFO  [Refresh Thread: Equinox Container: 70848e9d-322c-0018-1ee4-fc81abe1adeb][BundleStartStopLogger:35] STARTED com.liferay.folder.apio.impl_1.0.0 [3008]
2018-03-21 14:32:08.711 INFO  [Refresh Thread: Equinox Container: 70848e9d-322c-0018-1ee4-fc81abe1adeb][BundleStartStopLogger:35] STARTED com.liferay.forms.apio.impl_1.0.0 [3010]
2018-03-21 14:32:08.753 INFO  [Refresh Thread: Equinox Container: 70848e9d-322c-0018-1ee4-fc81abe1adeb][BundleStartStopLogger:35] STARTED com.liferay.media.object.apio.impl_1.0.0 [3014]
2018-03-21 14:32:08.765 INFO  [Refresh Thread: Equinox Container: 70848e9d-322c-0018-1ee4-fc81abe1adeb][BundleStartStopLogger:35] STARTED com.liferay.person.apio.impl_1.0.0 [3016]
2018-03-21 14:32:08.786 INFO  [fileinstall-/Users/paulo/Documents/eclipse-workspace/bundles/liferay-portal/osgi/portal][BundleStartStopLogger:35] STARTED com.liferay.portal.apio.impl_1.0.0 [3021]
2018-03-21 14:32:08.896 INFO  [fileinstall-/Users/paulo/Documents/eclipse-workspace/bundles/liferay-portal/osgi/portal][BundleStartStopLogger:35] STARTED com.liferay.portal.apio.api_1.0.0 [3020]
2018-03-21 14:32:12.225 INFO  [fileinstall-/Users/paulo/Documents/eclipse-workspace/bundles/liferay-portal/osgi/modules][BundleStartStopLogger:35] STARTED com.liferay.web.page.element.apio.impl_1.0.0 [3022]
2018-03-21 14:42:04.834 INFO  [fileinstall-/Users/paulo/Documents/eclipse-workspace/bundles/liferay-portal/osgi/portal][BundleStartStopLogger:38] STOPPED com.liferay.portal.apio.api_1.0.0 [3020]
2018-03-21 14:42:04.944 INFO  [fileinstall-/Users/paulo/Documents/eclipse-workspace/bundles/liferay-portal/osgi/portal][BundleStartStopLogger:38] STOPPED com.liferay.portal.apio.impl_1.0.0 [3021]
2018-03-21 14:42:04.968 INFO  [Refresh Thread: Equinox Container: 70848e9d-322c-0018-1ee4-fc81abe1adeb][BundleStartStopLogger:38] STOPPED com.liferay.web.page.element.apio.impl_1.0.0 [3022]
2018-03-21 14:42:04.977 INFO  [Refresh Thread: Equinox Container: 70848e9d-322c-0018-1ee4-fc81abe1adeb][BundleStartStopLogger:38] STOPPED com.liferay.person.apio.impl_1.0.0 [3016]
2018-03-21 14:42:04.985 INFO  [Refresh Thread: Equinox Container: 70848e9d-322c-0018-1ee4-fc81abe1adeb][BundleStartStopLogger:38] STOPPED com.liferay.media.object.apio.impl_1.0.0 [3014]
2018-03-21 14:42:05.011 INFO  [Refresh Thread: Equinox Container: 70848e9d-322c-0018-1ee4-fc81abe1adeb][BundleStartStopLogger:38] STOPPED com.liferay.forms.apio.impl_1.0.0 [3010]
2018-03-21 14:42:05.020 INFO  [Refresh Thread: Equinox Container: 70848e9d-322c-0018-1ee4-fc81abe1adeb][BundleStartStopLogger:38] STOPPED com.liferay.folder.apio.impl_1.0.0 [3008]
2018-03-21 14:42:05.029 INFO  [Refresh Thread: Equinox Container: 70848e9d-322c-0018-1ee4-fc81abe1adeb][BundleStartStopLogger:38] STOPPED com.liferay.blog.apio.impl_1.0.0 [3006]
2018-03-21 14:42:05.038 INFO  [Refresh Thread: Equinox Container: 70848e9d-322c-0018-1ee4-fc81abe1adeb][BundleStartStopLogger:38] STOPPED com.liferay.aggregate.rating.apio.impl_1.0.0 [3004]
2018-03-21 14:42:05.040 INFO  [Refresh Thread: Equinox Container: 70848e9d-322c-0018-1ee4-fc81abe1adeb][BundleStartStopLogger:38] STOPPED com.liferay.aggregate.rating.apio.api_1.0.0 [3003]
2018-03-21 14:42:05.154 INFO  [fileinstall-/Users/paulo/Documents/eclipse-workspace/bundles/liferay-portal/osgi/modules][BundleStartStopLogger:38] STOPPED com.liferay.blog.apio.api_1.0.0 [3005]
2018-03-21 14:42:05.160 INFO  [fileinstall-/Users/paulo/Documents/eclipse-workspace/bundles/liferay-portal/osgi/modules][BundleStartStopLogger:38] STOPPED com.liferay.folder.apio.api_1.0.0 [3007]
2018-03-21 14:42:05.166 INFO  [fileinstall-/Users/paulo/Documents/eclipse-workspace/bundles/liferay-portal/osgi/modules][BundleStartStopLogger:38] STOPPED com.liferay.forms.apio.api_1.0.0 [3009]
2018-03-21 14:42:05.172 INFO  [fileinstall-/Users/paulo/Documents/eclipse-workspace/bundles/liferay-portal/osgi/modules][BundleStartStopLogger:38] STOPPED com.liferay.layout.apio.api_1.0.0 [3011]
2018-03-21 14:42:05.186 INFO  [fileinstall-/Users/paulo/Documents/eclipse-workspace/bundles/liferay-portal/osgi/modules][BundleStartStopLogger:38] STOPPED com.liferay.layout.apio.impl_1.0.0 [3012]
2018-03-21 14:42:05.193 INFO  [fileinstall-/Users/paulo/Documents/eclipse-workspace/bundles/liferay-portal/osgi/modules][BundleStartStopLogger:38] STOPPED com.liferay.media.object.apio.api_1.0.0 [3013]
2018-03-21 14:42:05.200 INFO  [fileinstall-/Users/paulo/Documents/eclipse-workspace/bundles/liferay-portal/osgi/modules][BundleStartStopLogger:38] STOPPED com.liferay.person.apio.api_1.0.0 [3015]
2018-03-21 14:42:05.206 INFO  [fileinstall-/Users/paulo/Documents/eclipse-workspace/bundles/liferay-portal/osgi/modules][BundleStartStopLogger:38] STOPPED com.liferay.site.apio.api_1.0.0 [3017]
2018-03-21 14:42:05.216 INFO  [fileinstall-/Users/paulo/Documents/eclipse-workspace/bundles/liferay-portal/osgi/modules][BundleStartStopLogger:38] STOPPED com.liferay.site.apio.impl_1.0.0 [3018]
2018-03-21 14:42:05.221 INFO  [fileinstall-/Users/paulo/Documents/eclipse-workspace/bundles/liferay-portal/osgi/modules][BundleStartStopLogger:38] STOPPED com.liferay.web.page.element.apio.api_1.0.0 [3019]
2018-03-21 14:42:15.436 INFO  [fileinstall-/Users/paulo/Documents/eclipse-workspace/bundles/liferay-portal/osgi/modules][BundleStartStopLogger:35] STARTED com.liferay.folder.apio.api_1.0.0 [3027]
2018-03-21 14:42:15.440 INFO  [fileinstall-/Users/paulo/Documents/eclipse-workspace/bundles/liferay-portal/osgi/modules][BundleStartStopLogger:35] STARTED com.liferay.blog.apio.api_1.0.0 [3025]
2018-03-21 14:42:35.610 INFO  [fileinstall-/Users/paulo/Documents/eclipse-workspace/bundles/liferay-portal/osgi/modules][BundleStartStopLogger:35] STARTED com.liferay.forms.apio.api_1.0.0 [3029]
2018-03-21 14:42:40.808 INFO  [fileinstall-/Users/paulo/Documents/eclipse-workspace/bundles/liferay-portal/osgi/modules][BundleStartStopLogger:35] STARTED com.liferay.layout.apio.api_1.0.0 [3031]
2018-03-21 14:42:40.812 INFO  [fileinstall-/Users/paulo/Documents/eclipse-workspace/bundles/liferay-portal/osgi/modules][BundleStartStopLogger:35] STARTED com.liferay.media.object.apio.api_1.0.0 [3033]
2018-03-21 14:42:45.246 INFO  [Refresh Thread: Equinox Container: 70848e9d-322c-0018-1ee4-fc81abe1adeb][BundleStartStopLogger:35] STARTED com.liferay.aggregate.rating.apio.api_1.0.0 [3023]
2018-03-21 14:42:45.247 INFO  [Refresh Thread: Equinox Container: 70848e9d-322c-0018-1ee4-fc81abe1adeb][BundleStartStopLogger:35] STARTED com.liferay.aggregate.rating.apio.impl_1.0.0 [3024]
2018-03-21 14:42:45.266 INFO  [fileinstall-/Users/paulo/Documents/eclipse-workspace/bundles/liferay-portal/osgi/portal][BundleStartStopLogger:35] STARTED com.liferay.portal.apio.api_1.0.0 [3034]
2018-03-21 14:42:45.268 INFO  [fileinstall-/Users/paulo/Documents/eclipse-workspace/bundles/liferay-portal/osgi/portal][BundleStartStopLogger:35] STARTED com.liferay.portal.apio.impl_1.0.0 [3035]
2018-03-21 14:42:46.182 INFO  [Refresh Thread: Equinox Container: 70848e9d-322c-0018-1ee4-fc81abe1adeb][BundleStartStopLogger:35] STARTED com.liferay.blog.apio.impl_1.0.0 [3026]
2018-03-21 14:42:46.406 INFO  [Refresh Thread: Equinox Container: 70848e9d-322c-0018-1ee4-fc81abe1adeb][BundleStartStopLogger:35] STARTED com.liferay.folder.apio.impl_1.0.0 [3028]
2018-03-21 14:42:46.421 INFO  [Refresh Thread: Equinox Container: 70848e9d-322c-0018-1ee4-fc81abe1adeb][BundleStartStopLogger:35] STARTED com.liferay.forms.apio.impl_1.0.0 [3030]
2018-03-21 14:42:46.465 INFO  [Refresh Thread: Equinox Container: 70848e9d-322c-0018-1ee4-fc81abe1adeb][BundleStartStopLogger:35] STARTED com.liferay.layout.apio.impl_1.0.0 [3032]
2018-03-21 14:42:46.488 INFO  [fileinstall-/Users/paulo/Documents/eclipse-workspace/bundles/liferay-portal/osgi/modules][BundleStartStopLogger:35] STARTED com.liferay.site.apio.api_1.0.0 [3039]
2018-03-21 14:42:46.489 INFO  [fileinstall-/Users/paulo/Documents/eclipse-workspace/bundles/liferay-portal/osgi/modules][BundleStartStopLogger:35] STARTED com.liferay.person.apio.api_1.0.0 [3037]
2018-03-21 14:42:46.490 INFO  [fileinstall-/Users/paulo/Documents/eclipse-workspace/bundles/liferay-portal/osgi/modules][BundleStartStopLogger:35] STARTED com.liferay.media.object.apio.impl_1.0.0 [3036]
2018-03-21 14:42:46.504 INFO  [fileinstall-/Users/paulo/Documents/eclipse-workspace/bundles/liferay-portal/osgi/modules][BundleStartStopLogger:35] STARTED com.liferay.web.page.element.apio.impl_1.0.0 [3042]
2018-03-21 14:42:46.514 INFO  [fileinstall-/Users/paulo/Documents/eclipse-workspace/bundles/liferay-portal/osgi/modules][BundleStartStopLogger:35] STARTED com.liferay.site.apio.impl_1.0.0 [3040]
2018-03-21 14:42:46.523 INFO  [fileinstall-/Users/paulo/Documents/eclipse-workspace/bundles/liferay-portal/osgi/modules][BundleStartStopLogger:35] STARTED com.liferay.person.apio.impl_1.0.0 [3038]
2018-03-21 14:42:46.535 INFO  [fileinstall-/Users/paulo/Documents/eclipse-workspace/bundles/liferay-portal/osgi/modules][BundleStartStopLogger:35] STARTED com.liferay.web.page.element.apio.api_1.0.0 [3041]
2018-03-21 14:50:04.093 INFO  [fileinstall-/Users/paulo/Documents/eclipse-workspace/bundles/liferay-portal/osgi/modules][BundleStartStopLogger:38] STOPPED com.liferay.dynamic.data.mapping.api_4.0.0 [2689]
2018-03-21 14:50:04.284 INFO  [fileinstall-/Users/paulo/Documents/eclipse-workspace/bundles/liferay-portal/osgi/modules][BundleStartStopLogger:38] STOPPED com.liferay.dynamic.data.mapping.data.provider.impl_1.0.7 [2690]
2018-03-21 14:50:04.311 INFO  [fileinstall-/Users/paulo/Documents/eclipse-workspace/bundles/liferay-portal/osgi/modules][BundleStartStopLogger:38] STOPPED com.liferay.dynamic.data.mapping.data.provider.instance_1.0.0 [2691]
2018-03-21 14:50:04.400 INFO  [fileinstall-/Users/paulo/Documents/eclipse-workspace/bundles/liferay-portal/osgi/modules][BundleStartStopLogger:38] STOPPED com.liferay.dynamic.data.mapping.data.provider_2.1.0 [2692]
2018-03-21 14:50:04.453 INFO  [fileinstall-/Users/paulo/Documents/eclipse-workspace/bundles/liferay-portal/osgi/modules][BundleStartStopLogger:38] STOPPED com.liferay.dynamic.data.mapping.data.provider.web_1.0.14 [2693]
2018-03-21 14:50:08.189 INFO  [fileinstall-/Users/paulo/Documents/eclipse-workspace/bundles/liferay-portal/osgi/modules][BundleStartStopLogger:38] STOPPED com.liferay.dynamic.data.mapping.expression_3.0.0 [2694]
2018-03-21 14:50:08.280 INFO  [fileinstall-/Users/paulo/Documents/eclipse-workspace/bundles/liferay-portal/osgi/modules][BundleStartStopLogger:38] STOPPED com.liferay.dynamic.data.mapping.form.builder_1.0.0 [2696]
2018-03-21 14:50:08.327 INFO  [fileinstall-/Users/paulo/Documents/eclipse-workspace/bundles/liferay-portal/osgi/modules][BundleStartStopLogger:38] STOPPED com.liferay.dynamic.data.mapping.form.evaluator.impl_1.0.0 [2698]
2018-03-21 14:50:08.334 INFO  [fileinstall-/Users/paulo/Documents/eclipse-workspace/bundles/liferay-portal/osgi/modules][BundleStartStopLogger:38] STOPPED com.liferay.dynamic.data.mapping.form.evaluator_2.1.0 [2697]
2018-03-21 14:50:08.379 INFO  [fileinstall-/Users/paulo/Documents/eclipse-workspace/bundles/liferay-portal/osgi/modules][BundleStartStopLogger:38] STOPPED com.liferay.dynamic.data.mapping.form.field.type_3.0.0 [2699]
2018-03-21 14:50:08.434 INFO  [fileinstall-/Users/paulo/Documents/eclipse-workspace/bundles/liferay-portal/osgi/modules][BundleStartStopLogger:38] STOPPED com.liferay.dynamic.data.mapping.form.renderer_2.2.0 [2700]
2018-03-21 14:50:08.472 INFO  [fileinstall-/Users/paulo/Documents/eclipse-workspace/bundles/liferay-portal/osgi/modules][BundleStartStopLogger:38] STOPPED com.liferay.dynamic.data.mapping.form.taglib_1.0.0 [2701]
2018-03-21 14:50:08.491 INFO  [fileinstall-/Users/paulo/Documents/eclipse-workspace/bundles/liferay-portal/osgi/modules][BundleStartStopLogger:38] STOPPED com.liferay.dynamic.data.mapping.form.values.factory_3.0.0 [2702]
2018-03-21 14:50:08.508 INFO  [fileinstall-/Users/paulo/Documents/eclipse-workspace/bundles/liferay-portal/osgi/modules][BundleStartStopLogger:38] STOPPED com.liferay.dynamic.data.mapping.form.values.query_3.0.0 [2703]
2018-03-21 14:50:09.209 INFO  [fileinstall-/Users/paulo/Documents/eclipse-workspace/bundles/liferay-portal/osgi/modules][BundleStartStopLogger:38] STOPPED com.liferay.dynamic.data.mapping.form.web_1.0.0 [2704]
2018-03-21 14:50:09.252 INFO  [fileinstall-/Users/paulo/Documents/eclipse-workspace/bundles/liferay-portal/osgi/modules][BundleStartStopLogger:38] STOPPED com.liferay.dynamic.data.mapping.io_3.0.0 [2705]
2018-03-21 14:50:09.269 INFO  [fileinstall-/Users/paulo/Documents/eclipse-workspace/bundles/liferay-portal/osgi/modules][BundleStartStopLogger:38] STOPPED com.liferay.dynamic.data.mapping.lang_2.0.8 [2706]
2018-03-21 14:50:09.382 INFO  [fileinstall-/Users/paulo/Documents/eclipse-workspace/bundles/liferay-portal/osgi/modules][BundleStartStopLogger:38] STOPPED com.liferay.dynamic.data.mapping.service_3.0.0 [2707]
2018-03-21 14:50:09.421 INFO  [fileinstall-/Users/paulo/Documents/eclipse-workspace/bundles/liferay-portal/osgi/modules][BundleStartStopLogger:38] STOPPED com.liferay.dynamic.data.mapping.taglib_2.1.11 [2708]
2018-03-21 14:50:09.462 INFO  [Refresh Thread: Equinox Container: 70848e9d-322c-0018-1ee4-fc81abe1adeb][BundleStartStopLogger:38] STOPPED com.liferay.web.page.element.apio.impl_1.0.0 [3042]
2018-03-21 14:50:09.464 INFO  [Refresh Thread: Equinox Container: 70848e9d-322c-0018-1ee4-fc81abe1adeb][BundleStartStopLogger:38] STOPPED com.liferay.forms.apio.impl_1.0.0 [3030]
2018-03-21 14:50:09.467 INFO  [Refresh Thread: Equinox Container: 70848e9d-322c-0018-1ee4-fc81abe1adeb][BundleStartStopLogger:38] STOPPED com.liferay.portal.workflow.kaleo.runtime.form.impl_1.0.0 [2742]
2018-03-21 14:50:09.532 INFO  [Refresh Thread: Equinox Container: 70848e9d-322c-0018-1ee4-fc81abe1adeb][BundleStartStopLogger:38] STOPPED com.liferay.dynamic.data.mapping.web_1.0.57 [2728]
2018-03-21 14:50:09.540 INFO  [Refresh Thread: Equinox Container: 70848e9d-322c-0018-1ee4-fc81abe1adeb][BundleStartStopLogger:38] STOPPED com.liferay.dynamic.data.mapping.validator_3.0.0 [2727]
2018-03-21 14:50:09.591 INFO  [Refresh Thread: Equinox Container: 70848e9d-322c-0018-1ee4-fc81abe1adeb][BundleStartStopLogger:38] STOPPED com.liferay.dynamic.data.mapping.type.validation_2.0.8 [2726]
2018-03-21 14:50:09.655 INFO  [Refresh Thread: Equinox Container: 70848e9d-322c-0018-1ee4-fc81abe1adeb][BundleStartStopLogger:38] STOPPED com.liferay.dynamic.data.mapping.type.text_2.0.12 [2725]
2018-03-21 14:50:09.703 INFO  [Refresh Thread: Equinox Container: 70848e9d-322c-0018-1ee4-fc81abe1adeb][BundleStartStopLogger:38] STOPPED com.liferay.dynamic.data.mapping.type.select_2.0.16 [2724]
2018-03-21 14:50:09.755 INFO  [Refresh Thread: Equinox Container: 70848e9d-322c-0018-1ee4-fc81abe1adeb][BundleStartStopLogger:38] STOPPED com.liferay.dynamic.data.mapping.type.radio_2.0.17 [2723]
2018-03-21 14:50:09.797 INFO  [Refresh Thread: Equinox Container: 70848e9d-322c-0018-1ee4-fc81abe1adeb][BundleStartStopLogger:38] STOPPED com.liferay.dynamic.data.mapping.type.password_1.0.4 [2722]
2018-03-21 14:50:10.107 INFO  [Refresh Thread: Equinox Container: 70848e9d-322c-0018-1ee4-fc81abe1adeb][BundleStartStopLogger:38] STOPPED com.liferay.dynamic.data.mapping.type.paragraph_2.0.11 [2721]
2018-03-21 14:50:10.148 INFO  [Refresh Thread: Equinox Container: 70848e9d-322c-0018-1ee4-fc81abe1adeb][BundleStartStopLogger:38] STOPPED com.liferay.dynamic.data.mapping.type.options_2.0.12 [2720]
2018-03-21 14:50:10.192 INFO  [Refresh Thread: Equinox Container: 70848e9d-322c-0018-1ee4-fc81abe1adeb][BundleStartStopLogger:38] STOPPED com.liferay.dynamic.data.mapping.type.numeric_1.0.0 [2719]
2018-03-21 14:50:10.219 INFO  [Refresh Thread: Equinox Container: 70848e9d-322c-0018-1ee4-fc81abe1adeb][BundleStartStopLogger:38] STOPPED com.liferay.dynamic.data.mapping.type.key.value_2.0.6 [2718]
2018-03-21 14:50:10.266 INFO  [Refresh Thread: Equinox Container: 70848e9d-322c-0018-1ee4-fc81abe1adeb][BundleStartStopLogger:38] STOPPED com.liferay.dynamic.data.mapping.type.grid_1.0.0 [2717]
2018-03-21 14:50:10.306 INFO  [Refresh Thread: Equinox Container: 70848e9d-322c-0018-1ee4-fc81abe1adeb][BundleStartStopLogger:38] STOPPED com.liferay.dynamic.data.mapping.type.fieldset_1.0.0 [2716]
2018-03-21 14:50:10.356 INFO  [Refresh Thread: Equinox Container: 70848e9d-322c-0018-1ee4-fc81abe1adeb][BundleStartStopLogger:38] STOPPED com.liferay.dynamic.data.mapping.type.editor_2.0.9 [2715]
2018-03-21 14:50:10.401 INFO  [Refresh Thread: Equinox Container: 70848e9d-322c-0018-1ee4-fc81abe1adeb][BundleStartStopLogger:38] STOPPED com.liferay.dynamic.data.mapping.type.document.library_1.0.0 [2714]
2018-03-21 14:50:10.435 INFO  [Refresh Thread: Equinox Container: 70848e9d-322c-0018-1ee4-fc81abe1adeb][BundleStartStopLogger:38] STOPPED com.liferay.dynamic.data.mapping.type.date_2.0.11 [2713]
2018-03-21 14:50:10.468 INFO  [Refresh Thread: Equinox Container: 70848e9d-322c-0018-1ee4-fc81abe1adeb][BundleStartStopLogger:38] STOPPED com.liferay.dynamic.data.mapping.type.checkbox.multiple_1.0.7 [2712]
2018-03-21 14:50:10.498 INFO  [Refresh Thread: Equinox Container: 70848e9d-322c-0018-1ee4-fc81abe1adeb][BundleStartStopLogger:38] STOPPED com.liferay.dynamic.data.mapping.type.checkbox_2.0.14 [2711]
2018-03-21 14:50:10.522 INFO  [Refresh Thread: Equinox Container: 70848e9d-322c-0018-1ee4-fc81abe1adeb][BundleStartStopLogger:38] STOPPED com.liferay.dynamic.data.mapping.type.captcha_2.0.8 [2710]
2018-03-21 14:50:10.570 INFO  [Refresh Thread: Equinox Container: 70848e9d-322c-0018-1ee4-fc81abe1adeb][BundleStartStopLogger:38] STOPPED com.liferay.dynamic.data.lists.web_2.0.9 [2688]
2018-03-21 14:50:10.590 INFO  [Refresh Thread: Equinox Container: 70848e9d-322c-0018-1ee4-fc81abe1adeb][BundleStartStopLogger:38] STOPPED com.liferay.dynamic.data.lists.service_2.0.0 [2686]
2018-03-21 14:50:10.596 INFO  [Refresh Thread: Equinox Container: 70848e9d-322c-0018-1ee4-fc81abe1adeb][BundleStartStopLogger:38] STOPPED com.liferay.dynamic.data.lists.api_2.2.0 [2683]
2018-03-21 14:50:10.805 INFO  [Refresh Thread: Equinox Container: 70848e9d-322c-0018-1ee4-fc81abe1adeb][BundleStartStopLogger:38] STOPPED com.liferay.wiki.web_3.0.11 [1832]
2018-03-21 14:50:11.151 INFO  [Refresh Thread: Equinox Container: 70848e9d-322c-0018-1ee4-fc81abe1adeb][BundleStartStopLogger:38] STOPPED com.liferay.wiki.service_2.0.0 [1831]
2018-03-21 14:50:11.322 INFO  [Refresh Thread: Equinox Container: 70848e9d-322c-0018-1ee4-fc81abe1adeb][BundleStartStopLogger:38] STOPPED com.liferay.users.admin.web_3.0.0 [1814]
2018-03-21 14:50:11.343 INFO  [Refresh Thread: Equinox Container: 70848e9d-322c-0018-1ee4-fc81abe1adeb][BundleStartStopLogger:38] STOPPED com.liferay.users.admin.item.selector.web_1.0.0 [1813]
2018-03-21 14:50:11.371 INFO  [Refresh Thread: Equinox Container: 70848e9d-322c-0018-1ee4-fc81abe1adeb][BundleStartStopLogger:38] STOPPED com.liferay.users.admin.impl_1.0.16 [1811]
2018-03-21 14:50:11.385 INFO  [Refresh Thread: Equinox Container: 70848e9d-322c-0018-1ee4-fc81abe1adeb][BundleStartStopLogger:38] STOPPED com.liferay.users.admin.api_2.1.0 [1810]
2018-03-21 14:50:11.414 INFO  [Refresh Thread: Equinox Container: 70848e9d-322c-0018-1ee4-fc81abe1adeb][BundleStartStopLogger:38] STOPPED com.liferay.user.groups.admin.item.selector.web_1.0.0 [1808]
2018-03-21 14:50:11.426 INFO  [Refresh Thread: Equinox Container: 70848e9d-322c-0018-1ee4-fc81abe1adeb][BundleStartStopLogger:38] STOPPED com.liferay.user.groups.admin.impl_1.0.9 [1806]
2018-03-21 14:50:11.489 INFO  [Refresh Thread: Equinox Container: 70848e9d-322c-0018-1ee4-fc81abe1adeb][BundleStartStopLogger:38] STOPPED com.liferay.user.associated.data.web_1.0.0 [1804]
2018-03-21 14:50:12.290 INFO  [Refresh Thread: Equinox Container: 70848e9d-322c-0018-1ee4-fc81abe1adeb][BundleStartStopLogger:38] STOPPED com.liferay.upload.web_1.0.7 [1802]
2018-03-21 14:50:12.332 INFO  [Refresh Thread: Equinox Container: 70848e9d-322c-0018-1ee4-fc81abe1adeb][BundleStartStopLogger:38] STOPPED com.liferay.social.privatemessaging.web_1.0.32 [1770]
2018-03-21 14:50:12.349 INFO  [Refresh Thread: Equinox Container: 70848e9d-322c-0018-1ee4-fc81abe1adeb][BundleStartStopLogger:38] STOPPED com.liferay.site.taglib_1.0.0 [1757]
2018-03-21 14:50:12.370 INFO  [Refresh Thread: Equinox Container: 70848e9d-322c-0018-1ee4-fc81abe1adeb][BundleStartStopLogger:38] STOPPED com.liferay.site.navigation.taglib_2.2.0 [1755]
2018-03-21 14:50:12.410 INFO  [Refresh Thread: Equinox Container: 70848e9d-322c-0018-1ee4-fc81abe1adeb][BundleStartStopLogger:38] STOPPED com.liferay.site.navigation.site.map.web_2.0.17 [1754]
2018-03-21 14:50:12.458 INFO  [Refresh Thread: Equinox Container: 70848e9d-322c-0018-1ee4-fc81abe1adeb][BundleStartStopLogger:38] STOPPED com.liferay.site.navigation.menu.web_2.0.21 [1752]
2018-03-21 14:50:12.499 INFO  [Refresh Thread: Equinox Container: 70848e9d-322c-0018-1ee4-fc81abe1adeb][BundleStartStopLogger:38] STOPPED com.liferay.site.navigation.language.web_3.0.5 [1748]
2018-03-21 14:50:12.527 INFO  [Refresh Thread: Equinox Container: 70848e9d-322c-0018-1ee4-fc81abe1adeb][BundleStartStopLogger:38] STOPPED com.liferay.site.navigation.item.selector.web_1.0.0 [1745]
2018-03-21 14:50:12.566 INFO  [Refresh Thread: Equinox Container: 70848e9d-322c-0018-1ee4-fc81abe1adeb][BundleStartStopLogger:38] STOPPED com.liferay.site.navigation.breadcrumb.web_3.0.4 [1742]
2018-03-21 14:50:12.607 INFO  [Refresh Thread: Equinox Container: 70848e9d-322c-0018-1ee4-fc81abe1adeb][BundleStartStopLogger:38] STOPPED com.liferay.site.item.selector.web_2.0.20 [1736]
2018-03-21 14:50:12.655 INFO  [Refresh Thread: Equinox Container: 70848e9d-322c-0018-1ee4-fc81abe1adeb][BundleStartStopLogger:38] STOPPED com.liferay.server.admin.web_1.0.31 [1727]
2018-03-21 14:50:12.660 INFO  [Refresh Thread: Equinox Container: 70848e9d-322c-0018-1ee4-fc81abe1adeb][BundleStartStopLogger:38] STOPPED com.liferay.screens.service_1.0.30 [1726]
2018-03-21 14:50:12.662 INFO  [Refresh Thread: Equinox Container: 70848e9d-322c-0018-1ee4-fc81abe1adeb][BundleStartStopLogger:38] STOPPED com.liferay.screens.api_3.3.3 [1725]
2018-03-21 14:50:12.928 INFO  [Refresh Thread: Equinox Container: 70848e9d-322c-0018-1ee4-fc81abe1adeb][BundleStartStopLogger:38] STOPPED com.liferay.rss.web_3.0.1 [1724]
2018-03-21 14:50:12.946 INFO  [Refresh Thread: Equinox Container: 70848e9d-322c-0018-1ee4-fc81abe1adeb][BundleStartStopLogger:38] STOPPED com.liferay.roles.item.selector.web_1.0.0 [1719]
2018-03-21 14:50:12.984 INFO  [Refresh Thread: Equinox Container: 70848e9d-322c-0018-1ee4-fc81abe1adeb][BundleStartStopLogger:38] STOPPED com.liferay.roles.admin.web_1.0.41 [1717]
2018-03-21 14:50:12.989 INFO  [Refresh Thread: Equinox Container: 70848e9d-322c-0018-1ee4-fc81abe1adeb][BundleStartStopLogger:38] STOPPED com.liferay.portlet.display.template.web_2.0.8 [1680]
2018-03-21 14:50:13.008 INFO  [Refresh Thread: Equinox Container: 70848e9d-322c-0018-1ee4-fc81abe1adeb][BundleStartStopLogger:38] STOPPED com.liferay.portlet.display.template_2.2.3 [1679]
2018-03-21 14:50:13.027 INFO  [Refresh Thread: Equinox Container: 70848e9d-322c-0018-1ee4-fc81abe1adeb][BundleStartStopLogger:38] STOPPED com.liferay.organizations.item.selector.web_1.0.0 [1651]
2018-03-21 14:50:13.061 INFO  [Refresh Thread: Equinox Container: 70848e9d-322c-0018-1ee4-fc81abe1adeb][BundleStartStopLogger:38] STOPPED com.liferay.my.subscriptions.web_1.0.9 [1646]
2018-03-21 14:50:13.205 INFO  [Refresh Thread: Equinox Container: 70848e9d-322c-0018-1ee4-fc81abe1adeb][BundleStartStopLogger:38] STOPPED com.liferay.message.boards.web_2.0.0 [1637]
2018-03-21 14:50:13.229 INFO  [Refresh Thread: Equinox Container: 70848e9d-322c-0018-1ee4-fc81abe1adeb][BundleStartStopLogger:38] STOPPED com.liferay.layout.item.selector.web_2.0.0 [1592]
2018-03-21 14:50:13.349 INFO  [Refresh Thread: Equinox Container: 70848e9d-322c-0018-1ee4-fc81abe1adeb][BundleStartStopLogger:38] STOPPED com.liferay.layout.admin.web_1.0.63 [1588]
2018-03-21 14:50:13.466 INFO  [Refresh Thread: Equinox Container: 70848e9d-322c-0018-1ee4-fc81abe1adeb][BundleStartStopLogger:38] STOPPED com.liferay.knowledge.base.web_1.0.57 [1586]
2018-03-21 14:50:13.496 INFO  [Refresh Thread: Equinox Container: 70848e9d-322c-0018-1ee4-fc81abe1adeb][BundleStartStopLogger:38] STOPPED com.liferay.knowledge.base.item.selector.web_1.0.10 [1582]
2018-03-21 14:50:13.584 INFO  [Refresh Thread: Equinox Container: 70848e9d-322c-0018-1ee4-fc81abe1adeb][BundleStartStopLogger:38] STOPPED com.liferay.journal.web_2.0.0 [1578]
2018-03-21 14:50:13.609 INFO  [Refresh Thread: Equinox Container: 70848e9d-322c-0018-1ee4-fc81abe1adeb][BundleStartStopLogger:38] STOPPED com.liferay.journal.terms.of.use_2.0.26 [1577]
2018-03-21 14:50:13.624 INFO  [Refresh Thread: Equinox Container: 70848e9d-322c-0018-1ee4-fc81abe1adeb][BundleStartStopLogger:38] STOPPED com.liferay.journal.taglib_1.0.7 [1576]
2018-03-21 14:50:13.663 INFO  [Refresh Thread: Equinox Container: 70848e9d-322c-0018-1ee4-fc81abe1adeb][BundleStartStopLogger:38] STOPPED com.liferay.journal.service_4.0.0 [1575]
2018-03-21 14:50:13.666 INFO  [Refresh Thread: Equinox Container: 70848e9d-322c-0018-1ee4-fc81abe1adeb][BundleStartStopLogger:38] STOPPED com.liferay.journal.ratings.definition_2.0.3 [1574]
2018-03-21 14:50:13.692 INFO  [Refresh Thread: Equinox Container: 70848e9d-322c-0018-1ee4-fc81abe1adeb][BundleStartStopLogger:38] STOPPED com.liferay.journal.item.selector.web_1.0.5 [1572]
2018-03-21 14:50:13.921 INFO  [Refresh Thread: Equinox Container: 70848e9d-322c-0018-1ee4-fc81abe1adeb][BundleStartStopLogger:38] STOPPED com.liferay.journal.content.web_2.0.7 [1569]
2018-03-21 14:50:13.957 INFO  [Refresh Thread: Equinox Container: 70848e9d-322c-0018-1ee4-fc81abe1adeb][BundleStartStopLogger:38] STOPPED com.liferay.journal.content.search.web_1.0.15 [1568]
2018-03-21 14:50:13.973 INFO  [Refresh Thread: Equinox Container: 70848e9d-322c-0018-1ee4-fc81abe1adeb][BundleStartStopLogger:38] STOPPED com.liferay.journal.content.asset.addon.entry.related.assets_2.0.5 [1567]
2018-03-21 14:50:13.989 INFO  [Refresh Thread: Equinox Container: 70848e9d-322c-0018-1ee4-fc81abe1adeb][BundleStartStopLogger:38] STOPPED com.liferay.journal.content.asset.addon.entry.ratings_2.0.5 [1566]
2018-03-21 14:50:14.005 INFO  [Refresh Thread: Equinox Container: 70848e9d-322c-0018-1ee4-fc81abe1adeb][BundleStartStopLogger:38] STOPPED com.liferay.journal.content.asset.addon.entry.print_2.0.5 [1565]
2018-03-21 14:50:14.022 INFO  [Refresh Thread: Equinox Container: 70848e9d-322c-0018-1ee4-fc81abe1adeb][BundleStartStopLogger:38] STOPPED com.liferay.journal.content.asset.addon.entry.locales_1.0.7 [1564]
2018-03-21 14:50:14.045 INFO  [Refresh Thread: Equinox Container: 70848e9d-322c-0018-1ee4-fc81abe1adeb][BundleStartStopLogger:38] STOPPED com.liferay.journal.content.asset.addon.entry.conversions_2.0.9 [1563]
2018-03-21 14:50:14.062 INFO  [Refresh Thread: Equinox Container: 70848e9d-322c-0018-1ee4-fc81abe1adeb][BundleStartStopLogger:38] STOPPED com.liferay.journal.content.asset.addon.entry.comments_1.0.10 [1562]
2018-03-21 14:50:14.064 INFO  [Refresh Thread: Equinox Container: 70848e9d-322c-0018-1ee4-fc81abe1adeb][BundleStartStopLogger:38] STOPPED com.liferay.journal.api_3.0.0 [1560]
2018-03-21 14:50:14.124 INFO  [Refresh Thread: Equinox Container: 70848e9d-322c-0018-1ee4-fc81abe1adeb][BundleStartStopLogger:38] STOPPED com.liferay.item.selector.web_3.0.7 [1559]
2018-03-21 14:50:14.159 INFO  [Refresh Thread: Equinox Container: 70848e9d-322c-0018-1ee4-fc81abe1adeb][BundleStartStopLogger:38] STOPPED com.liferay.item.selector.taglib_1.2.0 [1556]
2018-03-21 14:50:14.190 INFO  [Refresh Thread: Equinox Container: 70848e9d-322c-0018-1ee4-fc81abe1adeb][BundleStartStopLogger:38] STOPPED com.liferay.image.uploader.web_1.0.18 [1543]
2018-03-21 14:50:14.192 INFO  [Refresh Thread: Equinox Container: 70848e9d-322c-0018-1ee4-fc81abe1adeb][BundleStartStopLogger:38] STOPPED com.liferay.frontend.taglib.util.freemarker.contributor_1.0.4 [1528]
2018-03-21 14:50:14.218 INFO  [Refresh Thread: Equinox Container: 70848e9d-322c-0018-1ee4-fc81abe1adeb][BundleStartStopLogger:38] STOPPED com.liferay.frontend.image.editor.integration.document.library_1.0.18 [1509]
2018-03-21 14:50:14.272 INFO  [Refresh Thread: Equinox Container: 70848e9d-322c-0018-1ee4-fc81abe1adeb][BundleStartStopLogger:38] STOPPED com.liferay.fragment.web_1.0.0 [1489]
2018-03-21 14:50:14.362 INFO  [Refresh Thread: Equinox Container: 70848e9d-322c-0018-1ee4-fc81abe1adeb][BundleStartStopLogger:38] STOPPED com.liferay.exportimport.web_2.0.0 [1475]
2018-03-21 14:50:14.372 INFO  [Refresh Thread: Equinox Container: 70848e9d-322c-0018-1ee4-fc81abe1adeb][BundleStartStopLogger:38] STOPPED com.liferay.exportimport.resources.importer_2.0.2 [1473]
2018-03-21 14:50:14.528 INFO  [Refresh Thread: Equinox Container: 70848e9d-322c-0018-1ee4-fc81abe1adeb][BundleStartStopLogger:38] STOPPED com.liferay.document.library.web_2.0.6 [1424]
2018-03-21 14:50:14.842 INFO  [Refresh Thread: Equinox Container: 70848e9d-322c-0018-1ee4-fc81abe1adeb][BundleStartStopLogger:38] STOPPED com.liferay.document.library.service_2.0.7 [1421]
2018-03-21 14:50:14.869 INFO  [Refresh Thread: Equinox Container: 70848e9d-322c-0018-1ee4-fc81abe1adeb][BundleStartStopLogger:38] STOPPED com.liferay.document.library.item.selector.web_1.0.10 [1414]
2018-03-21 14:50:14.892 INFO  [Refresh Thread: Equinox Container: 70848e9d-322c-0018-1ee4-fc81abe1adeb][BundleStartStopLogger:38] STOPPED com.liferay.document.library.google.docs_2.0.27 [1413]
2018-03-21 14:50:14.906 INFO  [Refresh Thread: Equinox Container: 70848e9d-322c-0018-1ee4-fc81abe1adeb][BundleStartStopLogger:38] STOPPED com.liferay.document.library.api_3.5.0 [1407]
2018-03-21 14:50:14.956 INFO  [Refresh Thread: Equinox Container: 70848e9d-322c-0018-1ee4-fc81abe1adeb][BundleStartStopLogger:38] STOPPED com.liferay.contacts.web_1.0.34 [1402]
2018-03-21 14:50:15.065 INFO  [Refresh Thread: Equinox Container: 70848e9d-322c-0018-1ee4-fc81abe1adeb][BundleStartStopLogger:38] STOPPED com.liferay.configuration.admin.web_1.0.43 [1399]
2018-03-21 14:50:15.200 INFO  [Refresh Thread: Equinox Container: 70848e9d-322c-0018-1ee4-fc81abe1adeb][BundleStartStopLogger:38] STOPPED com.liferay.blogs.web_2.0.4 [1379]
2018-03-21 14:50:15.234 INFO  [Refresh Thread: Equinox Container: 70848e9d-322c-0018-1ee4-fc81abe1adeb][BundleStartStopLogger:38] STOPPED com.liferay.blogs.item.selector.web_2.0.1 [1373]
2018-03-21 14:50:15.282 INFO  [Refresh Thread: Equinox Container: 70848e9d-322c-0018-1ee4-fc81abe1adeb][BundleStartStopLogger:38] STOPPED com.liferay.asset.tags.navigation.web_3.0.7 [1365]
2018-03-21 14:50:15.298 INFO  [Refresh Thread: Equinox Container: 70848e9d-322c-0018-1ee4-fc81abe1adeb][BundleStartStopLogger:38] STOPPED com.liferay.asset.service_2.0.0 [1357]
2018-03-21 14:50:15.398 INFO  [Refresh Thread: Equinox Container: 70848e9d-322c-0018-1ee4-fc81abe1adeb][BundleStartStopLogger:38] STOPPED com.liferay.asset.publisher.web_2.0.0 [1356]
2018-03-21 14:50:15.412 INFO  [Refresh Thread: Equinox Container: 70848e9d-322c-0018-1ee4-fc81abe1adeb][BundleStartStopLogger:38] STOPPED com.liferay.asset.display.template.web_1.0.0 [1348]
2018-03-21 14:50:15.423 INFO  [Refresh Thread: Equinox Container: 70848e9d-322c-0018-1ee4-fc81abe1adeb][BundleStartStopLogger:38] STOPPED com.liferay.asset.display.template.service_1.0.0 [1347]
2018-03-21 14:50:15.464 INFO  [Refresh Thread: Equinox Container: 70848e9d-322c-0018-1ee4-fc81abe1adeb][BundleStartStopLogger:38] STOPPED com.liferay.asset.categories.navigation.web_2.0.6 [1340]
2018-03-21 14:50:15.469 INFO  [Refresh Thread: Equinox Container: 70848e9d-322c-0018-1ee4-fc81abe1adeb][BundleStartStopLogger:38] STOPPED com.liferay.adaptive.media.journal.web_1.0.2 [1323]
2018-03-21 14:50:15.476 INFO  [Refresh Thread: Equinox Container: 70848e9d-322c-0018-1ee4-fc81abe1adeb][BundleStartStopLogger:38] STOPPED com.liferay.adaptive.media.document.library_1.0.5 [1309]
2018-03-21 14:50:15.831 INFO  [Refresh Thread: Equinox Container: 70848e9d-322c-0018-1ee4-fc81abe1adeb][BundleStartStopLogger:35] STARTED com.liferay.server.admin.web_1.0.31 [1727]
2018-03-21 14:50:33.530 INFO  [Refresh Thread: Equinox Container: 70848e9d-322c-0018-1ee4-fc81abe1adeb][BundleStartStopLogger:35] STARTED com.liferay.adaptive.media.document.library_1.0.5 [1309]
2018-03-21 14:50:33.814 INFO  [Refresh Thread: Equinox Container: 70848e9d-322c-0018-1ee4-fc81abe1adeb][BundleStartStopLogger:35] STARTED com.liferay.adaptive.media.journal.web_1.0.2 [1323]
2018-03-21 14:50:33.837 INFO  [Refresh Thread: Equinox Container: 70848e9d-322c-0018-1ee4-fc81abe1adeb][BundleStartStopLogger:35] STARTED com.liferay.asset.display.template.service_1.0.0 [1347]
2018-03-21 14:50:33.874 INFO  [Refresh Thread: Equinox Container: 70848e9d-322c-0018-1ee4-fc81abe1adeb][BundleStartStopLogger:35] STARTED com.liferay.asset.display.template.web_1.0.0 [1348]
2018-03-21 14:50:33.905 INFO  [Refresh Thread: Equinox Container: 70848e9d-322c-0018-1ee4-fc81abe1adeb][BundleStartStopLogger:35] STARTED com.liferay.asset.service_2.0.0 [1357]
2018-03-21 14:50:33.964 INFO  [Refresh Thread: Equinox Container: 70848e9d-322c-0018-1ee4-fc81abe1adeb][BundleStartStopLogger:35] STARTED com.liferay.blogs.item.selector.web_2.0.1 [1373]
2018-03-21 14:50:34.139 INFO  [Refresh Thread: Equinox Container: 70848e9d-322c-0018-1ee4-fc81abe1adeb][BundleStartStopLogger:35] STARTED com.liferay.contacts.web_1.0.34 [1402]
2018-03-21 14:50:34.973 INFO  [Refresh Thread: Equinox Container: 70848e9d-322c-0018-1ee4-fc81abe1adeb][BundleStartStopLogger:35] STARTED com.liferay.document.library.api_3.5.0 [1407]
2018-03-21 14:50:34.991 INFO  [Refresh Thread: Equinox Container: 70848e9d-322c-0018-1ee4-fc81abe1adeb][BundleStartStopLogger:35] STARTED com.liferay.document.library.google.docs_2.0.27 [1413]
2018-03-21 14:50:35.187 INFO  [Refresh Thread: Equinox Container: 70848e9d-322c-0018-1ee4-fc81abe1adeb][BundleStartStopLogger:35] STARTED com.liferay.document.library.item.selector.web_1.0.10 [1414]
2018-03-21 14:50:35.402 INFO  [Refresh Thread: Equinox Container: 70848e9d-322c-0018-1ee4-fc81abe1adeb][BundleStartStopLogger:35] STARTED com.liferay.exportimport.web_2.0.0 [1475]
2018-03-21 14:50:35.734 INFO  [fileinstall-/Users/paulo/Documents/eclipse-workspace/bundles/liferay-portal/osgi/portal][BundleStartStopLogger:35] STARTED com.liferay.portal.workflow.kaleo.runtime.form.impl_1.0.0 [2742]
2018-03-21 14:50:36.302 INFO  [Refresh Thread: Equinox Container: 70848e9d-322c-0018-1ee4-fc81abe1adeb][BundleStartStopLogger:35] STARTED com.liferay.fragment.web_1.0.0 [1489]
2018-03-21 14:50:36.722 INFO  [Refresh Thread: Equinox Container: 70848e9d-322c-0018-1ee4-fc81abe1adeb][BundleStartStopLogger:35] STARTED com.liferay.frontend.image.editor.integration.document.library_1.0.18 [1509]
2018-03-21 14:50:37.178 INFO  [Refresh Thread: Equinox Container: 70848e9d-322c-0018-1ee4-fc81abe1adeb][BundleStartStopLogger:35] STARTED com.liferay.image.uploader.web_1.0.18 [1543]
2018-03-21 14:50:37.445 INFO  [Refresh Thread: Equinox Container: 70848e9d-322c-0018-1ee4-fc81abe1adeb][BundleStartStopLogger:35] STARTED com.liferay.item.selector.taglib_1.2.0 [1556]
2018-03-21 14:50:37.612 INFO  [Refresh Thread: Equinox Container: 70848e9d-322c-0018-1ee4-fc81abe1adeb][BundleStartStopLogger:35] STARTED com.liferay.item.selector.web_3.0.7 [1559]
2018-03-21 14:50:37.926 INFO  [Refresh Thread: Equinox Container: 70848e9d-322c-0018-1ee4-fc81abe1adeb][BundleStartStopLogger:35] STARTED com.liferay.journal.api_3.0.0 [1560]
2018-03-21 14:50:37.927 INFO  [Refresh Thread: Equinox Container: 70848e9d-322c-0018-1ee4-fc81abe1adeb][BundleStartStopLogger:35] STARTED com.liferay.journal.content.asset.addon.entry.conversions_2.0.9 [1563]
2018-03-21 14:50:38.347 INFO  [Refresh Thread: Equinox Container: 70848e9d-322c-0018-1ee4-fc81abe1adeb][BundleStartStopLogger:35] STARTED com.liferay.journal.content.asset.addon.entry.locales_1.0.7 [1564]
2018-03-21 14:50:38.502 INFO  [Refresh Thread: Equinox Container: 70848e9d-322c-0018-1ee4-fc81abe1adeb][BundleStartStopLogger:35] STARTED com.liferay.journal.content.asset.addon.entry.print_2.0.5 [1565]
2018-03-21 14:50:38.660 INFO  [Refresh Thread: Equinox Container: 70848e9d-322c-0018-1ee4-fc81abe1adeb][BundleStartStopLogger:35] STARTED com.liferay.journal.content.asset.addon.entry.ratings_2.0.5 [1566]
2018-03-21 14:50:38.816 INFO  [Refresh Thread: Equinox Container: 70848e9d-322c-0018-1ee4-fc81abe1adeb][BundleStartStopLogger:35] STARTED com.liferay.journal.content.asset.addon.entry.related.assets_2.0.5 [1567]
2018-03-21 14:50:38.972 INFO  [Refresh Thread: Equinox Container: 70848e9d-322c-0018-1ee4-fc81abe1adeb][BundleStartStopLogger:35] STARTED com.liferay.journal.content.search.web_1.0.15 [1568]
2018-03-21 14:50:39.184 INFO  [Refresh Thread: Equinox Container: 70848e9d-322c-0018-1ee4-fc81abe1adeb][BundleStartStopLogger:35] STARTED com.liferay.journal.item.selector.web_1.0.5 [1572]
2018-03-21 14:50:39.391 INFO  [Refresh Thread: Equinox Container: 70848e9d-322c-0018-1ee4-fc81abe1adeb][BundleStartStopLogger:35] STARTED com.liferay.journal.ratings.definition_2.0.3 [1574]
2018-03-21 14:50:39.394 INFO  [Refresh Thread: Equinox Container: 70848e9d-322c-0018-1ee4-fc81abe1adeb][BundleStartStopLogger:35] STARTED com.liferay.journal.taglib_1.0.7 [1576]
2018-03-21 14:50:39.795 INFO  [Refresh Thread: Equinox Container: 70848e9d-322c-0018-1ee4-fc81abe1adeb][BundleStartStopLogger:35] STARTED com.liferay.knowledge.base.item.selector.web_1.0.10 [1582]
2018-03-21 14:50:40.044 INFO  [Refresh Thread: Equinox Container: 70848e9d-322c-0018-1ee4-fc81abe1adeb][BundleStartStopLogger:35] STARTED com.liferay.knowledge.base.web_1.0.57 [1586]
2018-03-21 14:50:40.961 INFO  [Refresh Thread: Equinox Container: 70848e9d-322c-0018-1ee4-fc81abe1adeb][BundleStartStopLogger:35] STARTED com.liferay.layout.admin.web_1.0.63 [1588]
2018-03-21 14:50:41.988 INFO  [Refresh Thread: Equinox Container: 70848e9d-322c-0018-1ee4-fc81abe1adeb][BundleStartStopLogger:35] STARTED com.liferay.layout.item.selector.web_2.0.0 [1592]
2018-03-21 14:50:42.157 INFO  [Refresh Thread: Equinox Container: 70848e9d-322c-0018-1ee4-fc81abe1adeb][BundleStartStopLogger:35] STARTED com.liferay.message.boards.web_2.0.0 [1637]
2018-03-21 14:50:43.078 INFO  [Refresh Thread: Equinox Container: 70848e9d-322c-0018-1ee4-fc81abe1adeb][BundleStartStopLogger:35] STARTED com.liferay.my.subscriptions.web_1.0.9 [1646]
2018-03-21 14:50:43.264 INFO  [Refresh Thread: Equinox Container: 70848e9d-322c-0018-1ee4-fc81abe1adeb][BundleStartStopLogger:35] STARTED com.liferay.organizations.item.selector.web_1.0.0 [1651]
2018-03-21 14:50:43.438 INFO  [Refresh Thread: Equinox Container: 70848e9d-322c-0018-1ee4-fc81abe1adeb][BundleStartStopLogger:35] STARTED com.liferay.portlet.display.template_2.2.3 [1679]
2018-03-21 14:50:43.465 INFO  [Refresh Thread: Equinox Container: 70848e9d-322c-0018-1ee4-fc81abe1adeb][BundleStartStopLogger:35] STARTED com.liferay.roles.admin.web_1.0.41 [1717]
2018-03-21 14:50:43.795 INFO  [Refresh Thread: Equinox Container: 70848e9d-322c-0018-1ee4-fc81abe1adeb][BundleStartStopLogger:35] STARTED com.liferay.roles.item.selector.web_1.0.0 [1719]
2018-03-21 14:50:44.215 INFO  [Refresh Thread: Equinox Container: 70848e9d-322c-0018-1ee4-fc81abe1adeb][BundleStartStopLogger:35] STARTED com.liferay.screens.api_3.3.3 [1725]
2018-03-21 14:50:44.216 INFO  [Refresh Thread: Equinox Container: 70848e9d-322c-0018-1ee4-fc81abe1adeb][BundleStartStopLogger:35] STARTED com.liferay.site.item.selector.web_2.0.20 [1736]
2018-03-21 14:50:44.429 INFO  [Refresh Thread: Equinox Container: 70848e9d-322c-0018-1ee4-fc81abe1adeb][BundleStartStopLogger:35] STARTED com.liferay.site.navigation.item.selector.web_1.0.0 [1745]
2018-03-21 14:50:44.659 INFO  [Refresh Thread: Equinox Container: 70848e9d-322c-0018-1ee4-fc81abe1adeb][BundleStartStopLogger:35] STARTED com.liferay.site.navigation.taglib_2.2.0 [1755]
2018-03-21 14:50:44.846 INFO  [Refresh Thread: Equinox Container: 70848e9d-322c-0018-1ee4-fc81abe1adeb][BundleStartStopLogger:35] STARTED com.liferay.site.taglib_1.0.0 [1757]
2018-03-21 14:50:45.015 INFO  [Refresh Thread: Equinox Container: 70848e9d-322c-0018-1ee4-fc81abe1adeb][BundleStartStopLogger:35] STARTED com.liferay.social.privatemessaging.web_1.0.32 [1770]
2018-03-21 14:50:45.264 INFO  [Refresh Thread: Equinox Container: 70848e9d-322c-0018-1ee4-fc81abe1adeb][BundleStartStopLogger:35] STARTED com.liferay.upload.web_1.0.7 [1802]
2018-03-21 14:50:46.579 INFO  [Refresh Thread: Equinox Container: 70848e9d-322c-0018-1ee4-fc81abe1adeb][BundleStartStopLogger:35] STARTED com.liferay.user.associated.data.web_1.0.0 [1804]
2018-03-21 14:50:47.136 INFO  [Refresh Thread: Equinox Container: 70848e9d-322c-0018-1ee4-fc81abe1adeb][BundleStartStopLogger:35] STARTED com.liferay.user.groups.admin.impl_1.0.9 [1806]
2018-03-21 14:50:47.179 INFO  [Refresh Thread: Equinox Container: 70848e9d-322c-0018-1ee4-fc81abe1adeb][BundleStartStopLogger:35] STARTED com.liferay.user.groups.admin.item.selector.web_1.0.0 [1808]
2018-03-21 14:50:47.363 INFO  [Refresh Thread: Equinox Container: 70848e9d-322c-0018-1ee4-fc81abe1adeb][BundleStartStopLogger:35] STARTED com.liferay.users.admin.api_2.1.0 [1810]
2018-03-21 14:50:47.376 INFO  [Refresh Thread: Equinox Container: 70848e9d-322c-0018-1ee4-fc81abe1adeb][BundleStartStopLogger:35] STARTED com.liferay.users.admin.impl_1.0.16 [1811]
2018-03-21 14:50:47.476 INFO  [Refresh Thread: Equinox Container: 70848e9d-322c-0018-1ee4-fc81abe1adeb][BundleStartStopLogger:35] STARTED com.liferay.users.admin.item.selector.web_1.0.0 [1813]
2018-03-21 14:50:47.660 INFO  [Refresh Thread: Equinox Container: 70848e9d-322c-0018-1ee4-fc81abe1adeb][BundleStartStopLogger:35] STARTED com.liferay.users.admin.web_3.0.0 [1814]
2018-03-21 14:50:48.784 INFO  [Refresh Thread: Equinox Container: 70848e9d-322c-0018-1ee4-fc81abe1adeb][BundleStartStopLogger:35] STARTED com.liferay.wiki.service_2.0.0 [1831]
2018-03-21 14:50:49.761 INFO  [Refresh Thread: Equinox Container: 70848e9d-322c-0018-1ee4-fc81abe1adeb][BundleStartStopLogger:35] STARTED com.liferay.dynamic.data.lists.api_2.2.0 [2683]
2018-03-21 14:50:49.774 INFO  [Refresh Thread: Equinox Container: 70848e9d-322c-0018-1ee4-fc81abe1adeb][BundleStartStopLogger:35] STARTED com.liferay.forms.apio.impl_1.0.0 [3030]
2018-03-21 14:50:49.789 INFO  [Refresh Thread: Equinox Container: 70848e9d-322c-0018-1ee4-fc81abe1adeb][BundleStartStopLogger:35] STARTED com.liferay.web.page.element.apio.impl_1.0.0 [3042]
2018-03-21 14:50:49.880 INFO  [fileinstall-/Users/paulo/Documents/eclipse-workspace/bundles/liferay-portal/osgi/modules][BundleStartStopLogger:35] STARTED com.liferay.dynamic.data.mapping.data.provider.impl_1.0.7 [3044]
2018-03-21 14:50:50.126 INFO  [fileinstall-/Users/paulo/Documents/eclipse-workspace/bundles/liferay-portal/osgi/modules][BundleStartStopLogger:35] STARTED com.liferay.dynamic.data.mapping.api_4.0.0 [3043]
2018-03-21 14:50:50.149 INFO  [fileinstall-/Users/paulo/Documents/eclipse-workspace/bundles/liferay-portal/osgi/modules][BundleStartStopLogger:35] STARTED com.liferay.dynamic.data.mapping.data.provider_2.1.0 [3045]
2018-03-21 14:50:55.309 INFO  [fileinstall-/Users/paulo/Documents/eclipse-workspace/bundles/liferay-portal/osgi/modules][BundleStartStopLogger:35] STARTED com.liferay.dynamic.data.mapping.data.provider.instance_1.0.0 [3046]
2018-03-21 14:51:35.758 INFO  [fileinstall-/Users/paulo/Documents/eclipse-workspace/bundles/liferay-portal/osgi/modules][BundleStartStopLogger:35] STARTED com.liferay.dynamic.data.mapping.expression_3.0.0 [3048]
2018-03-21 14:51:51.092 INFO  [Refresh Thread: Equinox Container: 70848e9d-322c-0018-1ee4-fc81abe1adeb][BundleStartStopLogger:35] STARTED com.liferay.configuration.admin.web_1.0.43 [1399]
2018-03-21 14:51:55.850 INFO  [fileinstall-/Users/paulo/Documents/eclipse-workspace/bundles/liferay-portal/osgi/modules][BundleStartStopLogger:35] STARTED com.liferay.dynamic.data.mapping.form.evaluator.impl_1.0.0 [3051]
2018-03-21 14:51:57.334 INFO  [fileinstall-/Users/paulo/Documents/eclipse-workspace/bundles/liferay-portal/osgi/modules][BundleStartStopLogger:35] STARTED com.liferay.dynamic.data.mapping.form.taglib_1.0.0 [3055]
2018-03-21 14:51:57.743 INFO  [fileinstall-/Users/paulo/Documents/eclipse-workspace/bundles/liferay-portal/osgi/modules][BundleStartStopLogger:35] STARTED com.liferay.dynamic.data.mapping.form.evaluator_2.1.0 [3052]
2018-03-21 14:51:57.746 INFO  [fileinstall-/Users/paulo/Documents/eclipse-workspace/bundles/liferay-portal/osgi/modules][BundleStartStopLogger:35] STARTED com.liferay.dynamic.data.mapping.form.field.type_3.0.0 [3053]
2018-03-21 14:51:57.773 INFO  [fileinstall-/Users/paulo/Documents/eclipse-workspace/bundles/liferay-portal/osgi/modules][BundleStartStopLogger:35] STARTED com.liferay.dynamic.data.mapping.form.values.factory_3.0.0 [3056]
2018-03-21 14:51:57.797 INFO  [fileinstall-/Users/paulo/Documents/eclipse-workspace/bundles/liferay-portal/osgi/modules][BundleStartStopLogger:35] STARTED com.liferay.dynamic.data.mapping.form.builder_1.0.0 [3050]
2018-03-21 14:51:58.240 INFO  [fileinstall-/Users/paulo/Documents/eclipse-workspace/bundles/liferay-portal/osgi/modules][BundleStartStopLogger:35] STARTED com.liferay.dynamic.data.mapping.form.renderer_2.2.0 [3054]
2018-03-21 14:52:03.655 INFO  [fileinstall-/Users/paulo/Documents/eclipse-workspace/bundles/liferay-portal/osgi/modules][BundleStartStopLogger:35] STARTED com.liferay.dynamic.data.mapping.form.values.query_3.0.0 [3057]
2018-03-21 14:52:19.253 INFO  [Refresh Thread: Equinox Container: 70848e9d-322c-0018-1ee4-fc81abe1adeb][BundleStartStopLogger:35] STARTED com.liferay.document.library.service_2.0.7 [1421]
2018-03-21 14:52:20.669 INFO  [Refresh Thread: Equinox Container: 70848e9d-322c-0018-1ee4-fc81abe1adeb][BundleStartStopLogger:35] STARTED com.liferay.exportimport.resources.importer_2.0.2 [1473]
2018-03-21 14:52:20.763 INFO  [Refresh Thread: Equinox Container: 70848e9d-322c-0018-1ee4-fc81abe1adeb][BundleStartStopLogger:35] STARTED com.liferay.journal.content.asset.addon.entry.comments_1.0.10 [1562]
2018-03-21 14:52:20.960 INFO  [Refresh Thread: Equinox Container: 70848e9d-322c-0018-1ee4-fc81abe1adeb][BundleStartStopLogger:35] STARTED com.liferay.journal.content.web_2.0.7 [1569]
2018-03-21 14:52:21.299 INFO  [Refresh Thread: Equinox Container: 70848e9d-322c-0018-1ee4-fc81abe1adeb][BundleStartStopLogger:35] STARTED com.liferay.journal.service_4.0.0 [1575]
2018-03-21 14:52:22.075 INFO  [Refresh Thread: Equinox Container: 70848e9d-322c-0018-1ee4-fc81abe1adeb][BundleStartStopLogger:35] STARTED com.liferay.journal.terms.of.use_2.0.26 [1577]
2018-03-21 14:52:22.284 INFO  [Refresh Thread: Equinox Container: 70848e9d-322c-0018-1ee4-fc81abe1adeb][BundleStartStopLogger:35] STARTED com.liferay.portlet.display.template.web_2.0.8 [1680]
2018-03-21 14:52:22.302 INFO  [Refresh Thread: Equinox Container: 70848e9d-322c-0018-1ee4-fc81abe1adeb][BundleStartStopLogger:35] STARTED com.liferay.screens.service_1.0.30 [1726]
2018-03-21 14:52:22.332 INFO  [Refresh Thread: Equinox Container: 70848e9d-322c-0018-1ee4-fc81abe1adeb][BundleStartStopLogger:35] STARTED com.liferay.dynamic.data.lists.service_2.0.0 [2686]
2018-03-21 14:52:22.559 INFO  [Refresh Thread: Equinox Container: 70848e9d-322c-0018-1ee4-fc81abe1adeb][BundleStartStopLogger:35] STARTED com.liferay.dynamic.data.mapping.data.provider.web_1.0.14 [3047]
2018-03-21 14:52:22.854 INFO  [fileinstall-/Users/paulo/Documents/eclipse-workspace/bundles/liferay-portal/osgi/modules][BundleStartStopLogger:35] STARTED com.liferay.dynamic.data.mapping.service_3.0.0 [3061]
2018-03-21 14:52:23.459 INFO  [fileinstall-/Users/paulo/Documents/eclipse-workspace/bundles/liferay-portal/osgi/modules][BundleStartStopLogger:35] STARTED com.liferay.dynamic.data.mapping.io_3.0.0 [3059]
2018-03-21 14:52:23.661 INFO  [fileinstall-/Users/paulo/Documents/eclipse-workspace/bundles/liferay-portal/osgi/modules][BundleStartStopLogger:35] STARTED com.liferay.dynamic.data.mapping.form.web_1.0.0 [3058]
2018-03-21 14:52:24.480 INFO  [fileinstall-/Users/paulo/Documents/eclipse-workspace/bundles/liferay-portal/osgi/modules][BundleStartStopLogger:35] STARTED com.liferay.dynamic.data.mapping.lang_2.0.8 [3060]
2018-03-21 14:52:30.108 INFO  [Refresh Thread: Equinox Container: 70848e9d-322c-0018-1ee4-fc81abe1adeb][BundleStartStopLogger:35] STARTED com.liferay.asset.categories.navigation.web_2.0.6 [1340]
2018-03-21 14:52:30.502 INFO  [Refresh Thread: Equinox Container: 70848e9d-322c-0018-1ee4-fc81abe1adeb][BundleStartStopLogger:35] STARTED com.liferay.asset.publisher.web_2.0.0 [1356]
2018-03-21 14:52:31.603 INFO  [Refresh Thread: Equinox Container: 70848e9d-322c-0018-1ee4-fc81abe1adeb][BundleStartStopLogger:35] STARTED com.liferay.asset.tags.navigation.web_3.0.7 [1365]
2018-03-21 14:52:32.071 INFO  [Refresh Thread: Equinox Container: 70848e9d-322c-0018-1ee4-fc81abe1adeb][BundleStartStopLogger:35] STARTED com.liferay.blogs.web_2.0.4 [1379]
2018-03-21 14:52:32.955 INFO  [Refresh Thread: Equinox Container: 70848e9d-322c-0018-1ee4-fc81abe1adeb][BundleStartStopLogger:35] STARTED com.liferay.document.library.web_2.0.6 [1424]
2018-03-21 14:52:34.822 INFO  [Refresh Thread: Equinox Container: 70848e9d-322c-0018-1ee4-fc81abe1adeb][BundleStartStopLogger:35] STARTED com.liferay.frontend.taglib.util.freemarker.contributor_1.0.4 [1528]
2018-03-21 14:52:34.823 INFO  [Refresh Thread: Equinox Container: 70848e9d-322c-0018-1ee4-fc81abe1adeb][BundleStartStopLogger:35] STARTED com.liferay.journal.web_2.0.0 [1578]
2018-03-21 14:52:35.796 INFO  [Refresh Thread: Equinox Container: 70848e9d-322c-0018-1ee4-fc81abe1adeb][BundleStartStopLogger:35] STARTED com.liferay.rss.web_3.0.1 [1724]
2018-03-21 14:52:36.206 INFO  [Refresh Thread: Equinox Container: 70848e9d-322c-0018-1ee4-fc81abe1adeb][BundleStartStopLogger:35] STARTED com.liferay.site.navigation.breadcrumb.web_3.0.4 [1742]
2018-03-21 14:52:36.510 INFO  [Refresh Thread: Equinox Container: 70848e9d-322c-0018-1ee4-fc81abe1adeb][BundleStartStopLogger:35] STARTED com.liferay.site.navigation.language.web_3.0.5 [1748]
2018-03-21 14:52:37.047 INFO  [Refresh Thread: Equinox Container: 70848e9d-322c-0018-1ee4-fc81abe1adeb][BundleStartStopLogger:35] STARTED com.liferay.site.navigation.menu.web_2.0.21 [1752]
2018-03-21 14:52:37.346 INFO  [Refresh Thread: Equinox Container: 70848e9d-322c-0018-1ee4-fc81abe1adeb][BundleStartStopLogger:35] STARTED com.liferay.site.navigation.site.map.web_2.0.17 [1754]
2018-03-21 14:52:37.745 INFO  [Refresh Thread: Equinox Container: 70848e9d-322c-0018-1ee4-fc81abe1adeb][BundleStartStopLogger:35] STARTED com.liferay.wiki.web_3.0.11 [1832]
2018-03-21 14:52:39.124 INFO  [Refresh Thread: Equinox Container: 70848e9d-322c-0018-1ee4-fc81abe1adeb][BundleStartStopLogger:35] STARTED com.liferay.dynamic.data.lists.web_2.0.9 [2688]
2018-03-21 14:52:39.822 INFO  [fileinstall-/Users/paulo/Documents/eclipse-workspace/bundles/liferay-portal/osgi/modules][BundleStartStopLogger:35] STARTED com.liferay.dynamic.data.mapping.taglib_2.1.11 [3062]
2018-03-21 14:54:45.889 INFO  [fileinstall-/Users/paulo/Documents/eclipse-workspace/bundles/liferay-portal/osgi/modules][BundleStartStopLogger:35] STARTED com.liferay.dynamic.data.mapping.type.checkbox.multiple_1.0.7 [3066]
2018-03-21 14:54:46.369 INFO  [fileinstall-/Users/paulo/Documents/eclipse-workspace/bundles/liferay-portal/osgi/modules][BundleStartStopLogger:35] STARTED com.liferay.dynamic.data.mapping.type.date_2.0.11 [3067]
2018-03-21 14:54:46.624 INFO  [fileinstall-/Users/paulo/Documents/eclipse-workspace/bundles/liferay-portal/osgi/modules][BundleStartStopLogger:35] STARTED com.liferay.dynamic.data.mapping.type.checkbox_2.0.14 [3065]
2018-03-21 14:54:46.852 INFO  [fileinstall-/Users/paulo/Documents/eclipse-workspace/bundles/liferay-portal/osgi/modules][BundleStartStopLogger:35] STARTED com.liferay.dynamic.data.mapping.type.captcha_2.0.8 [3064]
2018-03-21 14:54:47.084 INFO  [fileinstall-/Users/paulo/Documents/eclipse-workspace/bundles/liferay-portal/osgi/modules][BundleStartStopLogger:35] STARTED com.liferay.dynamic.data.mapping.type.document.library_1.0.0 [3068]
2018-03-21 14:54:57.474 INFO  [fileinstall-/Users/paulo/Documents/eclipse-workspace/bundles/liferay-portal/osgi/modules][BundleStartStopLogger:35] STARTED com.liferay.dynamic.data.mapping.type.editor_2.0.9 [3069]
2018-03-21 14:55:08.161 INFO  [fileinstall-/Users/paulo/Documents/eclipse-workspace/bundles/liferay-portal/osgi/modules][BundleStartStopLogger:35] STARTED com.liferay.dynamic.data.mapping.type.key.value_2.0.6 [3072]
2018-03-21 14:55:08.389 INFO  [fileinstall-/Users/paulo/Documents/eclipse-workspace/bundles/liferay-portal/osgi/modules][BundleStartStopLogger:35] STARTED com.liferay.dynamic.data.mapping.type.numeric_1.0.0 [3073]
2018-03-21 14:55:08.656 INFO  [fileinstall-/Users/paulo/Documents/eclipse-workspace/bundles/liferay-portal/osgi/modules][BundleStartStopLogger:35] STARTED com.liferay.dynamic.data.mapping.type.fieldset_1.0.0 [3070]
2018-03-21 14:55:08.987 INFO  [fileinstall-/Users/paulo/Documents/eclipse-workspace/bundles/liferay-portal/osgi/modules][BundleStartStopLogger:35] STARTED com.liferay.dynamic.data.mapping.type.grid_1.0.0 [3071]
2018-03-21 14:55:19.724 INFO  [fileinstall-/Users/paulo/Documents/eclipse-workspace/bundles/liferay-portal/osgi/modules][BundleStartStopLogger:35] STARTED com.liferay.dynamic.data.mapping.type.options_2.0.12 [3074]
2018-03-21 14:55:19.996 INFO  [fileinstall-/Users/paulo/Documents/eclipse-workspace/bundles/liferay-portal/osgi/modules][BundleStartStopLogger:35] STARTED com.liferay.dynamic.data.mapping.type.paragraph_2.0.11 [3075]
2018-03-21 14:55:30.489 INFO  [fileinstall-/Users/paulo/Documents/eclipse-workspace/bundles/liferay-portal/osgi/modules][BundleStartStopLogger:35] STARTED com.liferay.dynamic.data.mapping.type.radio_2.0.17 [3077]
2018-03-21 14:55:30.759 INFO  [fileinstall-/Users/paulo/Documents/eclipse-workspace/bundles/liferay-portal/osgi/modules][BundleStartStopLogger:35] STARTED com.liferay.dynamic.data.mapping.type.select_2.0.16 [3078]
2018-03-21 14:55:31.284 INFO  [fileinstall-/Users/paulo/Documents/eclipse-workspace/bundles/liferay-portal/osgi/modules][BundleStartStopLogger:35] STARTED com.liferay.dynamic.data.mapping.type.text_2.0.12 [3079]
2018-03-21 14:55:31.536 INFO  [fileinstall-/Users/paulo/Documents/eclipse-workspace/bundles/liferay-portal/osgi/modules][BundleStartStopLogger:35] STARTED com.liferay.dynamic.data.mapping.type.password_1.0.4 [3076]
2018-03-21 14:55:41.952 INFO  [fileinstall-/Users/paulo/Documents/eclipse-workspace/bundles/liferay-portal/osgi/modules][BundleStartStopLogger:35] STARTED com.liferay.dynamic.data.mapping.validator_3.0.0 [3081]
2018-03-21 14:55:53.436 INFO  [fileinstall-/Users/paulo/Documents/eclipse-workspace/bundles/liferay-portal/osgi/modules][BundleStartStopLogger:35] STARTED com.liferay.dynamic.data.mapping.type.validation_2.0.8 [3080]
2018-03-21 14:55:58.870 INFO  [fileinstall-/Users/paulo/Documents/eclipse-workspace/bundles/liferay-portal/osgi/modules][BundleStartStopLogger:35] STARTED com.liferay.dynamic.data.mapping.web_1.0.57 [3082]
2018-03-21 18:04:51.481 WARN  [HikariPool-2 housekeeper][HikariPool:676] HikariPool-2 - Thread starvation or clock leap detected (housekeeper delta=1m22s668ms).
2018-03-21 18:04:51.481 WARN  [HikariPool-1 housekeeper][HikariPool:676] HikariPool-1 - Thread starvation or clock leap detected (housekeeper delta=1m22s668ms).
2018-03-21 22:30:05.532 WARN  [HikariPool-2 housekeeper][HikariPool:676] HikariPool-2 - Thread starvation or clock leap detected (housekeeper delta=3h12m11s943ms).
2018-03-21 22:30:05.532 WARN  [HikariPool-1 housekeeper][HikariPool:676] HikariPool-1 - Thread starvation or clock leap detected (housekeeper delta=3h12m11s943ms).
2018-03-21 22:38:21.200 WARN  [HikariPool-1 housekeeper][HikariPool:676] HikariPool-1 - Thread starvation or clock leap detected (housekeeper delta=7m45s665ms).
2018-03-21 22:38:21.200 WARN  [HikariPool-2 housekeeper][HikariPool:676] HikariPool-2 - Thread starvation or clock leap detected (housekeeper delta=7m45s665ms).
2018-03-21 22:45:40.017 INFO  [localhost-startStop-2][LayoutTemplateHotDeployListener:137] Unregistering layout templates for frontend-columns-layouttpl
2018-03-21 22:45:40.020 INFO  [localhost-startStop-2][LayoutTemplateHotDeployListener:159] 5 layout templates for frontend-columns-layouttpl were unregistered
2018-03-21 22:45:40.027 INFO  [localhost-startStop-2][PluginPackageUtil:1003] Reading plugin package for frontend-columns-layouttpl
2018-03-21 22:45:40.117 INFO  [localhost-startStop-2][ThemeHotDeployListener:136] Unregistering themes for admin-theme
2018-03-21 22:45:40.119 INFO  [localhost-startStop-2][ThemeHotDeployListener:170] 1 theme for admin-theme was unregistered
2018-03-21 22:45:40.120 INFO  [localhost-startStop-2][PluginPackageUtil:1003] Reading plugin package for admin-theme
2018-03-21 22:45:40.345 INFO  [localhost-startStop-2][ThemeHotDeployListener:136] Unregistering themes for classic-theme
2018-03-21 22:45:40.346 INFO  [localhost-startStop-2][ThemeHotDeployListener:170] 1 theme for classic-theme was unregistered
2018-03-21 22:45:40.347 INFO  [localhost-startStop-2][PluginPackageUtil:1003] Reading plugin package for classic-theme
2018-03-21 22:45:40.669 INFO  [localhost-startStop-2][PortletHotDeployListener:331] Unregistering portlets for tasks-portlet
2018-03-21 22:45:40.699 INFO  [localhost-startStop-2][PortletHotDeployListener:365] 2 portlets for tasks-portlet were unregistered
2018-03-21 22:45:40.767 INFO  [localhost-startStop-2][HookHotDeployListener:582] Hook for tasks-portlet was unregistered
2018-03-21 22:45:40.811 INFO  [localhost-startStop-2][PluginPackageUtil:1003] Reading plugin package for tasks-portlet
2018-03-21 22:45:42.921 INFO  [localhost-startStop-2][PortletHotDeployListener:331] Unregistering portlets for powwow-portlet
2018-03-21 22:45:42.955 INFO  [localhost-startStop-2][PortletHotDeployListener:365] 2 portlets for powwow-portlet were unregistered
2018-03-21 22:45:43.008 INFO  [localhost-startStop-2][HookHotDeployListener:582] Hook for powwow-portlet was unregistered
2018-03-21 22:45:43.059 INFO  [localhost-startStop-2][PluginPackageUtil:1003] Reading plugin package for powwow-portlet
2018-03-21 22:45:43.514 INFO  [localhost-startStop-2][PortletHotDeployListener:331] Unregistering portlets for opensocial-portlet
2018-03-21 22:45:43.828 INFO  [localhost-startStop-2][PortletHotDeployListener:365] 4 portlets for opensocial-portlet were unregistered
2018-03-21 22:45:43.882 INFO  [localhost-startStop-2][HookHotDeployListener:582] Hook for opensocial-portlet was unregistered
2018-03-21 22:45:43.970 INFO  [localhost-startStop-2][PluginPackageUtil:1003] Reading plugin package for opensocial-portlet
2018-03-21 22:45:44.097 INFO  [localhost-startStop-2][HookHotDeployListener:582] Hook for social-bookmarks-hook was unregistered
2018-03-21 22:45:44.099 INFO  [localhost-startStop-2][PluginPackageUtil:1003] Reading plugin package for social-bookmarks-hook
