2018-03-28 00:32:07.410 WARN  [HikariPool-1 housekeeper][HikariPool:676] HikariPool-1 - Thread starvation or clock leap detected (housekeeper delta=46m45s110ms).
2018-03-28 00:32:07.410 WARN  [HikariPool-2 housekeeper][HikariPool:676] HikariPool-2 - Thread starvation or clock leap detected (housekeeper delta=46m45s110ms).
2018-03-28 00:52:41.555 WARN  [HikariPool-2 housekeeper][HikariPool:676] HikariPool-2 - Thread starvation or clock leap detected (housekeeper delta=20m34s145ms).
2018-03-28 00:52:41.555 WARN  [HikariPool-1 housekeeper][HikariPool:676] HikariPool-1 - Thread starvation or clock leap detected (housekeeper delta=20m34s145ms).
2018-03-28 01:31:39.682 WARN  [HikariPool-2 housekeeper][HikariPool:676] HikariPool-2 - Thread starvation or clock leap detected (housekeeper delta=38m28s126ms).
2018-03-28 01:31:39.682 WARN  [HikariPool-1 housekeeper][HikariPool:676] HikariPool-1 - Thread starvation or clock leap detected (housekeeper delta=38m28s126ms).
2018-03-28 01:52:43.808 WARN  [HikariPool-2 housekeeper][HikariPool:676] HikariPool-2 - Thread starvation or clock leap detected (housekeeper delta=20m34s124ms).
2018-03-28 01:52:43.808 WARN  [HikariPool-1 housekeeper][HikariPool:676] HikariPool-1 - Thread starvation or clock leap detected (housekeeper delta=20m34s124ms).
2018-03-28 02:22:28.950 WARN  [HikariPool-2 housekeeper][HikariPool:676] HikariPool-2 - Thread starvation or clock leap detected (housekeeper delta=29m15s132ms).
2018-03-28 02:22:28.950 WARN  [HikariPool-1 housekeeper][HikariPool:676] HikariPool-1 - Thread starvation or clock leap detected (housekeeper delta=29m15s132ms).
2018-03-28 02:43:03.710 WARN  [HikariPool-1 housekeeper][HikariPool:676] HikariPool-1 - Thread starvation or clock leap detected (housekeeper delta=20m34s760ms).
2018-03-28 02:43:03.711 WARN  [HikariPool-2 housekeeper][HikariPool:676] HikariPool-2 - Thread starvation or clock leap detected (housekeeper delta=20m34s761ms).
2018-03-28 03:30:20.831 WARN  [HikariPool-1 housekeeper][HikariPool:676] HikariPool-1 - Thread starvation or clock leap detected (housekeeper delta=46m47s117ms).
2018-03-28 03:30:20.831 WARN  [HikariPool-2 housekeeper][HikariPool:676] HikariPool-2 - Thread starvation or clock leap detected (housekeeper delta=46m47s117ms).
2018-03-28 03:51:24.929 WARN  [HikariPool-1 housekeeper][HikariPool:676] HikariPool-1 - Thread starvation or clock leap detected (housekeeper delta=20m34s98ms).
2018-03-28 03:51:24.941 WARN  [HikariPool-2 housekeeper][HikariPool:676] HikariPool-2 - Thread starvation or clock leap detected (housekeeper delta=20m34s104ms).
2018-03-28 04:28:47.057 WARN  [HikariPool-1 housekeeper][HikariPool:676] HikariPool-1 - Thread starvation or clock leap detected (housekeeper delta=36m52s120ms).
2018-03-28 04:28:47.065 WARN  [HikariPool-2 housekeeper][HikariPool:676] HikariPool-2 - Thread starvation or clock leap detected (housekeeper delta=36m52s118ms).
2018-03-28 04:49:50.082 WARN  [HikariPool-1 housekeeper][HikariPool:676] HikariPool-1 - Thread starvation or clock leap detected (housekeeper delta=20m33s19ms).
2018-03-28 04:49:50.082 WARN  [HikariPool-2 housekeeper][HikariPool:676] HikariPool-2 - Thread starvation or clock leap detected (housekeeper delta=20m33s16ms).
2018-03-28 05:30:17.234 WARN  [HikariPool-1 housekeeper][HikariPool:676] HikariPool-1 - Thread starvation or clock leap detected (housekeeper delta=39m57s141ms).
2018-03-28 05:30:17.234 WARN  [HikariPool-2 housekeeper][HikariPool:676] HikariPool-2 - Thread starvation or clock leap detected (housekeeper delta=39m57s141ms).
2018-03-28 05:51:20.374 WARN  [HikariPool-2 housekeeper][HikariPool:676] HikariPool-2 - Thread starvation or clock leap detected (housekeeper delta=20m33s135ms).
2018-03-28 05:51:20.374 WARN  [HikariPool-1 housekeeper][HikariPool:676] HikariPool-1 - Thread starvation or clock leap detected (housekeeper delta=20m33s135ms).
2018-03-28 06:23:21.513 WARN  [HikariPool-2 housekeeper][HikariPool:676] HikariPool-2 - Thread starvation or clock leap detected (housekeeper delta=32m1s139ms).
2018-03-28 06:23:21.513 WARN  [HikariPool-1 housekeeper][HikariPool:676] HikariPool-1 - Thread starvation or clock leap detected (housekeeper delta=32m1s139ms).
2018-03-28 06:44:25.657 WARN  [HikariPool-2 housekeeper][HikariPool:676] HikariPool-2 - Thread starvation or clock leap detected (housekeeper delta=20m34s141ms).
2018-03-28 06:44:25.657 WARN  [HikariPool-1 housekeeper][HikariPool:676] HikariPool-1 - Thread starvation or clock leap detected (housekeeper delta=20m34s141ms).
2018-03-28 07:28:10.690 WARN  [HikariPool-2 housekeeper][HikariPool:676] HikariPool-2 - Thread starvation or clock leap detected (housekeeper delta=43m15s27ms).
2018-03-28 07:28:10.690 WARN  [HikariPool-1 housekeeper][HikariPool:676] HikariPool-1 - Thread starvation or clock leap detected (housekeeper delta=43m15s27ms).
2018-03-28 07:49:13.842 WARN  [HikariPool-2 housekeeper][HikariPool:676] HikariPool-2 - Thread starvation or clock leap detected (housekeeper delta=20m33s143ms).
2018-03-28 07:49:13.842 WARN  [HikariPool-1 housekeeper][HikariPool:676] HikariPool-1 - Thread starvation or clock leap detected (housekeeper delta=20m33s143ms).
2018-03-28 08:29:57.953 WARN  [HikariPool-1 housekeeper][HikariPool:676] HikariPool-1 - Thread starvation or clock leap detected (housekeeper delta=40m44s111ms).
2018-03-28 08:29:57.953 WARN  [HikariPool-2 housekeeper][HikariPool:676] HikariPool-2 - Thread starvation or clock leap detected (housekeeper delta=40m44s111ms).
2018-03-28 08:51:01.058 WARN  [HikariPool-1 housekeeper][HikariPool:676] HikariPool-1 - Thread starvation or clock leap detected (housekeeper delta=20m33s101ms).
2018-03-28 08:51:01.058 WARN  [HikariPool-2 housekeeper][HikariPool:676] HikariPool-2 - Thread starvation or clock leap detected (housekeeper delta=20m33s101ms).
2018-03-28 09:26:48.193 WARN  [HikariPool-2 housekeeper][HikariPool:676] HikariPool-2 - Thread starvation or clock leap detected (housekeeper delta=35m17s132ms).
2018-03-28 09:26:48.193 WARN  [HikariPool-1 housekeeper][HikariPool:676] HikariPool-1 - Thread starvation or clock leap detected (housekeeper delta=35m17s132ms).
2018-03-28 09:47:51.307 WARN  [HikariPool-2 housekeeper][HikariPool:676] HikariPool-2 - Thread starvation or clock leap detected (housekeeper delta=20m33s113ms).
2018-03-28 09:47:51.307 WARN  [HikariPool-1 housekeeper][HikariPool:676] HikariPool-1 - Thread starvation or clock leap detected (housekeeper delta=20m33s113ms).
2018-03-28 10:28:55.425 WARN  [HikariPool-2 housekeeper][HikariPool:676] HikariPool-2 - Thread starvation or clock leap detected (housekeeper delta=41m4s118ms).
2018-03-28 10:28:55.425 WARN  [HikariPool-1 housekeeper][HikariPool:676] HikariPool-1 - Thread starvation or clock leap detected (housekeeper delta=41m4s118ms).
2018-03-28 10:50:29.422 WARN  [HikariPool-1 housekeeper][HikariPool:676] HikariPool-1 - Thread starvation or clock leap detected (housekeeper delta=20m33s995ms).
2018-03-28 10:50:29.422 WARN  [HikariPool-2 housekeeper][HikariPool:676] HikariPool-2 - Thread starvation or clock leap detected (housekeeper delta=20m33s995ms).
2018-03-28 11:30:12.533 WARN  [HikariPool-2 housekeeper][HikariPool:676] HikariPool-2 - Thread starvation or clock leap detected (housekeeper delta=39m43s111ms).
2018-03-28 11:30:12.533 WARN  [HikariPool-1 housekeeper][HikariPool:676] HikariPool-1 - Thread starvation or clock leap detected (housekeeper delta=39m43s111ms).
2018-03-28 11:51:16.670 WARN  [HikariPool-1 housekeeper][HikariPool:676] HikariPool-1 - Thread starvation or clock leap detected (housekeeper delta=20m34s131ms).
2018-03-28 11:51:16.670 WARN  [HikariPool-2 housekeeper][HikariPool:676] HikariPool-2 - Thread starvation or clock leap detected (housekeeper delta=20m34s131ms).
2018-03-28 12:24:59.813 WARN  [HikariPool-2 housekeeper][HikariPool:676] HikariPool-2 - Thread starvation or clock leap detected (housekeeper delta=33m13s133ms).
2018-03-28 12:24:59.813 WARN  [HikariPool-1 housekeeper][HikariPool:676] HikariPool-1 - Thread starvation or clock leap detected (housekeeper delta=33m13s133ms).
2018-03-28 12:46:03.937 WARN  [HikariPool-2 housekeeper][HikariPool:676] HikariPool-2 - Thread starvation or clock leap detected (housekeeper delta=20m34s121ms).
2018-03-28 12:46:03.937 WARN  [HikariPool-1 housekeeper][HikariPool:676] HikariPool-1 - Thread starvation or clock leap detected (housekeeper delta=20m34s121ms).
2018-03-28 12:57:19.083 WARN  [HikariPool-1 housekeeper][HikariPool:676] HikariPool-1 - Thread starvation or clock leap detected (housekeeper delta=10m45s146ms).
2018-03-28 12:57:19.083 WARN  [HikariPool-2 housekeeper][HikariPool:676] HikariPool-2 - Thread starvation or clock leap detected (housekeeper delta=10m45s146ms).
2018-03-28 13:03:59.877 WARN  [HikariPool-1 housekeeper][HikariPool:676] HikariPool-1 - Thread starvation or clock leap detected (housekeeper delta=6m40s793ms).
2018-03-28 13:03:59.877 WARN  [HikariPool-2 housekeeper][HikariPool:676] HikariPool-2 - Thread starvation or clock leap detected (housekeeper delta=6m40s794ms).
2018-03-28 14:19:07.469 INFO  [fileinstall-/Users/paulo/Documents/eclipse-workspace/bundles/liferay-portal/osgi/modules][BundleStartStopLogger:38] STOPPED com.liferay.aggregate.rating.apio.impl_1.0.0 [985]
2018-03-28 14:19:07.493 INFO  [fileinstall-/Users/paulo/Documents/eclipse-workspace/bundles/liferay-portal/osgi/modules][BundleStartStopLogger:38] STOPPED com.liferay.blog.apio.api_1.0.0 [986]
2018-03-28 14:19:07.509 INFO  [fileinstall-/Users/paulo/Documents/eclipse-workspace/bundles/liferay-portal/osgi/modules][BundleStartStopLogger:38] STOPPED com.liferay.blog.apio.impl_1.0.0 [987]
2018-03-28 14:19:07.518 INFO  [fileinstall-/Users/paulo/Documents/eclipse-workspace/bundles/liferay-portal/osgi/modules][BundleStartStopLogger:38] STOPPED com.liferay.folder.apio.api_1.0.0 [988]
2018-03-28 14:19:07.534 INFO  [fileinstall-/Users/paulo/Documents/eclipse-workspace/bundles/liferay-portal/osgi/modules][BundleStartStopLogger:38] STOPPED com.liferay.folder.apio.impl_1.0.0 [989]
2018-03-28 14:19:07.540 INFO  [fileinstall-/Users/paulo/Documents/eclipse-workspace/bundles/liferay-portal/osgi/modules][BundleStartStopLogger:38] STOPPED com.liferay.forms.apio.api_1.0.0 [990]
2018-03-28 14:19:07.613 INFO  [fileinstall-/Users/paulo/Documents/eclipse-workspace/bundles/liferay-portal/osgi/modules][BundleStartStopLogger:38] STOPPED com.liferay.forms.apio.impl_1.0.0 [991]
2018-03-28 14:19:07.623 INFO  [fileinstall-/Users/paulo/Documents/eclipse-workspace/bundles/liferay-portal/osgi/modules][BundleStartStopLogger:38] STOPPED com.liferay.layout.apio.api_1.0.0 [992]
2018-03-28 14:19:07.812 INFO  [fileinstall-/Users/paulo/Documents/eclipse-workspace/bundles/liferay-portal/osgi/modules][BundleStartStopLogger:38] STOPPED com.liferay.layout.apio.impl_1.0.0 [993]
2018-03-28 14:19:07.832 INFO  [fileinstall-/Users/paulo/Documents/eclipse-workspace/bundles/liferay-portal/osgi/modules][BundleStartStopLogger:38] STOPPED com.liferay.media.object.apio.api_1.0.0 [994]
2018-03-28 14:19:07.858 INFO  [fileinstall-/Users/paulo/Documents/eclipse-workspace/bundles/liferay-portal/osgi/modules][BundleStartStopLogger:38] STOPPED com.liferay.media.object.apio.impl_1.0.0 [995]
2018-03-28 14:19:07.872 INFO  [fileinstall-/Users/paulo/Documents/eclipse-workspace/bundles/liferay-portal/osgi/modules][BundleStartStopLogger:38] STOPPED com.liferay.person.apio.api_1.0.0 [996]
2018-03-28 14:19:07.891 INFO  [fileinstall-/Users/paulo/Documents/eclipse-workspace/bundles/liferay-portal/osgi/modules][BundleStartStopLogger:38] STOPPED com.liferay.person.apio.impl_1.0.0 [997]
2018-03-28 14:19:07.901 INFO  [fileinstall-/Users/paulo/Documents/eclipse-workspace/bundles/liferay-portal/osgi/modules][BundleStartStopLogger:38] STOPPED com.liferay.site.apio.api_1.0.0 [998]
2018-03-28 14:19:07.912 INFO  [fileinstall-/Users/paulo/Documents/eclipse-workspace/bundles/liferay-portal/osgi/modules][BundleStartStopLogger:38] STOPPED com.liferay.site.apio.impl_1.0.0 [999]
2018-03-28 14:19:07.916 INFO  [fileinstall-/Users/paulo/Documents/eclipse-workspace/bundles/liferay-portal/osgi/modules][BundleStartStopLogger:38] STOPPED com.liferay.web.page.element.apio.api_1.0.0 [1000]
2018-03-28 14:19:07.926 INFO  [fileinstall-/Users/paulo/Documents/eclipse-workspace/bundles/liferay-portal/osgi/modules][BundleStartStopLogger:38] STOPPED com.liferay.web.page.element.apio.impl_1.0.0 [1003]
2018-03-28 14:19:08.911 INFO  [fileinstall-/Users/paulo/Documents/eclipse-workspace/bundles/liferay-portal/osgi/portal][BundleStartStopLogger:38] STOPPED com.liferay.portal.apio.api_1.0.0 [1001]
2018-03-28 14:19:09.484 INFO  [fileinstall-/Users/paulo/Documents/eclipse-workspace/bundles/liferay-portal/osgi/portal][BundleStartStopLogger:38] STOPPED com.liferay.portal.apio.impl_1.0.0 [1002]
2018-03-28 14:19:09.512 INFO  [Refresh Thread: Equinox Container: 805a6ef3-d931-0018-1f09-d59a2b9552e2][BundleStartStopLogger:38] STOPPED com.liferay.aggregate.rating.apio.api_1.0.0 [984]
2018-03-28 14:19:18.347 INFO  [fileinstall-/Users/paulo/Documents/eclipse-workspace/bundles/liferay-portal/osgi/modules][BundleStartStopLogger:35] STARTED com.liferay.blog.apio.api_1.0.0 [1005]
2018-03-28 14:19:18.352 INFO  [fileinstall-/Users/paulo/Documents/eclipse-workspace/bundles/liferay-portal/osgi/modules][BundleStartStopLogger:35] STARTED com.liferay.folder.apio.api_1.0.0 [1007]
2018-03-28 14:19:49.100 INFO  [fileinstall-/Users/paulo/Documents/eclipse-workspace/bundles/liferay-portal/osgi/modules][BundleStartStopLogger:35] STARTED com.liferay.media.object.apio.api_1.0.0 [1013]
2018-03-28 14:19:49.105 INFO  [fileinstall-/Users/paulo/Documents/eclipse-workspace/bundles/liferay-portal/osgi/modules][BundleStartStopLogger:35] STARTED com.liferay.layout.apio.api_1.0.0 [1011]
2018-03-28 14:19:49.111 INFO  [fileinstall-/Users/paulo/Documents/eclipse-workspace/bundles/liferay-portal/osgi/modules][BundleStartStopLogger:35] STARTED com.liferay.person.apio.api_1.0.0 [1015]
2018-03-28 14:19:49.114 INFO  [fileinstall-/Users/paulo/Documents/eclipse-workspace/bundles/liferay-portal/osgi/modules][BundleStartStopLogger:35] STARTED com.liferay.forms.apio.api_1.0.0 [1009]
2018-03-28 14:19:49.897 INFO  [Refresh Thread: Equinox Container: 805a6ef3-d931-0018-1f09-d59a2b9552e2][BundleStartStopLogger:35] STARTED com.liferay.aggregate.rating.apio.api_1.0.0 [984]
2018-03-28 14:19:49.958 INFO  [Refresh Thread: Equinox Container: 805a6ef3-d931-0018-1f09-d59a2b9552e2][BundleStartStopLogger:35] STARTED com.liferay.aggregate.rating.apio.impl_1.0.0 [1004]
2018-03-28 14:19:49.976 INFO  [Refresh Thread: Equinox Container: 805a6ef3-d931-0018-1f09-d59a2b9552e2][BundleStartStopLogger:35] STARTED com.liferay.media.object.apio.impl_1.0.0 [1014]
2018-03-28 14:19:49.978 INFO  [fileinstall-/Users/paulo/Documents/eclipse-workspace/bundles/liferay-portal/osgi/portal][BundleStartStopLogger:35] STARTED com.liferay.portal.apio.api_1.0.0 [1016]
2018-03-28 14:19:50.314 INFO  [fileinstall-/Users/paulo/Documents/eclipse-workspace/bundles/liferay-portal/osgi/portal][BundleStartStopLogger:35] STARTED com.liferay.portal.apio.impl_1.0.0 [1017]
2018-03-28 14:19:54.748 INFO  [Refresh Thread: Equinox Container: 805a6ef3-d931-0018-1f09-d59a2b9552e2][BundleStartStopLogger:35] STARTED com.liferay.blog.apio.impl_1.0.0 [1006]
2018-03-28 14:19:54.763 INFO  [Refresh Thread: Equinox Container: 805a6ef3-d931-0018-1f09-d59a2b9552e2][BundleStartStopLogger:35] STARTED com.liferay.folder.apio.impl_1.0.0 [1008]
2018-03-28 14:19:54.819 INFO  [Refresh Thread: Equinox Container: 805a6ef3-d931-0018-1f09-d59a2b9552e2][BundleStartStopLogger:35] STARTED com.liferay.forms.apio.impl_1.0.0 [1010]
2018-03-28 14:19:54.838 INFO  [Refresh Thread: Equinox Container: 805a6ef3-d931-0018-1f09-d59a2b9552e2][BundleStartStopLogger:35] STARTED com.liferay.layout.apio.impl_1.0.0 [1012]
2018-03-28 14:19:54.849 INFO  [fileinstall-/Users/paulo/Documents/eclipse-workspace/bundles/liferay-portal/osgi/modules][BundleStartStopLogger:35] STARTED com.liferay.site.apio.impl_1.0.0 [1020]
2018-03-28 14:19:54.850 INFO  [fileinstall-/Users/paulo/Documents/eclipse-workspace/bundles/liferay-portal/osgi/modules][BundleStartStopLogger:35] STARTED com.liferay.web.page.element.apio.api_1.0.0 [1021]
2018-03-28 14:19:54.863 INFO  [fileinstall-/Users/paulo/Documents/eclipse-workspace/bundles/liferay-portal/osgi/modules][BundleStartStopLogger:35] STARTED com.liferay.person.apio.impl_1.0.0 [1018]
2018-03-28 14:19:54.865 INFO  [fileinstall-/Users/paulo/Documents/eclipse-workspace/bundles/liferay-portal/osgi/modules][BundleStartStopLogger:35] STARTED com.liferay.site.apio.api_1.0.0 [1019]
2018-03-28 14:19:54.876 INFO  [fileinstall-/Users/paulo/Documents/eclipse-workspace/bundles/liferay-portal/osgi/modules][BundleStartStopLogger:35] STARTED com.liferay.web.page.element.apio.impl_1.0.0 [1022]
2018-03-28 15:42:48.094 WARN  [HikariPool-2 housekeeper][HikariPool:676] HikariPool-2 - Thread starvation or clock leap detected (housekeeper delta=40m47s863ms).
2018-03-28 15:42:48.094 WARN  [HikariPool-1 housekeeper][HikariPool:676] HikariPool-1 - Thread starvation or clock leap detected (housekeeper delta=40m47s863ms).
2018-03-28 16:15:45.571 INFO  [liferay/scheduler_dispatch-10][PluginPackageUtil:1266] Reloading repositories
2018-03-28 17:48:27.086 INFO  [fileinstall-/Users/paulo/Documents/eclipse-workspace/bundles/liferay-portal/osgi/modules][BundleStartStopLogger:38] STOPPED com.liferay.aggregate.rating.apio.api_1.0.0 [984]
2018-03-28 17:48:27.106 INFO  [fileinstall-/Users/paulo/Documents/eclipse-workspace/bundles/liferay-portal/osgi/modules][BundleStartStopLogger:38] STOPPED com.liferay.aggregate.rating.apio.impl_1.0.0 [1004]
2018-03-28 17:48:27.113 INFO  [fileinstall-/Users/paulo/Documents/eclipse-workspace/bundles/liferay-portal/osgi/modules][BundleStartStopLogger:38] STOPPED com.liferay.blog.apio.api_1.0.0 [1005]
2018-03-28 17:48:27.126 INFO  [fileinstall-/Users/paulo/Documents/eclipse-workspace/bundles/liferay-portal/osgi/modules][BundleStartStopLogger:38] STOPPED com.liferay.blog.apio.impl_1.0.0 [1006]
2018-03-28 17:48:27.134 INFO  [fileinstall-/Users/paulo/Documents/eclipse-workspace/bundles/liferay-portal/osgi/modules][BundleStartStopLogger:38] STOPPED com.liferay.folder.apio.api_1.0.0 [1007]
2018-03-28 17:48:27.147 INFO  [fileinstall-/Users/paulo/Documents/eclipse-workspace/bundles/liferay-portal/osgi/modules][BundleStartStopLogger:38] STOPPED com.liferay.folder.apio.impl_1.0.0 [1008]
2018-03-28 17:48:27.153 INFO  [fileinstall-/Users/paulo/Documents/eclipse-workspace/bundles/liferay-portal/osgi/modules][BundleStartStopLogger:38] STOPPED com.liferay.forms.apio.api_1.0.0 [1009]
2018-03-28 17:48:27.200 INFO  [fileinstall-/Users/paulo/Documents/eclipse-workspace/bundles/liferay-portal/osgi/modules][BundleStartStopLogger:38] STOPPED com.liferay.forms.apio.impl_1.0.0 [1010]
2018-03-28 17:48:27.210 INFO  [fileinstall-/Users/paulo/Documents/eclipse-workspace/bundles/liferay-portal/osgi/modules][BundleStartStopLogger:38] STOPPED com.liferay.layout.apio.api_1.0.0 [1011]
2018-03-28 17:48:27.234 INFO  [fileinstall-/Users/paulo/Documents/eclipse-workspace/bundles/liferay-portal/osgi/modules][BundleStartStopLogger:38] STOPPED com.liferay.layout.apio.impl_1.0.0 [1012]
2018-03-28 17:48:27.323 INFO  [Refresh Thread: Equinox Container: 805a6ef3-d931-0018-1f09-d59a2b9552e2][BundleStartStopLogger:38] STOPPED com.liferay.media.object.apio.impl_1.0.0 [1014]
2018-03-28 17:48:29.841 INFO  [fileinstall-/Users/paulo/Documents/eclipse-workspace/bundles/liferay-portal/osgi/portal][BundleStartStopLogger:38] STOPPED com.liferay.portal.apio.api_1.0.0 [1016]
2018-03-28 17:48:30.061 INFO  [fileinstall-/Users/paulo/Documents/eclipse-workspace/bundles/liferay-portal/osgi/portal][BundleStartStopLogger:38] STOPPED com.liferay.portal.apio.impl_1.0.0 [1017]
2018-03-28 17:48:30.081 INFO  [Refresh Thread: Equinox Container: 805a6ef3-d931-0018-1f09-d59a2b9552e2][BundleStartStopLogger:38] STOPPED com.liferay.web.page.element.apio.impl_1.0.0 [1022]
2018-03-28 17:48:30.090 INFO  [Refresh Thread: Equinox Container: 805a6ef3-d931-0018-1f09-d59a2b9552e2][BundleStartStopLogger:38] STOPPED com.liferay.person.apio.impl_1.0.0 [1018]
2018-03-28 17:48:32.360 INFO  [fileinstall-/Users/paulo/Documents/eclipse-workspace/bundles/liferay-portal/osgi/modules][BundleStartStopLogger:38] STOPPED com.liferay.media.object.apio.api_1.0.0 [1013]
2018-03-28 17:48:32.368 INFO  [fileinstall-/Users/paulo/Documents/eclipse-workspace/bundles/liferay-portal/osgi/modules][BundleStartStopLogger:38] STOPPED com.liferay.person.apio.api_1.0.0 [1015]
2018-03-28 17:48:32.376 INFO  [fileinstall-/Users/paulo/Documents/eclipse-workspace/bundles/liferay-portal/osgi/modules][BundleStartStopLogger:38] STOPPED com.liferay.site.apio.api_1.0.0 [1019]
2018-03-28 17:48:32.394 INFO  [fileinstall-/Users/paulo/Documents/eclipse-workspace/bundles/liferay-portal/osgi/modules][BundleStartStopLogger:38] STOPPED com.liferay.site.apio.impl_1.0.0 [1020]
2018-03-28 17:48:32.403 INFO  [fileinstall-/Users/paulo/Documents/eclipse-workspace/bundles/liferay-portal/osgi/modules][BundleStartStopLogger:38] STOPPED com.liferay.web.page.element.apio.api_1.0.0 [1021]
2018-03-28 17:48:37.604 INFO  [fileinstall-/Users/paulo/Documents/eclipse-workspace/bundles/liferay-portal/osgi/modules][BundleStartStopLogger:35] STARTED com.liferay.blog.apio.api_1.0.0 [1025]
2018-03-28 17:48:42.787 INFO  [fileinstall-/Users/paulo/Documents/eclipse-workspace/bundles/liferay-portal/osgi/modules][BundleStartStopLogger:35] STARTED com.liferay.folder.apio.api_1.0.0 [1027]
2018-03-28 17:49:13.158 INFO  [fileinstall-/Users/paulo/Documents/eclipse-workspace/bundles/liferay-portal/osgi/modules][BundleStartStopLogger:35] STARTED com.liferay.forms.apio.api_1.0.0 [1029]
2018-03-28 17:49:19.214 INFO  [fileinstall-/Users/paulo/Documents/eclipse-workspace/bundles/liferay-portal/osgi/modules][BundleStartStopLogger:35] STARTED com.liferay.web.page.element.apio.api_1.0.0 [1039]
2018-03-28 17:49:19.216 INFO  [fileinstall-/Users/paulo/Documents/eclipse-workspace/bundles/liferay-portal/osgi/modules][BundleStartStopLogger:35] STARTED com.liferay.person.apio.api_1.0.0 [1035]
2018-03-28 17:49:19.317 INFO  [fileinstall-/Users/paulo/Documents/eclipse-workspace/bundles/liferay-portal/osgi/modules][BundleStartStopLogger:35] STARTED com.liferay.layout.apio.impl_1.0.0 [1032]
2018-03-28 17:49:19.347 INFO  [fileinstall-/Users/paulo/Documents/eclipse-workspace/bundles/liferay-portal/osgi/modules][BundleStartStopLogger:35] STARTED com.liferay.site.apio.impl_1.0.0 [1038]
2018-03-28 17:49:19.360 INFO  [fileinstall-/Users/paulo/Documents/eclipse-workspace/bundles/liferay-portal/osgi/modules][BundleStartStopLogger:35] STARTED com.liferay.layout.apio.api_1.0.0 [1031]
2018-03-28 17:49:19.364 INFO  [fileinstall-/Users/paulo/Documents/eclipse-workspace/bundles/liferay-portal/osgi/modules][BundleStartStopLogger:35] STARTED com.liferay.site.apio.api_1.0.0 [1037]
2018-03-28 17:49:19.368 INFO  [fileinstall-/Users/paulo/Documents/eclipse-workspace/bundles/liferay-portal/osgi/modules][BundleStartStopLogger:35] STARTED com.liferay.media.object.apio.api_1.0.0 [1033]
2018-03-28 17:49:21.133 INFO  [Refresh Thread: Equinox Container: 805a6ef3-d931-0018-1f09-d59a2b9552e2][BundleStartStopLogger:35] STARTED com.liferay.aggregate.rating.apio.api_1.0.0 [1023]
2018-03-28 17:49:21.178 INFO  [Refresh Thread: Equinox Container: 805a6ef3-d931-0018-1f09-d59a2b9552e2][BundleStartStopLogger:35] STARTED com.liferay.aggregate.rating.apio.impl_1.0.0 [1024]
2018-03-28 17:49:21.209 INFO  [Refresh Thread: Equinox Container: 805a6ef3-d931-0018-1f09-d59a2b9552e2][BundleStartStopLogger:35] STARTED com.liferay.blog.apio.impl_1.0.0 [1026]
2018-03-28 17:49:21.322 INFO  [Refresh Thread: Equinox Container: 805a6ef3-d931-0018-1f09-d59a2b9552e2][BundleStartStopLogger:35] STARTED com.liferay.folder.apio.impl_1.0.0 [1028]
2018-03-28 17:49:21.453 INFO  [Refresh Thread: Equinox Container: 805a6ef3-d931-0018-1f09-d59a2b9552e2][BundleStartStopLogger:35] STARTED com.liferay.forms.apio.impl_1.0.0 [1030]
2018-03-28 17:49:21.487 INFO  [Refresh Thread: Equinox Container: 805a6ef3-d931-0018-1f09-d59a2b9552e2][BundleStartStopLogger:35] STARTED com.liferay.media.object.apio.impl_1.0.0 [1034]
2018-03-28 17:49:21.534 INFO  [Refresh Thread: Equinox Container: 805a6ef3-d931-0018-1f09-d59a2b9552e2][BundleStartStopLogger:35] STARTED com.liferay.person.apio.impl_1.0.0 [1036]
2018-03-28 17:49:22.135 INFO  [fileinstall-/Users/paulo/Documents/eclipse-workspace/bundles/liferay-portal/osgi/portal][BundleStartStopLogger:35] STARTED com.liferay.portal.apio.impl_1.0.0 [1041]
2018-03-28 17:49:22.137 INFO  [fileinstall-/Users/paulo/Documents/eclipse-workspace/bundles/liferay-portal/osgi/portal][BundleStartStopLogger:35] STARTED com.liferay.portal.apio.api_1.0.0 [1040]
2018-03-28 17:49:29.611 INFO  [fileinstall-/Users/paulo/Documents/eclipse-workspace/bundles/liferay-portal/osgi/modules][BundleStartStopLogger:35] STARTED com.liferay.web.page.element.apio.impl_1.0.0 [1042]
2018-03-28 17:56:38.218 WARN  [HikariPool-2 housekeeper][HikariPool:676] HikariPool-2 - Thread starvation or clock leap detected (housekeeper delta=46s740ms).
2018-03-28 17:56:38.221 WARN  [HikariPool-1 housekeeper][HikariPool:676] HikariPool-1 - Thread starvation or clock leap detected (housekeeper delta=46s740ms).
2018-03-28 18:13:20.820 WARN  [HikariPool-1 housekeeper][HikariPool:676] HikariPool-1 - Thread starvation or clock leap detected (housekeeper delta=16m42s602ms).
2018-03-28 18:13:20.820 WARN  [HikariPool-2 housekeeper][HikariPool:676] HikariPool-2 - Thread starvation or clock leap detected (housekeeper delta=16m42s602ms).
2018-03-28 18:46:52.226 WARN  [HikariPool-1 housekeeper][HikariPool:676] HikariPool-1 - Thread starvation or clock leap detected (housekeeper delta=20m28s556ms).
2018-03-28 18:46:52.226 WARN  [HikariPool-2 housekeeper][HikariPool:676] HikariPool-2 - Thread starvation or clock leap detected (housekeeper delta=20m28s556ms).
2018-03-28 19:18:12.801 WARN  [HikariPool-2 housekeeper][HikariPool:676] HikariPool-2 - Thread starvation or clock leap detected (housekeeper delta=31m20s575ms).
2018-03-28 19:18:12.801 WARN  [HikariPool-1 housekeeper][HikariPool:676] HikariPool-1 - Thread starvation or clock leap detected (housekeeper delta=31m20s575ms).
2018-03-28 20:05:13.120 INFO  [fileinstall-/Users/paulo/Documents/eclipse-workspace/bundles/liferay-portal/osgi/portal][BundleStartStopLogger:38] STOPPED com.liferay.portal.apio.api_1.0.0 [1040]
2018-03-28 20:05:13.171 INFO  [fileinstall-/Users/paulo/Documents/eclipse-workspace/bundles/liferay-portal/osgi/modules][BundleStartStopLogger:38] STOPPED com.liferay.blog.apio.impl_1.0.0 [1026]
2018-03-28 20:05:13.178 INFO  [fileinstall-/Users/paulo/Documents/eclipse-workspace/bundles/liferay-portal/osgi/modules][BundleStartStopLogger:38] STOPPED com.liferay.folder.apio.api_1.0.0 [1027]
2018-03-28 20:05:13.192 INFO  [fileinstall-/Users/paulo/Documents/eclipse-workspace/bundles/liferay-portal/osgi/modules][BundleStartStopLogger:38] STOPPED com.liferay.folder.apio.impl_1.0.0 [1028]
2018-03-28 20:05:13.199 INFO  [fileinstall-/Users/paulo/Documents/eclipse-workspace/bundles/liferay-portal/osgi/modules][BundleStartStopLogger:38] STOPPED com.liferay.forms.apio.api_1.0.0 [1029]
2018-03-28 20:05:13.251 INFO  [fileinstall-/Users/paulo/Documents/eclipse-workspace/bundles/liferay-portal/osgi/modules][BundleStartStopLogger:38] STOPPED com.liferay.forms.apio.impl_1.0.0 [1030]
2018-03-28 20:05:13.260 INFO  [fileinstall-/Users/paulo/Documents/eclipse-workspace/bundles/liferay-portal/osgi/modules][BundleStartStopLogger:38] STOPPED com.liferay.layout.apio.api_1.0.0 [1031]
2018-03-28 20:05:13.275 INFO  [fileinstall-/Users/paulo/Documents/eclipse-workspace/bundles/liferay-portal/osgi/modules][BundleStartStopLogger:38] STOPPED com.liferay.layout.apio.impl_1.0.0 [1032]
2018-03-28 20:05:13.284 INFO  [fileinstall-/Users/paulo/Documents/eclipse-workspace/bundles/liferay-portal/osgi/modules][BundleStartStopLogger:38] STOPPED com.liferay.media.object.apio.api_1.0.0 [1033]
2018-03-28 20:05:13.300 INFO  [fileinstall-/Users/paulo/Documents/eclipse-workspace/bundles/liferay-portal/osgi/modules][BundleStartStopLogger:38] STOPPED com.liferay.media.object.apio.impl_1.0.0 [1034]
2018-03-28 20:05:13.310 INFO  [fileinstall-/Users/paulo/Documents/eclipse-workspace/bundles/liferay-portal/osgi/modules][BundleStartStopLogger:38] STOPPED com.liferay.person.apio.api_1.0.0 [1035]
2018-03-28 20:05:13.321 INFO  [fileinstall-/Users/paulo/Documents/eclipse-workspace/bundles/liferay-portal/osgi/modules][BundleStartStopLogger:38] STOPPED com.liferay.person.apio.impl_1.0.0 [1036]
2018-03-28 20:05:13.327 INFO  [fileinstall-/Users/paulo/Documents/eclipse-workspace/bundles/liferay-portal/osgi/modules][BundleStartStopLogger:38] STOPPED com.liferay.site.apio.api_1.0.0 [1037]
2018-03-28 20:05:13.336 INFO  [fileinstall-/Users/paulo/Documents/eclipse-workspace/bundles/liferay-portal/osgi/modules][BundleStartStopLogger:38] STOPPED com.liferay.site.apio.impl_1.0.0 [1038]
2018-03-28 20:05:13.341 INFO  [fileinstall-/Users/paulo/Documents/eclipse-workspace/bundles/liferay-portal/osgi/modules][BundleStartStopLogger:38] STOPPED com.liferay.web.page.element.apio.api_1.0.0 [1039]
2018-03-28 20:05:13.351 INFO  [fileinstall-/Users/paulo/Documents/eclipse-workspace/bundles/liferay-portal/osgi/modules][BundleStartStopLogger:38] STOPPED com.liferay.web.page.element.apio.impl_1.0.0 [1042]
2018-03-28 20:05:13.632 INFO  [fileinstall-/Users/paulo/Documents/eclipse-workspace/bundles/liferay-portal/osgi/portal][BundleStartStopLogger:38] STOPPED com.liferay.portal.apio.impl_1.0.0 [1041]
2018-03-28 20:05:13.647 INFO  [Refresh Thread: Equinox Container: 805a6ef3-d931-0018-1f09-d59a2b9552e2][BundleStartStopLogger:38] STOPPED com.liferay.aggregate.rating.apio.impl_1.0.0 [1024]
2018-03-28 20:05:13.650 INFO  [Refresh Thread: Equinox Container: 805a6ef3-d931-0018-1f09-d59a2b9552e2][BundleStartStopLogger:38] STOPPED com.liferay.aggregate.rating.apio.api_1.0.0 [1023]
2018-03-28 20:05:18.529 INFO  [fileinstall-/Users/paulo/Documents/eclipse-workspace/bundles/liferay-portal/osgi/modules][BundleStartStopLogger:38] STOPPED com.liferay.blog.apio.api_1.0.0 [1025]
2018-03-28 20:05:18.668 INFO  [Refresh Thread: Equinox Container: 805a6ef3-d931-0018-1f09-d59a2b9552e2][BundleStartStopLogger:35] STARTED com.liferay.blog.apio.api_1.0.0 [1025]
2018-03-28 20:05:23.834 INFO  [fileinstall-/Users/paulo/Documents/eclipse-workspace/bundles/liferay-portal/osgi/modules][BundleStartStopLogger:35] STARTED com.liferay.folder.apio.api_1.0.0 [1044]
2018-03-28 20:05:54.007 INFO  [Refresh Thread: Equinox Container: 805a6ef3-d931-0018-1f09-d59a2b9552e2][BundleStartStopLogger:35] STARTED com.liferay.aggregate.rating.apio.api_1.0.0 [1023]
2018-03-28 20:05:54.030 INFO  [Refresh Thread: Equinox Container: 805a6ef3-d931-0018-1f09-d59a2b9552e2][BundleStartStopLogger:35] STARTED com.liferay.aggregate.rating.apio.impl_1.0.0 [1024]
2018-03-28 20:05:54.033 INFO  [fileinstall-/Users/paulo/Documents/eclipse-workspace/bundles/liferay-portal/osgi/portal][BundleStartStopLogger:35] STARTED com.liferay.portal.apio.api_1.0.0 [1045]
2018-03-28 20:05:54.184 INFO  [fileinstall-/Users/paulo/Documents/eclipse-workspace/bundles/liferay-portal/osgi/portal][BundleStartStopLogger:35] STARTED com.liferay.portal.apio.impl_1.0.0 [1046]
2018-03-28 20:05:54.879 INFO  [Refresh Thread: Equinox Container: 805a6ef3-d931-0018-1f09-d59a2b9552e2][BundleStartStopLogger:35] STARTED com.liferay.blog.apio.impl_1.0.0 [1043]
2018-03-28 20:05:54.881 INFO  [fileinstall-/Users/paulo/Documents/eclipse-workspace/bundles/liferay-portal/osgi/modules][BundleStartStopLogger:35] STARTED com.liferay.media.object.apio.api_1.0.0 [1052]
2018-03-28 20:05:54.882 INFO  [fileinstall-/Users/paulo/Documents/eclipse-workspace/bundles/liferay-portal/osgi/modules][BundleStartStopLogger:35] STARTED com.liferay.web.page.element.apio.api_1.0.0 [1058]
2018-03-28 20:05:54.884 INFO  [fileinstall-/Users/paulo/Documents/eclipse-workspace/bundles/liferay-portal/osgi/modules][BundleStartStopLogger:35] STARTED com.liferay.layout.apio.api_1.0.0 [1050]
2018-03-28 20:05:54.916 INFO  [fileinstall-/Users/paulo/Documents/eclipse-workspace/bundles/liferay-portal/osgi/modules][BundleStartStopLogger:35] STARTED com.liferay.layout.apio.impl_1.0.0 [1051]
2018-03-28 20:05:54.931 INFO  [fileinstall-/Users/paulo/Documents/eclipse-workspace/bundles/liferay-portal/osgi/modules][BundleStartStopLogger:35] STARTED com.liferay.media.object.apio.impl_1.0.0 [1053]
2018-03-28 20:05:54.932 INFO  [fileinstall-/Users/paulo/Documents/eclipse-workspace/bundles/liferay-portal/osgi/modules][BundleStartStopLogger:35] STARTED com.liferay.site.apio.api_1.0.0 [1056]
2018-03-28 20:05:54.994 INFO  [fileinstall-/Users/paulo/Documents/eclipse-workspace/bundles/liferay-portal/osgi/modules][BundleStartStopLogger:35] STARTED com.liferay.forms.apio.impl_1.0.0 [1049]
2018-03-28 20:05:55.010 INFO  [fileinstall-/Users/paulo/Documents/eclipse-workspace/bundles/liferay-portal/osgi/modules][BundleStartStopLogger:35] STARTED com.liferay.folder.apio.impl_1.0.0 [1047]
2018-03-28 20:05:55.021 INFO  [fileinstall-/Users/paulo/Documents/eclipse-workspace/bundles/liferay-portal/osgi/modules][BundleStartStopLogger:35] STARTED com.liferay.site.apio.impl_1.0.0 [1057]
2018-03-28 20:05:55.023 INFO  [fileinstall-/Users/paulo/Documents/eclipse-workspace/bundles/liferay-portal/osgi/modules][BundleStartStopLogger:35] STARTED com.liferay.person.apio.api_1.0.0 [1054]
2018-03-28 20:05:55.024 INFO  [fileinstall-/Users/paulo/Documents/eclipse-workspace/bundles/liferay-portal/osgi/modules][BundleStartStopLogger:35] STARTED com.liferay.forms.apio.api_1.0.0 [1048]
2018-03-28 20:05:55.036 INFO  [fileinstall-/Users/paulo/Documents/eclipse-workspace/bundles/liferay-portal/osgi/modules][BundleStartStopLogger:35] STARTED com.liferay.person.apio.impl_1.0.0 [1055]
2018-03-28 20:06:00.209 INFO  [fileinstall-/Users/paulo/Documents/eclipse-workspace/bundles/liferay-portal/osgi/modules][BundleStartStopLogger:35] STARTED com.liferay.web.page.element.apio.impl_1.0.0 [1059]
2018-03-28 20:53:28.519 INFO  [Thread-43][BundleStartStopLogger:38] STOPPED com.liferay.apio.architect.application_1.0.0 [914]
2018-03-28 20:53:30.915 INFO  [Thread-43][BundleStartStopLogger:35] STARTED com.liferay.apio.architect.application_1.0.0 [914]
2018-03-28 21:08:37.548 WARN  [HikariPool-1 housekeeper][HikariPool:676] HikariPool-1 - Thread starvation or clock leap detected (housekeeper delta=1m38s3ms).
2018-03-28 21:08:37.548 WARN  [HikariPool-2 housekeeper][HikariPool:676] HikariPool-2 - Thread starvation or clock leap detected (housekeeper delta=1m38s3ms).
2018-03-28 21:35:31.909 INFO  [Thread-43][BundleStartStopLogger:38] STOPPED com.liferay.apio.architect.application_1.0.0 [914]
2018-03-28 21:35:33.431 INFO  [Thread-43][BundleStartStopLogger:35] STARTED com.liferay.apio.architect.application_1.0.0 [914]
2018-03-28 21:35:58.723 INFO  [Thread-43][BundleStartStopLogger:38] STOPPED com.liferay.apio.architect.application_1.0.0 [914]
2018-03-28 21:35:59.768 INFO  [Thread-43][BundleStartStopLogger:35] STARTED com.liferay.apio.architect.application_1.0.0 [914]
2018-03-28 21:40:11.826 INFO  [fileinstall-/Users/paulo/Documents/eclipse-workspace/bundles/liferay-portal/osgi/portal][BundleStartStopLogger:38] STOPPED com.liferay.portal.apio.api_1.0.0 [1045]
2018-03-28 21:40:11.982 INFO  [fileinstall-/Users/paulo/Documents/eclipse-workspace/bundles/liferay-portal/osgi/portal][BundleStartStopLogger:38] STOPPED com.liferay.portal.apio.impl_1.0.0 [1046]
2018-03-28 21:40:12.024 INFO  [Refresh Thread: Equinox Container: 805a6ef3-d931-0018-1f09-d59a2b9552e2][BundleStartStopLogger:38] STOPPED com.liferay.web.page.element.apio.impl_1.0.0 [1059]
2018-03-28 21:40:12.040 INFO  [Refresh Thread: Equinox Container: 805a6ef3-d931-0018-1f09-d59a2b9552e2][BundleStartStopLogger:38] STOPPED com.liferay.person.apio.impl_1.0.0 [1055]
2018-03-28 21:40:12.050 INFO  [Refresh Thread: Equinox Container: 805a6ef3-d931-0018-1f09-d59a2b9552e2][BundleStartStopLogger:38] STOPPED com.liferay.media.object.apio.impl_1.0.0 [1053]
2018-03-28 21:40:12.076 INFO  [Refresh Thread: Equinox Container: 805a6ef3-d931-0018-1f09-d59a2b9552e2][BundleStartStopLogger:38] STOPPED com.liferay.forms.apio.impl_1.0.0 [1049]
2018-03-28 21:40:12.088 INFO  [Refresh Thread: Equinox Container: 805a6ef3-d931-0018-1f09-d59a2b9552e2][BundleStartStopLogger:38] STOPPED com.liferay.folder.apio.impl_1.0.0 [1047]
2018-03-28 21:40:12.097 INFO  [Refresh Thread: Equinox Container: 805a6ef3-d931-0018-1f09-d59a2b9552e2][BundleStartStopLogger:38] STOPPED com.liferay.blog.apio.impl_1.0.0 [1043]
2018-03-28 21:40:12.106 INFO  [Refresh Thread: Equinox Container: 805a6ef3-d931-0018-1f09-d59a2b9552e2][BundleStartStopLogger:38] STOPPED com.liferay.aggregate.rating.apio.impl_1.0.0 [1024]
2018-03-28 21:40:12.108 INFO  [Refresh Thread: Equinox Container: 805a6ef3-d931-0018-1f09-d59a2b9552e2][BundleStartStopLogger:38] STOPPED com.liferay.aggregate.rating.apio.api_1.0.0 [1023]
2018-03-28 21:40:12.436 INFO  [fileinstall-/Users/paulo/Documents/eclipse-workspace/bundles/liferay-portal/osgi/modules][BundleStartStopLogger:38] STOPPED com.liferay.folder.apio.api_1.0.0 [1044]
2018-03-28 21:40:12.442 INFO  [fileinstall-/Users/paulo/Documents/eclipse-workspace/bundles/liferay-portal/osgi/modules][BundleStartStopLogger:38] STOPPED com.liferay.forms.apio.api_1.0.0 [1048]
2018-03-28 21:40:12.448 INFO  [fileinstall-/Users/paulo/Documents/eclipse-workspace/bundles/liferay-portal/osgi/modules][BundleStartStopLogger:38] STOPPED com.liferay.layout.apio.api_1.0.0 [1050]
2018-03-28 21:40:12.459 INFO  [fileinstall-/Users/paulo/Documents/eclipse-workspace/bundles/liferay-portal/osgi/modules][BundleStartStopLogger:38] STOPPED com.liferay.layout.apio.impl_1.0.0 [1051]
2018-03-28 21:40:12.466 INFO  [fileinstall-/Users/paulo/Documents/eclipse-workspace/bundles/liferay-portal/osgi/modules][BundleStartStopLogger:38] STOPPED com.liferay.media.object.apio.api_1.0.0 [1052]
2018-03-28 21:40:12.470 INFO  [fileinstall-/Users/paulo/Documents/eclipse-workspace/bundles/liferay-portal/osgi/modules][BundleStartStopLogger:38] STOPPED com.liferay.person.apio.api_1.0.0 [1054]
2018-03-28 21:40:12.477 INFO  [fileinstall-/Users/paulo/Documents/eclipse-workspace/bundles/liferay-portal/osgi/modules][BundleStartStopLogger:38] STOPPED com.liferay.site.apio.api_1.0.0 [1056]
2018-03-28 21:40:12.485 INFO  [fileinstall-/Users/paulo/Documents/eclipse-workspace/bundles/liferay-portal/osgi/modules][BundleStartStopLogger:38] STOPPED com.liferay.site.apio.impl_1.0.0 [1057]
2018-03-28 21:40:12.490 INFO  [fileinstall-/Users/paulo/Documents/eclipse-workspace/bundles/liferay-portal/osgi/modules][BundleStartStopLogger:38] STOPPED com.liferay.web.page.element.apio.api_1.0.0 [1058]
2018-03-28 21:40:17.547 INFO  [fileinstall-/Users/paulo/Documents/eclipse-workspace/bundles/liferay-portal/osgi/modules][BundleStartStopLogger:38] STOPPED com.liferay.blog.apio.api_1.0.0 [1025]
2018-03-28 21:40:17.676 INFO  [Refresh Thread: Equinox Container: 805a6ef3-d931-0018-1f09-d59a2b9552e2][BundleStartStopLogger:35] STARTED com.liferay.blog.apio.api_1.0.0 [1025]
2018-03-28 21:40:22.864 INFO  [fileinstall-/Users/paulo/Documents/eclipse-workspace/bundles/liferay-portal/osgi/modules][BundleStartStopLogger:35] STARTED com.liferay.folder.apio.api_1.0.0 [1061]
2018-03-28 21:40:52.660 INFO  [Refresh Thread: Equinox Container: 805a6ef3-d931-0018-1f09-d59a2b9552e2][BundleStartStopLogger:35] STARTED com.liferay.aggregate.rating.apio.api_1.0.0 [1023]
2018-03-28 21:40:52.686 INFO  [Refresh Thread: Equinox Container: 805a6ef3-d931-0018-1f09-d59a2b9552e2][BundleStartStopLogger:35] STARTED com.liferay.aggregate.rating.apio.impl_1.0.0 [1024]
2018-03-28 21:40:52.689 INFO  [fileinstall-/Users/paulo/Documents/eclipse-workspace/bundles/liferay-portal/osgi/portal][BundleStartStopLogger:35] STARTED com.liferay.portal.apio.api_1.0.0 [1062]
2018-03-28 21:40:54.007 INFO  [Refresh Thread: Equinox Container: 805a6ef3-d931-0018-1f09-d59a2b9552e2][BundleStartStopLogger:35] STARTED com.liferay.blog.apio.impl_1.0.0 [1060]
2018-03-28 21:40:54.073 INFO  [fileinstall-/Users/paulo/Documents/eclipse-workspace/bundles/liferay-portal/osgi/modules][BundleStartStopLogger:35] STARTED com.liferay.forms.apio.impl_1.0.0 [1065]
2018-03-28 21:40:54.089 INFO  [fileinstall-/Users/paulo/Documents/eclipse-workspace/bundles/liferay-portal/osgi/modules][BundleStartStopLogger:35] STARTED com.liferay.folder.apio.impl_1.0.0 [1063]
2018-03-28 21:40:54.091 INFO  [fileinstall-/Users/paulo/Documents/eclipse-workspace/bundles/liferay-portal/osgi/modules][BundleStartStopLogger:35] STARTED com.liferay.media.object.apio.api_1.0.0 [1068]
2018-03-28 21:40:54.093 INFO  [fileinstall-/Users/paulo/Documents/eclipse-workspace/bundles/liferay-portal/osgi/modules][BundleStartStopLogger:35] STARTED com.liferay.layout.apio.api_1.0.0 [1066]
2018-03-28 21:40:54.108 INFO  [fileinstall-/Users/paulo/Documents/eclipse-workspace/bundles/liferay-portal/osgi/modules][BundleStartStopLogger:35] STARTED com.liferay.media.object.apio.impl_1.0.0 [1069]
2018-03-28 21:40:54.110 INFO  [fileinstall-/Users/paulo/Documents/eclipse-workspace/bundles/liferay-portal/osgi/modules][BundleStartStopLogger:35] STARTED com.liferay.person.apio.api_1.0.0 [1070]
2018-03-28 21:40:54.130 INFO  [fileinstall-/Users/paulo/Documents/eclipse-workspace/bundles/liferay-portal/osgi/modules][BundleStartStopLogger:35] STARTED com.liferay.layout.apio.impl_1.0.0 [1067]
2018-03-28 21:40:54.147 INFO  [fileinstall-/Users/paulo/Documents/eclipse-workspace/bundles/liferay-portal/osgi/modules][BundleStartStopLogger:35] STARTED com.liferay.person.apio.impl_1.0.0 [1071]
2018-03-28 21:40:54.148 INFO  [fileinstall-/Users/paulo/Documents/eclipse-workspace/bundles/liferay-portal/osgi/modules][BundleStartStopLogger:35] STARTED com.liferay.forms.apio.api_1.0.0 [1064]
2018-03-28 21:40:54.149 INFO  [fileinstall-/Users/paulo/Documents/eclipse-workspace/bundles/liferay-portal/osgi/modules][BundleStartStopLogger:35] STARTED com.liferay.site.apio.api_1.0.0 [1072]
2018-03-28 21:40:54.160 INFO  [fileinstall-/Users/paulo/Documents/eclipse-workspace/bundles/liferay-portal/osgi/modules][BundleStartStopLogger:35] STARTED com.liferay.site.apio.impl_1.0.0 [1073]
2018-03-28 21:40:57.947 INFO  [fileinstall-/Users/paulo/Documents/eclipse-workspace/bundles/liferay-portal/osgi/portal][BundleStartStopLogger:35] STARTED com.liferay.portal.apio.impl_1.0.0 [1074]
2018-03-28 21:40:59.415 INFO  [fileinstall-/Users/paulo/Documents/eclipse-workspace/bundles/liferay-portal/osgi/modules][BundleStartStopLogger:35] STARTED com.liferay.web.page.element.apio.impl_1.0.0 [1076]
2018-03-28 21:40:59.417 INFO  [fileinstall-/Users/paulo/Documents/eclipse-workspace/bundles/liferay-portal/osgi/modules][BundleStartStopLogger:35] STARTED com.liferay.web.page.element.apio.api_1.0.0 [1075]
2018-03-28 21:41:07.968 INFO  [fileinstall-/Users/paulo/Documents/eclipse-workspace/bundles/liferay-portal/osgi/portal][BundleStartStopLogger:38] STOPPED com.liferay.portal.apio.api_1.0.0 [1062]
2018-03-28 21:41:08.116 INFO  [fileinstall-/Users/paulo/Documents/eclipse-workspace/bundles/liferay-portal/osgi/portal][BundleStartStopLogger:38] STOPPED com.liferay.portal.apio.impl_1.0.0 [1074]
2018-03-28 21:41:08.139 INFO  [Refresh Thread: Equinox Container: 805a6ef3-d931-0018-1f09-d59a2b9552e2][BundleStartStopLogger:38] STOPPED com.liferay.web.page.element.apio.impl_1.0.0 [1076]
2018-03-28 21:41:08.149 INFO  [Refresh Thread: Equinox Container: 805a6ef3-d931-0018-1f09-d59a2b9552e2][BundleStartStopLogger:38] STOPPED com.liferay.person.apio.impl_1.0.0 [1071]
2018-03-28 21:41:08.160 INFO  [Refresh Thread: Equinox Container: 805a6ef3-d931-0018-1f09-d59a2b9552e2][BundleStartStopLogger:38] STOPPED com.liferay.media.object.apio.impl_1.0.0 [1069]
2018-03-28 21:41:08.203 INFO  [Refresh Thread: Equinox Container: 805a6ef3-d931-0018-1f09-d59a2b9552e2][BundleStartStopLogger:38] STOPPED com.liferay.forms.apio.impl_1.0.0 [1065]
2018-03-28 21:41:08.212 INFO  [Refresh Thread: Equinox Container: 805a6ef3-d931-0018-1f09-d59a2b9552e2][BundleStartStopLogger:38] STOPPED com.liferay.folder.apio.impl_1.0.0 [1063]
2018-03-28 21:41:08.220 INFO  [Refresh Thread: Equinox Container: 805a6ef3-d931-0018-1f09-d59a2b9552e2][BundleStartStopLogger:38] STOPPED com.liferay.blog.apio.impl_1.0.0 [1060]
2018-03-28 21:41:08.227 INFO  [Refresh Thread: Equinox Container: 805a6ef3-d931-0018-1f09-d59a2b9552e2][BundleStartStopLogger:38] STOPPED com.liferay.aggregate.rating.apio.impl_1.0.0 [1024]
2018-03-28 21:41:08.228 INFO  [Refresh Thread: Equinox Container: 805a6ef3-d931-0018-1f09-d59a2b9552e2][BundleStartStopLogger:38] STOPPED com.liferay.aggregate.rating.apio.api_1.0.0 [1023]
2018-03-28 21:41:09.472 INFO  [fileinstall-/Users/paulo/Documents/eclipse-workspace/bundles/liferay-portal/osgi/modules][BundleStartStopLogger:38] STOPPED com.liferay.blog.apio.api_1.0.0 [1025]
2018-03-28 21:41:09.478 INFO  [fileinstall-/Users/paulo/Documents/eclipse-workspace/bundles/liferay-portal/osgi/modules][BundleStartStopLogger:38] STOPPED com.liferay.folder.apio.api_1.0.0 [1061]
2018-03-28 21:41:09.484 INFO  [fileinstall-/Users/paulo/Documents/eclipse-workspace/bundles/liferay-portal/osgi/modules][BundleStartStopLogger:38] STOPPED com.liferay.forms.apio.api_1.0.0 [1064]
2018-03-28 21:41:09.491 INFO  [fileinstall-/Users/paulo/Documents/eclipse-workspace/bundles/liferay-portal/osgi/modules][BundleStartStopLogger:38] STOPPED com.liferay.layout.apio.api_1.0.0 [1066]
2018-03-28 21:41:09.503 INFO  [fileinstall-/Users/paulo/Documents/eclipse-workspace/bundles/liferay-portal/osgi/modules][BundleStartStopLogger:38] STOPPED com.liferay.layout.apio.impl_1.0.0 [1067]
2018-03-28 21:41:09.508 INFO  [fileinstall-/Users/paulo/Documents/eclipse-workspace/bundles/liferay-portal/osgi/modules][BundleStartStopLogger:38] STOPPED com.liferay.media.object.apio.api_1.0.0 [1068]
2018-03-28 21:41:09.513 INFO  [fileinstall-/Users/paulo/Documents/eclipse-workspace/bundles/liferay-portal/osgi/modules][BundleStartStopLogger:38] STOPPED com.liferay.person.apio.api_1.0.0 [1070]
2018-03-28 21:41:09.518 INFO  [fileinstall-/Users/paulo/Documents/eclipse-workspace/bundles/liferay-portal/osgi/modules][BundleStartStopLogger:38] STOPPED com.liferay.site.apio.api_1.0.0 [1072]
2018-03-28 21:41:09.525 INFO  [fileinstall-/Users/paulo/Documents/eclipse-workspace/bundles/liferay-portal/osgi/modules][BundleStartStopLogger:38] STOPPED com.liferay.site.apio.impl_1.0.0 [1073]
2018-03-28 21:41:09.530 INFO  [fileinstall-/Users/paulo/Documents/eclipse-workspace/bundles/liferay-portal/osgi/modules][BundleStartStopLogger:38] STOPPED com.liferay.web.page.element.apio.api_1.0.0 [1075]
2018-03-28 21:41:19.846 INFO  [fileinstall-/Users/paulo/Documents/eclipse-workspace/bundles/liferay-portal/osgi/modules][BundleStartStopLogger:35] STARTED com.liferay.folder.apio.api_1.0.0 [1080]
2018-03-28 21:41:19.849 INFO  [fileinstall-/Users/paulo/Documents/eclipse-workspace/bundles/liferay-portal/osgi/modules][BundleStartStopLogger:35] STARTED com.liferay.blog.apio.api_1.0.0 [1078]
2018-03-28 21:41:45.105 INFO  [fileinstall-/Users/paulo/Documents/eclipse-workspace/bundles/liferay-portal/osgi/modules][BundleStartStopLogger:35] STARTED com.liferay.forms.apio.api_1.0.0 [1082]
2018-03-28 21:41:48.630 INFO  [Refresh Thread: Equinox Container: 805a6ef3-d931-0018-1f09-d59a2b9552e2][BundleStartStopLogger:35] STARTED com.liferay.aggregate.rating.apio.api_1.0.0 [1023]
2018-03-28 21:41:48.651 INFO  [Refresh Thread: Equinox Container: 805a6ef3-d931-0018-1f09-d59a2b9552e2][BundleStartStopLogger:35] STARTED com.liferay.aggregate.rating.apio.impl_1.0.0 [1077]
2018-03-28 21:41:48.653 INFO  [fileinstall-/Users/paulo/Documents/eclipse-workspace/bundles/liferay-portal/osgi/portal][BundleStartStopLogger:35] STARTED com.liferay.portal.apio.api_1.0.0 [1083]
2018-03-28 21:41:48.735 INFO  [fileinstall-/Users/paulo/Documents/eclipse-workspace/bundles/liferay-portal/osgi/portal][BundleStartStopLogger:35] STARTED com.liferay.portal.apio.impl_1.0.0 [1084]
2018-03-28 21:41:50.817 INFO  [Refresh Thread: Equinox Container: 805a6ef3-d931-0018-1f09-d59a2b9552e2][BundleStartStopLogger:35] STARTED com.liferay.blog.apio.impl_1.0.0 [1079]
2018-03-28 21:41:50.830 INFO  [Refresh Thread: Equinox Container: 805a6ef3-d931-0018-1f09-d59a2b9552e2][BundleStartStopLogger:35] STARTED com.liferay.folder.apio.impl_1.0.0 [1081]
2018-03-28 21:41:50.845 INFO  [fileinstall-/Users/paulo/Documents/eclipse-workspace/bundles/liferay-portal/osgi/modules][BundleStartStopLogger:35] STARTED com.liferay.person.apio.impl_1.0.0 [1091]
2018-03-28 21:41:50.846 INFO  [fileinstall-/Users/paulo/Documents/eclipse-workspace/bundles/liferay-portal/osgi/modules][BundleStartStopLogger:35] STARTED com.liferay.person.apio.api_1.0.0 [1090]
2018-03-28 21:41:50.906 INFO  [fileinstall-/Users/paulo/Documents/eclipse-workspace/bundles/liferay-portal/osgi/modules][BundleStartStopLogger:35] STARTED com.liferay.forms.apio.impl_1.0.0 [1085]
2018-03-28 21:41:50.908 INFO  [fileinstall-/Users/paulo/Documents/eclipse-workspace/bundles/liferay-portal/osgi/modules][BundleStartStopLogger:35] STARTED com.liferay.media.object.apio.api_1.0.0 [1088]
2018-03-28 21:41:50.909 INFO  [fileinstall-/Users/paulo/Documents/eclipse-workspace/bundles/liferay-portal/osgi/modules][BundleStartStopLogger:35] STARTED com.liferay.web.page.element.apio.api_1.0.0 [1094]
2018-03-28 21:41:50.919 INFO  [fileinstall-/Users/paulo/Documents/eclipse-workspace/bundles/liferay-portal/osgi/modules][BundleStartStopLogger:35] STARTED com.liferay.site.apio.impl_1.0.0 [1093]
2018-03-28 21:41:50.921 INFO  [fileinstall-/Users/paulo/Documents/eclipse-workspace/bundles/liferay-portal/osgi/modules][BundleStartStopLogger:35] STARTED com.liferay.layout.apio.api_1.0.0 [1086]
2018-03-28 21:41:50.922 INFO  [fileinstall-/Users/paulo/Documents/eclipse-workspace/bundles/liferay-portal/osgi/modules][BundleStartStopLogger:35] STARTED com.liferay.site.apio.api_1.0.0 [1092]
2018-03-28 21:41:51.190 INFO  [fileinstall-/Users/paulo/Documents/eclipse-workspace/bundles/liferay-portal/osgi/modules][BundleStartStopLogger:35] STARTED com.liferay.media.object.apio.impl_1.0.0 [1089]
2018-03-28 21:41:51.213 INFO  [fileinstall-/Users/paulo/Documents/eclipse-workspace/bundles/liferay-portal/osgi/modules][BundleStartStopLogger:35] STARTED com.liferay.layout.apio.impl_1.0.0 [1087]
2018-03-28 21:41:56.400 INFO  [fileinstall-/Users/paulo/Documents/eclipse-workspace/bundles/liferay-portal/osgi/modules][BundleStartStopLogger:35] STARTED com.liferay.web.page.element.apio.impl_1.0.0 [1095]
2018-03-28 21:45:44.184 INFO  [fileinstall-/Users/paulo/Documents/eclipse-workspace/bundles/liferay-portal/osgi/portal][BundleStartStopLogger:38] STOPPED com.liferay.portal.apio.api_1.0.0 [1083]
2018-03-28 21:45:44.374 INFO  [fileinstall-/Users/paulo/Documents/eclipse-workspace/bundles/liferay-portal/osgi/portal][BundleStartStopLogger:38] STOPPED com.liferay.portal.apio.impl_1.0.0 [1084]
2018-03-28 21:45:44.399 INFO  [Refresh Thread: Equinox Container: 805a6ef3-d931-0018-1f09-d59a2b9552e2][BundleStartStopLogger:38] STOPPED com.liferay.web.page.element.apio.impl_1.0.0 [1095]
2018-03-28 21:45:44.406 INFO  [Refresh Thread: Equinox Container: 805a6ef3-d931-0018-1f09-d59a2b9552e2][BundleStartStopLogger:38] STOPPED com.liferay.person.apio.impl_1.0.0 [1091]
2018-03-28 21:45:44.414 INFO  [Refresh Thread: Equinox Container: 805a6ef3-d931-0018-1f09-d59a2b9552e2][BundleStartStopLogger:38] STOPPED com.liferay.media.object.apio.impl_1.0.0 [1089]
2018-03-28 21:45:44.450 INFO  [Refresh Thread: Equinox Container: 805a6ef3-d931-0018-1f09-d59a2b9552e2][BundleStartStopLogger:38] STOPPED com.liferay.forms.apio.impl_1.0.0 [1085]
2018-03-28 21:45:44.456 INFO  [Refresh Thread: Equinox Container: 805a6ef3-d931-0018-1f09-d59a2b9552e2][BundleStartStopLogger:38] STOPPED com.liferay.folder.apio.impl_1.0.0 [1081]
2018-03-28 21:45:44.463 INFO  [Refresh Thread: Equinox Container: 805a6ef3-d931-0018-1f09-d59a2b9552e2][BundleStartStopLogger:38] STOPPED com.liferay.blog.apio.impl_1.0.0 [1079]
2018-03-28 21:45:44.467 INFO  [Refresh Thread: Equinox Container: 805a6ef3-d931-0018-1f09-d59a2b9552e2][BundleStartStopLogger:38] STOPPED com.liferay.aggregate.rating.apio.impl_1.0.0 [1077]
2018-03-28 21:45:44.469 INFO  [Refresh Thread: Equinox Container: 805a6ef3-d931-0018-1f09-d59a2b9552e2][BundleStartStopLogger:38] STOPPED com.liferay.aggregate.rating.apio.api_1.0.0 [1023]
2018-03-28 21:45:47.530 INFO  [fileinstall-/Users/paulo/Documents/eclipse-workspace/bundles/liferay-portal/osgi/modules][BundleStartStopLogger:38] STOPPED com.liferay.blog.apio.api_1.0.0 [1078]
2018-03-28 21:45:47.536 INFO  [fileinstall-/Users/paulo/Documents/eclipse-workspace/bundles/liferay-portal/osgi/modules][BundleStartStopLogger:38] STOPPED com.liferay.folder.apio.api_1.0.0 [1080]
2018-03-28 21:45:47.543 INFO  [fileinstall-/Users/paulo/Documents/eclipse-workspace/bundles/liferay-portal/osgi/modules][BundleStartStopLogger:38] STOPPED com.liferay.forms.apio.api_1.0.0 [1082]
2018-03-28 21:45:47.549 INFO  [fileinstall-/Users/paulo/Documents/eclipse-workspace/bundles/liferay-portal/osgi/modules][BundleStartStopLogger:38] STOPPED com.liferay.layout.apio.api_1.0.0 [1086]
2018-03-28 21:45:47.559 INFO  [fileinstall-/Users/paulo/Documents/eclipse-workspace/bundles/liferay-portal/osgi/modules][BundleStartStopLogger:38] STOPPED com.liferay.layout.apio.impl_1.0.0 [1087]
2018-03-28 21:45:47.564 INFO  [fileinstall-/Users/paulo/Documents/eclipse-workspace/bundles/liferay-portal/osgi/modules][BundleStartStopLogger:38] STOPPED com.liferay.media.object.apio.api_1.0.0 [1088]
2018-03-28 21:45:47.573 INFO  [fileinstall-/Users/paulo/Documents/eclipse-workspace/bundles/liferay-portal/osgi/modules][BundleStartStopLogger:38] STOPPED com.liferay.person.apio.api_1.0.0 [1090]
2018-03-28 21:45:47.581 INFO  [fileinstall-/Users/paulo/Documents/eclipse-workspace/bundles/liferay-portal/osgi/modules][BundleStartStopLogger:38] STOPPED com.liferay.site.apio.api_1.0.0 [1092]
2018-03-28 21:45:47.591 INFO  [fileinstall-/Users/paulo/Documents/eclipse-workspace/bundles/liferay-portal/osgi/modules][BundleStartStopLogger:38] STOPPED com.liferay.site.apio.impl_1.0.0 [1093]
2018-03-28 21:45:47.601 INFO  [fileinstall-/Users/paulo/Documents/eclipse-workspace/bundles/liferay-portal/osgi/modules][BundleStartStopLogger:38] STOPPED com.liferay.web.page.element.apio.api_1.0.0 [1094]
2018-03-28 21:45:57.908 INFO  [fileinstall-/Users/paulo/Documents/eclipse-workspace/bundles/liferay-portal/osgi/modules][BundleStartStopLogger:35] STARTED com.liferay.blog.apio.api_1.0.0 [1097]
2018-03-28 21:45:57.910 INFO  [fileinstall-/Users/paulo/Documents/eclipse-workspace/bundles/liferay-portal/osgi/modules][BundleStartStopLogger:35] STARTED com.liferay.folder.apio.api_1.0.0 [1099]
2018-03-28 21:46:28.556 INFO  [fileinstall-/Users/paulo/Documents/eclipse-workspace/bundles/liferay-portal/osgi/modules][BundleStartStopLogger:35] STARTED com.liferay.layout.apio.impl_1.0.0 [1104]
2018-03-28 21:46:28.558 INFO  [fileinstall-/Users/paulo/Documents/eclipse-workspace/bundles/liferay-portal/osgi/modules][BundleStartStopLogger:35] STARTED com.liferay.site.apio.api_1.0.0 [1109]
2018-03-28 21:46:28.559 INFO  [fileinstall-/Users/paulo/Documents/eclipse-workspace/bundles/liferay-portal/osgi/modules][BundleStartStopLogger:35] STARTED com.liferay.layout.apio.api_1.0.0 [1103]
2018-03-28 21:46:28.560 INFO  [fileinstall-/Users/paulo/Documents/eclipse-workspace/bundles/liferay-portal/osgi/modules][BundleStartStopLogger:35] STARTED com.liferay.forms.apio.api_1.0.0 [1101]
2018-03-28 21:46:28.569 INFO  [fileinstall-/Users/paulo/Documents/eclipse-workspace/bundles/liferay-portal/osgi/modules][BundleStartStopLogger:35] STARTED com.liferay.site.apio.impl_1.0.0 [1110]
2018-03-28 21:46:28.571 INFO  [fileinstall-/Users/paulo/Documents/eclipse-workspace/bundles/liferay-portal/osgi/modules][BundleStartStopLogger:35] STARTED com.liferay.web.page.element.apio.api_1.0.0 [1111]
2018-03-28 21:46:28.573 INFO  [fileinstall-/Users/paulo/Documents/eclipse-workspace/bundles/liferay-portal/osgi/modules][BundleStartStopLogger:35] STARTED com.liferay.media.object.apio.api_1.0.0 [1105]
2018-03-28 21:46:28.576 INFO  [fileinstall-/Users/paulo/Documents/eclipse-workspace/bundles/liferay-portal/osgi/modules][BundleStartStopLogger:35] STARTED com.liferay.person.apio.api_1.0.0 [1107]
2018-03-28 21:46:30.135 INFO  [Refresh Thread: Equinox Container: 805a6ef3-d931-0018-1f09-d59a2b9552e2][BundleStartStopLogger:35] STARTED com.liferay.aggregate.rating.apio.api_1.0.0 [1023]
2018-03-28 21:46:30.342 INFO  [Refresh Thread: Equinox Container: 805a6ef3-d931-0018-1f09-d59a2b9552e2][BundleStartStopLogger:35] STARTED com.liferay.aggregate.rating.apio.impl_1.0.0 [1096]
2018-03-28 21:46:30.358 INFO  [Refresh Thread: Equinox Container: 805a6ef3-d931-0018-1f09-d59a2b9552e2][BundleStartStopLogger:35] STARTED com.liferay.blog.apio.impl_1.0.0 [1098]
2018-03-28 21:46:30.371 INFO  [Refresh Thread: Equinox Container: 805a6ef3-d931-0018-1f09-d59a2b9552e2][BundleStartStopLogger:35] STARTED com.liferay.folder.apio.impl_1.0.0 [1100]
2018-03-28 21:46:30.441 INFO  [Refresh Thread: Equinox Container: 805a6ef3-d931-0018-1f09-d59a2b9552e2][BundleStartStopLogger:35] STARTED com.liferay.forms.apio.impl_1.0.0 [1102]
2018-03-28 21:46:30.456 INFO  [Refresh Thread: Equinox Container: 805a6ef3-d931-0018-1f09-d59a2b9552e2][BundleStartStopLogger:35] STARTED com.liferay.media.object.apio.impl_1.0.0 [1106]
2018-03-28 21:46:30.468 INFO  [Refresh Thread: Equinox Container: 805a6ef3-d931-0018-1f09-d59a2b9552e2][BundleStartStopLogger:35] STARTED com.liferay.person.apio.impl_1.0.0 [1108]
2018-03-28 21:46:30.470 INFO  [fileinstall-/Users/paulo/Documents/eclipse-workspace/bundles/liferay-portal/osgi/portal][BundleStartStopLogger:35] STARTED com.liferay.portal.apio.api_1.0.0 [1112]
2018-03-28 21:46:30.552 INFO  [fileinstall-/Users/paulo/Documents/eclipse-workspace/bundles/liferay-portal/osgi/portal][BundleStartStopLogger:35] STARTED com.liferay.portal.apio.impl_1.0.0 [1113]
2018-03-28 21:46:33.771 INFO  [fileinstall-/Users/paulo/Documents/eclipse-workspace/bundles/liferay-portal/osgi/modules][BundleStartStopLogger:35] STARTED com.liferay.web.page.element.apio.impl_1.0.0 [1114]
2018-03-28 22:12:47.929 WARN  [HikariPool-2 housekeeper][HikariPool:676] HikariPool-2 - Thread starvation or clock leap detected (housekeeper delta=20m31s380ms).
2018-03-28 22:12:47.940 WARN  [HikariPool-1 housekeeper][HikariPool:676] HikariPool-1 - Thread starvation or clock leap detected (housekeeper delta=20m31s377ms).
2018-03-28 23:31:47.575 WARN  [HikariPool-2 housekeeper][HikariPool:676] HikariPool-2 - Thread starvation or clock leap detected (housekeeper delta=1h18m59s646ms).
2018-03-28 23:31:47.583 WARN  [HikariPool-1 housekeeper][HikariPool:676] HikariPool-1 - Thread starvation or clock leap detected (housekeeper delta=1h18m59s643ms).
2018-03-28 23:52:50.693 WARN  [HikariPool-2 housekeeper][HikariPool:676] HikariPool-2 - Thread starvation or clock leap detected (housekeeper delta=20m33s110ms).
2018-03-28 23:52:50.702 WARN  [HikariPool-1 housekeeper][HikariPool:676] HikariPool-1 - Thread starvation or clock leap detected (housekeeper delta=20m33s109ms).
