2018-08-10 01:07:17.227 WARN  [HikariPool-1 housekeeper][HikariPool:686] HikariPool-1 - Thread starvation or clock leap detected (housekeeper delta=1h26m10s174ms).
2018-08-10 01:07:21.045 WARN  [HikariPool-2 housekeeper][HikariPool:686] HikariPool-2 - Thread starvation or clock leap detected (housekeeper delta=1h26m10s174ms).
2018-08-10 03:08:15.879 WARN  [HikariPool-1 housekeeper][HikariPool:686] HikariPool-1 - Thread starvation or clock leap detected (housekeeper delta=2h28s637ms).
2018-08-10 03:08:19.700 WARN  [HikariPool-2 housekeeper][HikariPool:686] HikariPool-2 - Thread starvation or clock leap detected (housekeeper delta=2h28s639ms).
2018-08-10 05:09:14.896 WARN  [HikariPool-1 housekeeper][HikariPool:686] HikariPool-1 - Thread starvation or clock leap detected (housekeeper delta=2h29s10ms).
2018-08-10 05:09:18.725 WARN  [HikariPool-2 housekeeper][HikariPool:686] HikariPool-2 - Thread starvation or clock leap detected (housekeeper delta=2h29s9ms).
2018-08-10 07:10:12.918 WARN  [HikariPool-1 housekeeper][HikariPool:686] HikariPool-1 - Thread starvation or clock leap detected (housekeeper delta=2h28s9ms).
2018-08-10 07:10:16.742 WARN  [HikariPool-2 housekeeper][HikariPool:686] HikariPool-2 - Thread starvation or clock leap detected (housekeeper delta=2h28s9ms).
2018-08-10 09:10:37.131 WARN  [HikariPool-1 housekeeper][HikariPool:686] HikariPool-1 - Thread starvation or clock leap detected (housekeeper delta=2h24s213ms).
2018-08-10 09:10:44.791 WARN  [HikariPool-2 housekeeper][HikariPool:686] HikariPool-2 - Thread starvation or clock leap detected (housekeeper delta=2h28s49ms).
2018-08-10 11:11:40.015 WARN  [HikariPool-1 housekeeper][HikariPool:686] HikariPool-1 - Thread starvation or clock leap detected (housekeeper delta=2h29s45ms).
2018-08-10 11:11:43.846 WARN  [HikariPool-2 housekeeper][HikariPool:686] HikariPool-2 - Thread starvation or clock leap detected (housekeeper delta=2h29s51ms).
2018-08-10 11:32:44.520 WARN  [HikariPool-1 housekeeper][HikariPool:686] HikariPool-1 - Thread starvation or clock leap detected (housekeeper delta=20m34s493ms).
2018-08-10 11:32:48.340 WARN  [HikariPool-2 housekeeper][HikariPool:686] HikariPool-2 - Thread starvation or clock leap detected (housekeeper delta=20m34s487ms).
2018-08-10 12:43:14.045 INFO  [liferay/scheduler_dispatch-3][PluginPackageUtil:1264] Reloading repositories
2018-08-10 12:43:16.128 WARN  [HikariPool-1 housekeeper][HikariPool:686] HikariPool-1 - Thread starvation or clock leap detected (housekeeper delta=1h10m1s598ms).
2018-08-10 12:43:19.948 WARN  [HikariPool-2 housekeeper][HikariPool:686] HikariPool-2 - Thread starvation or clock leap detected (housekeeper delta=1h10m1s592ms).
2018-08-10 13:03:45.753 WARN  [HikariPool-1 housekeeper][HikariPool:686] HikariPool-1 - Thread starvation or clock leap detected (housekeeper delta=20m29s625ms).
2018-08-10 13:03:54.292 WARN  [HikariPool-2 housekeeper][HikariPool:686] HikariPool-2 - Thread starvation or clock leap detected (housekeeper delta=20m34s345ms).
2018-08-10 14:03:56.132 WARN  [HikariPool-1 housekeeper][HikariPool:686] HikariPool-1 - Thread starvation or clock leap detected (housekeeper delta=59m35s648ms).
2018-08-10 14:03:59.941 WARN  [HikariPool-2 housekeeper][HikariPool:686] HikariPool-2 - Thread starvation or clock leap detected (housekeeper delta=59m35s641ms).
2018-08-10 17:25:05.946 WARN  [HikariPool-2 housekeeper][HikariPool:686] HikariPool-2 - Thread starvation or clock leap detected (housekeeper delta=1m3s387ms).
2018-08-10 17:25:05.974 WARN  [HikariPool-1 housekeeper][HikariPool:686] HikariPool-1 - Thread starvation or clock leap detected (housekeeper delta=1m3s388ms).
2018-08-10 18:31:26.683 WARN  [HikariPool-2 housekeeper][HikariPool:686] HikariPool-2 - Thread starvation or clock leap detected (housekeeper delta=1m14s617ms).
2018-08-10 18:31:26.691 WARN  [HikariPool-1 housekeeper][HikariPool:686] HikariPool-1 - Thread starvation or clock leap detected (housekeeper delta=1m14s615ms).
2018-08-10 18:49:00.463 WARN  [HikariPool-2 housekeeper][HikariPool:686] HikariPool-2 - Thread starvation or clock leap detected (housekeeper delta=5m3s710ms).
2018-08-10 18:49:00.463 WARN  [HikariPool-1 housekeeper][HikariPool:686] HikariPool-1 - Thread starvation or clock leap detected (housekeeper delta=5m3s710ms).
2018-08-10 19:00:05.102 WARN  [HikariPool-2 housekeeper][HikariPool:686] HikariPool-2 - Thread starvation or clock leap detected (housekeeper delta=10m34s638ms).
2018-08-10 19:00:05.102 WARN  [HikariPool-1 housekeeper][HikariPool:686] HikariPool-1 - Thread starvation or clock leap detected (housekeeper delta=10m34s633ms).
2018-08-10 19:04:35.485 WARN  [HikariPool-2 housekeeper][HikariPool:686] HikariPool-2 - Thread starvation or clock leap detected (housekeeper delta=2m367ms).
2018-08-10 19:04:35.485 WARN  [HikariPool-1 housekeeper][HikariPool:686] HikariPool-1 - Thread starvation or clock leap detected (housekeeper delta=2m367ms).
2018-08-10 19:05:28.067 WARN  [HikariPool-1 housekeeper][HikariPool:686] HikariPool-1 - Thread starvation or clock leap detected (housekeeper delta=52s582ms).
2018-08-10 19:05:28.068 WARN  [HikariPool-2 housekeeper][HikariPool:686] HikariPool-2 - Thread starvation or clock leap detected (housekeeper delta=52s583ms).
2018-08-10 21:09:16.330 WARN  [HikariPool-1 housekeeper][HikariPool:686] HikariPool-1 - Thread starvation or clock leap detected (housekeeper delta=15m39s642ms).
2018-08-10 21:09:16.330 WARN  [HikariPool-2 housekeeper][HikariPool:686] HikariPool-2 - Thread starvation or clock leap detected (housekeeper delta=15m39s642ms).
2018-08-10 22:08:42.098 WARN  [HikariPool-1 housekeeper][HikariPool:686] HikariPool-1 - Thread starvation or clock leap detected (housekeeper delta=59m25s768ms).
2018-08-10 22:08:42.098 WARN  [HikariPool-2 housekeeper][HikariPool:686] HikariPool-2 - Thread starvation or clock leap detected (housekeeper delta=59m25s768ms).
2018-08-10 22:10:08.448 WARN  [HikariPool-1 housekeeper][HikariPool:686] HikariPool-1 - Thread starvation or clock leap detected (housekeeper delta=56s349ms).
2018-08-10 22:10:08.464 WARN  [HikariPool-2 housekeeper][HikariPool:686] HikariPool-2 - Thread starvation or clock leap detected (housekeeper delta=56s348ms).
2018-08-10 22:54:42.183 WARN  [HikariPool-1 housekeeper][HikariPool:686] HikariPool-1 - Thread starvation or clock leap detected (housekeeper delta=44m33s735ms).
2018-08-10 22:54:42.198 WARN  [HikariPool-2 housekeeper][HikariPool:686] HikariPool-2 - Thread starvation or clock leap detected (housekeeper delta=44m33s734ms).
2018-08-10 22:55:15.486 INFO  [Thread-42][ThemeHotDeployListener:136] Unregistering themes for admin-theme
2018-08-10 22:55:15.491 INFO  [Thread-42][ThemeHotDeployListener:170] 1 theme for admin-theme was unregistered
2018-08-10 22:55:15.516 INFO  [Thread-42][PluginPackageUtil:1001] Reading plugin package for admin-theme
2018-08-10 22:55:16.311 INFO  [Thread-42][LayoutTemplateHotDeployListener:137] Unregistering layout templates for frontend-columns-layouttpl
2018-08-10 22:55:16.313 INFO  [Thread-42][LayoutTemplateHotDeployListener:159] 5 layout templates for frontend-columns-layouttpl were unregistered
2018-08-10 22:55:16.314 INFO  [Thread-42][PluginPackageUtil:1001] Reading plugin package for frontend-columns-layouttpl
2018-08-10 22:55:16.461 INFO  [Thread-42][HookHotDeployListener:581] Hook for social-bookmarks-hook was unregistered
2018-08-10 22:55:16.463 INFO  [Thread-42][PluginPackageUtil:1001] Reading plugin package for social-bookmarks-hook
2018-08-10 22:55:17.648 INFO  [Thread-42][ThemeHotDeployListener:136] Unregistering themes for classic-theme
2018-08-10 22:55:17.649 INFO  [Thread-42][ThemeHotDeployListener:170] 1 theme for classic-theme was unregistered
2018-08-10 22:55:17.650 INFO  [Thread-42][PluginPackageUtil:1001] Reading plugin package for classic-theme
2018-08-10 22:55:18.047 INFO  [Thread-42][PortletHotDeployListener:331] Unregistering portlets for powwow-portlet
2018-08-10 22:55:18.082 INFO  [Thread-42][PortletHotDeployListener:365] 2 portlets for powwow-portlet were unregistered
2018-08-10 22:55:18.125 INFO  [Thread-42][HookHotDeployListener:581] Hook for powwow-portlet was unregistered
2018-08-10 22:55:18.471 INFO  [Thread-42][PluginPackageUtil:1001] Reading plugin package for powwow-portlet
2018-08-10 22:55:18.886 INFO  [Thread-42][ThemeHotDeployListener:136] Unregistering themes for westeros-bank-theme
2018-08-10 22:55:18.887 INFO  [Thread-42][ThemeHotDeployListener:170] 1 theme for westeros-bank-theme was unregistered
2018-08-10 22:55:18.889 INFO  [Thread-42][PluginPackageUtil:1001] Reading plugin package for westeros-bank-theme
2018-08-10 22:55:18.992 INFO  [Thread-42][ThemeHotDeployListener:136] Unregistering themes for fjord-theme
2018-08-10 22:55:18.992 INFO  [Thread-42][ThemeHotDeployListener:170] 1 theme for fjord-theme was unregistered
2018-08-10 22:55:18.994 INFO  [Thread-42][PluginPackageUtil:1001] Reading plugin package for fjord-theme
2018-08-10 22:55:19.909 INFO  [Thread-42][PortletHotDeployListener:331] Unregistering portlets for opensocial-portlet
2018-08-10 22:55:20.230 INFO  [Thread-42][PortletHotDeployListener:365] 4 portlets for opensocial-portlet were unregistered
2018-08-10 22:55:20.261 INFO  [Thread-42][HookHotDeployListener:581] Hook for opensocial-portlet was unregistered
2018-08-10 22:55:20.328 INFO  [Thread-42][PluginPackageUtil:1001] Reading plugin package for opensocial-portlet
2018-08-10 22:55:20.366 INFO  [Thread-42][ThemeHotDeployListener:136] Unregistering themes for porygon-theme
2018-08-10 22:55:20.367 INFO  [Thread-42][ThemeHotDeployListener:170] 1 theme for porygon-theme was unregistered
2018-08-10 22:55:20.368 INFO  [Thread-42][PluginPackageUtil:1001] Reading plugin package for porygon-theme
2018-08-10 22:55:20.553 INFO  [Thread-42][PortletHotDeployListener:331] Unregistering portlets for tasks-portlet
2018-08-10 22:55:20.574 INFO  [Thread-42][PortletHotDeployListener:365] 2 portlets for tasks-portlet were unregistered
2018-08-10 22:55:20.609 INFO  [Thread-42][HookHotDeployListener:581] Hook for tasks-portlet was unregistered
2018-08-10 22:55:20.639 INFO  [Thread-42][PluginPackageUtil:1001] Reading plugin package for tasks-portlet
