2018-05-14 00:14:53.849 WARN  [HikariPool-2 housekeeper][HikariPool:676] HikariPool-2 - Thread starvation or clock leap detected (housekeeper delta=17m39s270ms).
2018-05-14 00:14:53.886 WARN  [HikariPool-1 housekeeper][HikariPool:676] HikariPool-1 - Thread starvation or clock leap detected (housekeeper delta=17m39s265ms).
2018-05-14 00:52:03.484 WARN  [HikariPool-2 housekeeper][HikariPool:676] HikariPool-2 - Thread starvation or clock leap detected (housekeeper delta=20m35s213ms).
2018-05-14 00:52:03.529 WARN  [HikariPool-1 housekeeper][HikariPool:676] HikariPool-1 - Thread starvation or clock leap detected (housekeeper delta=20m35s217ms).
2018-05-14 01:12:38.284 WARN  [HikariPool-2 housekeeper][HikariPool:676] HikariPool-2 - Thread starvation or clock leap detected (housekeeper delta=20m34s800ms).
2018-05-14 01:12:38.333 WARN  [HikariPool-1 housekeeper][HikariPool:676] HikariPool-1 - Thread starvation or clock leap detected (housekeeper delta=20m34s805ms).
2018-05-14 01:33:14.104 WARN  [HikariPool-2 housekeeper][HikariPool:676] HikariPool-2 - Thread starvation or clock leap detected (housekeeper delta=20m35s820ms).
2018-05-14 01:33:14.154 WARN  [HikariPool-1 housekeeper][HikariPool:676] HikariPool-1 - Thread starvation or clock leap detected (housekeeper delta=20m35s821ms).
2018-05-14 01:54:18.936 WARN  [HikariPool-2 housekeeper][HikariPool:676] HikariPool-2 - Thread starvation or clock leap detected (housekeeper delta=20m34s821ms).
2018-05-14 01:54:18.983 WARN  [HikariPool-1 housekeeper][HikariPool:676] HikariPool-1 - Thread starvation or clock leap detected (housekeeper delta=20m34s822ms).
2018-05-14 07:16:27.964 WARN  [HikariPool-2 housekeeper][HikariPool:676] HikariPool-2 - Thread starvation or clock leap detected (housekeeper delta=5h22m8s917ms).
2018-05-14 07:16:27.964 WARN  [HikariPool-1 housekeeper][HikariPool:676] HikariPool-1 - Thread starvation or clock leap detected (housekeeper delta=5h22m8s879ms).
2018-05-14 08:10:04.425 WARN  [HikariPool-2 housekeeper][HikariPool:676] HikariPool-2 - Thread starvation or clock leap detected (housekeeper delta=20m34s495ms).
2018-05-14 08:10:04.425 WARN  [HikariPool-1 housekeeper][HikariPool:676] HikariPool-1 - Thread starvation or clock leap detected (housekeeper delta=20m34s495ms).
2018-05-14 08:31:08.842 WARN  [HikariPool-1 housekeeper][HikariPool:676] HikariPool-1 - Thread starvation or clock leap detected (housekeeper delta=20m34s414ms).
2018-05-14 08:31:08.842 WARN  [HikariPool-2 housekeeper][HikariPool:676] HikariPool-2 - Thread starvation or clock leap detected (housekeeper delta=20m34s414ms).
2018-05-14 08:51:44.665 WARN  [HikariPool-2 housekeeper][HikariPool:676] HikariPool-2 - Thread starvation or clock leap detected (housekeeper delta=20m35s823ms).
2018-05-14 08:51:44.665 WARN  [HikariPool-1 housekeeper][HikariPool:676] HikariPool-1 - Thread starvation or clock leap detected (housekeeper delta=20m35s823ms).
2018-05-14 08:59:52.061 WARN  [HikariPool-2 housekeeper][HikariPool:676] HikariPool-2 - Thread starvation or clock leap detected (housekeeper delta=8m7s396ms).
2018-05-14 08:59:52.061 WARN  [HikariPool-1 housekeeper][HikariPool:676] HikariPool-1 - Thread starvation or clock leap detected (housekeeper delta=8m7s396ms).
2018-05-14 09:05:14.962 INFO  [fileinstall-/Users/paulo/Documents/eclipse-workspace/bundles/liferay-portal/osgi/modules][BundleStartStopLogger:38] STOPPED com.liferay.forms.apio.api_1.0.0 [2547]
2018-05-14 09:05:15.001 INFO  [fileinstall-/Users/paulo/Documents/eclipse-workspace/bundles/liferay-portal/osgi/modules][BundleStartStopLogger:38] STOPPED com.liferay.forms.apio.impl_1.0.0 [2548]
2018-05-14 09:05:15.368 INFO  [Refresh Thread: Equinox Container: 8056ee77-5254-0018-1344-c4fe98a5199e][BundleStartStopLogger:35] STARTED com.liferay.forms.apio.api_1.0.0 [2547]
2018-05-14 09:05:15.371 INFO  [Refresh Thread: Equinox Container: 8056ee77-5254-0018-1344-c4fe98a5199e][BundleStartStopLogger:35] STARTED com.liferay.forms.apio.impl_1.0.0 [2548]
2018-05-14 09:08:26.397 INFO  [fileinstall-/Users/paulo/Documents/eclipse-workspace/bundles/liferay-portal/osgi/modules][BundleStartStopLogger:38] STOPPED com.liferay.apio.architect.api_1.0.0 [2561]
2018-05-14 09:08:26.423 INFO  [fileinstall-/Users/paulo/Documents/eclipse-workspace/bundles/liferay-portal/osgi/modules][BundleStartStopLogger:38] STOPPED com.liferay.apio.architect.application_1.0.0 [2562]
2018-05-14 09:08:26.487 INFO  [fileinstall-/Users/paulo/Documents/eclipse-workspace/bundles/liferay-portal/osgi/modules][BundleStartStopLogger:38] STOPPED com.liferay.apio.architect.error_1.0.0 [2563]
2018-05-14 09:08:26.495 INFO  [fileinstall-/Users/paulo/Documents/eclipse-workspace/bundles/liferay-portal/osgi/modules][BundleStartStopLogger:38] STOPPED com.liferay.apio.architect.error.problem.json_1.0.0 [2564]
2018-05-14 09:08:26.539 INFO  [fileinstall-/Users/paulo/Documents/eclipse-workspace/bundles/liferay-portal/osgi/modules][BundleStartStopLogger:38] STOPPED com.liferay.apio.architect.jaxrs.json_1.0.0 [2565]
2018-05-14 09:08:26.553 INFO  [fileinstall-/Users/paulo/Documents/eclipse-workspace/bundles/liferay-portal/osgi/modules][BundleStartStopLogger:38] STOPPED com.liferay.apio.architect.message.hal_1.0.0 [2566]
2018-05-14 09:08:26.579 INFO  [fileinstall-/Users/paulo/Documents/eclipse-workspace/bundles/liferay-portal/osgi/modules][BundleStartStopLogger:38] STOPPED com.liferay.apio.architect.message.json.ld_1.0.0 [2567]
2018-05-14 09:08:26.601 INFO  [fileinstall-/Users/paulo/Documents/eclipse-workspace/bundles/liferay-portal/osgi/modules][BundleStartStopLogger:38] STOPPED com.liferay.apio.architect.message.json.plain_1.0.0 [2568]
2018-05-14 09:08:26.616 INFO  [fileinstall-/Users/paulo/Documents/eclipse-workspace/bundles/liferay-portal/osgi/modules][BundleStartStopLogger:38] STOPPED com.liferay.apio.architect.response.control_1.0.0 [2569]
2018-05-14 09:08:26.621 INFO  [fileinstall-/Users/paulo/Documents/eclipse-workspace/bundles/liferay-portal/osgi/modules][BundleStartStopLogger:38] STOPPED com.liferay.apio.architect.wiring.osgi.api_1.0.0 [2570]
2018-05-14 09:08:26.698 INFO  [fileinstall-/Users/paulo/Documents/eclipse-workspace/bundles/liferay-portal/osgi/modules][BundleStartStopLogger:38] STOPPED com.liferay.apio.architect.wiring.osgi.impl_1.0.0 [2571]
2018-05-14 09:08:26.707 INFO  [fileinstall-/Users/paulo/Documents/eclipse-workspace/bundles/liferay-portal/osgi/modules][BundleStartStopLogger:38] STOPPED com.liferay.apio.architect.writer.api_1.0.0 [2572]
2018-05-14 09:08:26.755 INFO  [Refresh Thread: Equinox Container: 8056ee77-5254-0018-1344-c4fe98a5199e][BundleStartStopLogger:38] STOPPED com.liferay.forms.apio.impl_1.0.0 [2548]
2018-05-14 09:08:26.758 INFO  [Refresh Thread: Equinox Container: 8056ee77-5254-0018-1344-c4fe98a5199e][BundleStartStopLogger:38] STOPPED com.liferay.forms.apio.api_1.0.0 [2547]
2018-05-14 09:08:26.763 INFO  [Refresh Thread: Equinox Container: 8056ee77-5254-0018-1344-c4fe98a5199e][BundleStartStopLogger:38] STOPPED com.liferay.web.page.element.apio.impl_1.0.0 [2465]
2018-05-14 09:08:26.764 INFO  [Refresh Thread: Equinox Container: 8056ee77-5254-0018-1344-c4fe98a5199e][BundleStartStopLogger:38] STOPPED com.liferay.web.page.element.apio.api_1.0.0 [2464]
2018-05-14 09:08:26.773 INFO  [Refresh Thread: Equinox Container: 8056ee77-5254-0018-1344-c4fe98a5199e][BundleStartStopLogger:38] STOPPED com.liferay.site.apio.impl_1.0.0 [2463]
2018-05-14 09:08:26.775 INFO  [Refresh Thread: Equinox Container: 8056ee77-5254-0018-1344-c4fe98a5199e][BundleStartStopLogger:38] STOPPED com.liferay.site.apio.api_1.0.0 [2462]
2018-05-14 09:08:26.780 INFO  [Refresh Thread: Equinox Container: 8056ee77-5254-0018-1344-c4fe98a5199e][BundleStartStopLogger:38] STOPPED com.liferay.person.apio.impl_1.0.0 [2461]
2018-05-14 09:08:26.781 INFO  [Refresh Thread: Equinox Container: 8056ee77-5254-0018-1344-c4fe98a5199e][BundleStartStopLogger:38] STOPPED com.liferay.person.apio.api_1.0.0 [2460]
2018-05-14 09:08:26.788 INFO  [Refresh Thread: Equinox Container: 8056ee77-5254-0018-1344-c4fe98a5199e][BundleStartStopLogger:38] STOPPED com.liferay.media.object.apio.impl_1.0.0 [2459]
2018-05-14 09:08:26.790 INFO  [Refresh Thread: Equinox Container: 8056ee77-5254-0018-1344-c4fe98a5199e][BundleStartStopLogger:38] STOPPED com.liferay.media.object.apio.api_1.0.0 [2458]
2018-05-14 09:08:26.795 INFO  [Refresh Thread: Equinox Container: 8056ee77-5254-0018-1344-c4fe98a5199e][BundleStartStopLogger:38] STOPPED com.liferay.layout.apio.impl_1.0.0 [2457]
2018-05-14 09:08:26.797 INFO  [Refresh Thread: Equinox Container: 8056ee77-5254-0018-1344-c4fe98a5199e][BundleStartStopLogger:38] STOPPED com.liferay.layout.apio.api_1.0.0 [2456]
2018-05-14 09:08:26.804 INFO  [Refresh Thread: Equinox Container: 8056ee77-5254-0018-1344-c4fe98a5199e][BundleStartStopLogger:38] STOPPED com.liferay.folder.apio.impl_1.0.0 [2453]
2018-05-14 09:08:26.833 INFO  [Refresh Thread: Equinox Container: 8056ee77-5254-0018-1344-c4fe98a5199e][BundleStartStopLogger:38] STOPPED com.liferay.portal.apio.impl_1.0.0 [2452]
2018-05-14 09:08:26.835 INFO  [Refresh Thread: Equinox Container: 8056ee77-5254-0018-1344-c4fe98a5199e][BundleStartStopLogger:38] STOPPED com.liferay.portal.apio.api_1.0.0 [2451]
2018-05-14 09:08:26.836 INFO  [Refresh Thread: Equinox Container: 8056ee77-5254-0018-1344-c4fe98a5199e][BundleStartStopLogger:38] STOPPED com.liferay.folder.apio.api_1.0.0 [2450]
2018-05-14 09:08:26.838 INFO  [Refresh Thread: Equinox Container: 8056ee77-5254-0018-1344-c4fe98a5199e][BundleStartStopLogger:38] STOPPED com.liferay.blog.apio.impl_1.0.0 [2449]
2018-05-14 09:08:26.839 INFO  [Refresh Thread: Equinox Container: 8056ee77-5254-0018-1344-c4fe98a5199e][BundleStartStopLogger:38] STOPPED com.liferay.blog.apio.api_1.0.0 [2448]
2018-05-14 09:08:26.843 INFO  [Refresh Thread: Equinox Container: 8056ee77-5254-0018-1344-c4fe98a5199e][BundleStartStopLogger:38] STOPPED com.liferay.aggregate.rating.apio.impl_1.0.0 [2447]
2018-05-14 09:08:26.845 INFO  [Refresh Thread: Equinox Container: 8056ee77-5254-0018-1344-c4fe98a5199e][BundleStartStopLogger:38] STOPPED com.liferay.aggregate.rating.apio.api_1.0.0 [2446]
2018-05-14 09:08:38.423 INFO  [Refresh Thread: Equinox Container: 8056ee77-5254-0018-1344-c4fe98a5199e][BundleStartStopLogger:35] STARTED com.liferay.aggregate.rating.apio.api_1.0.0 [2446]
2018-05-14 09:08:38.425 INFO  [Refresh Thread: Equinox Container: 8056ee77-5254-0018-1344-c4fe98a5199e][BundleStartStopLogger:35] STARTED com.liferay.aggregate.rating.apio.impl_1.0.0 [2447]
2018-05-14 09:08:38.447 INFO  [Refresh Thread: Equinox Container: 8056ee77-5254-0018-1344-c4fe98a5199e][BundleStartStopLogger:35] STARTED com.liferay.blog.apio.api_1.0.0 [2448]
2018-05-14 09:08:38.449 INFO  [Refresh Thread: Equinox Container: 8056ee77-5254-0018-1344-c4fe98a5199e][BundleStartStopLogger:35] STARTED com.liferay.blog.apio.impl_1.0.0 [2449]
2018-05-14 09:08:38.458 INFO  [Refresh Thread: Equinox Container: 8056ee77-5254-0018-1344-c4fe98a5199e][BundleStartStopLogger:35] STARTED com.liferay.folder.apio.api_1.0.0 [2450]
2018-05-14 09:08:38.460 INFO  [Refresh Thread: Equinox Container: 8056ee77-5254-0018-1344-c4fe98a5199e][BundleStartStopLogger:35] STARTED com.liferay.portal.apio.api_1.0.0 [2451]
2018-05-14 09:08:38.462 INFO  [Refresh Thread: Equinox Container: 8056ee77-5254-0018-1344-c4fe98a5199e][BundleStartStopLogger:35] STARTED com.liferay.portal.apio.impl_1.0.0 [2452]
2018-05-14 09:08:38.543 INFO  [Refresh Thread: Equinox Container: 8056ee77-5254-0018-1344-c4fe98a5199e][BundleStartStopLogger:35] STARTED com.liferay.folder.apio.impl_1.0.0 [2453]
2018-05-14 09:08:38.557 INFO  [Refresh Thread: Equinox Container: 8056ee77-5254-0018-1344-c4fe98a5199e][BundleStartStopLogger:35] STARTED com.liferay.layout.apio.api_1.0.0 [2456]
2018-05-14 09:08:38.559 INFO  [Refresh Thread: Equinox Container: 8056ee77-5254-0018-1344-c4fe98a5199e][BundleStartStopLogger:35] STARTED com.liferay.layout.apio.impl_1.0.0 [2457]
2018-05-14 09:08:38.573 INFO  [Refresh Thread: Equinox Container: 8056ee77-5254-0018-1344-c4fe98a5199e][BundleStartStopLogger:35] STARTED com.liferay.media.object.apio.api_1.0.0 [2458]
2018-05-14 09:08:38.575 INFO  [Refresh Thread: Equinox Container: 8056ee77-5254-0018-1344-c4fe98a5199e][BundleStartStopLogger:35] STARTED com.liferay.media.object.apio.impl_1.0.0 [2459]
2018-05-14 09:08:38.595 INFO  [Refresh Thread: Equinox Container: 8056ee77-5254-0018-1344-c4fe98a5199e][BundleStartStopLogger:35] STARTED com.liferay.person.apio.api_1.0.0 [2460]
2018-05-14 09:08:38.597 INFO  [Refresh Thread: Equinox Container: 8056ee77-5254-0018-1344-c4fe98a5199e][BundleStartStopLogger:35] STARTED com.liferay.person.apio.impl_1.0.0 [2461]
2018-05-14 09:08:38.967 INFO  [Refresh Thread: Equinox Container: 8056ee77-5254-0018-1344-c4fe98a5199e][BundleStartStopLogger:35] STARTED com.liferay.site.apio.api_1.0.0 [2462]
2018-05-14 09:08:38.969 INFO  [Refresh Thread: Equinox Container: 8056ee77-5254-0018-1344-c4fe98a5199e][BundleStartStopLogger:35] STARTED com.liferay.site.apio.impl_1.0.0 [2463]
2018-05-14 09:08:38.993 INFO  [Refresh Thread: Equinox Container: 8056ee77-5254-0018-1344-c4fe98a5199e][BundleStartStopLogger:35] STARTED com.liferay.web.page.element.apio.api_1.0.0 [2464]
2018-05-14 09:08:38.996 INFO  [Refresh Thread: Equinox Container: 8056ee77-5254-0018-1344-c4fe98a5199e][BundleStartStopLogger:35] STARTED com.liferay.web.page.element.apio.impl_1.0.0 [2465]
2018-05-14 09:08:39.014 INFO  [Refresh Thread: Equinox Container: 8056ee77-5254-0018-1344-c4fe98a5199e][BundleStartStopLogger:35] STARTED com.liferay.forms.apio.api_1.0.0 [2547]
2018-05-14 09:08:39.016 INFO  [Refresh Thread: Equinox Container: 8056ee77-5254-0018-1344-c4fe98a5199e][BundleStartStopLogger:35] STARTED com.liferay.forms.apio.impl_1.0.0 [2548]
2018-05-14 09:08:39.072 INFO  [fileinstall-/Users/paulo/Documents/eclipse-workspace/bundles/liferay-portal/osgi/modules][BundleStartStopLogger:35] STARTED com.liferay.apio.architect.error_1.0.0 [2575]
2018-05-14 09:08:39.104 INFO  [fileinstall-/Users/paulo/Documents/eclipse-workspace/bundles/liferay-portal/osgi/modules][BundleStartStopLogger:35] STARTED com.liferay.apio.architect.message.json.plain_1.0.0 [2580]
2018-05-14 09:08:39.118 INFO  [fileinstall-/Users/paulo/Documents/eclipse-workspace/bundles/liferay-portal/osgi/modules][BundleStartStopLogger:35] STARTED com.liferay.apio.architect.api_1.0.0 [2573]
2018-05-14 09:08:39.121 INFO  [fileinstall-/Users/paulo/Documents/eclipse-workspace/bundles/liferay-portal/osgi/modules][BundleStartStopLogger:35] STARTED com.liferay.apio.architect.response.control_1.0.0 [2581]
2018-05-14 09:08:39.134 INFO  [fileinstall-/Users/paulo/Documents/eclipse-workspace/bundles/liferay-portal/osgi/modules][BundleStartStopLogger:35] STARTED com.liferay.apio.architect.message.hal_1.0.0 [2578]
2018-05-14 09:08:39.147 INFO  [fileinstall-/Users/paulo/Documents/eclipse-workspace/bundles/liferay-portal/osgi/modules][BundleStartStopLogger:35] STARTED com.liferay.apio.architect.wiring.osgi.api_1.0.0 [2582]
2018-05-14 09:08:39.150 INFO  [fileinstall-/Users/paulo/Documents/eclipse-workspace/bundles/liferay-portal/osgi/modules][BundleStartStopLogger:35] STARTED com.liferay.apio.architect.application_1.0.0 [2574]
2018-05-14 09:08:39.192 INFO  [fileinstall-/Users/paulo/Documents/eclipse-workspace/bundles/liferay-portal/osgi/modules][BundleStartStopLogger:35] STARTED com.liferay.apio.architect.message.json.ld_1.0.0 [2579]
2018-05-14 09:08:39.214 INFO  [fileinstall-/Users/paulo/Documents/eclipse-workspace/bundles/liferay-portal/osgi/modules][BundleStartStopLogger:35] STARTED com.liferay.apio.architect.error.problem.json_1.0.0 [2576]
2018-05-14 09:08:44.441 INFO  [Refresh Thread: Equinox Container: 8056ee77-5254-0018-1344-c4fe98a5199e][BundleStartStopLogger:35] STARTED com.liferay.apio.architect.jaxrs.json_1.0.0 [2577]
2018-05-14 09:08:44.512 INFO  [fileinstall-/Users/paulo/Documents/eclipse-workspace/bundles/liferay-portal/osgi/modules][BundleStartStopLogger:35] STARTED com.liferay.apio.architect.writer.api_1.0.0 [2584]
2018-05-14 09:08:44.519 INFO  [fileinstall-/Users/paulo/Documents/eclipse-workspace/bundles/liferay-portal/osgi/modules][BundleStartStopLogger:35] STARTED com.liferay.apio.architect.wiring.osgi.impl_1.0.0 [2583]
2018-05-14 09:24:37.958 WARN  [HikariPool-2 housekeeper][HikariPool:676] HikariPool-2 - Thread starvation or clock leap detected (housekeeper delta=8m15s803ms).
2018-05-14 09:24:37.958 WARN  [HikariPool-1 housekeeper][HikariPool:676] HikariPool-1 - Thread starvation or clock leap detected (housekeeper delta=8m15s803ms).
2018-05-14 15:04:40.458 INFO  [liferay/scheduler_dispatch-63][PluginPackageUtil:1264] Reloading repositories
2018-05-14 15:08:28.288 INFO  [fileinstall-/Users/paulo/Documents/eclipse-workspace/bundles/liferay-portal/osgi/modules][BundleStartStopLogger:38] STOPPED com.liferay.forms.apio.impl_1.0.0 [2548]
2018-05-14 15:08:33.355 INFO  [fileinstall-/Users/paulo/Documents/eclipse-workspace/bundles/liferay-portal/osgi/modules][BundleStartStopLogger:38] STOPPED com.liferay.forms.apio.api_1.0.0 [2547]
2018-05-14 15:08:33.493 INFO  [Refresh Thread: Equinox Container: 8056ee77-5254-0018-1344-c4fe98a5199e][BundleStartStopLogger:35] STARTED com.liferay.forms.apio.api_1.0.0 [2547]
2018-05-14 15:08:35.727 ERROR [http-nio-8080-exec-8][ApioLoggerImpl:40] No endpoint found at path structures/36502
2018-05-14 15:08:38.683 INFO  [fileinstall-/Users/paulo/Documents/eclipse-workspace/bundles/liferay-portal/osgi/modules][BundleStartStopLogger:35] STARTED com.liferay.forms.apio.impl_1.0.0 [2585]
2018-05-14 15:40:48.633 INFO  [fileinstall-/Users/paulo/Documents/eclipse-workspace/bundles/liferay-portal/osgi/modules][BundleStartStopLogger:38] STOPPED com.liferay.forms.apio.api_1.0.0 [2547]
2018-05-14 15:40:48.670 INFO  [fileinstall-/Users/paulo/Documents/eclipse-workspace/bundles/liferay-portal/osgi/modules][BundleStartStopLogger:38] STOPPED com.liferay.forms.apio.impl_1.0.0 [2585]
2018-05-14 15:40:58.944 INFO  [fileinstall-/Users/paulo/Documents/eclipse-workspace/bundles/liferay-portal/osgi/modules][BundleStartStopLogger:35] STARTED com.liferay.forms.apio.api_1.0.0 [2586]
2018-05-14 15:42:04.271 INFO  [fileinstall-/Users/paulo/Documents/eclipse-workspace/bundles/liferay-portal/osgi/modules][BundleStartStopLogger:38] STOPPED com.liferay.forms.apio.api_1.0.0 [2586]
2018-05-14 15:42:04.415 INFO  [Refresh Thread: Equinox Container: 8056ee77-5254-0018-1344-c4fe98a5199e][BundleStartStopLogger:35] STARTED com.liferay.forms.apio.api_1.0.0 [2586]
2018-05-14 15:42:09.681 INFO  [fileinstall-/Users/paulo/Documents/eclipse-workspace/bundles/liferay-portal/osgi/modules][BundleStartStopLogger:35] STARTED com.liferay.forms.apio.impl_1.0.0 [2587]
2018-05-14 15:47:36.727 INFO  [fileinstall-/Users/paulo/Documents/eclipse-workspace/bundles/liferay-portal/osgi/modules][BundleStartStopLogger:38] STOPPED com.liferay.forms.apio.impl_1.0.0 [2587]
2018-05-14 15:47:41.808 INFO  [fileinstall-/Users/paulo/Documents/eclipse-workspace/bundles/liferay-portal/osgi/modules][BundleStartStopLogger:38] STOPPED com.liferay.forms.apio.api_1.0.0 [2586]
2018-05-14 15:47:41.946 INFO  [Refresh Thread: Equinox Container: 8056ee77-5254-0018-1344-c4fe98a5199e][BundleStartStopLogger:35] STARTED com.liferay.forms.apio.api_1.0.0 [2586]
2018-05-14 15:47:47.117 INFO  [fileinstall-/Users/paulo/Documents/eclipse-workspace/bundles/liferay-portal/osgi/modules][BundleStartStopLogger:35] STARTED com.liferay.forms.apio.impl_1.0.0 [2588]
2018-05-14 16:13:40.439 INFO  [fileinstall-/Users/paulo/Documents/eclipse-workspace/bundles/liferay-portal/osgi/modules][BundleStartStopLogger:38] STOPPED com.liferay.apio.architect.application_1.0.0 [2574]
2018-05-14 16:13:40.477 INFO  [fileinstall-/Users/paulo/Documents/eclipse-workspace/bundles/liferay-portal/osgi/modules][BundleStartStopLogger:38] STOPPED com.liferay.apio.architect.error_1.0.0 [2575]
2018-05-14 16:13:40.486 INFO  [fileinstall-/Users/paulo/Documents/eclipse-workspace/bundles/liferay-portal/osgi/modules][BundleStartStopLogger:38] STOPPED com.liferay.apio.architect.error.problem.json_1.0.0 [2576]
2018-05-14 16:13:40.522 INFO  [fileinstall-/Users/paulo/Documents/eclipse-workspace/bundles/liferay-portal/osgi/modules][BundleStartStopLogger:38] STOPPED com.liferay.apio.architect.jaxrs.json_1.0.0 [2577]
2018-05-14 16:13:40.534 INFO  [fileinstall-/Users/paulo/Documents/eclipse-workspace/bundles/liferay-portal/osgi/modules][BundleStartStopLogger:38] STOPPED com.liferay.apio.architect.message.hal_1.0.0 [2578]
2018-05-14 16:13:40.552 INFO  [fileinstall-/Users/paulo/Documents/eclipse-workspace/bundles/liferay-portal/osgi/modules][BundleStartStopLogger:38] STOPPED com.liferay.apio.architect.message.json.ld_1.0.0 [2579]
2018-05-14 16:13:40.561 INFO  [fileinstall-/Users/paulo/Documents/eclipse-workspace/bundles/liferay-portal/osgi/modules][BundleStartStopLogger:38] STOPPED com.liferay.apio.architect.message.json.plain_1.0.0 [2580]
2018-05-14 16:13:40.591 INFO  [fileinstall-/Users/paulo/Documents/eclipse-workspace/bundles/liferay-portal/osgi/modules][BundleStartStopLogger:38] STOPPED com.liferay.apio.architect.response.control_1.0.0 [2581]
2018-05-14 16:13:40.596 INFO  [fileinstall-/Users/paulo/Documents/eclipse-workspace/bundles/liferay-portal/osgi/modules][BundleStartStopLogger:38] STOPPED com.liferay.apio.architect.wiring.osgi.api_1.0.0 [2582]
2018-05-14 16:13:40.654 INFO  [fileinstall-/Users/paulo/Documents/eclipse-workspace/bundles/liferay-portal/osgi/modules][BundleStartStopLogger:38] STOPPED com.liferay.apio.architect.wiring.osgi.impl_1.0.0 [2583]
2018-05-14 16:13:40.662 INFO  [fileinstall-/Users/paulo/Documents/eclipse-workspace/bundles/liferay-portal/osgi/modules][BundleStartStopLogger:38] STOPPED com.liferay.apio.architect.writer.api_1.0.0 [2584]
2018-05-14 16:13:45.720 INFO  [fileinstall-/Users/paulo/Documents/eclipse-workspace/bundles/liferay-portal/osgi/modules][BundleStartStopLogger:38] STOPPED com.liferay.apio.architect.api_1.0.0 [2573]
2018-05-14 16:13:45.781 INFO  [Refresh Thread: Equinox Container: 8056ee77-5254-0018-1344-c4fe98a5199e][BundleStartStopLogger:38] STOPPED com.liferay.forms.apio.impl_1.0.0 [2588]
2018-05-14 16:13:45.783 INFO  [Refresh Thread: Equinox Container: 8056ee77-5254-0018-1344-c4fe98a5199e][BundleStartStopLogger:38] STOPPED com.liferay.forms.apio.api_1.0.0 [2586]
2018-05-14 16:13:45.786 INFO  [Refresh Thread: Equinox Container: 8056ee77-5254-0018-1344-c4fe98a5199e][BundleStartStopLogger:38] STOPPED com.liferay.web.page.element.apio.impl_1.0.0 [2465]
2018-05-14 16:13:45.787 INFO  [Refresh Thread: Equinox Container: 8056ee77-5254-0018-1344-c4fe98a5199e][BundleStartStopLogger:38] STOPPED com.liferay.web.page.element.apio.api_1.0.0 [2464]
2018-05-14 16:13:45.795 INFO  [Refresh Thread: Equinox Container: 8056ee77-5254-0018-1344-c4fe98a5199e][BundleStartStopLogger:38] STOPPED com.liferay.site.apio.impl_1.0.0 [2463]
2018-05-14 16:13:45.796 INFO  [Refresh Thread: Equinox Container: 8056ee77-5254-0018-1344-c4fe98a5199e][BundleStartStopLogger:38] STOPPED com.liferay.site.apio.api_1.0.0 [2462]
2018-05-14 16:13:45.800 INFO  [Refresh Thread: Equinox Container: 8056ee77-5254-0018-1344-c4fe98a5199e][BundleStartStopLogger:38] STOPPED com.liferay.person.apio.impl_1.0.0 [2461]
2018-05-14 16:13:45.801 INFO  [Refresh Thread: Equinox Container: 8056ee77-5254-0018-1344-c4fe98a5199e][BundleStartStopLogger:38] STOPPED com.liferay.person.apio.api_1.0.0 [2460]
2018-05-14 16:13:45.807 INFO  [Refresh Thread: Equinox Container: 8056ee77-5254-0018-1344-c4fe98a5199e][BundleStartStopLogger:38] STOPPED com.liferay.media.object.apio.impl_1.0.0 [2459]
2018-05-14 16:13:45.809 INFO  [Refresh Thread: Equinox Container: 8056ee77-5254-0018-1344-c4fe98a5199e][BundleStartStopLogger:38] STOPPED com.liferay.media.object.apio.api_1.0.0 [2458]
2018-05-14 16:13:45.812 INFO  [Refresh Thread: Equinox Container: 8056ee77-5254-0018-1344-c4fe98a5199e][BundleStartStopLogger:38] STOPPED com.liferay.layout.apio.impl_1.0.0 [2457]
2018-05-14 16:13:45.813 INFO  [Refresh Thread: Equinox Container: 8056ee77-5254-0018-1344-c4fe98a5199e][BundleStartStopLogger:38] STOPPED com.liferay.layout.apio.api_1.0.0 [2456]
2018-05-14 16:13:45.819 INFO  [Refresh Thread: Equinox Container: 8056ee77-5254-0018-1344-c4fe98a5199e][BundleStartStopLogger:38] STOPPED com.liferay.folder.apio.impl_1.0.0 [2453]
2018-05-14 16:13:45.840 INFO  [Refresh Thread: Equinox Container: 8056ee77-5254-0018-1344-c4fe98a5199e][BundleStartStopLogger:38] STOPPED com.liferay.portal.apio.impl_1.0.0 [2452]
2018-05-14 16:13:45.841 INFO  [Refresh Thread: Equinox Container: 8056ee77-5254-0018-1344-c4fe98a5199e][BundleStartStopLogger:38] STOPPED com.liferay.portal.apio.api_1.0.0 [2451]
2018-05-14 16:13:45.843 INFO  [Refresh Thread: Equinox Container: 8056ee77-5254-0018-1344-c4fe98a5199e][BundleStartStopLogger:38] STOPPED com.liferay.folder.apio.api_1.0.0 [2450]
2018-05-14 16:13:45.844 INFO  [Refresh Thread: Equinox Container: 8056ee77-5254-0018-1344-c4fe98a5199e][BundleStartStopLogger:38] STOPPED com.liferay.blog.apio.impl_1.0.0 [2449]
2018-05-14 16:13:45.845 INFO  [Refresh Thread: Equinox Container: 8056ee77-5254-0018-1344-c4fe98a5199e][BundleStartStopLogger:38] STOPPED com.liferay.blog.apio.api_1.0.0 [2448]
2018-05-14 16:13:45.848 INFO  [Refresh Thread: Equinox Container: 8056ee77-5254-0018-1344-c4fe98a5199e][BundleStartStopLogger:38] STOPPED com.liferay.aggregate.rating.apio.impl_1.0.0 [2447]
2018-05-14 16:13:45.850 INFO  [Refresh Thread: Equinox Container: 8056ee77-5254-0018-1344-c4fe98a5199e][BundleStartStopLogger:38] STOPPED com.liferay.aggregate.rating.apio.api_1.0.0 [2446]
2018-05-14 16:13:46.889 INFO  [Refresh Thread: Equinox Container: 8056ee77-5254-0018-1344-c4fe98a5199e][BundleStartStopLogger:35] STARTED com.liferay.aggregate.rating.apio.api_1.0.0 [2446]
2018-05-14 16:13:46.891 INFO  [Refresh Thread: Equinox Container: 8056ee77-5254-0018-1344-c4fe98a5199e][BundleStartStopLogger:35] STARTED com.liferay.aggregate.rating.apio.impl_1.0.0 [2447]
2018-05-14 16:13:47.169 INFO  [Refresh Thread: Equinox Container: 8056ee77-5254-0018-1344-c4fe98a5199e][BundleStartStopLogger:35] STARTED com.liferay.blog.apio.api_1.0.0 [2448]
2018-05-14 16:13:47.171 INFO  [Refresh Thread: Equinox Container: 8056ee77-5254-0018-1344-c4fe98a5199e][BundleStartStopLogger:35] STARTED com.liferay.blog.apio.impl_1.0.0 [2449]
2018-05-14 16:13:47.179 INFO  [Refresh Thread: Equinox Container: 8056ee77-5254-0018-1344-c4fe98a5199e][BundleStartStopLogger:35] STARTED com.liferay.folder.apio.api_1.0.0 [2450]
2018-05-14 16:13:47.180 INFO  [Refresh Thread: Equinox Container: 8056ee77-5254-0018-1344-c4fe98a5199e][BundleStartStopLogger:35] STARTED com.liferay.portal.apio.api_1.0.0 [2451]
2018-05-14 16:13:47.182 INFO  [Refresh Thread: Equinox Container: 8056ee77-5254-0018-1344-c4fe98a5199e][BundleStartStopLogger:35] STARTED com.liferay.portal.apio.impl_1.0.0 [2452]
2018-05-14 16:13:47.538 INFO  [Refresh Thread: Equinox Container: 8056ee77-5254-0018-1344-c4fe98a5199e][BundleStartStopLogger:35] STARTED com.liferay.folder.apio.impl_1.0.0 [2453]
2018-05-14 16:13:47.555 INFO  [Refresh Thread: Equinox Container: 8056ee77-5254-0018-1344-c4fe98a5199e][BundleStartStopLogger:35] STARTED com.liferay.layout.apio.api_1.0.0 [2456]
2018-05-14 16:13:47.557 INFO  [Refresh Thread: Equinox Container: 8056ee77-5254-0018-1344-c4fe98a5199e][BundleStartStopLogger:35] STARTED com.liferay.layout.apio.impl_1.0.0 [2457]
2018-05-14 16:13:47.570 INFO  [Refresh Thread: Equinox Container: 8056ee77-5254-0018-1344-c4fe98a5199e][BundleStartStopLogger:35] STARTED com.liferay.media.object.apio.api_1.0.0 [2458]
2018-05-14 16:13:47.572 INFO  [Refresh Thread: Equinox Container: 8056ee77-5254-0018-1344-c4fe98a5199e][BundleStartStopLogger:35] STARTED com.liferay.media.object.apio.impl_1.0.0 [2459]
2018-05-14 16:13:47.586 INFO  [Refresh Thread: Equinox Container: 8056ee77-5254-0018-1344-c4fe98a5199e][BundleStartStopLogger:35] STARTED com.liferay.person.apio.api_1.0.0 [2460]
2018-05-14 16:13:47.587 INFO  [Refresh Thread: Equinox Container: 8056ee77-5254-0018-1344-c4fe98a5199e][BundleStartStopLogger:35] STARTED com.liferay.person.apio.impl_1.0.0 [2461]
2018-05-14 16:13:47.700 INFO  [Refresh Thread: Equinox Container: 8056ee77-5254-0018-1344-c4fe98a5199e][BundleStartStopLogger:35] STARTED com.liferay.site.apio.api_1.0.0 [2462]
2018-05-14 16:13:47.703 INFO  [Refresh Thread: Equinox Container: 8056ee77-5254-0018-1344-c4fe98a5199e][BundleStartStopLogger:35] STARTED com.liferay.site.apio.impl_1.0.0 [2463]
2018-05-14 16:13:47.726 INFO  [Refresh Thread: Equinox Container: 8056ee77-5254-0018-1344-c4fe98a5199e][BundleStartStopLogger:35] STARTED com.liferay.web.page.element.apio.api_1.0.0 [2464]
2018-05-14 16:13:47.727 INFO  [Refresh Thread: Equinox Container: 8056ee77-5254-0018-1344-c4fe98a5199e][BundleStartStopLogger:35] STARTED com.liferay.web.page.element.apio.impl_1.0.0 [2465]
2018-05-14 16:13:47.741 INFO  [Refresh Thread: Equinox Container: 8056ee77-5254-0018-1344-c4fe98a5199e][BundleStartStopLogger:35] STARTED com.liferay.forms.apio.api_1.0.0 [2586]
2018-05-14 16:13:47.744 INFO  [Refresh Thread: Equinox Container: 8056ee77-5254-0018-1344-c4fe98a5199e][BundleStartStopLogger:35] STARTED com.liferay.forms.apio.impl_1.0.0 [2588]
2018-05-14 16:13:47.797 INFO  [Refresh Thread: Equinox Container: 8056ee77-5254-0018-1344-c4fe98a5199e][BundleStartStopLogger:35] STARTED com.liferay.apio.architect.api_1.0.0 [2573]
2018-05-14 16:13:53.208 INFO  [fileinstall-/Users/paulo/Documents/eclipse-workspace/bundles/liferay-portal/osgi/modules][BundleStartStopLogger:35] STARTED com.liferay.apio.architect.error_1.0.0 [2590]
2018-05-14 16:13:53.241 INFO  [fileinstall-/Users/paulo/Documents/eclipse-workspace/bundles/liferay-portal/osgi/modules][BundleStartStopLogger:35] STARTED com.liferay.apio.architect.message.json.ld_1.0.0 [2594]
2018-05-14 16:13:53.266 INFO  [fileinstall-/Users/paulo/Documents/eclipse-workspace/bundles/liferay-portal/osgi/modules][BundleStartStopLogger:35] STARTED com.liferay.apio.architect.response.control_1.0.0 [2596]
2018-05-14 16:13:53.282 INFO  [fileinstall-/Users/paulo/Documents/eclipse-workspace/bundles/liferay-portal/osgi/modules][BundleStartStopLogger:35] STARTED com.liferay.apio.architect.message.json.plain_1.0.0 [2595]
2018-05-14 16:13:53.291 INFO  [fileinstall-/Users/paulo/Documents/eclipse-workspace/bundles/liferay-portal/osgi/modules][BundleStartStopLogger:35] STARTED com.liferay.apio.architect.error.problem.json_1.0.0 [2591]
2018-05-14 16:13:58.641 INFO  [Refresh Thread: Equinox Container: 8056ee77-5254-0018-1344-c4fe98a5199e][BundleStartStopLogger:35] STARTED com.liferay.apio.architect.application_1.0.0 [2589]
2018-05-14 16:13:58.705 INFO  [Refresh Thread: Equinox Container: 8056ee77-5254-0018-1344-c4fe98a5199e][BundleStartStopLogger:35] STARTED com.liferay.apio.architect.jaxrs.json_1.0.0 [2592]
2018-05-14 16:13:58.774 INFO  [Refresh Thread: Equinox Container: 8056ee77-5254-0018-1344-c4fe98a5199e][BundleStartStopLogger:35] STARTED com.liferay.apio.architect.message.hal_1.0.0 [2593]
2018-05-14 16:13:58.783 INFO  [fileinstall-/Users/paulo/Documents/eclipse-workspace/bundles/liferay-portal/osgi/modules][BundleStartStopLogger:35] STARTED com.liferay.apio.architect.wiring.osgi.api_1.0.0 [2597]
2018-05-14 16:13:58.785 INFO  [fileinstall-/Users/paulo/Documents/eclipse-workspace/bundles/liferay-portal/osgi/modules][BundleStartStopLogger:35] STARTED com.liferay.apio.architect.writer.api_1.0.0 [2599]
2018-05-14 16:13:58.793 INFO  [fileinstall-/Users/paulo/Documents/eclipse-workspace/bundles/liferay-portal/osgi/modules][BundleStartStopLogger:35] STARTED com.liferay.apio.architect.wiring.osgi.impl_1.0.0 [2598]
2018-05-14 16:15:54.972 INFO  [fileinstall-/Users/paulo/Documents/eclipse-workspace/bundles/liferay-portal/osgi/modules][BundleStartStopLogger:38] STOPPED com.liferay.apio.architect.api_1.0.0 [2573]
2018-05-14 16:15:55.004 INFO  [fileinstall-/Users/paulo/Documents/eclipse-workspace/bundles/liferay-portal/osgi/modules][BundleStartStopLogger:38] STOPPED com.liferay.apio.architect.application_1.0.0 [2589]
2018-05-14 16:15:55.045 INFO  [fileinstall-/Users/paulo/Documents/eclipse-workspace/bundles/liferay-portal/osgi/modules][BundleStartStopLogger:38] STOPPED com.liferay.apio.architect.error_1.0.0 [2590]
2018-05-14 16:15:55.053 INFO  [fileinstall-/Users/paulo/Documents/eclipse-workspace/bundles/liferay-portal/osgi/modules][BundleStartStopLogger:38] STOPPED com.liferay.apio.architect.error.problem.json_1.0.0 [2591]
2018-05-14 16:15:55.093 INFO  [fileinstall-/Users/paulo/Documents/eclipse-workspace/bundles/liferay-portal/osgi/modules][BundleStartStopLogger:38] STOPPED com.liferay.apio.architect.jaxrs.json_1.0.0 [2592]
2018-05-14 16:15:55.106 INFO  [fileinstall-/Users/paulo/Documents/eclipse-workspace/bundles/liferay-portal/osgi/modules][BundleStartStopLogger:38] STOPPED com.liferay.apio.architect.message.hal_1.0.0 [2593]
2018-05-14 16:15:55.143 INFO  [fileinstall-/Users/paulo/Documents/eclipse-workspace/bundles/liferay-portal/osgi/modules][BundleStartStopLogger:38] STOPPED com.liferay.apio.architect.message.json.ld_1.0.0 [2594]
2018-05-14 16:15:55.154 INFO  [fileinstall-/Users/paulo/Documents/eclipse-workspace/bundles/liferay-portal/osgi/modules][BundleStartStopLogger:38] STOPPED com.liferay.apio.architect.message.json.plain_1.0.0 [2595]
2018-05-14 16:15:55.168 INFO  [fileinstall-/Users/paulo/Documents/eclipse-workspace/bundles/liferay-portal/osgi/modules][BundleStartStopLogger:38] STOPPED com.liferay.apio.architect.response.control_1.0.0 [2596]
2018-05-14 16:15:55.173 INFO  [fileinstall-/Users/paulo/Documents/eclipse-workspace/bundles/liferay-portal/osgi/modules][BundleStartStopLogger:38] STOPPED com.liferay.apio.architect.wiring.osgi.api_1.0.0 [2597]
2018-05-14 16:15:55.247 INFO  [fileinstall-/Users/paulo/Documents/eclipse-workspace/bundles/liferay-portal/osgi/modules][BundleStartStopLogger:38] STOPPED com.liferay.apio.architect.wiring.osgi.impl_1.0.0 [2598]
2018-05-14 16:15:55.257 INFO  [fileinstall-/Users/paulo/Documents/eclipse-workspace/bundles/liferay-portal/osgi/modules][BundleStartStopLogger:38] STOPPED com.liferay.apio.architect.writer.api_1.0.0 [2599]
2018-05-14 16:15:55.320 INFO  [Refresh Thread: Equinox Container: 8056ee77-5254-0018-1344-c4fe98a5199e][BundleStartStopLogger:38] STOPPED com.liferay.forms.apio.impl_1.0.0 [2588]
2018-05-14 16:15:55.322 INFO  [Refresh Thread: Equinox Container: 8056ee77-5254-0018-1344-c4fe98a5199e][BundleStartStopLogger:38] STOPPED com.liferay.forms.apio.api_1.0.0 [2586]
2018-05-14 16:15:55.327 INFO  [Refresh Thread: Equinox Container: 8056ee77-5254-0018-1344-c4fe98a5199e][BundleStartStopLogger:38] STOPPED com.liferay.web.page.element.apio.impl_1.0.0 [2465]
2018-05-14 16:15:55.329 INFO  [Refresh Thread: Equinox Container: 8056ee77-5254-0018-1344-c4fe98a5199e][BundleStartStopLogger:38] STOPPED com.liferay.web.page.element.apio.api_1.0.0 [2464]
2018-05-14 16:15:55.337 INFO  [Refresh Thread: Equinox Container: 8056ee77-5254-0018-1344-c4fe98a5199e][BundleStartStopLogger:38] STOPPED com.liferay.site.apio.impl_1.0.0 [2463]
2018-05-14 16:15:55.340 INFO  [Refresh Thread: Equinox Container: 8056ee77-5254-0018-1344-c4fe98a5199e][BundleStartStopLogger:38] STOPPED com.liferay.site.apio.api_1.0.0 [2462]
2018-05-14 16:15:55.344 INFO  [Refresh Thread: Equinox Container: 8056ee77-5254-0018-1344-c4fe98a5199e][BundleStartStopLogger:38] STOPPED com.liferay.person.apio.impl_1.0.0 [2461]
2018-05-14 16:15:55.345 INFO  [Refresh Thread: Equinox Container: 8056ee77-5254-0018-1344-c4fe98a5199e][BundleStartStopLogger:38] STOPPED com.liferay.person.apio.api_1.0.0 [2460]
2018-05-14 16:15:55.350 INFO  [Refresh Thread: Equinox Container: 8056ee77-5254-0018-1344-c4fe98a5199e][BundleStartStopLogger:38] STOPPED com.liferay.media.object.apio.impl_1.0.0 [2459]
2018-05-14 16:15:55.352 INFO  [Refresh Thread: Equinox Container: 8056ee77-5254-0018-1344-c4fe98a5199e][BundleStartStopLogger:38] STOPPED com.liferay.media.object.apio.api_1.0.0 [2458]
2018-05-14 16:15:55.355 INFO  [Refresh Thread: Equinox Container: 8056ee77-5254-0018-1344-c4fe98a5199e][BundleStartStopLogger:38] STOPPED com.liferay.layout.apio.impl_1.0.0 [2457]
2018-05-14 16:15:55.357 INFO  [Refresh Thread: Equinox Container: 8056ee77-5254-0018-1344-c4fe98a5199e][BundleStartStopLogger:38] STOPPED com.liferay.layout.apio.api_1.0.0 [2456]
2018-05-14 16:15:55.377 INFO  [Refresh Thread: Equinox Container: 8056ee77-5254-0018-1344-c4fe98a5199e][BundleStartStopLogger:38] STOPPED com.liferay.folder.apio.impl_1.0.0 [2453]
2018-05-14 16:15:55.408 INFO  [Refresh Thread: Equinox Container: 8056ee77-5254-0018-1344-c4fe98a5199e][BundleStartStopLogger:38] STOPPED com.liferay.portal.apio.impl_1.0.0 [2452]
2018-05-14 16:15:55.409 INFO  [Refresh Thread: Equinox Container: 8056ee77-5254-0018-1344-c4fe98a5199e][BundleStartStopLogger:38] STOPPED com.liferay.portal.apio.api_1.0.0 [2451]
2018-05-14 16:15:55.411 INFO  [Refresh Thread: Equinox Container: 8056ee77-5254-0018-1344-c4fe98a5199e][BundleStartStopLogger:38] STOPPED com.liferay.folder.apio.api_1.0.0 [2450]
2018-05-14 16:15:55.412 INFO  [Refresh Thread: Equinox Container: 8056ee77-5254-0018-1344-c4fe98a5199e][BundleStartStopLogger:38] STOPPED com.liferay.blog.apio.impl_1.0.0 [2449]
2018-05-14 16:15:55.414 INFO  [Refresh Thread: Equinox Container: 8056ee77-5254-0018-1344-c4fe98a5199e][BundleStartStopLogger:38] STOPPED com.liferay.blog.apio.api_1.0.0 [2448]
2018-05-14 16:15:55.417 INFO  [Refresh Thread: Equinox Container: 8056ee77-5254-0018-1344-c4fe98a5199e][BundleStartStopLogger:38] STOPPED com.liferay.aggregate.rating.apio.impl_1.0.0 [2447]
2018-05-14 16:15:55.418 INFO  [Refresh Thread: Equinox Container: 8056ee77-5254-0018-1344-c4fe98a5199e][BundleStartStopLogger:38] STOPPED com.liferay.aggregate.rating.apio.api_1.0.0 [2446]
2018-05-14 16:16:07.222 INFO  [Refresh Thread: Equinox Container: 8056ee77-5254-0018-1344-c4fe98a5199e][BundleStartStopLogger:35] STARTED com.liferay.aggregate.rating.apio.api_1.0.0 [2446]
2018-05-14 16:16:07.227 INFO  [Refresh Thread: Equinox Container: 8056ee77-5254-0018-1344-c4fe98a5199e][BundleStartStopLogger:35] STARTED com.liferay.aggregate.rating.apio.impl_1.0.0 [2447]
2018-05-14 16:16:07.595 INFO  [Refresh Thread: Equinox Container: 8056ee77-5254-0018-1344-c4fe98a5199e][BundleStartStopLogger:35] STARTED com.liferay.blog.apio.api_1.0.0 [2448]
2018-05-14 16:16:07.597 INFO  [Refresh Thread: Equinox Container: 8056ee77-5254-0018-1344-c4fe98a5199e][BundleStartStopLogger:35] STARTED com.liferay.blog.apio.impl_1.0.0 [2449]
2018-05-14 16:16:07.605 INFO  [Refresh Thread: Equinox Container: 8056ee77-5254-0018-1344-c4fe98a5199e][BundleStartStopLogger:35] STARTED com.liferay.folder.apio.api_1.0.0 [2450]
2018-05-14 16:16:07.607 INFO  [Refresh Thread: Equinox Container: 8056ee77-5254-0018-1344-c4fe98a5199e][BundleStartStopLogger:35] STARTED com.liferay.portal.apio.api_1.0.0 [2451]
2018-05-14 16:16:07.608 INFO  [Refresh Thread: Equinox Container: 8056ee77-5254-0018-1344-c4fe98a5199e][BundleStartStopLogger:35] STARTED com.liferay.portal.apio.impl_1.0.0 [2452]
2018-05-14 16:16:07.682 INFO  [Refresh Thread: Equinox Container: 8056ee77-5254-0018-1344-c4fe98a5199e][BundleStartStopLogger:35] STARTED com.liferay.folder.apio.impl_1.0.0 [2453]
2018-05-14 16:16:08.043 INFO  [Refresh Thread: Equinox Container: 8056ee77-5254-0018-1344-c4fe98a5199e][BundleStartStopLogger:35] STARTED com.liferay.layout.apio.api_1.0.0 [2456]
2018-05-14 16:16:08.045 INFO  [Refresh Thread: Equinox Container: 8056ee77-5254-0018-1344-c4fe98a5199e][BundleStartStopLogger:35] STARTED com.liferay.layout.apio.impl_1.0.0 [2457]
2018-05-14 16:16:08.059 INFO  [Refresh Thread: Equinox Container: 8056ee77-5254-0018-1344-c4fe98a5199e][BundleStartStopLogger:35] STARTED com.liferay.media.object.apio.api_1.0.0 [2458]
2018-05-14 16:16:08.060 INFO  [Refresh Thread: Equinox Container: 8056ee77-5254-0018-1344-c4fe98a5199e][BundleStartStopLogger:35] STARTED com.liferay.media.object.apio.impl_1.0.0 [2459]
2018-05-14 16:16:08.080 INFO  [Refresh Thread: Equinox Container: 8056ee77-5254-0018-1344-c4fe98a5199e][BundleStartStopLogger:35] STARTED com.liferay.person.apio.api_1.0.0 [2460]
2018-05-14 16:16:08.082 INFO  [Refresh Thread: Equinox Container: 8056ee77-5254-0018-1344-c4fe98a5199e][BundleStartStopLogger:35] STARTED com.liferay.person.apio.impl_1.0.0 [2461]
2018-05-14 16:16:08.123 INFO  [Refresh Thread: Equinox Container: 8056ee77-5254-0018-1344-c4fe98a5199e][BundleStartStopLogger:35] STARTED com.liferay.site.apio.api_1.0.0 [2462]
2018-05-14 16:16:08.126 INFO  [Refresh Thread: Equinox Container: 8056ee77-5254-0018-1344-c4fe98a5199e][BundleStartStopLogger:35] STARTED com.liferay.site.apio.impl_1.0.0 [2463]
2018-05-14 16:16:08.150 INFO  [Refresh Thread: Equinox Container: 8056ee77-5254-0018-1344-c4fe98a5199e][BundleStartStopLogger:35] STARTED com.liferay.web.page.element.apio.api_1.0.0 [2464]
2018-05-14 16:16:08.152 INFO  [Refresh Thread: Equinox Container: 8056ee77-5254-0018-1344-c4fe98a5199e][BundleStartStopLogger:35] STARTED com.liferay.web.page.element.apio.impl_1.0.0 [2465]
2018-05-14 16:16:08.168 INFO  [Refresh Thread: Equinox Container: 8056ee77-5254-0018-1344-c4fe98a5199e][BundleStartStopLogger:35] STARTED com.liferay.forms.apio.api_1.0.0 [2586]
2018-05-14 16:16:08.170 INFO  [Refresh Thread: Equinox Container: 8056ee77-5254-0018-1344-c4fe98a5199e][BundleStartStopLogger:35] STARTED com.liferay.forms.apio.impl_1.0.0 [2588]
2018-05-14 16:16:08.223 INFO  [fileinstall-/Users/paulo/Documents/eclipse-workspace/bundles/liferay-portal/osgi/modules][BundleStartStopLogger:35] STARTED com.liferay.apio.architect.message.json.ld_1.0.0 [2606]
2018-05-14 16:16:08.251 INFO  [fileinstall-/Users/paulo/Documents/eclipse-workspace/bundles/liferay-portal/osgi/modules][BundleStartStopLogger:35] STARTED com.liferay.apio.architect.error_1.0.0 [2602]
2018-05-14 16:16:08.281 INFO  [fileinstall-/Users/paulo/Documents/eclipse-workspace/bundles/liferay-portal/osgi/modules][BundleStartStopLogger:35] STARTED com.liferay.apio.architect.message.json.plain_1.0.0 [2607]
2018-05-14 16:16:08.291 INFO  [fileinstall-/Users/paulo/Documents/eclipse-workspace/bundles/liferay-portal/osgi/modules][BundleStartStopLogger:35] STARTED com.liferay.apio.architect.response.control_1.0.0 [2608]
2018-05-14 16:16:08.302 INFO  [fileinstall-/Users/paulo/Documents/eclipse-workspace/bundles/liferay-portal/osgi/modules][BundleStartStopLogger:35] STARTED com.liferay.apio.architect.wiring.osgi.api_1.0.0 [2609]
2018-05-14 16:16:08.304 INFO  [fileinstall-/Users/paulo/Documents/eclipse-workspace/bundles/liferay-portal/osgi/modules][BundleStartStopLogger:35] STARTED com.liferay.apio.architect.api_1.0.0 [2600]
2018-05-14 16:16:08.307 INFO  [fileinstall-/Users/paulo/Documents/eclipse-workspace/bundles/liferay-portal/osgi/modules][BundleStartStopLogger:35] STARTED com.liferay.apio.architect.error.problem.json_1.0.0 [2603]
2018-05-14 16:16:08.315 INFO  [fileinstall-/Users/paulo/Documents/eclipse-workspace/bundles/liferay-portal/osgi/modules][BundleStartStopLogger:35] STARTED com.liferay.apio.architect.message.hal_1.0.0 [2605]
2018-05-14 16:16:08.325 INFO  [fileinstall-/Users/paulo/Documents/eclipse-workspace/bundles/liferay-portal/osgi/modules][BundleStartStopLogger:35] STARTED com.liferay.apio.architect.application_1.0.0 [2601]
2018-05-14 16:16:13.596 INFO  [Refresh Thread: Equinox Container: 8056ee77-5254-0018-1344-c4fe98a5199e][BundleStartStopLogger:35] STARTED com.liferay.apio.architect.jaxrs.json_1.0.0 [2604]
2018-05-14 16:16:13.737 INFO  [fileinstall-/Users/paulo/Documents/eclipse-workspace/bundles/liferay-portal/osgi/modules][BundleStartStopLogger:35] STARTED com.liferay.apio.architect.wiring.osgi.impl_1.0.0 [2610]
2018-05-14 16:16:14.326 INFO  [fileinstall-/Users/paulo/Documents/eclipse-workspace/bundles/liferay-portal/osgi/modules][BundleStartStopLogger:35] STARTED com.liferay.apio.architect.writer.api_1.0.0 [2611]
2018-05-14 16:22:46.276 INFO  [fileinstall-/Users/paulo/Documents/eclipse-workspace/bundles/liferay-portal/osgi/modules][BundleStartStopLogger:38] STOPPED com.liferay.forms.apio.api_1.0.0 [2586]
2018-05-14 16:22:46.355 INFO  [fileinstall-/Users/paulo/Documents/eclipse-workspace/bundles/liferay-portal/osgi/modules][BundleStartStopLogger:38] STOPPED com.liferay.forms.apio.impl_1.0.0 [2588]
2018-05-14 16:22:46.562 INFO  [Refresh Thread: Equinox Container: 8056ee77-5254-0018-1344-c4fe98a5199e][BundleStartStopLogger:35] STARTED com.liferay.forms.apio.api_1.0.0 [2586]
2018-05-14 16:22:46.564 INFO  [Refresh Thread: Equinox Container: 8056ee77-5254-0018-1344-c4fe98a5199e][BundleStartStopLogger:35] STARTED com.liferay.forms.apio.impl_1.0.0 [2588]
2018-05-14 16:34:11.762 INFO  [fileinstall-/Users/paulo/Documents/eclipse-workspace/bundles/liferay-portal/osgi/modules][BundleStartStopLogger:38] STOPPED com.liferay.forms.apio.api_1.0.0 [2586]
2018-05-14 16:34:11.831 INFO  [fileinstall-/Users/paulo/Documents/eclipse-workspace/bundles/liferay-portal/osgi/modules][BundleStartStopLogger:38] STOPPED com.liferay.forms.apio.impl_1.0.0 [2588]
2018-05-14 16:34:22.114 INFO  [fileinstall-/Users/paulo/Documents/eclipse-workspace/bundles/liferay-portal/osgi/modules][BundleStartStopLogger:35] STARTED com.liferay.forms.apio.api_1.0.0 [2612]
2018-05-14 16:34:22.117 INFO  [fileinstall-/Users/paulo/Documents/eclipse-workspace/bundles/liferay-portal/osgi/modules][BundleStartStopLogger:35] STARTED com.liferay.forms.apio.impl_1.0.0 [2613]
2018-05-14 17:59:59.438 INFO  [fileinstall-/Users/paulo/Documents/eclipse-workspace/bundles/liferay-portal/osgi/modules][BundleStartStopLogger:38] STOPPED com.liferay.forms.apio.api_1.0.0 [2612]
2018-05-14 17:59:59.482 INFO  [fileinstall-/Users/paulo/Documents/eclipse-workspace/bundles/liferay-portal/osgi/modules][BundleStartStopLogger:38] STOPPED com.liferay.forms.apio.impl_1.0.0 [2613]
2018-05-14 17:59:59.992 INFO  [Refresh Thread: Equinox Container: 8056ee77-5254-0018-1344-c4fe98a5199e][BundleStartStopLogger:35] STARTED com.liferay.forms.apio.api_1.0.0 [2612]
2018-05-14 17:59:59.997 INFO  [Refresh Thread: Equinox Container: 8056ee77-5254-0018-1344-c4fe98a5199e][BundleStartStopLogger:35] STARTED com.liferay.forms.apio.impl_1.0.0 [2613]
2018-05-14 18:08:12.570 INFO  [fileinstall-/Users/paulo/Documents/eclipse-workspace/bundles/liferay-portal/osgi/modules][BundleStartStopLogger:38] STOPPED com.liferay.apio.architect.api_1.0.0 [2600]
2018-05-14 18:08:12.593 INFO  [fileinstall-/Users/paulo/Documents/eclipse-workspace/bundles/liferay-portal/osgi/modules][BundleStartStopLogger:38] STOPPED com.liferay.apio.architect.application_1.0.0 [2601]
2018-05-14 18:08:12.629 INFO  [fileinstall-/Users/paulo/Documents/eclipse-workspace/bundles/liferay-portal/osgi/modules][BundleStartStopLogger:38] STOPPED com.liferay.apio.architect.error_1.0.0 [2602]
2018-05-14 18:08:12.637 INFO  [fileinstall-/Users/paulo/Documents/eclipse-workspace/bundles/liferay-portal/osgi/modules][BundleStartStopLogger:38] STOPPED com.liferay.apio.architect.error.problem.json_1.0.0 [2603]
2018-05-14 18:08:12.677 INFO  [fileinstall-/Users/paulo/Documents/eclipse-workspace/bundles/liferay-portal/osgi/modules][BundleStartStopLogger:38] STOPPED com.liferay.apio.architect.jaxrs.json_1.0.0 [2604]
2018-05-14 18:08:12.693 INFO  [fileinstall-/Users/paulo/Documents/eclipse-workspace/bundles/liferay-portal/osgi/modules][BundleStartStopLogger:38] STOPPED com.liferay.apio.architect.message.hal_1.0.0 [2605]
2018-05-14 18:08:12.726 INFO  [fileinstall-/Users/paulo/Documents/eclipse-workspace/bundles/liferay-portal/osgi/modules][BundleStartStopLogger:38] STOPPED com.liferay.apio.architect.message.json.ld_1.0.0 [2606]
2018-05-14 18:08:12.737 INFO  [fileinstall-/Users/paulo/Documents/eclipse-workspace/bundles/liferay-portal/osgi/modules][BundleStartStopLogger:38] STOPPED com.liferay.apio.architect.message.json.plain_1.0.0 [2607]
2018-05-14 18:08:12.755 INFO  [fileinstall-/Users/paulo/Documents/eclipse-workspace/bundles/liferay-portal/osgi/modules][BundleStartStopLogger:38] STOPPED com.liferay.apio.architect.response.control_1.0.0 [2608]
2018-05-14 18:08:12.760 INFO  [fileinstall-/Users/paulo/Documents/eclipse-workspace/bundles/liferay-portal/osgi/modules][BundleStartStopLogger:38] STOPPED com.liferay.apio.architect.wiring.osgi.api_1.0.0 [2609]
2018-05-14 18:08:12.854 INFO  [fileinstall-/Users/paulo/Documents/eclipse-workspace/bundles/liferay-portal/osgi/modules][BundleStartStopLogger:38] STOPPED com.liferay.apio.architect.wiring.osgi.impl_1.0.0 [2610]
2018-05-14 18:08:12.863 INFO  [fileinstall-/Users/paulo/Documents/eclipse-workspace/bundles/liferay-portal/osgi/modules][BundleStartStopLogger:38] STOPPED com.liferay.apio.architect.writer.api_1.0.0 [2611]
2018-05-14 18:08:12.919 INFO  [Refresh Thread: Equinox Container: 8056ee77-5254-0018-1344-c4fe98a5199e][BundleStartStopLogger:38] STOPPED com.liferay.forms.apio.impl_1.0.0 [2613]
2018-05-14 18:08:12.921 INFO  [Refresh Thread: Equinox Container: 8056ee77-5254-0018-1344-c4fe98a5199e][BundleStartStopLogger:38] STOPPED com.liferay.forms.apio.api_1.0.0 [2612]
2018-05-14 18:08:12.925 INFO  [Refresh Thread: Equinox Container: 8056ee77-5254-0018-1344-c4fe98a5199e][BundleStartStopLogger:38] STOPPED com.liferay.web.page.element.apio.impl_1.0.0 [2465]
2018-05-14 18:08:12.927 INFO  [Refresh Thread: Equinox Container: 8056ee77-5254-0018-1344-c4fe98a5199e][BundleStartStopLogger:38] STOPPED com.liferay.web.page.element.apio.api_1.0.0 [2464]
2018-05-14 18:08:12.938 INFO  [Refresh Thread: Equinox Container: 8056ee77-5254-0018-1344-c4fe98a5199e][BundleStartStopLogger:38] STOPPED com.liferay.site.apio.impl_1.0.0 [2463]
2018-05-14 18:08:12.961 INFO  [Refresh Thread: Equinox Container: 8056ee77-5254-0018-1344-c4fe98a5199e][BundleStartStopLogger:38] STOPPED com.liferay.site.apio.api_1.0.0 [2462]
2018-05-14 18:08:12.964 INFO  [Refresh Thread: Equinox Container: 8056ee77-5254-0018-1344-c4fe98a5199e][BundleStartStopLogger:38] STOPPED com.liferay.person.apio.impl_1.0.0 [2461]
2018-05-14 18:08:12.966 INFO  [Refresh Thread: Equinox Container: 8056ee77-5254-0018-1344-c4fe98a5199e][BundleStartStopLogger:38] STOPPED com.liferay.person.apio.api_1.0.0 [2460]
2018-05-14 18:08:12.973 INFO  [Refresh Thread: Equinox Container: 8056ee77-5254-0018-1344-c4fe98a5199e][BundleStartStopLogger:38] STOPPED com.liferay.media.object.apio.impl_1.0.0 [2459]
2018-05-14 18:08:12.974 INFO  [Refresh Thread: Equinox Container: 8056ee77-5254-0018-1344-c4fe98a5199e][BundleStartStopLogger:38] STOPPED com.liferay.media.object.apio.api_1.0.0 [2458]
2018-05-14 18:08:12.979 INFO  [Refresh Thread: Equinox Container: 8056ee77-5254-0018-1344-c4fe98a5199e][BundleStartStopLogger:38] STOPPED com.liferay.layout.apio.impl_1.0.0 [2457]
2018-05-14 18:08:12.981 INFO  [Refresh Thread: Equinox Container: 8056ee77-5254-0018-1344-c4fe98a5199e][BundleStartStopLogger:38] STOPPED com.liferay.layout.apio.api_1.0.0 [2456]
2018-05-14 18:08:12.988 INFO  [Refresh Thread: Equinox Container: 8056ee77-5254-0018-1344-c4fe98a5199e][BundleStartStopLogger:38] STOPPED com.liferay.folder.apio.impl_1.0.0 [2453]
2018-05-14 18:08:13.048 INFO  [Refresh Thread: Equinox Container: 8056ee77-5254-0018-1344-c4fe98a5199e][BundleStartStopLogger:38] STOPPED com.liferay.portal.apio.impl_1.0.0 [2452]
2018-05-14 18:08:13.050 INFO  [Refresh Thread: Equinox Container: 8056ee77-5254-0018-1344-c4fe98a5199e][BundleStartStopLogger:38] STOPPED com.liferay.portal.apio.api_1.0.0 [2451]
2018-05-14 18:08:13.051 INFO  [Refresh Thread: Equinox Container: 8056ee77-5254-0018-1344-c4fe98a5199e][BundleStartStopLogger:38] STOPPED com.liferay.folder.apio.api_1.0.0 [2450]
2018-05-14 18:08:13.053 INFO  [Refresh Thread: Equinox Container: 8056ee77-5254-0018-1344-c4fe98a5199e][BundleStartStopLogger:38] STOPPED com.liferay.blog.apio.impl_1.0.0 [2449]
2018-05-14 18:08:13.055 INFO  [Refresh Thread: Equinox Container: 8056ee77-5254-0018-1344-c4fe98a5199e][BundleStartStopLogger:38] STOPPED com.liferay.blog.apio.api_1.0.0 [2448]
2018-05-14 18:08:13.060 INFO  [Refresh Thread: Equinox Container: 8056ee77-5254-0018-1344-c4fe98a5199e][BundleStartStopLogger:38] STOPPED com.liferay.aggregate.rating.apio.impl_1.0.0 [2447]
2018-05-14 18:08:13.061 INFO  [Refresh Thread: Equinox Container: 8056ee77-5254-0018-1344-c4fe98a5199e][BundleStartStopLogger:38] STOPPED com.liferay.aggregate.rating.apio.api_1.0.0 [2446]
2018-05-14 18:08:24.520 INFO  [Refresh Thread: Equinox Container: 8056ee77-5254-0018-1344-c4fe98a5199e][BundleStartStopLogger:35] STARTED com.liferay.aggregate.rating.apio.api_1.0.0 [2446]
2018-05-14 18:08:24.522 INFO  [Refresh Thread: Equinox Container: 8056ee77-5254-0018-1344-c4fe98a5199e][BundleStartStopLogger:35] STARTED com.liferay.aggregate.rating.apio.impl_1.0.0 [2447]
2018-05-14 18:08:24.843 INFO  [Refresh Thread: Equinox Container: 8056ee77-5254-0018-1344-c4fe98a5199e][BundleStartStopLogger:35] STARTED com.liferay.blog.apio.api_1.0.0 [2448]
2018-05-14 18:08:24.845 INFO  [Refresh Thread: Equinox Container: 8056ee77-5254-0018-1344-c4fe98a5199e][BundleStartStopLogger:35] STARTED com.liferay.blog.apio.impl_1.0.0 [2449]
2018-05-14 18:08:24.856 INFO  [Refresh Thread: Equinox Container: 8056ee77-5254-0018-1344-c4fe98a5199e][BundleStartStopLogger:35] STARTED com.liferay.folder.apio.api_1.0.0 [2450]
2018-05-14 18:08:24.858 INFO  [Refresh Thread: Equinox Container: 8056ee77-5254-0018-1344-c4fe98a5199e][BundleStartStopLogger:35] STARTED com.liferay.portal.apio.api_1.0.0 [2451]
2018-05-14 18:08:24.860 INFO  [Refresh Thread: Equinox Container: 8056ee77-5254-0018-1344-c4fe98a5199e][BundleStartStopLogger:35] STARTED com.liferay.portal.apio.impl_1.0.0 [2452]
2018-05-14 18:08:24.936 INFO  [Refresh Thread: Equinox Container: 8056ee77-5254-0018-1344-c4fe98a5199e][BundleStartStopLogger:35] STARTED com.liferay.folder.apio.impl_1.0.0 [2453]
2018-05-14 18:08:24.971 INFO  [Refresh Thread: Equinox Container: 8056ee77-5254-0018-1344-c4fe98a5199e][BundleStartStopLogger:35] STARTED com.liferay.layout.apio.api_1.0.0 [2456]
2018-05-14 18:08:24.973 INFO  [Refresh Thread: Equinox Container: 8056ee77-5254-0018-1344-c4fe98a5199e][BundleStartStopLogger:35] STARTED com.liferay.layout.apio.impl_1.0.0 [2457]
2018-05-14 18:08:25.277 INFO  [Refresh Thread: Equinox Container: 8056ee77-5254-0018-1344-c4fe98a5199e][BundleStartStopLogger:35] STARTED com.liferay.media.object.apio.api_1.0.0 [2458]
2018-05-14 18:08:25.279 INFO  [Refresh Thread: Equinox Container: 8056ee77-5254-0018-1344-c4fe98a5199e][BundleStartStopLogger:35] STARTED com.liferay.media.object.apio.impl_1.0.0 [2459]
2018-05-14 18:08:25.297 INFO  [Refresh Thread: Equinox Container: 8056ee77-5254-0018-1344-c4fe98a5199e][BundleStartStopLogger:35] STARTED com.liferay.person.apio.api_1.0.0 [2460]
2018-05-14 18:08:25.299 INFO  [Refresh Thread: Equinox Container: 8056ee77-5254-0018-1344-c4fe98a5199e][BundleStartStopLogger:35] STARTED com.liferay.person.apio.impl_1.0.0 [2461]
2018-05-14 18:08:25.411 INFO  [Refresh Thread: Equinox Container: 8056ee77-5254-0018-1344-c4fe98a5199e][BundleStartStopLogger:35] STARTED com.liferay.site.apio.api_1.0.0 [2462]
2018-05-14 18:08:25.413 INFO  [Refresh Thread: Equinox Container: 8056ee77-5254-0018-1344-c4fe98a5199e][BundleStartStopLogger:35] STARTED com.liferay.site.apio.impl_1.0.0 [2463]
2018-05-14 18:08:25.440 INFO  [Refresh Thread: Equinox Container: 8056ee77-5254-0018-1344-c4fe98a5199e][BundleStartStopLogger:35] STARTED com.liferay.web.page.element.apio.api_1.0.0 [2464]
2018-05-14 18:08:25.443 INFO  [Refresh Thread: Equinox Container: 8056ee77-5254-0018-1344-c4fe98a5199e][BundleStartStopLogger:35] STARTED com.liferay.web.page.element.apio.impl_1.0.0 [2465]
2018-05-14 18:08:25.457 INFO  [Refresh Thread: Equinox Container: 8056ee77-5254-0018-1344-c4fe98a5199e][BundleStartStopLogger:35] STARTED com.liferay.forms.apio.api_1.0.0 [2612]
2018-05-14 18:08:25.459 INFO  [Refresh Thread: Equinox Container: 8056ee77-5254-0018-1344-c4fe98a5199e][BundleStartStopLogger:35] STARTED com.liferay.forms.apio.impl_1.0.0 [2613]
2018-05-14 18:08:25.512 INFO  [fileinstall-/Users/paulo/Documents/eclipse-workspace/bundles/liferay-portal/osgi/modules][BundleStartStopLogger:35] STARTED com.liferay.apio.architect.error_1.0.0 [2616]
2018-05-14 18:08:25.545 INFO  [fileinstall-/Users/paulo/Documents/eclipse-workspace/bundles/liferay-portal/osgi/modules][BundleStartStopLogger:35] STARTED com.liferay.apio.architect.message.json.ld_1.0.0 [2620]
2018-05-14 18:08:25.569 INFO  [fileinstall-/Users/paulo/Documents/eclipse-workspace/bundles/liferay-portal/osgi/modules][BundleStartStopLogger:35] STARTED com.liferay.apio.architect.message.json.plain_1.0.0 [2621]
2018-05-14 18:08:25.580 INFO  [fileinstall-/Users/paulo/Documents/eclipse-workspace/bundles/liferay-portal/osgi/modules][BundleStartStopLogger:35] STARTED com.liferay.apio.architect.response.control_1.0.0 [2622]
2018-05-14 18:08:25.593 INFO  [fileinstall-/Users/paulo/Documents/eclipse-workspace/bundles/liferay-portal/osgi/modules][BundleStartStopLogger:35] STARTED com.liferay.apio.architect.api_1.0.0 [2614]
2018-05-14 18:08:25.597 INFO  [fileinstall-/Users/paulo/Documents/eclipse-workspace/bundles/liferay-portal/osgi/modules][BundleStartStopLogger:35] STARTED com.liferay.apio.architect.error.problem.json_1.0.0 [2617]
2018-05-14 18:08:30.990 INFO  [Refresh Thread: Equinox Container: 8056ee77-5254-0018-1344-c4fe98a5199e][BundleStartStopLogger:35] STARTED com.liferay.apio.architect.application_1.0.0 [2615]
2018-05-14 18:08:31.455 INFO  [Refresh Thread: Equinox Container: 8056ee77-5254-0018-1344-c4fe98a5199e][BundleStartStopLogger:35] STARTED com.liferay.apio.architect.jaxrs.json_1.0.0 [2618]
2018-05-14 18:08:31.544 INFO  [Refresh Thread: Equinox Container: 8056ee77-5254-0018-1344-c4fe98a5199e][BundleStartStopLogger:35] STARTED com.liferay.apio.architect.message.hal_1.0.0 [2619]
2018-05-14 18:08:31.563 INFO  [fileinstall-/Users/paulo/Documents/eclipse-workspace/bundles/liferay-portal/osgi/modules][BundleStartStopLogger:35] STARTED com.liferay.apio.architect.wiring.osgi.impl_1.0.0 [2624]
2018-05-14 18:08:32.252 INFO  [fileinstall-/Users/paulo/Documents/eclipse-workspace/bundles/liferay-portal/osgi/modules][BundleStartStopLogger:35] STARTED com.liferay.apio.architect.writer.api_1.0.0 [2625]
2018-05-14 18:08:32.255 INFO  [fileinstall-/Users/paulo/Documents/eclipse-workspace/bundles/liferay-portal/osgi/modules][BundleStartStopLogger:35] STARTED com.liferay.apio.architect.wiring.osgi.api_1.0.0 [2623]
2018-05-14 18:08:42.309 INFO  [fileinstall-/Users/paulo/Documents/eclipse-workspace/bundles/liferay-portal/osgi/modules][BundleStartStopLogger:38] STOPPED com.liferay.forms.apio.api_1.0.0 [2612]
2018-05-14 18:08:42.341 INFO  [fileinstall-/Users/paulo/Documents/eclipse-workspace/bundles/liferay-portal/osgi/modules][BundleStartStopLogger:38] STOPPED com.liferay.forms.apio.impl_1.0.0 [2613]
2018-05-14 18:08:42.555 INFO  [Refresh Thread: Equinox Container: 8056ee77-5254-0018-1344-c4fe98a5199e][BundleStartStopLogger:35] STARTED com.liferay.forms.apio.api_1.0.0 [2612]
2018-05-14 18:08:42.557 INFO  [Refresh Thread: Equinox Container: 8056ee77-5254-0018-1344-c4fe98a5199e][BundleStartStopLogger:35] STARTED com.liferay.forms.apio.impl_1.0.0 [2613]
2018-05-14 21:34:30.988 WARN  [HikariPool-1 housekeeper][HikariPool:676] HikariPool-1 - Thread starvation or clock leap detected (housekeeper delta=3h21s147ms).
2018-05-14 21:34:30.988 WARN  [HikariPool-2 housekeeper][HikariPool:676] HikariPool-2 - Thread starvation or clock leap detected (housekeeper delta=3h21s147ms).
2018-05-14 21:46:38.885 WARN  [HikariPool-2 housekeeper][HikariPool:676] HikariPool-2 - Thread starvation or clock leap detected (housekeeper delta=12m7s742ms).
2018-05-14 21:46:38.885 WARN  [HikariPool-1 housekeeper][HikariPool:676] HikariPool-1 - Thread starvation or clock leap detected (housekeeper delta=12m7s742ms).
2018-05-14 22:07:46.809 WARN  [HikariPool-2 housekeeper][HikariPool:676] HikariPool-2 - Thread starvation or clock leap detected (housekeeper delta=20m37s655ms).
2018-05-14 22:07:46.863 WARN  [HikariPool-1 housekeeper][HikariPool:676] HikariPool-1 - Thread starvation or clock leap detected (housekeeper delta=20m37s657ms).
2018-05-14 22:28:24.014 WARN  [HikariPool-2 housekeeper][HikariPool:676] HikariPool-2 - Thread starvation or clock leap detected (housekeeper delta=20m37s205ms).
2018-05-14 22:28:24.062 WARN  [HikariPool-1 housekeeper][HikariPool:676] HikariPool-1 - Thread starvation or clock leap detected (housekeeper delta=20m37s200ms).
2018-05-14 22:49:34.188 WARN  [HikariPool-2 housekeeper][HikariPool:676] HikariPool-2 - Thread starvation or clock leap detected (housekeeper delta=20m40s164ms).
2018-05-14 22:49:34.235 WARN  [HikariPool-1 housekeeper][HikariPool:676] HikariPool-1 - Thread starvation or clock leap detected (housekeeper delta=20m40s172ms).
2018-05-14 23:06:58.380 WARN  [HikariPool-2 housekeeper][HikariPool:676] HikariPool-2 - Thread starvation or clock leap detected (housekeeper delta=17m24s184ms).
2018-05-14 23:06:58.409 WARN  [HikariPool-1 housekeeper][HikariPool:676] HikariPool-1 - Thread starvation or clock leap detected (housekeeper delta=17m24s174ms).
2018-05-14 23:54:49.921 INFO  [fileinstall-/Users/paulo/Documents/eclipse-workspace/bundles/liferay-portal/osgi/modules][BundleStartStopLogger:38] STOPPED com.liferay.forms.apio.api_1.0.0 [2612]
2018-05-14 23:54:49.963 INFO  [fileinstall-/Users/paulo/Documents/eclipse-workspace/bundles/liferay-portal/osgi/modules][BundleStartStopLogger:38] STOPPED com.liferay.forms.apio.impl_1.0.0 [2613]
2018-05-14 23:54:50.160 INFO  [Refresh Thread: Equinox Container: 8056ee77-5254-0018-1344-c4fe98a5199e][BundleStartStopLogger:35] STARTED com.liferay.forms.apio.api_1.0.0 [2612]
2018-05-14 23:54:50.163 INFO  [Refresh Thread: Equinox Container: 8056ee77-5254-0018-1344-c4fe98a5199e][BundleStartStopLogger:35] STARTED com.liferay.forms.apio.impl_1.0.0 [2613]
