2018-07-25 01:17:11.917 WARN  [HikariPool-2 housekeeper][HikariPool:686] HikariPool-2 - Thread starvation or clock leap detected (housekeeper delta=2h29s798ms).
2018-07-25 01:17:11.918 WARN  [HikariPool-1 housekeeper][HikariPool:686] HikariPool-1 - Thread starvation or clock leap detected (housekeeper delta=2h29s789ms).
2018-07-25 01:37:45.981 WARN  [HikariPool-2 housekeeper][HikariPool:686] HikariPool-2 - Thread starvation or clock leap detected (housekeeper delta=20m34s64ms).
2018-07-25 01:37:45.992 WARN  [HikariPool-1 housekeeper][HikariPool:686] HikariPool-1 - Thread starvation or clock leap detected (housekeeper delta=20m34s74ms).
2018-07-25 01:52:00.544 WARN  [HikariPool-2 housekeeper][HikariPool:686] HikariPool-2 - Thread starvation or clock leap detected (housekeeper delta=13m44s559ms).
2018-07-25 01:52:00.560 WARN  [HikariPool-1 housekeeper][HikariPool:686] HikariPool-1 - Thread starvation or clock leap detected (housekeeper delta=13m44s562ms).
2018-07-25 02:13:04.473 WARN  [HikariPool-2 housekeeper][HikariPool:686] HikariPool-2 - Thread starvation or clock leap detected (housekeeper delta=20m33s922ms).
2018-07-25 02:13:04.486 WARN  [HikariPool-1 housekeeper][HikariPool:686] HikariPool-1 - Thread starvation or clock leap detected (housekeeper delta=20m33s922ms).
2018-07-25 04:14:04.065 WARN  [HikariPool-2 housekeeper][HikariPool:686] HikariPool-2 - Thread starvation or clock leap detected (housekeeper delta=2h29s583ms).
2018-07-25 04:14:04.080 WARN  [HikariPool-1 housekeeper][HikariPool:686] HikariPool-1 - Thread starvation or clock leap detected (housekeeper delta=2h29s582ms).
2018-07-25 04:34:38.728 WARN  [HikariPool-2 housekeeper][HikariPool:686] HikariPool-2 - Thread starvation or clock leap detected (housekeeper delta=20m34s663ms).
2018-07-25 04:34:38.741 WARN  [HikariPool-1 housekeeper][HikariPool:686] HikariPool-1 - Thread starvation or clock leap detected (housekeeper delta=20m34s661ms).
2018-07-25 06:35:37.609 WARN  [HikariPool-2 housekeeper][HikariPool:686] HikariPool-2 - Thread starvation or clock leap detected (housekeeper delta=2h28s867ms).
2018-07-25 06:35:37.615 WARN  [HikariPool-1 housekeeper][HikariPool:686] HikariPool-1 - Thread starvation or clock leap detected (housekeeper delta=2h28s862ms).
2018-07-25 06:56:42.117 WARN  [HikariPool-1 housekeeper][HikariPool:686] HikariPool-1 - Thread starvation or clock leap detected (housekeeper delta=20m34s494ms).
2018-07-25 06:56:42.117 WARN  [HikariPool-2 housekeeper][HikariPool:686] HikariPool-2 - Thread starvation or clock leap detected (housekeeper delta=20m34s494ms).
2018-07-25 08:57:40.171 WARN  [HikariPool-2 housekeeper][HikariPool:686] HikariPool-2 - Thread starvation or clock leap detected (housekeeper delta=2h28s45ms).
2018-07-25 08:57:40.171 WARN  [HikariPool-1 housekeeper][HikariPool:686] HikariPool-1 - Thread starvation or clock leap detected (housekeeper delta=2h28s45ms).
2018-07-25 09:18:14.389 WARN  [HikariPool-2 housekeeper][HikariPool:686] HikariPool-2 - Thread starvation or clock leap detected (housekeeper delta=20m34s218ms).
2018-07-25 09:18:14.389 WARN  [HikariPool-1 housekeeper][HikariPool:686] HikariPool-1 - Thread starvation or clock leap detected (housekeeper delta=20m34s218ms).
2018-07-25 11:19:13.743 WARN  [HikariPool-2 housekeeper][HikariPool:686] HikariPool-2 - Thread starvation or clock leap detected (housekeeper delta=2h29s350ms).
2018-07-25 11:19:13.743 WARN  [HikariPool-1 housekeeper][HikariPool:686] HikariPool-1 - Thread starvation or clock leap detected (housekeeper delta=2h29s350ms).
2018-07-25 11:40:13.226 WARN  [HikariPool-2 housekeeper][HikariPool:686] HikariPool-2 - Thread starvation or clock leap detected (housekeeper delta=20m29s480ms).
2018-07-25 11:40:13.237 WARN  [HikariPool-1 housekeeper][HikariPool:686] HikariPool-1 - Thread starvation or clock leap detected (housekeeper delta=20m29s479ms).
2018-07-25 12:41:57.031 WARN  [HikariPool-2 housekeeper][HikariPool:686] HikariPool-2 - Thread starvation or clock leap detected (housekeeper delta=1h1m13s803ms).
2018-07-25 12:41:57.047 WARN  [HikariPool-1 housekeeper][HikariPool:686] HikariPool-1 - Thread starvation or clock leap detected (housekeeper delta=1h1m13s803ms).
2018-07-25 13:25:55.651 INFO  [liferay/scheduler_dispatch-4][PluginPackageUtil:1264] Reloading repositories
2018-07-25 14:58:40.255 WARN  [http-nio-8080-exec-3][SecurityPortletContainerWrapper:363] User 20139 is not allowed to access URL http://localhost:8080/group/guest/~/control_panel/manage and portlet com_liferay_dynamic_data_mapping_form_web_portlet_DDMFormAdminPortlet
2018-07-25 15:00:16.584 ERROR [http-nio-8080-exec-15][ApioLoggerImpl:39] Invalid value set for field name Radio
2018-07-25 15:00:45.231 ERROR [http-nio-8080-exec-6][ApioLoggerImpl:39] Invalid value set for field name Radio
2018-07-25 17:10:47.062 WARN  [HikariPool-1 housekeeper][HikariPool:686] HikariPool-1 - Thread starvation or clock leap detected (housekeeper delta=6m39s588ms).
2018-07-25 17:10:47.064 WARN  [HikariPool-2 housekeeper][HikariPool:686] HikariPool-2 - Thread starvation or clock leap detected (housekeeper delta=6m39s592ms).
2018-07-25 18:57:56.954 WARN  [HikariPool-2 housekeeper][HikariPool:686] HikariPool-2 - Thread starvation or clock leap detected (housekeeper delta=3m6s417ms).
2018-07-25 18:57:56.954 WARN  [HikariPool-1 housekeeper][HikariPool:686] HikariPool-1 - Thread starvation or clock leap detected (housekeeper delta=3m6s418ms).
2018-07-25 22:10:37.689 WARN  [HikariPool-1 housekeeper][HikariPool:686] HikariPool-1 - Thread starvation or clock leap detected (housekeeper delta=48m4s720ms).
2018-07-25 22:10:37.689 WARN  [HikariPool-2 housekeeper][HikariPool:686] HikariPool-2 - Thread starvation or clock leap detected (housekeeper delta=48m4s720ms).
