2018-04-07 01:15:32.534 WARN  [HikariPool-1 housekeeper][HikariPool:676] HikariPool-1 - Thread starvation or clock leap detected (housekeeper delta=2h41m9s965ms).
2018-04-07 01:15:32.854 WARN  [HikariPool-2 housekeeper][HikariPool:676] HikariPool-2 - Thread starvation or clock leap detected (housekeeper delta=2h41m9s958ms).
2018-04-07 01:16:02.336 WARN  [HikariPool-1 housekeeper][HikariPool:667] HikariPool-1 - Retrograde clock change detected (housekeeper delta=29s801ms), soft-evicting connections from pool.
2018-04-07 01:16:02.471 WARN  [HikariPool-2 housekeeper][HikariPool:667] HikariPool-2 - Retrograde clock change detected (housekeeper delta=29s617ms), soft-evicting connections from pool.
2018-04-07 01:22:37.053 INFO  [localhost-startStop-2][PortletHotDeployListener:331] Unregistering portlets for opensocial-portlet
2018-04-07 01:22:37.144 INFO  [localhost-startStop-2][PortletHotDeployListener:365] 4 portlets for opensocial-portlet were unregistered
2018-04-07 01:22:37.197 INFO  [localhost-startStop-2][HookHotDeployListener:583] Hook for opensocial-portlet was unregistered
2018-04-07 01:22:38.256 INFO  [localhost-startStop-2][PluginPackageUtil:1003] Reading plugin package for opensocial-portlet
2018-04-07 01:22:38.471 INFO  [localhost-startStop-2][LayoutTemplateHotDeployListener:137] Unregistering layout templates for frontend-columns-layouttpl
2018-04-07 01:22:38.473 INFO  [localhost-startStop-2][LayoutTemplateHotDeployListener:159] 5 layout templates for frontend-columns-layouttpl were unregistered
2018-04-07 01:22:38.474 INFO  [localhost-startStop-2][PluginPackageUtil:1003] Reading plugin package for frontend-columns-layouttpl
2018-04-07 01:22:38.584 INFO  [localhost-startStop-2][PortletHotDeployListener:331] Unregistering portlets for powwow-portlet
2018-04-07 01:22:38.664 INFO  [localhost-startStop-2][PortletHotDeployListener:365] 2 portlets for powwow-portlet were unregistered
2018-04-07 01:22:38.720 INFO  [localhost-startStop-2][HookHotDeployListener:583] Hook for powwow-portlet was unregistered
2018-04-07 01:22:38.773 INFO  [localhost-startStop-2][PluginPackageUtil:1003] Reading plugin package for powwow-portlet
2018-04-07 01:22:39.383 INFO  [localhost-startStop-2][HookHotDeployListener:583] Hook for social-bookmarks-hook was unregistered
2018-04-07 01:22:39.384 INFO  [localhost-startStop-2][PluginPackageUtil:1003] Reading plugin package for social-bookmarks-hook
2018-04-07 01:22:40.495 INFO  [localhost-startStop-2][ThemeHotDeployListener:136] Unregistering themes for admin-theme
2018-04-07 01:22:40.497 INFO  [localhost-startStop-2][ThemeHotDeployListener:170] 1 theme for admin-theme was unregistered
2018-04-07 01:22:40.498 INFO  [localhost-startStop-2][PluginPackageUtil:1003] Reading plugin package for admin-theme
2018-04-07 01:22:42.126 INFO  [localhost-startStop-2][ThemeHotDeployListener:136] Unregistering themes for classic-theme
2018-04-07 01:22:42.126 INFO  [localhost-startStop-2][ThemeHotDeployListener:170] 1 theme for classic-theme was unregistered
2018-04-07 01:22:42.127 INFO  [localhost-startStop-2][PluginPackageUtil:1003] Reading plugin package for classic-theme
2018-04-07 01:22:42.199 INFO  [localhost-startStop-2][PortletHotDeployListener:331] Unregistering portlets for tasks-portlet
2018-04-07 01:22:42.219 INFO  [localhost-startStop-2][PortletHotDeployListener:365] 2 portlets for tasks-portlet were unregistered
2018-04-07 01:22:42.256 INFO  [localhost-startStop-2][HookHotDeployListener:583] Hook for tasks-portlet was unregistered
2018-04-07 01:22:42.288 INFO  [localhost-startStop-2][PluginPackageUtil:1003] Reading plugin package for tasks-portlet
