2018-03-17 01:22:41.275 WARN  [HikariPool-1 housekeeper][HikariPool:676] HikariPool-1 - Thread starvation or clock leap detected (housekeeper delta=1h53m59s532ms).
2018-03-17 01:22:42.323 WARN  [HikariPool-2 housekeeper][HikariPool:676] HikariPool-2 - Thread starvation or clock leap detected (housekeeper delta=1h53m59s524ms).
2018-03-17 01:23:36.615 INFO  [localhost-startStop-2][ThemeHotDeployListener:136] Unregistering themes for classic-theme
2018-03-17 01:23:36.616 INFO  [localhost-startStop-2][ThemeHotDeployListener:170] 1 theme for classic-theme was unregistered
2018-03-17 01:23:36.624 INFO  [localhost-startStop-2][PluginPackageUtil:1003] Reading plugin package for classic-theme
2018-03-17 01:23:37.341 INFO  [localhost-startStop-2][HookHotDeployListener:582] Hook for social-bookmarks-hook was unregistered
2018-03-17 01:23:37.343 INFO  [localhost-startStop-2][PluginPackageUtil:1003] Reading plugin package for social-bookmarks-hook
2018-03-17 01:23:37.855 INFO  [localhost-startStop-2][ThemeHotDeployListener:136] Unregistering themes for admin-theme
2018-03-17 01:23:37.855 INFO  [localhost-startStop-2][ThemeHotDeployListener:170] 1 theme for admin-theme was unregistered
2018-03-17 01:23:37.857 INFO  [localhost-startStop-2][PluginPackageUtil:1003] Reading plugin package for admin-theme
2018-03-17 01:23:38.793 INFO  [localhost-startStop-2][PortletHotDeployListener:331] Unregistering portlets for tasks-portlet
2018-03-17 01:23:38.828 INFO  [localhost-startStop-2][PortletHotDeployListener:365] 2 portlets for tasks-portlet were unregistered
2018-03-17 01:23:38.877 INFO  [localhost-startStop-2][HookHotDeployListener:582] Hook for tasks-portlet was unregistered
2018-03-17 01:23:39.140 INFO  [localhost-startStop-2][PluginPackageUtil:1003] Reading plugin package for tasks-portlet
2018-03-17 01:23:39.227 INFO  [localhost-startStop-2][PortletHotDeployListener:331] Unregistering portlets for powwow-portlet
2018-03-17 01:23:39.267 INFO  [localhost-startStop-2][PortletHotDeployListener:365] 2 portlets for powwow-portlet were unregistered
2018-03-17 01:23:39.319 INFO  [localhost-startStop-2][HookHotDeployListener:582] Hook for powwow-portlet was unregistered
2018-03-17 01:23:39.376 INFO  [localhost-startStop-2][PluginPackageUtil:1003] Reading plugin package for powwow-portlet
2018-03-17 01:23:39.540 INFO  [localhost-startStop-2][PortletHotDeployListener:331] Unregistering portlets for opensocial-portlet
2018-03-17 01:23:39.800 INFO  [localhost-startStop-2][PortletHotDeployListener:365] 4 portlets for opensocial-portlet were unregistered
2018-03-17 01:23:39.845 INFO  [localhost-startStop-2][HookHotDeployListener:582] Hook for opensocial-portlet was unregistered
2018-03-17 01:23:39.945 INFO  [localhost-startStop-2][PluginPackageUtil:1003] Reading plugin package for opensocial-portlet
2018-03-17 01:23:40.146 INFO  [localhost-startStop-2][LayoutTemplateHotDeployListener:137] Unregistering layout templates for frontend-columns-layouttpl
2018-03-17 01:23:40.147 INFO  [localhost-startStop-2][LayoutTemplateHotDeployListener:159] 5 layout templates for frontend-columns-layouttpl were unregistered
2018-03-17 01:23:40.148 INFO  [localhost-startStop-2][PluginPackageUtil:1003] Reading plugin package for frontend-columns-layouttpl
