2018-07-31 12:28:37.936 INFO  [liferay/scheduler_dispatch-12][PluginPackageUtil:1264] Reloading repositories
2018-07-31 13:19:45.387 ERROR [http-nio-8080-exec-5][ApioLoggerImpl:39] com.liferay.apio.architect.error.APIError@5d0b65f3
2018-07-31 13:19:53.131 ERROR [http-nio-8080-exec-7][UserPermissionImpl:186] java.lang.IllegalArgumentException: Someone may be trying to circumvent the permission checker: {companyId=20099, name=com.liferay.portal.kernel.model.User, primKey=20103, scope=4}
java.lang.IllegalArgumentException: Someone may be trying to circumvent the permission checker: {companyId=20099, name=com.liferay.portal.kernel.model.User, primKey=20103, scope=4}
	at com.liferay.portal.security.permission.AdvancedPermissionChecker._hasUserPermissionImpl(AdvancedPermissionChecker.java:1472)
	at com.liferay.portal.security.permission.AdvancedPermissionChecker._hasPermissionImpl(AdvancedPermissionChecker.java:1430)
	at com.liferay.portal.security.permission.AdvancedPermissionChecker.hasPermission(AdvancedPermissionChecker.java:299)
	at com.liferay.portal.security.permission.BasePermissionChecker.hasPermission(BasePermissionChecker.java:114)
	at com.liferay.staging.security.internal.permission.StagingPermissionChecker.hasPermission(StagingPermissionChecker.java:133)
	at com.liferay.portal.service.permission.UserPermissionImpl.contains(UserPermissionImpl.java:121)
	at com.liferay.portal.service.permission.UserPermissionImpl.contains(UserPermissionImpl.java:196)
	at com.liferay.portal.service.permission.UserPermissionImpl.check(UserPermissionImpl.java:67)
	at com.liferay.portal.kernel.service.permission.UserPermissionUtil.check(UserPermissionUtil.java:39)
	at com.liferay.portal.service.impl.UserServiceImpl.getUserById(UserServiceImpl.java:932)
	at sun.reflect.GeneratedMethodAccessor555.invoke(Unknown Source)
	at sun.reflect.DelegatingMethodAccessorImpl.invoke(DelegatingMethodAccessorImpl.java:43)
	at java.lang.reflect.Method.invoke(Method.java:498)
	at com.liferay.portal.spring.aop.ServiceBeanMethodInvocation.proceed(ServiceBeanMethodInvocation.java:158)
	at com.liferay.portal.spring.transaction.DefaultTransactionExecutor.execute(DefaultTransactionExecutor.java:54)
	at com.liferay.portal.spring.transaction.TransactionInterceptor.invoke(TransactionInterceptor.java:58)
	at com.liferay.portal.spring.aop.ServiceBeanMethodInvocation.proceed(ServiceBeanMethodInvocation.java:135)
	at com.liferay.portal.spring.aop.ChainableMethodAdvice.invoke(ChainableMethodAdvice.java:56)
	at com.liferay.portal.spring.aop.ServiceBeanMethodInvocation.proceed(ServiceBeanMethodInvocation.java:135)
	at com.liferay.portal.spring.aop.ChainableMethodAdvice.invoke(ChainableMethodAdvice.java:56)
	at com.liferay.portal.spring.aop.ServiceBeanMethodInvocation.proceed(ServiceBeanMethodInvocation.java:135)
	at com.liferay.portal.spring.aop.ServiceBeanAopProxy.invoke(ServiceBeanAopProxy.java:145)
	at com.sun.proxy.$Proxy160.getUserById(Unknown Source)
	at com.liferay.person.apio.internal.resource.PersonCollectionResource._getUserWrapper(PersonCollectionResource.java:223)
	at com.liferay.apio.architect.function.throwable.ThrowableBiFunction.lambda$andThen$0(ThrowableBiFunction.java:48)
	at com.liferay.apio.architect.routes.ItemRoutes$Builder.lambda$null$24(ItemRoutes.java:350)
	at com.liferay.apio.architect.routes.RoutesBuilderUtil.lambda$provide$14(RoutesBuilderUtil.java:188)
	at com.liferay.apio.architect.routes.RoutesBuilderUtil.lambda$provide$15(RoutesBuilderUtil.java:207)
	at com.liferay.apio.architect.functional.Try.fromFallible(Try.java:78)
	at com.liferay.apio.architect.routes.RoutesBuilderUtil.provide(RoutesBuilderUtil.java:206)
	at com.liferay.apio.architect.routes.RoutesBuilderUtil.provide(RoutesBuilderUtil.java:184)
	at com.liferay.apio.architect.routes.ItemRoutes$Builder.lambda$null$26(ItemRoutes.java:344)
	at com.liferay.apio.architect.jaxrs.json.internal.writer.PageMessageBodyWriter.lambda$_getSingleModelOptional$7(PageMessageBodyWriter.java:198)
	at java.util.Optional.map(Optional.java:215)
	at com.liferay.apio.architect.jaxrs.json.internal.writer.PageMessageBodyWriter._getSingleModelOptional(PageMessageBodyWriter.java:197)
	at com.liferay.apio.architect.writer.FieldsWriter.lambda$getSingleModel$0(FieldsWriter.java:68)
	at java.util.function.Function.lambda$andThen$1(Function.java:88)
	at com.liferay.apio.architect.writer.FieldsWriter.getSingleModel(FieldsWriter.java:69)
	at com.liferay.apio.architect.writer.FieldsWriter.writeRelatedModel(FieldsWriter.java:431)
	at com.liferay.apio.architect.writer.FieldsWriter.writeRelatedModel(FieldsWriter.java:375)
	at com.liferay.apio.architect.writer.FieldsWriter.lambda$writeRelatedModels$12(FieldsWriter.java:472)
	at java.util.ArrayList.forEach(ArrayList.java:1249)
	at com.liferay.apio.architect.writer.FieldsWriter.writeRelatedModels(FieldsWriter.java:471)
	at com.liferay.apio.architect.writer.PageWriter._writeItem(PageWriter.java:405)
	at com.liferay.apio.architect.writer.PageWriter.lambda$write$0(PageWriter.java:117)
	at java.util.ArrayList.forEach(ArrayList.java:1249)
	at java.util.Collections$UnmodifiableCollection.forEach(Collections.java:1080)
	at com.liferay.apio.architect.writer.PageWriter.write(PageWriter.java:116)
	at com.liferay.apio.architect.jaxrs.json.internal.writer.PageMessageBodyWriter.writeTo(PageMessageBodyWriter.java:180)
	at com.liferay.apio.architect.jaxrs.json.internal.writer.PageMessageBodyWriter.writeTo(PageMessageBodyWriter.java:79)
	at org.apache.cxf.jaxrs.utils.JAXRSUtils.writeMessageBody(JAXRSUtils.java:1412)
	at org.apache.cxf.jaxrs.interceptor.JAXRSOutInterceptor.serializeMessage(JAXRSOutInterceptor.java:244)
	at org.apache.cxf.jaxrs.interceptor.JAXRSOutInterceptor.processResponse(JAXRSOutInterceptor.java:120)
	at org.apache.cxf.jaxrs.interceptor.JAXRSOutInterceptor.handleMessage(JAXRSOutInterceptor.java:83)
	at org.apache.cxf.phase.PhaseInterceptorChain.doIntercept(PhaseInterceptorChain.java:308)
	at org.apache.cxf.interceptor.OutgoingChainInterceptor.handleMessage(OutgoingChainInterceptor.java:83)
	at org.apache.cxf.phase.PhaseInterceptorChain.doIntercept(PhaseInterceptorChain.java:308)
	at org.apache.cxf.transport.ChainInitiationObserver.onMessage(ChainInitiationObserver.java:121)
	at org.apache.cxf.transport.http.AbstractHTTPDestination.invoke(AbstractHTTPDestination.java:252)
	at org.apache.cxf.transport.servlet.ServletController.invokeDestination(ServletController.java:234)
	at org.apache.cxf.transport.servlet.ServletController.invoke(ServletController.java:208)
	at org.apache.cxf.transport.servlet.ServletController.invoke(ServletController.java:160)
	at org.apache.cxf.transport.servlet.CXFNonSpringServlet.invoke(CXFNonSpringServlet.java:180)
	at org.apache.cxf.transport.servlet.AbstractHTTPServlet.handleRequest(AbstractHTTPServlet.java:299)
	at org.apache.cxf.transport.servlet.AbstractHTTPServlet.doGet(AbstractHTTPServlet.java:223)
	at javax.servlet.http.HttpServlet.service(HttpServlet.java:634)
	at org.apache.cxf.transport.servlet.AbstractHTTPServlet.service(AbstractHTTPServlet.java:274)
	at org.eclipse.equinox.http.servlet.internal.registration.EndpointRegistration.service(EndpointRegistration.java:153)
	at org.eclipse.equinox.http.servlet.internal.servlet.FilterChainImpl.doFilter(FilterChainImpl.java:50)
	at com.liferay.portal.remote.cxf.common.internal.CXFEndpointPublisher$ServicesRegistrator$RemoteAccessFilter.doFilter(CXFEndpointPublisher.java:361)
	at org.eclipse.equinox.http.servlet.internal.registration.FilterRegistration.doFilter(FilterRegistration.java:121)
	at org.eclipse.equinox.http.servlet.internal.servlet.FilterChainImpl.doFilter(FilterChainImpl.java:45)
	at com.liferay.portal.kernel.servlet.BaseFilter.processFilter(BaseFilter.java:144)
	at com.liferay.portal.servlet.filters.authverifier.AuthVerifierFilter.processFilter(AuthVerifierFilter.java:169)
	at com.liferay.portal.kernel.servlet.BaseFilter.doFilter(BaseFilter.java:49)
	at org.eclipse.equinox.http.servlet.internal.registration.FilterRegistration.doFilter(FilterRegistration.java:121)
	at org.eclipse.equinox.http.servlet.internal.servlet.FilterChainImpl.doFilter(FilterChainImpl.java:45)
	at org.eclipse.equinox.http.servlet.internal.servlet.ResponseStateHandler.processRequest(ResponseStateHandler.java:70)
	at org.eclipse.equinox.http.servlet.internal.context.DispatchTargets.doDispatch(DispatchTargets.java:118)
	at org.eclipse.equinox.http.servlet.internal.HttpServiceRuntimeImpl.doDispatch(HttpServiceRuntimeImpl.java:373)
	at org.eclipse.equinox.http.servlet.internal.servlet.ProxyServlet.service(ProxyServlet.java:70)
	at javax.servlet.http.HttpServlet.service(HttpServlet.java:741)
	at com.liferay.portal.module.framework.ModuleFrameworkServletAdapter.service(ModuleFrameworkServletAdapter.java:51)
	at javax.servlet.http.HttpServlet.service(HttpServlet.java:741)
	at org.apache.catalina.core.ApplicationFilterChain.internalDoFilter(ApplicationFilterChain.java:231)
	at org.apache.catalina.core.ApplicationFilterChain.doFilter(ApplicationFilterChain.java:166)
	at org.apache.tomcat.websocket.server.WsFilter.doFilter(WsFilter.java:53)
	at org.apache.catalina.core.ApplicationFilterChain.internalDoFilter(ApplicationFilterChain.java:193)
	at org.apache.catalina.core.ApplicationFilterChain.doFilter(ApplicationFilterChain.java:166)
	at com.liferay.portal.kernel.servlet.filters.invoker.InvokerFilterChain.doFilter(InvokerFilterChain.java:119)
	at com.liferay.portal.kernel.servlet.BaseFilter.processFilter(BaseFilter.java:144)
	at com.liferay.portal.sharepoint.SharepointFilter.processFilter(SharepointFilter.java:88)
	at com.liferay.portal.kernel.servlet.BaseFilter.doFilter(BaseFilter.java:49)
	at com.liferay.portal.kernel.servlet.filters.invoker.InvokerFilterChain.processDoFilter(InvokerFilterChain.java:207)
	at com.liferay.portal.kernel.servlet.filters.invoker.InvokerFilterChain.doFilter(InvokerFilterChain.java:112)
	at com.liferay.portal.kernel.servlet.BaseFilter.processFilter(BaseFilter.java:144)
	at com.liferay.portal.servlet.filters.virtualhost.VirtualHostFilter.processFilter(VirtualHostFilter.java:263)
	at com.liferay.portal.kernel.servlet.BaseFilter.doFilter(BaseFilter.java:49)
	at com.liferay.portal.kernel.servlet.filters.invoker.InvokerFilterChain.processDoFilter(InvokerFilterChain.java:207)
	at com.liferay.portal.kernel.servlet.filters.invoker.InvokerFilterChain.doFilter(InvokerFilterChain.java:112)
	at com.liferay.portal.kernel.servlet.filters.invoker.InvokerFilterChain.processDirectCallFilter(InvokerFilterChain.java:188)
	at com.liferay.portal.kernel.servlet.filters.invoker.InvokerFilterChain.doFilter(InvokerFilterChain.java:96)
	at com.liferay.portal.kernel.servlet.filters.invoker.InvokerFilterChain.processDirectCallFilter(InvokerFilterChain.java:188)
	at com.liferay.portal.kernel.servlet.filters.invoker.InvokerFilterChain.doFilter(InvokerFilterChain.java:96)
	at org.tuckey.web.filters.urlrewrite.RuleChain.handleRewrite(RuleChain.java:176)
	at org.tuckey.web.filters.urlrewrite.RuleChain.doRules(RuleChain.java:145)
	at org.tuckey.web.filters.urlrewrite.UrlRewriter.processRequest(UrlRewriter.java:92)
	at org.tuckey.web.filters.urlrewrite.UrlRewriteFilter.doFilter(UrlRewriteFilter.java:389)
	at com.liferay.portal.servlet.filters.urlrewrite.UrlRewriteFilter.processFilter(UrlRewriteFilter.java:65)
	at com.liferay.portal.kernel.servlet.BaseFilter.doFilter(BaseFilter.java:49)
	at com.liferay.portal.kernel.servlet.filters.invoker.InvokerFilterChain.processDoFilter(InvokerFilterChain.java:207)
	at com.liferay.portal.kernel.servlet.filters.invoker.InvokerFilterChain.doFilter(InvokerFilterChain.java:112)
	at com.liferay.portal.kernel.servlet.filters.invoker.InvokerFilterChain.processDirectCallFilter(InvokerFilterChain.java:168)
	at com.liferay.portal.kernel.servlet.filters.invoker.InvokerFilterChain.doFilter(InvokerFilterChain.java:96)
	at com.liferay.portal.kernel.servlet.filters.invoker.InvokerFilterChain.processDirectCallFilter(InvokerFilterChain.java:168)
	at com.liferay.portal.kernel.servlet.filters.invoker.InvokerFilterChain.doFilter(InvokerFilterChain.java:96)
	at com.liferay.portal.kernel.servlet.filters.invoker.InvokerFilterChain.processDirectCallFilter(InvokerFilterChain.java:188)
	at com.liferay.portal.kernel.servlet.filters.invoker.InvokerFilterChain.doFilter(InvokerFilterChain.java:96)
	at com.liferay.portal.kernel.servlet.filters.invoker.InvokerFilter.doFilter(InvokerFilter.java:100)
	at org.apache.catalina.core.ApplicationFilterChain.internalDoFilter(ApplicationFilterChain.java:193)
	at org.apache.catalina.core.ApplicationFilterChain.doFilter(ApplicationFilterChain.java:166)
	at org.apache.catalina.core.StandardWrapperValve.invoke(StandardWrapperValve.java:199)
	at org.apache.catalina.core.StandardContextValve.invoke(StandardContextValve.java:96)
	at org.apache.catalina.authenticator.AuthenticatorBase.invoke(AuthenticatorBase.java:494)
	at org.apache.catalina.core.StandardHostValve.invoke(StandardHostValve.java:137)
	at org.apache.catalina.valves.ErrorReportValve.invoke(ErrorReportValve.java:92)
	at org.apache.catalina.valves.AbstractAccessLogValve.invoke(AbstractAccessLogValve.java:651)
	at org.apache.catalina.core.StandardEngineValve.invoke(StandardEngineValve.java:87)
	at org.apache.catalina.connector.CoyoteAdapter.service(CoyoteAdapter.java:343)
	at org.apache.coyote.http11.Http11Processor.service(Http11Processor.java:407)
	at org.apache.coyote.AbstractProcessorLight.process(AbstractProcessorLight.java:66)
	at org.apache.coyote.AbstractProtocol$ConnectionHandler.process(AbstractProtocol.java:754)
	at org.apache.tomcat.util.net.NioEndpoint$SocketProcessor.doRun(NioEndpoint.java:1376)
	at org.apache.tomcat.util.net.SocketProcessorBase.run(SocketProcessorBase.java:49)
	at java.util.concurrent.ThreadPoolExecutor.runWorker(ThreadPoolExecutor.java:1142)
	at java.util.concurrent.ThreadPoolExecutor$Worker.run(ThreadPoolExecutor.java:617)
	at org.apache.tomcat.util.threads.TaskThread$WrappingRunnable.run(TaskThread.java:61)
	at java.lang.Thread.run(Thread.java:748)
Caused by: com.liferay.portal.kernel.exception.NoSuchResourcePermissionException: {companyId=20099, name=com.liferay.portal.kernel.model.User, primKey=20103, scope=4}
	at com.liferay.portal.service.impl.ResourcePermissionLocalServiceImpl.hasResourcePermission(ResourcePermissionLocalServiceImpl.java:710)
	at sun.reflect.GeneratedMethodAccessor544.invoke(Unknown Source)
	at sun.reflect.DelegatingMethodAccessorImpl.invoke(DelegatingMethodAccessorImpl.java:43)
	at java.lang.reflect.Method.invoke(Method.java:498)
	at com.liferay.portal.spring.aop.ServiceBeanMethodInvocation.proceed(ServiceBeanMethodInvocation.java:158)
	at com.liferay.portal.spring.transaction.DefaultTransactionExecutor.execute(DefaultTransactionExecutor.java:54)
	at com.liferay.portal.spring.transaction.TransactionInterceptor.invoke(TransactionInterceptor.java:58)
	at com.liferay.portal.spring.aop.ServiceBeanMethodInvocation.proceed(ServiceBeanMethodInvocation.java:135)
	at com.liferay.portal.spring.aop.ChainableMethodAdvice.invoke(ChainableMethodAdvice.java:56)
	at com.liferay.portal.spring.aop.ServiceBeanMethodInvocation.proceed(ServiceBeanMethodInvocation.java:135)
	at com.liferay.portal.spring.aop.ServiceBeanAopProxy.invoke(ServiceBeanAopProxy.java:145)
	at com.sun.proxy.$Proxy117.hasResourcePermission(Unknown Source)
	at com.liferay.portal.service.impl.ResourceLocalServiceImpl.hasUserPermissions(ResourceLocalServiceImpl.java:450)
	at sun.reflect.GeneratedMethodAccessor543.invoke(Unknown Source)
	at sun.reflect.DelegatingMethodAccessorImpl.invoke(DelegatingMethodAccessorImpl.java:43)
	at java.lang.reflect.Method.invoke(Method.java:498)
	at com.liferay.portal.spring.aop.ServiceBeanMethodInvocation.proceed(ServiceBeanMethodInvocation.java:158)
	at com.liferay.portal.spring.transaction.DefaultTransactionExecutor.execute(DefaultTransactionExecutor.java:54)
	at com.liferay.portal.spring.transaction.TransactionInterceptor.invoke(TransactionInterceptor.java:58)
	at com.liferay.portal.spring.aop.ServiceBeanMethodInvocation.proceed(ServiceBeanMethodInvocation.java:135)
	at com.liferay.portal.spring.aop.ChainableMethodAdvice.invoke(ChainableMethodAdvice.java:56)
	at com.liferay.portal.spring.aop.ServiceBeanMethodInvocation.proceed(ServiceBeanMethodInvocation.java:135)
	at com.liferay.portal.spring.aop.ServiceBeanAopProxy.invoke(ServiceBeanAopProxy.java:145)
	at com.sun.proxy.$Proxy101.hasUserPermissions(Unknown Source)
	at com.liferay.portal.kernel.service.ResourceLocalServiceUtil.hasUserPermissions(ResourceLocalServiceUtil.java:321)
	at com.liferay.portal.security.permission.AdvancedPermissionChecker.doCheckPermission(AdvancedPermissionChecker.java:470)
	at com.liferay.portal.security.permission.AdvancedPermissionChecker._hasUserPermissionImpl(AdvancedPermissionChecker.java:1461)
	... 137 more
2018-07-31 13:19:53.138 ERROR [http-nio-8080-exec-7][UserPermissionImpl:186] java.lang.IllegalArgumentException: Someone may be trying to circumvent the permission checker: {companyId=20099, name=com.liferay.portal.kernel.model.User, primKey=20103, scope=4}
java.lang.IllegalArgumentException: Someone may be trying to circumvent the permission checker: {companyId=20099, name=com.liferay.portal.kernel.model.User, primKey=20103, scope=4}
	at com.liferay.portal.security.permission.AdvancedPermissionChecker._hasUserPermissionImpl(AdvancedPermissionChecker.java:1472)
	at com.liferay.portal.security.permission.AdvancedPermissionChecker._hasPermissionImpl(AdvancedPermissionChecker.java:1430)
	at com.liferay.portal.security.permission.AdvancedPermissionChecker.hasPermission(AdvancedPermissionChecker.java:299)
	at com.liferay.portal.security.permission.BasePermissionChecker.hasPermission(BasePermissionChecker.java:114)
	at com.liferay.staging.security.internal.permission.StagingPermissionChecker.hasPermission(StagingPermissionChecker.java:133)
	at com.liferay.portal.service.permission.UserPermissionImpl.contains(UserPermissionImpl.java:121)
	at com.liferay.portal.service.permission.UserPermissionImpl.contains(UserPermissionImpl.java:196)
	at com.liferay.portal.service.permission.UserPermissionImpl.check(UserPermissionImpl.java:67)
	at com.liferay.portal.kernel.service.permission.UserPermissionUtil.check(UserPermissionUtil.java:39)
	at com.liferay.portal.service.impl.UserServiceImpl.getUserById(UserServiceImpl.java:932)
	at sun.reflect.GeneratedMethodAccessor555.invoke(Unknown Source)
	at sun.reflect.DelegatingMethodAccessorImpl.invoke(DelegatingMethodAccessorImpl.java:43)
	at java.lang.reflect.Method.invoke(Method.java:498)
	at com.liferay.portal.spring.aop.ServiceBeanMethodInvocation.proceed(ServiceBeanMethodInvocation.java:158)
	at com.liferay.portal.spring.transaction.DefaultTransactionExecutor.execute(DefaultTransactionExecutor.java:54)
	at com.liferay.portal.spring.transaction.TransactionInterceptor.invoke(TransactionInterceptor.java:58)
	at com.liferay.portal.spring.aop.ServiceBeanMethodInvocation.proceed(ServiceBeanMethodInvocation.java:135)
	at com.liferay.portal.spring.aop.ChainableMethodAdvice.invoke(ChainableMethodAdvice.java:56)
	at com.liferay.portal.spring.aop.ServiceBeanMethodInvocation.proceed(ServiceBeanMethodInvocation.java:135)
	at com.liferay.portal.spring.aop.ChainableMethodAdvice.invoke(ChainableMethodAdvice.java:56)
	at com.liferay.portal.spring.aop.ServiceBeanMethodInvocation.proceed(ServiceBeanMethodInvocation.java:135)
	at com.liferay.portal.spring.aop.ServiceBeanAopProxy.invoke(ServiceBeanAopProxy.java:145)
	at com.sun.proxy.$Proxy160.getUserById(Unknown Source)
	at com.liferay.person.apio.internal.resource.PersonCollectionResource._getUserWrapper(PersonCollectionResource.java:223)
	at com.liferay.apio.architect.function.throwable.ThrowableBiFunction.lambda$andThen$0(ThrowableBiFunction.java:48)
	at com.liferay.apio.architect.routes.ItemRoutes$Builder.lambda$null$24(ItemRoutes.java:350)
	at com.liferay.apio.architect.routes.RoutesBuilderUtil.lambda$provide$14(RoutesBuilderUtil.java:188)
	at com.liferay.apio.architect.routes.RoutesBuilderUtil.lambda$provide$15(RoutesBuilderUtil.java:207)
	at com.liferay.apio.architect.functional.Try.fromFallible(Try.java:78)
	at com.liferay.apio.architect.routes.RoutesBuilderUtil.provide(RoutesBuilderUtil.java:206)
	at com.liferay.apio.architect.routes.RoutesBuilderUtil.provide(RoutesBuilderUtil.java:184)
	at com.liferay.apio.architect.routes.ItemRoutes$Builder.lambda$null$26(ItemRoutes.java:344)
	at com.liferay.apio.architect.jaxrs.json.internal.writer.PageMessageBodyWriter.lambda$_getSingleModelOptional$7(PageMessageBodyWriter.java:198)
	at java.util.Optional.map(Optional.java:215)
	at com.liferay.apio.architect.jaxrs.json.internal.writer.PageMessageBodyWriter._getSingleModelOptional(PageMessageBodyWriter.java:197)
	at com.liferay.apio.architect.writer.FieldsWriter.lambda$getSingleModel$0(FieldsWriter.java:68)
	at java.util.function.Function.lambda$andThen$1(Function.java:88)
	at com.liferay.apio.architect.writer.FieldsWriter.getSingleModel(FieldsWriter.java:69)
	at com.liferay.apio.architect.writer.FieldsWriter.writeRelatedModel(FieldsWriter.java:431)
	at com.liferay.apio.architect.writer.FieldsWriter.writeRelatedModel(FieldsWriter.java:375)
	at com.liferay.apio.architect.writer.FieldsWriter.lambda$writeRelatedModels$12(FieldsWriter.java:472)
	at java.util.ArrayList.forEach(ArrayList.java:1249)
	at com.liferay.apio.architect.writer.FieldsWriter.writeRelatedModels(FieldsWriter.java:471)
	at com.liferay.apio.architect.writer.PageWriter._writeItemEmbeddedModelFields(PageWriter.java:528)
	at com.liferay.apio.architect.writer.PageWriter.lambda$_writeNestedResources$38(PageWriter.java:583)
	at java.util.ArrayList$ArrayListSpliterator.forEachRemaining(ArrayList.java:1374)
	at java.util.stream.ReferencePipeline$Head.forEach(ReferencePipeline.java:580)
	at com.liferay.apio.architect.writer.PageWriter._writeNestedResources(PageWriter.java:573)
	at com.liferay.apio.architect.writer.PageWriter._writeItem(PageWriter.java:429)
	at com.liferay.apio.architect.writer.PageWriter.lambda$write$0(PageWriter.java:117)
	at java.util.ArrayList.forEach(ArrayList.java:1249)
	at java.util.Collections$UnmodifiableCollection.forEach(Collections.java:1080)
	at com.liferay.apio.architect.writer.PageWriter.write(PageWriter.java:116)
	at com.liferay.apio.architect.jaxrs.json.internal.writer.PageMessageBodyWriter.writeTo(PageMessageBodyWriter.java:180)
	at com.liferay.apio.architect.jaxrs.json.internal.writer.PageMessageBodyWriter.writeTo(PageMessageBodyWriter.java:79)
	at org.apache.cxf.jaxrs.utils.JAXRSUtils.writeMessageBody(JAXRSUtils.java:1412)
	at org.apache.cxf.jaxrs.interceptor.JAXRSOutInterceptor.serializeMessage(JAXRSOutInterceptor.java:244)
	at org.apache.cxf.jaxrs.interceptor.JAXRSOutInterceptor.processResponse(JAXRSOutInterceptor.java:120)
	at org.apache.cxf.jaxrs.interceptor.JAXRSOutInterceptor.handleMessage(JAXRSOutInterceptor.java:83)
	at org.apache.cxf.phase.PhaseInterceptorChain.doIntercept(PhaseInterceptorChain.java:308)
	at org.apache.cxf.interceptor.OutgoingChainInterceptor.handleMessage(OutgoingChainInterceptor.java:83)
	at org.apache.cxf.phase.PhaseInterceptorChain.doIntercept(PhaseInterceptorChain.java:308)
	at org.apache.cxf.transport.ChainInitiationObserver.onMessage(ChainInitiationObserver.java:121)
	at org.apache.cxf.transport.http.AbstractHTTPDestination.invoke(AbstractHTTPDestination.java:252)
	at org.apache.cxf.transport.servlet.ServletController.invokeDestination(ServletController.java:234)
	at org.apache.cxf.transport.servlet.ServletController.invoke(ServletController.java:208)
	at org.apache.cxf.transport.servlet.ServletController.invoke(ServletController.java:160)
	at org.apache.cxf.transport.servlet.CXFNonSpringServlet.invoke(CXFNonSpringServlet.java:180)
	at org.apache.cxf.transport.servlet.AbstractHTTPServlet.handleRequest(AbstractHTTPServlet.java:299)
	at org.apache.cxf.transport.servlet.AbstractHTTPServlet.doGet(AbstractHTTPServlet.java:223)
	at javax.servlet.http.HttpServlet.service(HttpServlet.java:634)
	at org.apache.cxf.transport.servlet.AbstractHTTPServlet.service(AbstractHTTPServlet.java:274)
	at org.eclipse.equinox.http.servlet.internal.registration.EndpointRegistration.service(EndpointRegistration.java:153)
	at org.eclipse.equinox.http.servlet.internal.servlet.FilterChainImpl.doFilter(FilterChainImpl.java:50)
	at com.liferay.portal.remote.cxf.common.internal.CXFEndpointPublisher$ServicesRegistrator$RemoteAccessFilter.doFilter(CXFEndpointPublisher.java:361)
	at org.eclipse.equinox.http.servlet.internal.registration.FilterRegistration.doFilter(FilterRegistration.java:121)
	at org.eclipse.equinox.http.servlet.internal.servlet.FilterChainImpl.doFilter(FilterChainImpl.java:45)
	at com.liferay.portal.kernel.servlet.BaseFilter.processFilter(BaseFilter.java:144)
	at com.liferay.portal.servlet.filters.authverifier.AuthVerifierFilter.processFilter(AuthVerifierFilter.java:169)
	at com.liferay.portal.kernel.servlet.BaseFilter.doFilter(BaseFilter.java:49)
	at org.eclipse.equinox.http.servlet.internal.registration.FilterRegistration.doFilter(FilterRegistration.java:121)
	at org.eclipse.equinox.http.servlet.internal.servlet.FilterChainImpl.doFilter(FilterChainImpl.java:45)
	at org.eclipse.equinox.http.servlet.internal.servlet.ResponseStateHandler.processRequest(ResponseStateHandler.java:70)
	at org.eclipse.equinox.http.servlet.internal.context.DispatchTargets.doDispatch(DispatchTargets.java:118)
	at org.eclipse.equinox.http.servlet.internal.HttpServiceRuntimeImpl.doDispatch(HttpServiceRuntimeImpl.java:373)
	at org.eclipse.equinox.http.servlet.internal.servlet.ProxyServlet.service(ProxyServlet.java:70)
	at javax.servlet.http.HttpServlet.service(HttpServlet.java:741)
	at com.liferay.portal.module.framework.ModuleFrameworkServletAdapter.service(ModuleFrameworkServletAdapter.java:51)
	at javax.servlet.http.HttpServlet.service(HttpServlet.java:741)
	at org.apache.catalina.core.ApplicationFilterChain.internalDoFilter(ApplicationFilterChain.java:231)
	at org.apache.catalina.core.ApplicationFilterChain.doFilter(ApplicationFilterChain.java:166)
	at org.apache.tomcat.websocket.server.WsFilter.doFilter(WsFilter.java:53)
	at org.apache.catalina.core.ApplicationFilterChain.internalDoFilter(ApplicationFilterChain.java:193)
	at org.apache.catalina.core.ApplicationFilterChain.doFilter(ApplicationFilterChain.java:166)
	at com.liferay.portal.kernel.servlet.filters.invoker.InvokerFilterChain.doFilter(InvokerFilterChain.java:119)
	at com.liferay.portal.kernel.servlet.BaseFilter.processFilter(BaseFilter.java:144)
	at com.liferay.portal.sharepoint.SharepointFilter.processFilter(SharepointFilter.java:88)
	at com.liferay.portal.kernel.servlet.BaseFilter.doFilter(BaseFilter.java:49)
	at com.liferay.portal.kernel.servlet.filters.invoker.InvokerFilterChain.processDoFilter(InvokerFilterChain.java:207)
	at com.liferay.portal.kernel.servlet.filters.invoker.InvokerFilterChain.doFilter(InvokerFilterChain.java:112)
	at com.liferay.portal.kernel.servlet.BaseFilter.processFilter(BaseFilter.java:144)
	at com.liferay.portal.servlet.filters.virtualhost.VirtualHostFilter.processFilter(VirtualHostFilter.java:263)
	at com.liferay.portal.kernel.servlet.BaseFilter.doFilter(BaseFilter.java:49)
	at com.liferay.portal.kernel.servlet.filters.invoker.InvokerFilterChain.processDoFilter(InvokerFilterChain.java:207)
	at com.liferay.portal.kernel.servlet.filters.invoker.InvokerFilterChain.doFilter(InvokerFilterChain.java:112)
	at com.liferay.portal.kernel.servlet.filters.invoker.InvokerFilterChain.processDirectCallFilter(InvokerFilterChain.java:188)
	at com.liferay.portal.kernel.servlet.filters.invoker.InvokerFilterChain.doFilter(InvokerFilterChain.java:96)
	at com.liferay.portal.kernel.servlet.filters.invoker.InvokerFilterChain.processDirectCallFilter(InvokerFilterChain.java:188)
	at com.liferay.portal.kernel.servlet.filters.invoker.InvokerFilterChain.doFilter(InvokerFilterChain.java:96)
	at org.tuckey.web.filters.urlrewrite.RuleChain.handleRewrite(RuleChain.java:176)
	at org.tuckey.web.filters.urlrewrite.RuleChain.doRules(RuleChain.java:145)
	at org.tuckey.web.filters.urlrewrite.UrlRewriter.processRequest(UrlRewriter.java:92)
	at org.tuckey.web.filters.urlrewrite.UrlRewriteFilter.doFilter(UrlRewriteFilter.java:389)
	at com.liferay.portal.servlet.filters.urlrewrite.UrlRewriteFilter.processFilter(UrlRewriteFilter.java:65)
	at com.liferay.portal.kernel.servlet.BaseFilter.doFilter(BaseFilter.java:49)
	at com.liferay.portal.kernel.servlet.filters.invoker.InvokerFilterChain.processDoFilter(InvokerFilterChain.java:207)
	at com.liferay.portal.kernel.servlet.filters.invoker.InvokerFilterChain.doFilter(InvokerFilterChain.java:112)
	at com.liferay.portal.kernel.servlet.filters.invoker.InvokerFilterChain.processDirectCallFilter(InvokerFilterChain.java:168)
	at com.liferay.portal.kernel.servlet.filters.invoker.InvokerFilterChain.doFilter(InvokerFilterChain.java:96)
	at com.liferay.portal.kernel.servlet.filters.invoker.InvokerFilterChain.processDirectCallFilter(InvokerFilterChain.java:168)
	at com.liferay.portal.kernel.servlet.filters.invoker.InvokerFilterChain.doFilter(InvokerFilterChain.java:96)
	at com.liferay.portal.kernel.servlet.filters.invoker.InvokerFilterChain.processDirectCallFilter(InvokerFilterChain.java:188)
	at com.liferay.portal.kernel.servlet.filters.invoker.InvokerFilterChain.doFilter(InvokerFilterChain.java:96)
	at com.liferay.portal.kernel.servlet.filters.invoker.InvokerFilter.doFilter(InvokerFilter.java:100)
	at org.apache.catalina.core.ApplicationFilterChain.internalDoFilter(ApplicationFilterChain.java:193)
	at org.apache.catalina.core.ApplicationFilterChain.doFilter(ApplicationFilterChain.java:166)
	at org.apache.catalina.core.StandardWrapperValve.invoke(StandardWrapperValve.java:199)
	at org.apache.catalina.core.StandardContextValve.invoke(StandardContextValve.java:96)
	at org.apache.catalina.authenticator.AuthenticatorBase.invoke(AuthenticatorBase.java:494)
	at org.apache.catalina.core.StandardHostValve.invoke(StandardHostValve.java:137)
	at org.apache.catalina.valves.ErrorReportValve.invoke(ErrorReportValve.java:92)
	at org.apache.catalina.valves.AbstractAccessLogValve.invoke(AbstractAccessLogValve.java:651)
	at org.apache.catalina.core.StandardEngineValve.invoke(StandardEngineValve.java:87)
	at org.apache.catalina.connector.CoyoteAdapter.service(CoyoteAdapter.java:343)
	at org.apache.coyote.http11.Http11Processor.service(Http11Processor.java:407)
	at org.apache.coyote.AbstractProcessorLight.process(AbstractProcessorLight.java:66)
	at org.apache.coyote.AbstractProtocol$ConnectionHandler.process(AbstractProtocol.java:754)
	at org.apache.tomcat.util.net.NioEndpoint$SocketProcessor.doRun(NioEndpoint.java:1376)
	at org.apache.tomcat.util.net.SocketProcessorBase.run(SocketProcessorBase.java:49)
	at java.util.concurrent.ThreadPoolExecutor.runWorker(ThreadPoolExecutor.java:1142)
	at java.util.concurrent.ThreadPoolExecutor$Worker.run(ThreadPoolExecutor.java:617)
	at org.apache.tomcat.util.threads.TaskThread$WrappingRunnable.run(TaskThread.java:61)
	at java.lang.Thread.run(Thread.java:748)
Caused by: com.liferay.portal.kernel.exception.NoSuchResourcePermissionException: {companyId=20099, name=com.liferay.portal.kernel.model.User, primKey=20103, scope=4}
	at com.liferay.portal.service.impl.ResourcePermissionLocalServiceImpl.hasResourcePermission(ResourcePermissionLocalServiceImpl.java:710)
	at sun.reflect.GeneratedMethodAccessor544.invoke(Unknown Source)
	at sun.reflect.DelegatingMethodAccessorImpl.invoke(DelegatingMethodAccessorImpl.java:43)
	at java.lang.reflect.Method.invoke(Method.java:498)
	at com.liferay.portal.spring.aop.ServiceBeanMethodInvocation.proceed(ServiceBeanMethodInvocation.java:158)
	at com.liferay.portal.spring.transaction.DefaultTransactionExecutor.execute(DefaultTransactionExecutor.java:54)
	at com.liferay.portal.spring.transaction.TransactionInterceptor.invoke(TransactionInterceptor.java:58)
	at com.liferay.portal.spring.aop.ServiceBeanMethodInvocation.proceed(ServiceBeanMethodInvocation.java:135)
	at com.liferay.portal.spring.aop.ChainableMethodAdvice.invoke(ChainableMethodAdvice.java:56)
	at com.liferay.portal.spring.aop.ServiceBeanMethodInvocation.proceed(ServiceBeanMethodInvocation.java:135)
	at com.liferay.portal.spring.aop.ServiceBeanAopProxy.invoke(ServiceBeanAopProxy.java:145)
	at com.sun.proxy.$Proxy117.hasResourcePermission(Unknown Source)
	at com.liferay.portal.service.impl.ResourceLocalServiceImpl.hasUserPermissions(ResourceLocalServiceImpl.java:450)
	at sun.reflect.GeneratedMethodAccessor543.invoke(Unknown Source)
	at sun.reflect.DelegatingMethodAccessorImpl.invoke(DelegatingMethodAccessorImpl.java:43)
	at java.lang.reflect.Method.invoke(Method.java:498)
	at com.liferay.portal.spring.aop.ServiceBeanMethodInvocation.proceed(ServiceBeanMethodInvocation.java:158)
	at com.liferay.portal.spring.transaction.DefaultTransactionExecutor.execute(DefaultTransactionExecutor.java:54)
	at com.liferay.portal.spring.transaction.TransactionInterceptor.invoke(TransactionInterceptor.java:58)
	at com.liferay.portal.spring.aop.ServiceBeanMethodInvocation.proceed(ServiceBeanMethodInvocation.java:135)
	at com.liferay.portal.spring.aop.ChainableMethodAdvice.invoke(ChainableMethodAdvice.java:56)
	at com.liferay.portal.spring.aop.ServiceBeanMethodInvocation.proceed(ServiceBeanMethodInvocation.java:135)
	at com.liferay.portal.spring.aop.ServiceBeanAopProxy.invoke(ServiceBeanAopProxy.java:145)
	at com.sun.proxy.$Proxy101.hasUserPermissions(Unknown Source)
	at com.liferay.portal.kernel.service.ResourceLocalServiceUtil.hasUserPermissions(ResourceLocalServiceUtil.java:321)
	at com.liferay.portal.security.permission.AdvancedPermissionChecker.doCheckPermission(AdvancedPermissionChecker.java:470)
	at com.liferay.portal.security.permission.AdvancedPermissionChecker._hasUserPermissionImpl(AdvancedPermissionChecker.java:1461)
	... 142 more
2018-07-31 13:21:01.881 ERROR [http-nio-8080-exec-2][ApioLoggerImpl:39] com.liferay.apio.architect.error.APIError@17927c58
2018-07-31 13:21:03.055 ERROR [http-nio-8080-exec-6][ApioLoggerImpl:39] com.liferay.apio.architect.error.APIError@4664f249
2018-07-31 13:21:04.761 ERROR [http-nio-8080-exec-13][UserPermissionImpl:186] java.lang.IllegalArgumentException: Someone may be trying to circumvent the permission checker: {companyId=20099, name=com.liferay.portal.kernel.model.User, primKey=20103, scope=4}
java.lang.IllegalArgumentException: Someone may be trying to circumvent the permission checker: {companyId=20099, name=com.liferay.portal.kernel.model.User, primKey=20103, scope=4}
	at com.liferay.portal.security.permission.AdvancedPermissionChecker._hasUserPermissionImpl(AdvancedPermissionChecker.java:1472)
	at com.liferay.portal.security.permission.AdvancedPermissionChecker._hasPermissionImpl(AdvancedPermissionChecker.java:1430)
	at com.liferay.portal.security.permission.AdvancedPermissionChecker.hasPermission(AdvancedPermissionChecker.java:299)
	at com.liferay.portal.security.permission.BasePermissionChecker.hasPermission(BasePermissionChecker.java:114)
	at com.liferay.staging.security.internal.permission.StagingPermissionChecker.hasPermission(StagingPermissionChecker.java:133)
	at com.liferay.portal.service.permission.UserPermissionImpl.contains(UserPermissionImpl.java:121)
	at com.liferay.portal.service.permission.UserPermissionImpl.contains(UserPermissionImpl.java:196)
	at com.liferay.portal.service.permission.UserPermissionImpl.check(UserPermissionImpl.java:67)
	at com.liferay.portal.kernel.service.permission.UserPermissionUtil.check(UserPermissionUtil.java:39)
	at com.liferay.portal.service.impl.UserServiceImpl.getUserById(UserServiceImpl.java:932)
	at sun.reflect.GeneratedMethodAccessor555.invoke(Unknown Source)
	at sun.reflect.DelegatingMethodAccessorImpl.invoke(DelegatingMethodAccessorImpl.java:43)
	at java.lang.reflect.Method.invoke(Method.java:498)
	at com.liferay.portal.spring.aop.ServiceBeanMethodInvocation.proceed(ServiceBeanMethodInvocation.java:158)
	at com.liferay.portal.spring.transaction.DefaultTransactionExecutor.execute(DefaultTransactionExecutor.java:54)
	at com.liferay.portal.spring.transaction.TransactionInterceptor.invoke(TransactionInterceptor.java:58)
	at com.liferay.portal.spring.aop.ServiceBeanMethodInvocation.proceed(ServiceBeanMethodInvocation.java:135)
	at com.liferay.portal.spring.aop.ChainableMethodAdvice.invoke(ChainableMethodAdvice.java:56)
	at com.liferay.portal.spring.aop.ServiceBeanMethodInvocation.proceed(ServiceBeanMethodInvocation.java:135)
	at com.liferay.portal.spring.aop.ChainableMethodAdvice.invoke(ChainableMethodAdvice.java:56)
	at com.liferay.portal.spring.aop.ServiceBeanMethodInvocation.proceed(ServiceBeanMethodInvocation.java:135)
	at com.liferay.portal.spring.aop.ServiceBeanAopProxy.invoke(ServiceBeanAopProxy.java:145)
	at com.sun.proxy.$Proxy160.getUserById(Unknown Source)
	at com.liferay.person.apio.internal.resource.PersonCollectionResource._getUserWrapper(PersonCollectionResource.java:223)
	at com.liferay.apio.architect.function.throwable.ThrowableBiFunction.lambda$andThen$0(ThrowableBiFunction.java:48)
	at com.liferay.apio.architect.routes.ItemRoutes$Builder.lambda$null$24(ItemRoutes.java:350)
	at com.liferay.apio.architect.routes.RoutesBuilderUtil.lambda$provide$14(RoutesBuilderUtil.java:188)
	at com.liferay.apio.architect.routes.RoutesBuilderUtil.lambda$provide$15(RoutesBuilderUtil.java:207)
	at com.liferay.apio.architect.functional.Try.fromFallible(Try.java:78)
	at com.liferay.apio.architect.routes.RoutesBuilderUtil.provide(RoutesBuilderUtil.java:206)
	at com.liferay.apio.architect.routes.RoutesBuilderUtil.provide(RoutesBuilderUtil.java:184)
	at com.liferay.apio.architect.routes.ItemRoutes$Builder.lambda$null$26(ItemRoutes.java:344)
	at com.liferay.apio.architect.jaxrs.json.internal.writer.PageMessageBodyWriter.lambda$_getSingleModelOptional$7(PageMessageBodyWriter.java:198)
	at java.util.Optional.map(Optional.java:215)
	at com.liferay.apio.architect.jaxrs.json.internal.writer.PageMessageBodyWriter._getSingleModelOptional(PageMessageBodyWriter.java:197)
	at com.liferay.apio.architect.writer.FieldsWriter.lambda$getSingleModel$0(FieldsWriter.java:68)
	at java.util.function.Function.lambda$andThen$1(Function.java:88)
	at com.liferay.apio.architect.writer.FieldsWriter.getSingleModel(FieldsWriter.java:69)
	at com.liferay.apio.architect.writer.FieldsWriter.writeRelatedModel(FieldsWriter.java:431)
	at com.liferay.apio.architect.writer.FieldsWriter.writeRelatedModel(FieldsWriter.java:375)
	at com.liferay.apio.architect.writer.FieldsWriter.lambda$writeRelatedModels$12(FieldsWriter.java:472)
	at java.util.ArrayList.forEach(ArrayList.java:1249)
	at com.liferay.apio.architect.writer.FieldsWriter.writeRelatedModels(FieldsWriter.java:471)
	at com.liferay.apio.architect.writer.PageWriter._writeItem(PageWriter.java:405)
	at com.liferay.apio.architect.writer.PageWriter.lambda$write$0(PageWriter.java:117)
	at java.util.ArrayList.forEach(ArrayList.java:1249)
	at java.util.Collections$UnmodifiableCollection.forEach(Collections.java:1080)
	at com.liferay.apio.architect.writer.PageWriter.write(PageWriter.java:116)
	at com.liferay.apio.architect.jaxrs.json.internal.writer.PageMessageBodyWriter.writeTo(PageMessageBodyWriter.java:180)
	at com.liferay.apio.architect.jaxrs.json.internal.writer.PageMessageBodyWriter.writeTo(PageMessageBodyWriter.java:79)
	at org.apache.cxf.jaxrs.utils.JAXRSUtils.writeMessageBody(JAXRSUtils.java:1412)
	at org.apache.cxf.jaxrs.interceptor.JAXRSOutInterceptor.serializeMessage(JAXRSOutInterceptor.java:244)
	at org.apache.cxf.jaxrs.interceptor.JAXRSOutInterceptor.processResponse(JAXRSOutInterceptor.java:120)
	at org.apache.cxf.jaxrs.interceptor.JAXRSOutInterceptor.handleMessage(JAXRSOutInterceptor.java:83)
	at org.apache.cxf.phase.PhaseInterceptorChain.doIntercept(PhaseInterceptorChain.java:308)
	at org.apache.cxf.interceptor.OutgoingChainInterceptor.handleMessage(OutgoingChainInterceptor.java:83)
	at org.apache.cxf.phase.PhaseInterceptorChain.doIntercept(PhaseInterceptorChain.java:308)
	at org.apache.cxf.transport.ChainInitiationObserver.onMessage(ChainInitiationObserver.java:121)
	at org.apache.cxf.transport.http.AbstractHTTPDestination.invoke(AbstractHTTPDestination.java:252)
	at org.apache.cxf.transport.servlet.ServletController.invokeDestination(ServletController.java:234)
	at org.apache.cxf.transport.servlet.ServletController.invoke(ServletController.java:208)
	at org.apache.cxf.transport.servlet.ServletController.invoke(ServletController.java:160)
	at org.apache.cxf.transport.servlet.CXFNonSpringServlet.invoke(CXFNonSpringServlet.java:180)
	at org.apache.cxf.transport.servlet.AbstractHTTPServlet.handleRequest(AbstractHTTPServlet.java:299)
	at org.apache.cxf.transport.servlet.AbstractHTTPServlet.doGet(AbstractHTTPServlet.java:223)
	at javax.servlet.http.HttpServlet.service(HttpServlet.java:634)
	at org.apache.cxf.transport.servlet.AbstractHTTPServlet.service(AbstractHTTPServlet.java:274)
	at org.eclipse.equinox.http.servlet.internal.registration.EndpointRegistration.service(EndpointRegistration.java:153)
	at org.eclipse.equinox.http.servlet.internal.servlet.FilterChainImpl.doFilter(FilterChainImpl.java:50)
	at com.liferay.portal.remote.cxf.common.internal.CXFEndpointPublisher$ServicesRegistrator$RemoteAccessFilter.doFilter(CXFEndpointPublisher.java:361)
	at org.eclipse.equinox.http.servlet.internal.registration.FilterRegistration.doFilter(FilterRegistration.java:121)
	at org.eclipse.equinox.http.servlet.internal.servlet.FilterChainImpl.doFilter(FilterChainImpl.java:45)
	at com.liferay.portal.kernel.servlet.BaseFilter.processFilter(BaseFilter.java:144)
	at com.liferay.portal.servlet.filters.authverifier.AuthVerifierFilter.processFilter(AuthVerifierFilter.java:169)
	at com.liferay.portal.kernel.servlet.BaseFilter.doFilter(BaseFilter.java:49)
	at org.eclipse.equinox.http.servlet.internal.registration.FilterRegistration.doFilter(FilterRegistration.java:121)
	at org.eclipse.equinox.http.servlet.internal.servlet.FilterChainImpl.doFilter(FilterChainImpl.java:45)
	at org.eclipse.equinox.http.servlet.internal.servlet.ResponseStateHandler.processRequest(ResponseStateHandler.java:70)
	at org.eclipse.equinox.http.servlet.internal.context.DispatchTargets.doDispatch(DispatchTargets.java:118)
	at org.eclipse.equinox.http.servlet.internal.HttpServiceRuntimeImpl.doDispatch(HttpServiceRuntimeImpl.java:373)
	at org.eclipse.equinox.http.servlet.internal.servlet.ProxyServlet.service(ProxyServlet.java:70)
	at javax.servlet.http.HttpServlet.service(HttpServlet.java:741)
	at com.liferay.portal.module.framework.ModuleFrameworkServletAdapter.service(ModuleFrameworkServletAdapter.java:51)
	at javax.servlet.http.HttpServlet.service(HttpServlet.java:741)
	at org.apache.catalina.core.ApplicationFilterChain.internalDoFilter(ApplicationFilterChain.java:231)
	at org.apache.catalina.core.ApplicationFilterChain.doFilter(ApplicationFilterChain.java:166)
	at org.apache.tomcat.websocket.server.WsFilter.doFilter(WsFilter.java:53)
	at org.apache.catalina.core.ApplicationFilterChain.internalDoFilter(ApplicationFilterChain.java:193)
	at org.apache.catalina.core.ApplicationFilterChain.doFilter(ApplicationFilterChain.java:166)
	at com.liferay.portal.kernel.servlet.filters.invoker.InvokerFilterChain.doFilter(InvokerFilterChain.java:119)
	at com.liferay.portal.kernel.servlet.BaseFilter.processFilter(BaseFilter.java:144)
	at com.liferay.portal.sharepoint.SharepointFilter.processFilter(SharepointFilter.java:88)
	at com.liferay.portal.kernel.servlet.BaseFilter.doFilter(BaseFilter.java:49)
	at com.liferay.portal.kernel.servlet.filters.invoker.InvokerFilterChain.processDoFilter(InvokerFilterChain.java:207)
	at com.liferay.portal.kernel.servlet.filters.invoker.InvokerFilterChain.doFilter(InvokerFilterChain.java:112)
	at com.liferay.portal.kernel.servlet.BaseFilter.processFilter(BaseFilter.java:144)
	at com.liferay.portal.servlet.filters.virtualhost.VirtualHostFilter.processFilter(VirtualHostFilter.java:263)
	at com.liferay.portal.kernel.servlet.BaseFilter.doFilter(BaseFilter.java:49)
	at com.liferay.portal.kernel.servlet.filters.invoker.InvokerFilterChain.processDoFilter(InvokerFilterChain.java:207)
	at com.liferay.portal.kernel.servlet.filters.invoker.InvokerFilterChain.doFilter(InvokerFilterChain.java:112)
	at com.liferay.portal.kernel.servlet.filters.invoker.InvokerFilterChain.processDirectCallFilter(InvokerFilterChain.java:188)
	at com.liferay.portal.kernel.servlet.filters.invoker.InvokerFilterChain.doFilter(InvokerFilterChain.java:96)
	at com.liferay.portal.kernel.servlet.filters.invoker.InvokerFilterChain.processDirectCallFilter(InvokerFilterChain.java:188)
	at com.liferay.portal.kernel.servlet.filters.invoker.InvokerFilterChain.doFilter(InvokerFilterChain.java:96)
	at org.tuckey.web.filters.urlrewrite.RuleChain.handleRewrite(RuleChain.java:176)
	at org.tuckey.web.filters.urlrewrite.RuleChain.doRules(RuleChain.java:145)
	at org.tuckey.web.filters.urlrewrite.UrlRewriter.processRequest(UrlRewriter.java:92)
	at org.tuckey.web.filters.urlrewrite.UrlRewriteFilter.doFilter(UrlRewriteFilter.java:389)
	at com.liferay.portal.servlet.filters.urlrewrite.UrlRewriteFilter.processFilter(UrlRewriteFilter.java:65)
	at com.liferay.portal.kernel.servlet.BaseFilter.doFilter(BaseFilter.java:49)
	at com.liferay.portal.kernel.servlet.filters.invoker.InvokerFilterChain.processDoFilter(InvokerFilterChain.java:207)
	at com.liferay.portal.kernel.servlet.filters.invoker.InvokerFilterChain.doFilter(InvokerFilterChain.java:112)
	at com.liferay.portal.kernel.servlet.filters.invoker.InvokerFilterChain.processDirectCallFilter(InvokerFilterChain.java:168)
	at com.liferay.portal.kernel.servlet.filters.invoker.InvokerFilterChain.doFilter(InvokerFilterChain.java:96)
	at com.liferay.portal.kernel.servlet.filters.invoker.InvokerFilterChain.processDirectCallFilter(InvokerFilterChain.java:168)
	at com.liferay.portal.kernel.servlet.filters.invoker.InvokerFilterChain.doFilter(InvokerFilterChain.java:96)
	at com.liferay.portal.kernel.servlet.filters.invoker.InvokerFilterChain.processDirectCallFilter(InvokerFilterChain.java:188)
	at com.liferay.portal.kernel.servlet.filters.invoker.InvokerFilterChain.doFilter(InvokerFilterChain.java:96)
	at com.liferay.portal.kernel.servlet.filters.invoker.InvokerFilter.doFilter(InvokerFilter.java:100)
	at org.apache.catalina.core.ApplicationFilterChain.internalDoFilter(ApplicationFilterChain.java:193)
	at org.apache.catalina.core.ApplicationFilterChain.doFilter(ApplicationFilterChain.java:166)
	at org.apache.catalina.core.StandardWrapperValve.invoke(StandardWrapperValve.java:199)
	at org.apache.catalina.core.StandardContextValve.invoke(StandardContextValve.java:96)
	at org.apache.catalina.authenticator.AuthenticatorBase.invoke(AuthenticatorBase.java:494)
	at org.apache.catalina.core.StandardHostValve.invoke(StandardHostValve.java:137)
	at org.apache.catalina.valves.ErrorReportValve.invoke(ErrorReportValve.java:92)
	at org.apache.catalina.valves.AbstractAccessLogValve.invoke(AbstractAccessLogValve.java:651)
	at org.apache.catalina.core.StandardEngineValve.invoke(StandardEngineValve.java:87)
	at org.apache.catalina.connector.CoyoteAdapter.service(CoyoteAdapter.java:343)
	at org.apache.coyote.http11.Http11Processor.service(Http11Processor.java:407)
	at org.apache.coyote.AbstractProcessorLight.process(AbstractProcessorLight.java:66)
	at org.apache.coyote.AbstractProtocol$ConnectionHandler.process(AbstractProtocol.java:754)
	at org.apache.tomcat.util.net.NioEndpoint$SocketProcessor.doRun(NioEndpoint.java:1376)
	at org.apache.tomcat.util.net.SocketProcessorBase.run(SocketProcessorBase.java:49)
	at java.util.concurrent.ThreadPoolExecutor.runWorker(ThreadPoolExecutor.java:1142)
	at java.util.concurrent.ThreadPoolExecutor$Worker.run(ThreadPoolExecutor.java:617)
	at org.apache.tomcat.util.threads.TaskThread$WrappingRunnable.run(TaskThread.java:61)
	at java.lang.Thread.run(Thread.java:748)
Caused by: com.liferay.portal.kernel.exception.NoSuchResourcePermissionException: {companyId=20099, name=com.liferay.portal.kernel.model.User, primKey=20103, scope=4}
	at com.liferay.portal.service.impl.ResourcePermissionLocalServiceImpl.hasResourcePermission(ResourcePermissionLocalServiceImpl.java:710)
	at sun.reflect.GeneratedMethodAccessor544.invoke(Unknown Source)
	at sun.reflect.DelegatingMethodAccessorImpl.invoke(DelegatingMethodAccessorImpl.java:43)
	at java.lang.reflect.Method.invoke(Method.java:498)
	at com.liferay.portal.spring.aop.ServiceBeanMethodInvocation.proceed(ServiceBeanMethodInvocation.java:158)
	at com.liferay.portal.spring.transaction.DefaultTransactionExecutor.execute(DefaultTransactionExecutor.java:54)
	at com.liferay.portal.spring.transaction.TransactionInterceptor.invoke(TransactionInterceptor.java:58)
	at com.liferay.portal.spring.aop.ServiceBeanMethodInvocation.proceed(ServiceBeanMethodInvocation.java:135)
	at com.liferay.portal.spring.aop.ChainableMethodAdvice.invoke(ChainableMethodAdvice.java:56)
	at com.liferay.portal.spring.aop.ServiceBeanMethodInvocation.proceed(ServiceBeanMethodInvocation.java:135)
	at com.liferay.portal.spring.aop.ServiceBeanAopProxy.invoke(ServiceBeanAopProxy.java:145)
	at com.sun.proxy.$Proxy117.hasResourcePermission(Unknown Source)
	at com.liferay.portal.service.impl.ResourceLocalServiceImpl.hasUserPermissions(ResourceLocalServiceImpl.java:450)
	at sun.reflect.GeneratedMethodAccessor543.invoke(Unknown Source)
	at sun.reflect.DelegatingMethodAccessorImpl.invoke(DelegatingMethodAccessorImpl.java:43)
	at java.lang.reflect.Method.invoke(Method.java:498)
	at com.liferay.portal.spring.aop.ServiceBeanMethodInvocation.proceed(ServiceBeanMethodInvocation.java:158)
	at com.liferay.portal.spring.transaction.DefaultTransactionExecutor.execute(DefaultTransactionExecutor.java:54)
	at com.liferay.portal.spring.transaction.TransactionInterceptor.invoke(TransactionInterceptor.java:58)
	at com.liferay.portal.spring.aop.ServiceBeanMethodInvocation.proceed(ServiceBeanMethodInvocation.java:135)
	at com.liferay.portal.spring.aop.ChainableMethodAdvice.invoke(ChainableMethodAdvice.java:56)
	at com.liferay.portal.spring.aop.ServiceBeanMethodInvocation.proceed(ServiceBeanMethodInvocation.java:135)
	at com.liferay.portal.spring.aop.ServiceBeanAopProxy.invoke(ServiceBeanAopProxy.java:145)
	at com.sun.proxy.$Proxy101.hasUserPermissions(Unknown Source)
	at com.liferay.portal.kernel.service.ResourceLocalServiceUtil.hasUserPermissions(ResourceLocalServiceUtil.java:321)
	at com.liferay.portal.security.permission.AdvancedPermissionChecker.doCheckPermission(AdvancedPermissionChecker.java:470)
	at com.liferay.portal.security.permission.AdvancedPermissionChecker._hasUserPermissionImpl(AdvancedPermissionChecker.java:1461)
	... 137 more
2018-07-31 13:21:04.766 ERROR [http-nio-8080-exec-13][UserPermissionImpl:186] java.lang.IllegalArgumentException: Someone may be trying to circumvent the permission checker: {companyId=20099, name=com.liferay.portal.kernel.model.User, primKey=20103, scope=4}
java.lang.IllegalArgumentException: Someone may be trying to circumvent the permission checker: {companyId=20099, name=com.liferay.portal.kernel.model.User, primKey=20103, scope=4}
	at com.liferay.portal.security.permission.AdvancedPermissionChecker._hasUserPermissionImpl(AdvancedPermissionChecker.java:1472)
	at com.liferay.portal.security.permission.AdvancedPermissionChecker._hasPermissionImpl(AdvancedPermissionChecker.java:1430)
	at com.liferay.portal.security.permission.AdvancedPermissionChecker.hasPermission(AdvancedPermissionChecker.java:299)
	at com.liferay.portal.security.permission.BasePermissionChecker.hasPermission(BasePermissionChecker.java:114)
	at com.liferay.staging.security.internal.permission.StagingPermissionChecker.hasPermission(StagingPermissionChecker.java:133)
	at com.liferay.portal.service.permission.UserPermissionImpl.contains(UserPermissionImpl.java:121)
	at com.liferay.portal.service.permission.UserPermissionImpl.contains(UserPermissionImpl.java:196)
	at com.liferay.portal.service.permission.UserPermissionImpl.check(UserPermissionImpl.java:67)
	at com.liferay.portal.kernel.service.permission.UserPermissionUtil.check(UserPermissionUtil.java:39)
	at com.liferay.portal.service.impl.UserServiceImpl.getUserById(UserServiceImpl.java:932)
	at sun.reflect.GeneratedMethodAccessor555.invoke(Unknown Source)
	at sun.reflect.DelegatingMethodAccessorImpl.invoke(DelegatingMethodAccessorImpl.java:43)
	at java.lang.reflect.Method.invoke(Method.java:498)
	at com.liferay.portal.spring.aop.ServiceBeanMethodInvocation.proceed(ServiceBeanMethodInvocation.java:158)
	at com.liferay.portal.spring.transaction.DefaultTransactionExecutor.execute(DefaultTransactionExecutor.java:54)
	at com.liferay.portal.spring.transaction.TransactionInterceptor.invoke(TransactionInterceptor.java:58)
	at com.liferay.portal.spring.aop.ServiceBeanMethodInvocation.proceed(ServiceBeanMethodInvocation.java:135)
	at com.liferay.portal.spring.aop.ChainableMethodAdvice.invoke(ChainableMethodAdvice.java:56)
	at com.liferay.portal.spring.aop.ServiceBeanMethodInvocation.proceed(ServiceBeanMethodInvocation.java:135)
	at com.liferay.portal.spring.aop.ChainableMethodAdvice.invoke(ChainableMethodAdvice.java:56)
	at com.liferay.portal.spring.aop.ServiceBeanMethodInvocation.proceed(ServiceBeanMethodInvocation.java:135)
	at com.liferay.portal.spring.aop.ServiceBeanAopProxy.invoke(ServiceBeanAopProxy.java:145)
	at com.sun.proxy.$Proxy160.getUserById(Unknown Source)
	at com.liferay.person.apio.internal.resource.PersonCollectionResource._getUserWrapper(PersonCollectionResource.java:223)
	at com.liferay.apio.architect.function.throwable.ThrowableBiFunction.lambda$andThen$0(ThrowableBiFunction.java:48)
	at com.liferay.apio.architect.routes.ItemRoutes$Builder.lambda$null$24(ItemRoutes.java:350)
	at com.liferay.apio.architect.routes.RoutesBuilderUtil.lambda$provide$14(RoutesBuilderUtil.java:188)
	at com.liferay.apio.architect.routes.RoutesBuilderUtil.lambda$provide$15(RoutesBuilderUtil.java:207)
	at com.liferay.apio.architect.functional.Try.fromFallible(Try.java:78)
	at com.liferay.apio.architect.routes.RoutesBuilderUtil.provide(RoutesBuilderUtil.java:206)
	at com.liferay.apio.architect.routes.RoutesBuilderUtil.provide(RoutesBuilderUtil.java:184)
	at com.liferay.apio.architect.routes.ItemRoutes$Builder.lambda$null$26(ItemRoutes.java:344)
	at com.liferay.apio.architect.jaxrs.json.internal.writer.PageMessageBodyWriter.lambda$_getSingleModelOptional$7(PageMessageBodyWriter.java:198)
	at java.util.Optional.map(Optional.java:215)
	at com.liferay.apio.architect.jaxrs.json.internal.writer.PageMessageBodyWriter._getSingleModelOptional(PageMessageBodyWriter.java:197)
	at com.liferay.apio.architect.writer.FieldsWriter.lambda$getSingleModel$0(FieldsWriter.java:68)
	at java.util.function.Function.lambda$andThen$1(Function.java:88)
	at com.liferay.apio.architect.writer.FieldsWriter.getSingleModel(FieldsWriter.java:69)
	at com.liferay.apio.architect.writer.FieldsWriter.writeRelatedModel(FieldsWriter.java:431)
	at com.liferay.apio.architect.writer.FieldsWriter.writeRelatedModel(FieldsWriter.java:375)
	at com.liferay.apio.architect.writer.FieldsWriter.lambda$writeRelatedModels$12(FieldsWriter.java:472)
	at java.util.ArrayList.forEach(ArrayList.java:1249)
	at com.liferay.apio.architect.writer.FieldsWriter.writeRelatedModels(FieldsWriter.java:471)
	at com.liferay.apio.architect.writer.PageWriter._writeItemEmbeddedModelFields(PageWriter.java:528)
	at com.liferay.apio.architect.writer.PageWriter.lambda$_writeNestedResources$38(PageWriter.java:583)
	at java.util.ArrayList$ArrayListSpliterator.forEachRemaining(ArrayList.java:1374)
	at java.util.stream.ReferencePipeline$Head.forEach(ReferencePipeline.java:580)
	at com.liferay.apio.architect.writer.PageWriter._writeNestedResources(PageWriter.java:573)
	at com.liferay.apio.architect.writer.PageWriter._writeItem(PageWriter.java:429)
	at com.liferay.apio.architect.writer.PageWriter.lambda$write$0(PageWriter.java:117)
	at java.util.ArrayList.forEach(ArrayList.java:1249)
	at java.util.Collections$UnmodifiableCollection.forEach(Collections.java:1080)
	at com.liferay.apio.architect.writer.PageWriter.write(PageWriter.java:116)
	at com.liferay.apio.architect.jaxrs.json.internal.writer.PageMessageBodyWriter.writeTo(PageMessageBodyWriter.java:180)
	at com.liferay.apio.architect.jaxrs.json.internal.writer.PageMessageBodyWriter.writeTo(PageMessageBodyWriter.java:79)
	at org.apache.cxf.jaxrs.utils.JAXRSUtils.writeMessageBody(JAXRSUtils.java:1412)
	at org.apache.cxf.jaxrs.interceptor.JAXRSOutInterceptor.serializeMessage(JAXRSOutInterceptor.java:244)
	at org.apache.cxf.jaxrs.interceptor.JAXRSOutInterceptor.processResponse(JAXRSOutInterceptor.java:120)
	at org.apache.cxf.jaxrs.interceptor.JAXRSOutInterceptor.handleMessage(JAXRSOutInterceptor.java:83)
	at org.apache.cxf.phase.PhaseInterceptorChain.doIntercept(PhaseInterceptorChain.java:308)
	at org.apache.cxf.interceptor.OutgoingChainInterceptor.handleMessage(OutgoingChainInterceptor.java:83)
	at org.apache.cxf.phase.PhaseInterceptorChain.doIntercept(PhaseInterceptorChain.java:308)
	at org.apache.cxf.transport.ChainInitiationObserver.onMessage(ChainInitiationObserver.java:121)
	at org.apache.cxf.transport.http.AbstractHTTPDestination.invoke(AbstractHTTPDestination.java:252)
	at org.apache.cxf.transport.servlet.ServletController.invokeDestination(ServletController.java:234)
	at org.apache.cxf.transport.servlet.ServletController.invoke(ServletController.java:208)
	at org.apache.cxf.transport.servlet.ServletController.invoke(ServletController.java:160)
	at org.apache.cxf.transport.servlet.CXFNonSpringServlet.invoke(CXFNonSpringServlet.java:180)
	at org.apache.cxf.transport.servlet.AbstractHTTPServlet.handleRequest(AbstractHTTPServlet.java:299)
	at org.apache.cxf.transport.servlet.AbstractHTTPServlet.doGet(AbstractHTTPServlet.java:223)
	at javax.servlet.http.HttpServlet.service(HttpServlet.java:634)
	at org.apache.cxf.transport.servlet.AbstractHTTPServlet.service(AbstractHTTPServlet.java:274)
	at org.eclipse.equinox.http.servlet.internal.registration.EndpointRegistration.service(EndpointRegistration.java:153)
	at org.eclipse.equinox.http.servlet.internal.servlet.FilterChainImpl.doFilter(FilterChainImpl.java:50)
	at com.liferay.portal.remote.cxf.common.internal.CXFEndpointPublisher$ServicesRegistrator$RemoteAccessFilter.doFilter(CXFEndpointPublisher.java:361)
	at org.eclipse.equinox.http.servlet.internal.registration.FilterRegistration.doFilter(FilterRegistration.java:121)
	at org.eclipse.equinox.http.servlet.internal.servlet.FilterChainImpl.doFilter(FilterChainImpl.java:45)
	at com.liferay.portal.kernel.servlet.BaseFilter.processFilter(BaseFilter.java:144)
	at com.liferay.portal.servlet.filters.authverifier.AuthVerifierFilter.processFilter(AuthVerifierFilter.java:169)
	at com.liferay.portal.kernel.servlet.BaseFilter.doFilter(BaseFilter.java:49)
	at org.eclipse.equinox.http.servlet.internal.registration.FilterRegistration.doFilter(FilterRegistration.java:121)
	at org.eclipse.equinox.http.servlet.internal.servlet.FilterChainImpl.doFilter(FilterChainImpl.java:45)
	at org.eclipse.equinox.http.servlet.internal.servlet.ResponseStateHandler.processRequest(ResponseStateHandler.java:70)
	at org.eclipse.equinox.http.servlet.internal.context.DispatchTargets.doDispatch(DispatchTargets.java:118)
	at org.eclipse.equinox.http.servlet.internal.HttpServiceRuntimeImpl.doDispatch(HttpServiceRuntimeImpl.java:373)
	at org.eclipse.equinox.http.servlet.internal.servlet.ProxyServlet.service(ProxyServlet.java:70)
	at javax.servlet.http.HttpServlet.service(HttpServlet.java:741)
	at com.liferay.portal.module.framework.ModuleFrameworkServletAdapter.service(ModuleFrameworkServletAdapter.java:51)
	at javax.servlet.http.HttpServlet.service(HttpServlet.java:741)
	at org.apache.catalina.core.ApplicationFilterChain.internalDoFilter(ApplicationFilterChain.java:231)
	at org.apache.catalina.core.ApplicationFilterChain.doFilter(ApplicationFilterChain.java:166)
	at org.apache.tomcat.websocket.server.WsFilter.doFilter(WsFilter.java:53)
	at org.apache.catalina.core.ApplicationFilterChain.internalDoFilter(ApplicationFilterChain.java:193)
	at org.apache.catalina.core.ApplicationFilterChain.doFilter(ApplicationFilterChain.java:166)
	at com.liferay.portal.kernel.servlet.filters.invoker.InvokerFilterChain.doFilter(InvokerFilterChain.java:119)
	at com.liferay.portal.kernel.servlet.BaseFilter.processFilter(BaseFilter.java:144)
	at com.liferay.portal.sharepoint.SharepointFilter.processFilter(SharepointFilter.java:88)
	at com.liferay.portal.kernel.servlet.BaseFilter.doFilter(BaseFilter.java:49)
	at com.liferay.portal.kernel.servlet.filters.invoker.InvokerFilterChain.processDoFilter(InvokerFilterChain.java:207)
	at com.liferay.portal.kernel.servlet.filters.invoker.InvokerFilterChain.doFilter(InvokerFilterChain.java:112)
	at com.liferay.portal.kernel.servlet.BaseFilter.processFilter(BaseFilter.java:144)
	at com.liferay.portal.servlet.filters.virtualhost.VirtualHostFilter.processFilter(VirtualHostFilter.java:263)
	at com.liferay.portal.kernel.servlet.BaseFilter.doFilter(BaseFilter.java:49)
	at com.liferay.portal.kernel.servlet.filters.invoker.InvokerFilterChain.processDoFilter(InvokerFilterChain.java:207)
	at com.liferay.portal.kernel.servlet.filters.invoker.InvokerFilterChain.doFilter(InvokerFilterChain.java:112)
	at com.liferay.portal.kernel.servlet.filters.invoker.InvokerFilterChain.processDirectCallFilter(InvokerFilterChain.java:188)
	at com.liferay.portal.kernel.servlet.filters.invoker.InvokerFilterChain.doFilter(InvokerFilterChain.java:96)
	at com.liferay.portal.kernel.servlet.filters.invoker.InvokerFilterChain.processDirectCallFilter(InvokerFilterChain.java:188)
	at com.liferay.portal.kernel.servlet.filters.invoker.InvokerFilterChain.doFilter(InvokerFilterChain.java:96)
	at org.tuckey.web.filters.urlrewrite.RuleChain.handleRewrite(RuleChain.java:176)
	at org.tuckey.web.filters.urlrewrite.RuleChain.doRules(RuleChain.java:145)
	at org.tuckey.web.filters.urlrewrite.UrlRewriter.processRequest(UrlRewriter.java:92)
	at org.tuckey.web.filters.urlrewrite.UrlRewriteFilter.doFilter(UrlRewriteFilter.java:389)
	at com.liferay.portal.servlet.filters.urlrewrite.UrlRewriteFilter.processFilter(UrlRewriteFilter.java:65)
	at com.liferay.portal.kernel.servlet.BaseFilter.doFilter(BaseFilter.java:49)
	at com.liferay.portal.kernel.servlet.filters.invoker.InvokerFilterChain.processDoFilter(InvokerFilterChain.java:207)
	at com.liferay.portal.kernel.servlet.filters.invoker.InvokerFilterChain.doFilter(InvokerFilterChain.java:112)
	at com.liferay.portal.kernel.servlet.filters.invoker.InvokerFilterChain.processDirectCallFilter(InvokerFilterChain.java:168)
	at com.liferay.portal.kernel.servlet.filters.invoker.InvokerFilterChain.doFilter(InvokerFilterChain.java:96)
	at com.liferay.portal.kernel.servlet.filters.invoker.InvokerFilterChain.processDirectCallFilter(InvokerFilterChain.java:168)
	at com.liferay.portal.kernel.servlet.filters.invoker.InvokerFilterChain.doFilter(InvokerFilterChain.java:96)
	at com.liferay.portal.kernel.servlet.filters.invoker.InvokerFilterChain.processDirectCallFilter(InvokerFilterChain.java:188)
	at com.liferay.portal.kernel.servlet.filters.invoker.InvokerFilterChain.doFilter(InvokerFilterChain.java:96)
	at com.liferay.portal.kernel.servlet.filters.invoker.InvokerFilter.doFilter(InvokerFilter.java:100)
	at org.apache.catalina.core.ApplicationFilterChain.internalDoFilter(ApplicationFilterChain.java:193)
	at org.apache.catalina.core.ApplicationFilterChain.doFilter(ApplicationFilterChain.java:166)
	at org.apache.catalina.core.StandardWrapperValve.invoke(StandardWrapperValve.java:199)
	at org.apache.catalina.core.StandardContextValve.invoke(StandardContextValve.java:96)
	at org.apache.catalina.authenticator.AuthenticatorBase.invoke(AuthenticatorBase.java:494)
	at org.apache.catalina.core.StandardHostValve.invoke(StandardHostValve.java:137)
	at org.apache.catalina.valves.ErrorReportValve.invoke(ErrorReportValve.java:92)
	at org.apache.catalina.valves.AbstractAccessLogValve.invoke(AbstractAccessLogValve.java:651)
	at org.apache.catalina.core.StandardEngineValve.invoke(StandardEngineValve.java:87)
	at org.apache.catalina.connector.CoyoteAdapter.service(CoyoteAdapter.java:343)
	at org.apache.coyote.http11.Http11Processor.service(Http11Processor.java:407)
	at org.apache.coyote.AbstractProcessorLight.process(AbstractProcessorLight.java:66)
	at org.apache.coyote.AbstractProtocol$ConnectionHandler.process(AbstractProtocol.java:754)
	at org.apache.tomcat.util.net.NioEndpoint$SocketProcessor.doRun(NioEndpoint.java:1376)
	at org.apache.tomcat.util.net.SocketProcessorBase.run(SocketProcessorBase.java:49)
	at java.util.concurrent.ThreadPoolExecutor.runWorker(ThreadPoolExecutor.java:1142)
	at java.util.concurrent.ThreadPoolExecutor$Worker.run(ThreadPoolExecutor.java:617)
	at org.apache.tomcat.util.threads.TaskThread$WrappingRunnable.run(TaskThread.java:61)
	at java.lang.Thread.run(Thread.java:748)
Caused by: com.liferay.portal.kernel.exception.NoSuchResourcePermissionException: {companyId=20099, name=com.liferay.portal.kernel.model.User, primKey=20103, scope=4}
	at com.liferay.portal.service.impl.ResourcePermissionLocalServiceImpl.hasResourcePermission(ResourcePermissionLocalServiceImpl.java:710)
	at sun.reflect.GeneratedMethodAccessor544.invoke(Unknown Source)
	at sun.reflect.DelegatingMethodAccessorImpl.invoke(DelegatingMethodAccessorImpl.java:43)
	at java.lang.reflect.Method.invoke(Method.java:498)
	at com.liferay.portal.spring.aop.ServiceBeanMethodInvocation.proceed(ServiceBeanMethodInvocation.java:158)
	at com.liferay.portal.spring.transaction.DefaultTransactionExecutor.execute(DefaultTransactionExecutor.java:54)
	at com.liferay.portal.spring.transaction.TransactionInterceptor.invoke(TransactionInterceptor.java:58)
	at com.liferay.portal.spring.aop.ServiceBeanMethodInvocation.proceed(ServiceBeanMethodInvocation.java:135)
	at com.liferay.portal.spring.aop.ChainableMethodAdvice.invoke(ChainableMethodAdvice.java:56)
	at com.liferay.portal.spring.aop.ServiceBeanMethodInvocation.proceed(ServiceBeanMethodInvocation.java:135)
	at com.liferay.portal.spring.aop.ServiceBeanAopProxy.invoke(ServiceBeanAopProxy.java:145)
	at com.sun.proxy.$Proxy117.hasResourcePermission(Unknown Source)
	at com.liferay.portal.service.impl.ResourceLocalServiceImpl.hasUserPermissions(ResourceLocalServiceImpl.java:450)
	at sun.reflect.GeneratedMethodAccessor543.invoke(Unknown Source)
	at sun.reflect.DelegatingMethodAccessorImpl.invoke(DelegatingMethodAccessorImpl.java:43)
	at java.lang.reflect.Method.invoke(Method.java:498)
	at com.liferay.portal.spring.aop.ServiceBeanMethodInvocation.proceed(ServiceBeanMethodInvocation.java:158)
	at com.liferay.portal.spring.transaction.DefaultTransactionExecutor.execute(DefaultTransactionExecutor.java:54)
	at com.liferay.portal.spring.transaction.TransactionInterceptor.invoke(TransactionInterceptor.java:58)
	at com.liferay.portal.spring.aop.ServiceBeanMethodInvocation.proceed(ServiceBeanMethodInvocation.java:135)
	at com.liferay.portal.spring.aop.ChainableMethodAdvice.invoke(ChainableMethodAdvice.java:56)
	at com.liferay.portal.spring.aop.ServiceBeanMethodInvocation.proceed(ServiceBeanMethodInvocation.java:135)
	at com.liferay.portal.spring.aop.ServiceBeanAopProxy.invoke(ServiceBeanAopProxy.java:145)
	at com.sun.proxy.$Proxy101.hasUserPermissions(Unknown Source)
	at com.liferay.portal.kernel.service.ResourceLocalServiceUtil.hasUserPermissions(ResourceLocalServiceUtil.java:321)
	at com.liferay.portal.security.permission.AdvancedPermissionChecker.doCheckPermission(AdvancedPermissionChecker.java:470)
	at com.liferay.portal.security.permission.AdvancedPermissionChecker._hasUserPermissionImpl(AdvancedPermissionChecker.java:1461)
	... 142 more
2018-07-31 13:23:46.915 ERROR [http-nio-8080-exec-13][ApioLoggerImpl:39] com.liferay.apio.architect.error.APIError@4b606eb7
2018-07-31 13:26:53.371 ERROR [http-nio-8080-exec-11][ApioLoggerImpl:39] com.liferay.apio.architect.error.APIError@174eba62
2018-07-31 13:27:30.006 ERROR [http-nio-8080-exec-11][ApioLoggerImpl:39] com.liferay.apio.architect.error.APIError@7cc011a0
2018-07-31 13:29:16.481 ERROR [http-nio-8080-exec-17][ApioLoggerImpl:39] com.liferay.apio.architect.error.APIError@620aff39
2018-07-31 13:30:20.599 ERROR [http-nio-8080-exec-11][ApioLoggerImpl:39] com.liferay.apio.architect.error.APIError@3e4727e
2018-07-31 13:33:25.931 ERROR [http-nio-8080-exec-17][ApioLoggerImpl:39] com.liferay.apio.architect.error.APIError@4a0ad695
2018-07-31 13:36:19.161 ERROR [http-nio-8080-exec-7][ApioLoggerImpl:39] com.liferay.apio.architect.error.APIError@5fb3c17
2018-07-31 13:36:38.754 ERROR [http-nio-8080-exec-13][ApioLoggerImpl:39] com.liferay.apio.architect.error.APIError@54821b67
2018-07-31 14:08:19.465 ERROR [http-nio-8080-exec-2][ApioLoggerImpl:39] com.liferay.apio.architect.error.APIError@3177d03b
2018-07-31 14:11:19.535 ERROR [http-nio-8080-exec-13][ApioLoggerImpl:39] com.liferay.apio.architect.error.APIError@388567f
2018-07-31 14:13:30.620 ERROR [http-nio-8080-exec-9][ApioLoggerImpl:39] com.liferay.apio.architect.error.APIError@58163cf5
2018-07-31 14:15:10.133 ERROR [http-nio-8080-exec-1][ApioLoggerImpl:39] com.liferay.apio.architect.error.APIError@1f31b88e
2018-07-31 14:16:52.081 ERROR [http-nio-8080-exec-17][ApioLoggerImpl:39] com.liferay.portal.kernel.json.JSONException: org.json.JSONException: A JSONObject text must begin with '{' at 1 [character 2 line 1]
2018-07-31 14:16:52.738 ERROR [http-nio-8080-exec-2][ApioLoggerImpl:39] com.liferay.portal.kernel.json.JSONException: org.json.JSONException: A JSONObject text must begin with '{' at 1 [character 2 line 1]
2018-07-31 14:18:11.753 ERROR [http-nio-8080-exec-2][ApioLoggerImpl:39] com.liferay.apio.architect.error.APIError@34a4e1e1
2018-07-31 14:19:01.513 ERROR [http-nio-8080-exec-17][ApioLoggerImpl:39] com.liferay.portal.kernel.json.JSONException: org.json.JSONException: A JSONObject text must begin with '{' at 1 [character 2 line 1]
2018-07-31 14:20:06.041 ERROR [http-nio-8080-exec-11][ApioLoggerImpl:39] com.liferay.portal.kernel.json.JSONException: org.json.JSONException: A JSONObject text must begin with '{' at 1 [character 2 line 1]
2018-07-31 14:20:17.799 ERROR [http-nio-8080-exec-1][ApioLoggerImpl:39] com.liferay.portal.kernel.json.JSONException: org.json.JSONException: A JSONObject text must begin with '{' at 1 [character 2 line 1]
2018-07-31 14:20:32.447 ERROR [http-nio-8080-exec-17][ApioLoggerImpl:39] com.liferay.portal.kernel.json.JSONException: org.json.JSONException: A JSONObject text must begin with '{' at 1 [character 2 line 1]
2018-07-31 14:20:32.644 ERROR [http-nio-8080-exec-8][ApioLoggerImpl:39] com.liferay.portal.kernel.json.JSONException: org.json.JSONException: A JSONObject text must begin with '{' at 1 [character 2 line 1]
2018-07-31 14:20:47.510 ERROR [http-nio-8080-exec-17][ApioLoggerImpl:39] com.liferay.portal.kernel.json.JSONException: org.json.JSONException: A JSONObject text must begin with '{' at 1 [character 2 line 1]
2018-07-31 14:20:48.735 ERROR [http-nio-8080-exec-6][ApioLoggerImpl:39] com.liferay.portal.kernel.json.JSONException: org.json.JSONException: A JSONObject text must begin with '{' at 1 [character 2 line 1]
2018-07-31 14:20:57.599 ERROR [http-nio-8080-exec-1][ApioLoggerImpl:39] com.liferay.portal.kernel.json.JSONException: org.json.JSONException: A JSONObject text must begin with '{' at 1 [character 2 line 1]
2018-07-31 14:20:58.563 ERROR [http-nio-8080-exec-7][ApioLoggerImpl:39] com.liferay.portal.kernel.json.JSONException: org.json.JSONException: A JSONObject text must begin with '{' at 1 [character 2 line 1]
2018-07-31 14:21:08.851 ERROR [http-nio-8080-exec-1][ApioLoggerImpl:39] com.liferay.apio.architect.error.APIError@2f013e38
2018-07-31 14:21:30.783 ERROR [http-nio-8080-exec-1][ApioLoggerImpl:39] com.liferay.apio.architect.error.APIError@64696562
2018-07-31 14:22:30.775 ERROR [http-nio-8080-exec-1][ApioLoggerImpl:39] com.liferay.portal.kernel.json.JSONException: org.json.JSONException: A JSONObject text must begin with '{' at 1 [character 2 line 1]
2018-07-31 14:23:27.613 ERROR [http-nio-8080-exec-9][ApioLoggerImpl:39] com.liferay.apio.architect.error.APIError@3bc723dc
2018-07-31 14:23:54.882 ERROR [http-nio-8080-exec-17][ApioLoggerImpl:39] com.liferay.portal.kernel.json.JSONException: org.json.JSONException: A JSONObject text must begin with '{' at 1 [character 2 line 1]
2018-07-31 14:30:34.422 ERROR [http-nio-8080-exec-6][ApioLoggerImpl:39] com.liferay.portal.kernel.json.JSONException: org.json.JSONException: A JSONObject text must begin with '{' at 1 [character 2 line 1]
2018-07-31 14:30:52.690 ERROR [http-nio-8080-exec-7][ApioLoggerImpl:39] com.liferay.portal.kernel.json.JSONException: org.json.JSONException: A JSONObject text must begin with '{' at 1 [character 2 line 1]
2018-07-31 14:32:45.007 ERROR [http-nio-8080-exec-13][ApioLoggerImpl:39] com.liferay.portal.kernel.json.JSONException: org.json.JSONException: A JSONObject text must begin with '{' at 1 [character 2 line 1]
2018-07-31 14:32:50.530 ERROR [http-nio-8080-exec-9][ApioLoggerImpl:39] com.liferay.portal.kernel.json.JSONException: org.json.JSONException: A JSONObject text must begin with '{' at 1 [character 2 line 1]
2018-07-31 14:32:53.606 ERROR [http-nio-8080-exec-8][ApioLoggerImpl:39] com.liferay.portal.kernel.json.JSONException: org.json.JSONException: A JSONObject text must begin with '{' at 1 [character 2 line 1]
2018-07-31 14:32:56.821 ERROR [http-nio-8080-exec-7][ApioLoggerImpl:39] com.liferay.portal.kernel.json.JSONException: org.json.JSONException: A JSONObject text must begin with '{' at 1 [character 2 line 1]
2018-07-31 14:33:17.505 ERROR [http-nio-8080-exec-13][ApioLoggerImpl:39] com.liferay.portal.kernel.json.JSONException: org.json.JSONException: A JSONObject text must begin with '{' at 1 [character 2 line 1]
2018-07-31 14:36:48.687 INFO  [fileinstall-/Users/paulo/Documents/eclipse-workspace/bundles/liferay-portal/osgi/modules][BundleStartStopLogger:38] STOPPED com.liferay.forms.apio.impl_1.0.0 [1046]
2018-07-31 14:36:53.807 INFO  [fileinstall-/Users/paulo/Documents/eclipse-workspace/bundles/liferay-portal/osgi/modules][BundleStartStopLogger:38] STOPPED com.liferay.forms.apio.api_1.0.0 [1045]
2018-07-31 14:36:53.877 INFO  [Refresh Thread: Equinox Container: 40aa75d3-f393-0018-123c-920277962312][BundleStartStopLogger:35] STARTED com.liferay.forms.apio.api_1.0.0 [1045]
2018-07-31 14:36:59.123 INFO  [fileinstall-/Users/paulo/Documents/eclipse-workspace/bundles/liferay-portal/osgi/modules][BundleStartStopLogger:35] STARTED com.liferay.forms.apio.impl_1.0.0 [1061]
2018-07-31 14:38:39.308 ERROR [http-nio-8080-exec-13][ApioLoggerImpl:39] com.liferay.apio.architect.error.APIError@2e800313
2018-07-31 14:43:15.779 ERROR [http-nio-8080-exec-5][ApioLoggerImpl:39] com.liferay.apio.architect.error.APIError@12f440bb
2018-07-31 14:46:07.808 ERROR [http-nio-8080-exec-2][ApioLoggerImpl:39] com.liferay.apio.architect.error.APIError@48b4103e
2018-07-31 14:52:44.832 ERROR [http-nio-8080-exec-2][ApioLoggerImpl:39] com.liferay.apio.architect.error.APIError@1a981c9
2018-07-31 15:07:11.861 ERROR [http-nio-8080-exec-11][ApioLoggerImpl:39] com.liferay.apio.architect.error.APIError@72f192b4
2018-07-31 16:50:51.609 ERROR [http-nio-8080-exec-5][ApioLoggerImpl:39] com.liferay.apio.architect.error.APIError@7a79f13c
2018-07-31 16:59:54.338 ERROR [http-nio-8080-exec-6][ApioLoggerImpl:39] com.liferay.apio.architect.error.APIError@527cf305
2018-07-31 17:01:48.004 ERROR [http-nio-8080-exec-17][ApioLoggerImpl:39] com.liferay.apio.architect.error.APIError@1f58e129
2018-07-31 17:13:53.016 ERROR [http-nio-8080-exec-9][ApioLoggerImpl:39] com.liferay.apio.architect.error.APIError@5aac1726
2018-07-31 17:25:46.695 ERROR [http-nio-8080-exec-1][ApioLoggerImpl:39] com.liferay.apio.architect.error.APIError@558ed70a
2018-07-31 17:33:15.405 ERROR [http-nio-8080-exec-8][ApioLoggerImpl:39] com.liferay.apio.architect.error.APIError@7eb6fd0a
2018-07-31 17:51:39.816 ERROR [http-nio-8080-exec-6][ApioLoggerImpl:39] com.liferay.apio.architect.error.APIError@44723682
2018-07-31 17:53:12.992 ERROR [http-nio-8080-exec-7][ApioLoggerImpl:39] com.liferay.apio.architect.error.APIError@7cb80fbd
2018-07-31 17:57:25.195 ERROR [http-nio-8080-exec-9][ApioLoggerImpl:39] com.liferay.apio.architect.error.APIError@10d96e9f
2018-07-31 18:08:25.367 ERROR [http-nio-8080-exec-6][ApioLoggerImpl:39] No value defined for field name ChooseOneOrMoreMathematicForms
2018-07-31 18:09:15.941 ERROR [http-nio-8080-exec-2][ApioLoggerImpl:39] No value defined for field name ChooseOneOrMoreMathematicForms
2018-07-31 18:09:43.442 ERROR [http-nio-8080-exec-8][ApioLoggerImpl:39] No value defined for field name ChooseOneOrMoreMathematicForms
2018-07-31 18:09:54.410 ERROR [http-nio-8080-exec-11][ApioLoggerImpl:39] No value defined for field name ChooseOneOrMoreMathematicForms
2018-07-31 18:11:01.349 ERROR [http-nio-8080-exec-1][ApioLoggerImpl:39] com.liferay.apio.architect.error.APIError@6e0d0578
2018-07-31 18:11:49.018 ERROR [http-nio-8080-exec-8][ApioLoggerImpl:39] No value defined for field name ChooseOneOrMoreMathematicForms
2018-07-31 18:27:56.672 ERROR [http-nio-8080-exec-13][ApioLoggerImpl:39] com.liferay.apio.architect.error.APIError@5d62ffcd
2018-07-31 18:36:57.073 ERROR [http-nio-8080-exec-11][ApioLoggerImpl:39] com.liferay.apio.architect.error.APIError@6c04a162
2018-07-31 19:56:06.796 ERROR [http-nio-8080-exec-8][ApioLoggerImpl:39] com.liferay.apio.architect.error.APIError@3638e4b2
2018-07-31 19:57:35.915 ERROR [http-nio-8080-exec-9][ApioLoggerImpl:39] com.liferay.apio.architect.error.APIError@78477109
2018-07-31 19:58:24.886 ERROR [http-nio-8080-exec-5][ApioLoggerImpl:39] com.liferay.apio.architect.error.APIError@2a7f59d6
2018-07-31 20:01:57.753 ERROR [http-nio-8080-exec-17][ApioLoggerImpl:39] com.liferay.apio.architect.error.APIError@58c3c2f3
2018-07-31 20:29:47.233 ERROR [http-nio-8080-exec-2][ApioLoggerImpl:39] com.liferay.apio.architect.error.APIError@6586d8b4
2018-07-31 20:30:36.539 ERROR [http-nio-8080-exec-7][ApioLoggerImpl:39] com.liferay.apio.architect.error.APIError@66c3b3cb
2018-07-31 20:36:36.149 ERROR [http-nio-8080-exec-5][ApioLoggerImpl:39] com.liferay.apio.architect.error.APIError@6b346cc6
2018-07-31 20:37:04.012 ERROR [http-nio-8080-exec-11][ApioLoggerImpl:39] com.liferay.apio.architect.error.APIError@507e95c6
2018-07-31 20:37:59.841 ERROR [http-nio-8080-exec-7][ApioLoggerImpl:39] com.liferay.apio.architect.error.APIError@71529da
2018-07-31 20:39:44.551 ERROR [http-nio-8080-exec-1][ApioLoggerImpl:39] com.liferay.apio.architect.error.APIError@73bde373
2018-07-31 20:40:13.782 ERROR [http-nio-8080-exec-8][ApioLoggerImpl:39] com.liferay.apio.architect.error.APIError@a78c67c
2018-07-31 20:44:03.098 ERROR [http-nio-8080-exec-2][ApioLoggerImpl:39] com.liferay.apio.architect.error.APIError@58220c4d
2018-07-31 20:44:03.098 ERROR [http-nio-8080-exec-6][ApioLoggerImpl:39] com.liferay.apio.architect.error.APIError@7f364000
2018-07-31 21:00:36.085 ERROR [http-nio-8080-exec-7][ApioLoggerImpl:39] com.liferay.apio.architect.error.APIError@754f7b8
2018-07-31 21:05:41.739 ERROR [http-nio-8080-exec-2][ApioLoggerImpl:39] com.liferay.apio.architect.error.APIError@3433a4ce
2018-07-31 21:08:31.172 ERROR [http-nio-8080-exec-6][ApioLoggerImpl:39] com.liferay.apio.architect.error.APIError@620585ab
2018-07-31 21:08:59.236 ERROR [http-nio-8080-exec-11][ApioLoggerImpl:39] com.liferay.apio.architect.error.APIError@4a51fa0f
2018-07-31 21:10:21.523 ERROR [http-nio-8080-exec-7][ApioLoggerImpl:39] com.liferay.apio.architect.error.APIError@7dbf171
2018-07-31 21:11:46.740 ERROR [http-nio-8080-exec-8][ApioLoggerImpl:39] com.liferay.apio.architect.error.APIError@2079f00e
2018-07-31 21:18:28.925 ERROR [http-nio-8080-exec-5][ApioLoggerImpl:39] com.liferay.apio.architect.error.APIError@4362d942
2018-07-31 21:30:11.904 ERROR [http-nio-8080-exec-1][ApioLoggerImpl:39] com.liferay.apio.architect.error.APIError@612a45e
2018-07-31 22:11:54.500 WARN  [HikariPool-2 housekeeper][HikariPool:686] HikariPool-2 - Thread starvation or clock leap detected (housekeeper delta=38m11s338ms).
2018-07-31 22:11:54.526 WARN  [HikariPool-1 housekeeper][HikariPool:686] HikariPool-1 - Thread starvation or clock leap detected (housekeeper delta=38m11s347ms).
2018-07-31 22:58:03.782 WARN  [HikariPool-2 housekeeper][HikariPool:686] HikariPool-2 - Thread starvation or clock leap detected (housekeeper delta=46m9s291ms).
2018-07-31 22:58:03.813 WARN  [HikariPool-1 housekeeper][HikariPool:686] HikariPool-1 - Thread starvation or clock leap detected (housekeeper delta=46m9s291ms).
2018-07-31 23:16:59.190 WARN  [HikariPool-2 housekeeper][HikariPool:686] HikariPool-2 - Thread starvation or clock leap detected (housekeeper delta=5m25s347ms).
2018-07-31 23:16:59.207 WARN  [HikariPool-1 housekeeper][HikariPool:686] HikariPool-1 - Thread starvation or clock leap detected (housekeeper delta=5m25s347ms).
2018-07-31 23:58:17.993 WARN  [HikariPool-1 housekeeper][HikariPool:686] HikariPool-1 - Thread starvation or clock leap detected (housekeeper delta=1m45s762ms).
2018-07-31 23:58:17.993 WARN  [HikariPool-2 housekeeper][HikariPool:686] HikariPool-2 - Thread starvation or clock leap detected (housekeeper delta=1m45s762ms).
