2018-06-22 00:09:41.676 INFO  [Thread-42][ThemeHotDeployListener:136] Unregistering themes for classic-theme
2018-06-22 00:09:41.686 INFO  [Thread-42][ThemeHotDeployListener:170] 1 theme for classic-theme was unregistered
2018-06-22 00:09:41.696 INFO  [Thread-42][PluginPackageUtil:1001] Reading plugin package for classic-theme
2018-06-22 00:09:43.721 INFO  [Thread-42][PortletHotDeployListener:331] Unregistering portlets for tasks-portlet
2018-06-22 00:09:43.800 INFO  [Thread-42][PortletHotDeployListener:365] 2 portlets for tasks-portlet were unregistered
2018-06-22 00:09:43.896 INFO  [Thread-42][HookHotDeployListener:581] Hook for tasks-portlet was unregistered
2018-06-22 00:09:43.998 INFO  [Thread-42][PluginPackageUtil:1001] Reading plugin package for tasks-portlet
2018-06-22 00:09:44.428 INFO  [Thread-42][PortletHotDeployListener:331] Unregistering portlets for opensocial-portlet
2018-06-22 00:09:44.547 INFO  [Thread-42][PortletHotDeployListener:365] 4 portlets for opensocial-portlet were unregistered
2018-06-22 00:09:44.708 INFO  [Thread-42][HookHotDeployListener:581] Hook for opensocial-portlet was unregistered
2018-06-22 00:09:44.909 INFO  [Thread-42][PluginPackageUtil:1001] Reading plugin package for opensocial-portlet
2018-06-22 00:09:45.221 INFO  [Thread-42][HookHotDeployListener:581] Hook for social-bookmarks-hook was unregistered
2018-06-22 00:09:45.225 INFO  [Thread-42][PluginPackageUtil:1001] Reading plugin package for social-bookmarks-hook
2018-06-22 00:09:46.396 INFO  [Thread-42][ThemeHotDeployListener:136] Unregistering themes for fjord-theme
2018-06-22 00:09:46.397 INFO  [Thread-42][ThemeHotDeployListener:170] 1 theme for fjord-theme was unregistered
2018-06-22 00:09:46.399 INFO  [Thread-42][PluginPackageUtil:1001] Reading plugin package for fjord-theme
2018-06-22 00:09:47.923 INFO  [Thread-42][PortletHotDeployListener:331] Unregistering portlets for powwow-portlet
2018-06-22 00:09:49.405 INFO  [Thread-42][PortletHotDeployListener:365] 2 portlets for powwow-portlet were unregistered
2018-06-22 00:09:49.512 INFO  [Thread-42][HookHotDeployListener:581] Hook for powwow-portlet was unregistered
2018-06-22 00:09:49.612 INFO  [Thread-42][PluginPackageUtil:1001] Reading plugin package for powwow-portlet
2018-06-22 00:09:50.019 INFO  [Thread-42][ThemeHotDeployListener:136] Unregistering themes for porygon-theme
2018-06-22 00:09:50.020 INFO  [Thread-42][ThemeHotDeployListener:170] 1 theme for porygon-theme was unregistered
2018-06-22 00:09:50.022 INFO  [Thread-42][PluginPackageUtil:1001] Reading plugin package for porygon-theme
2018-06-22 00:09:50.972 INFO  [Thread-42][LayoutTemplateHotDeployListener:137] Unregistering layout templates for frontend-columns-layouttpl
2018-06-22 00:09:50.974 INFO  [Thread-42][LayoutTemplateHotDeployListener:159] 5 layout templates for frontend-columns-layouttpl were unregistered
2018-06-22 00:09:50.976 INFO  [Thread-42][PluginPackageUtil:1001] Reading plugin package for frontend-columns-layouttpl
2018-06-22 00:09:51.075 INFO  [Thread-42][ThemeHotDeployListener:136] Unregistering themes for westeros-bank-theme
2018-06-22 00:09:51.076 INFO  [Thread-42][ThemeHotDeployListener:170] 1 theme for westeros-bank-theme was unregistered
2018-06-22 00:09:51.077 INFO  [Thread-42][PluginPackageUtil:1001] Reading plugin package for westeros-bank-theme
2018-06-22 00:09:51.188 INFO  [Thread-42][ThemeHotDeployListener:136] Unregistering themes for admin-theme
2018-06-22 00:09:51.189 INFO  [Thread-42][ThemeHotDeployListener:170] 1 theme for admin-theme was unregistered
2018-06-22 00:09:51.190 INFO  [Thread-42][PluginPackageUtil:1001] Reading plugin package for admin-theme
