2018-06-13 01:31:50.029 WARN  [HikariPool-1 housekeeper][HikariPool:686] HikariPool-1 - Thread starvation or clock leap detected (housekeeper delta=2h26s87ms).
2018-06-13 01:31:50.035 WARN  [HikariPool-2 housekeeper][HikariPool:686] HikariPool-2 - Thread starvation or clock leap detected (housekeeper delta=2h26s83ms).
2018-06-13 01:43:53.985 WARN  [HikariPool-1 housekeeper][HikariPool:686] HikariPool-1 - Thread starvation or clock leap detected (housekeeper delta=12m3s956ms).
2018-06-13 01:43:53.985 WARN  [HikariPool-2 housekeeper][HikariPool:686] HikariPool-2 - Thread starvation or clock leap detected (housekeeper delta=12m3s950ms).
2018-06-13 03:44:50.081 WARN  [HikariPool-1 housekeeper][HikariPool:686] HikariPool-1 - Thread starvation or clock leap detected (housekeeper delta=2h26s96ms).
2018-06-13 03:44:50.092 WARN  [HikariPool-2 housekeeper][HikariPool:686] HikariPool-2 - Thread starvation or clock leap detected (housekeeper delta=2h26s96ms).
2018-06-13 04:05:54.189 WARN  [HikariPool-1 housekeeper][HikariPool:686] HikariPool-1 - Thread starvation or clock leap detected (housekeeper delta=20m34s98ms).
2018-06-13 04:05:54.192 WARN  [HikariPool-2 housekeeper][HikariPool:686] HikariPool-2 - Thread starvation or clock leap detected (housekeeper delta=20m34s97ms).
2018-06-13 06:06:50.247 WARN  [HikariPool-1 housekeeper][HikariPool:686] HikariPool-1 - Thread starvation or clock leap detected (housekeeper delta=2h26s49ms).
2018-06-13 06:06:50.258 WARN  [HikariPool-2 housekeeper][HikariPool:686] HikariPool-2 - Thread starvation or clock leap detected (housekeeper delta=2h26s49ms).
2018-06-13 08:07:16.939 WARN  [HikariPool-1 housekeeper][HikariPool:686] HikariPool-1 - Thread starvation or clock leap detected (housekeeper delta=2h26s692ms).
2018-06-13 08:07:16.940 WARN  [HikariPool-2 housekeeper][HikariPool:686] HikariPool-2 - Thread starvation or clock leap detected (housekeeper delta=2h26s682ms).
2018-06-13 08:28:21.056 WARN  [HikariPool-1 housekeeper][HikariPool:686] HikariPool-1 - Thread starvation or clock leap detected (housekeeper delta=20m34s102ms).
2018-06-13 08:28:21.056 WARN  [HikariPool-2 housekeeper][HikariPool:686] HikariPool-2 - Thread starvation or clock leap detected (housekeeper delta=20m34s102ms).
2018-06-13 09:57:46.767 WARN  [HikariPool-1 housekeeper][HikariPool:686] HikariPool-1 - Thread starvation or clock leap detected (housekeeper delta=1h28m55s709ms).
2018-06-13 09:57:46.767 WARN  [HikariPool-2 housekeeper][HikariPool:686] HikariPool-2 - Thread starvation or clock leap detected (housekeeper delta=1h28m55s709ms).
2018-06-13 10:31:41.129 INFO  [Thread-42][HookHotDeployListener:581] Hook for social-bookmarks-hook was unregistered
2018-06-13 10:31:41.135 INFO  [Thread-42][PluginPackageUtil:1001] Reading plugin package for social-bookmarks-hook
2018-06-13 10:31:41.350 INFO  [Thread-42][ThemeHotDeployListener:136] Unregistering themes for porygon-theme
2018-06-13 10:31:41.352 INFO  [Thread-42][ThemeHotDeployListener:170] 1 theme for porygon-theme was unregistered
2018-06-13 10:31:41.354 INFO  [Thread-42][PluginPackageUtil:1001] Reading plugin package for porygon-theme
2018-06-13 10:31:42.093 INFO  [Thread-42][ThemeHotDeployListener:136] Unregistering themes for westeros-bank-theme
2018-06-13 10:31:42.094 INFO  [Thread-42][ThemeHotDeployListener:170] 1 theme for westeros-bank-theme was unregistered
2018-06-13 10:31:42.095 INFO  [Thread-42][PluginPackageUtil:1001] Reading plugin package for westeros-bank-theme
2018-06-13 10:31:42.549 INFO  [Thread-42][PortletHotDeployListener:331] Unregistering portlets for tasks-portlet
2018-06-13 10:31:42.586 INFO  [Thread-42][PortletHotDeployListener:365] 2 portlets for tasks-portlet were unregistered
2018-06-13 10:31:42.643 INFO  [Thread-42][HookHotDeployListener:581] Hook for tasks-portlet was unregistered
2018-06-13 10:31:43.016 INFO  [Thread-42][PluginPackageUtil:1001] Reading plugin package for tasks-portlet
2018-06-13 10:31:43.070 INFO  [Thread-42][LayoutTemplateHotDeployListener:137] Unregistering layout templates for frontend-columns-layouttpl
2018-06-13 10:31:43.072 INFO  [Thread-42][LayoutTemplateHotDeployListener:159] 5 layout templates for frontend-columns-layouttpl were unregistered
2018-06-13 10:31:43.074 INFO  [Thread-42][PluginPackageUtil:1001] Reading plugin package for frontend-columns-layouttpl
2018-06-13 10:31:43.892 INFO  [Thread-42][ThemeHotDeployListener:136] Unregistering themes for fjord-theme
2018-06-13 10:31:43.892 INFO  [Thread-42][ThemeHotDeployListener:170] 1 theme for fjord-theme was unregistered
2018-06-13 10:31:44.230 INFO  [Thread-42][PluginPackageUtil:1001] Reading plugin package for fjord-theme
2018-06-13 10:31:45.000 INFO  [Thread-42][ThemeHotDeployListener:136] Unregistering themes for classic-theme
2018-06-13 10:31:45.001 INFO  [Thread-42][ThemeHotDeployListener:170] 1 theme for classic-theme was unregistered
2018-06-13 10:31:45.002 INFO  [Thread-42][PluginPackageUtil:1001] Reading plugin package for classic-theme
2018-06-13 10:31:45.834 INFO  [Thread-42][ThemeHotDeployListener:136] Unregistering themes for admin-theme
2018-06-13 10:31:45.864 INFO  [Thread-42][ThemeHotDeployListener:170] 1 theme for admin-theme was unregistered
2018-06-13 10:31:45.873 INFO  [Thread-42][PluginPackageUtil:1001] Reading plugin package for admin-theme
2018-06-13 10:31:46.002 INFO  [Thread-42][PortletHotDeployListener:331] Unregistering portlets for opensocial-portlet
2018-06-13 10:31:46.046 INFO  [Thread-42][PortletHotDeployListener:365] 4 portlets for opensocial-portlet were unregistered
2018-06-13 10:31:46.095 INFO  [Thread-42][HookHotDeployListener:581] Hook for opensocial-portlet was unregistered
2018-06-13 10:31:46.191 INFO  [Thread-42][PluginPackageUtil:1001] Reading plugin package for opensocial-portlet
2018-06-13 10:31:47.837 INFO  [Thread-42][PortletHotDeployListener:331] Unregistering portlets for powwow-portlet
2018-06-13 10:31:48.114 INFO  [Thread-42][PortletHotDeployListener:365] 2 portlets for powwow-portlet were unregistered
2018-06-13 10:31:48.160 INFO  [Thread-42][HookHotDeployListener:581] Hook for powwow-portlet was unregistered
2018-06-13 10:31:48.200 INFO  [Thread-42][PluginPackageUtil:1001] Reading plugin package for powwow-portlet
2018-06-13 10:31:56.229 WARN  [liferay/scheduler_engine-3][ProxyMessageListener:88] com.liferay.portal.kernel.scheduler.SchedulerException: Unable to delete job {jobName=com.liferay.twitter.internal.model.listener.SynchronizeTwitterMessageListener, groupName=com.liferay.twitter.internal.model.listener.SynchronizeTwitterMessageListener}
com.liferay.portal.kernel.scheduler.SchedulerException: Unable to delete job {jobName=com.liferay.twitter.internal.model.listener.SynchronizeTwitterMessageListener, groupName=com.liferay.twitter.internal.model.listener.SynchronizeTwitterMessageListener}
	at com.liferay.portal.scheduler.quartz.internal.QuartzSchedulerEngine.delete(QuartzSchedulerEngine.java:131)
	at sun.reflect.NativeMethodAccessorImpl.invoke0(Native Method)
	at sun.reflect.NativeMethodAccessorImpl.invoke(NativeMethodAccessorImpl.java:62)
	at sun.reflect.DelegatingMethodAccessorImpl.invoke(DelegatingMethodAccessorImpl.java:43)
	at java.lang.reflect.Method.invoke(Method.java:498)
	at com.liferay.portal.kernel.messaging.proxy.ProxyRequest.execute(ProxyRequest.java:82)
	at com.liferay.portal.kernel.messaging.proxy.ProxyMessageListener.receive(ProxyMessageListener.java:58)
	at com.liferay.portal.kernel.messaging.InvokerMessageListener.receive(InvokerMessageListener.java:74)
	at com.liferay.portal.kernel.messaging.ParallelDestination$1.run(ParallelDestination.java:52)
	at com.liferay.portal.kernel.concurrent.ThreadPoolExecutor$WorkerTask._runTask(ThreadPoolExecutor.java:756)
	at com.liferay.portal.kernel.concurrent.ThreadPoolExecutor$WorkerTask.run(ThreadPoolExecutor.java:667)
	at java.lang.Thread.run(Thread.java:748)
Caused by: org.quartz.SchedulerException: The Scheduler has been shutdown.
	at org.quartz.core.QuartzScheduler.validateState(QuartzScheduler.java:749)
	at org.quartz.core.QuartzScheduler.deleteJob(QuartzScheduler.java:936)
	at org.quartz.impl.StdScheduler.deleteJob(StdScheduler.java:292)
	at com.liferay.portal.scheduler.quartz.internal.QuartzSchedulerEngine.delete(QuartzSchedulerEngine.java:127)
	... 11 more
2018-06-13 10:31:56.229 WARN  [liferay/scheduler_engine-2][ProxyMessageListener:88] com.liferay.portal.kernel.scheduler.SchedulerException: Unable to delete job {jobName=com.liferay.announcements.web.internal.messaging.CheckEntryMessageListener, groupName=com.liferay.announcements.web.internal.messaging.CheckEntryMessageListener}
com.liferay.portal.kernel.scheduler.SchedulerException: Unable to delete job {jobName=com.liferay.announcements.web.internal.messaging.CheckEntryMessageListener, groupName=com.liferay.announcements.web.internal.messaging.CheckEntryMessageListener}
	at com.liferay.portal.scheduler.quartz.internal.QuartzSchedulerEngine.delete(QuartzSchedulerEngine.java:131)
	at sun.reflect.NativeMethodAccessorImpl.invoke0(Native Method)
	at sun.reflect.NativeMethodAccessorImpl.invoke(NativeMethodAccessorImpl.java:62)
	at sun.reflect.DelegatingMethodAccessorImpl.invoke(DelegatingMethodAccessorImpl.java:43)
	at java.lang.reflect.Method.invoke(Method.java:498)
	at com.liferay.portal.kernel.messaging.proxy.ProxyRequest.execute(ProxyRequest.java:82)
	at com.liferay.portal.kernel.messaging.proxy.ProxyMessageListener.receive(ProxyMessageListener.java:58)
	at com.liferay.portal.kernel.messaging.InvokerMessageListener.receive(InvokerMessageListener.java:74)
	at com.liferay.portal.kernel.messaging.ParallelDestination$1.run(ParallelDestination.java:52)
	at com.liferay.portal.kernel.concurrent.ThreadPoolExecutor$WorkerTask._runTask(ThreadPoolExecutor.java:756)
	at com.liferay.portal.kernel.concurrent.ThreadPoolExecutor$WorkerTask.run(ThreadPoolExecutor.java:667)
	at java.lang.Thread.run(Thread.java:748)
Caused by: org.quartz.SchedulerException: The Scheduler has been shutdown.
	at org.quartz.core.QuartzScheduler.validateState(QuartzScheduler.java:749)
	at org.quartz.core.QuartzScheduler.deleteJob(QuartzScheduler.java:936)
	at org.quartz.impl.StdScheduler.deleteJob(StdScheduler.java:292)
	at com.liferay.portal.scheduler.quartz.internal.QuartzSchedulerEngine.delete(QuartzSchedulerEngine.java:127)
	... 11 more
2018-06-13 16:46:55.227 INFO  [main][HikariDataSource:95] HikariPool-1 - Starting...
2018-06-13 16:46:55.505 INFO  [main][HikariDataSource:107] HikariPool-1 - Start completed.
2018-06-13 16:46:55.509 INFO  [main][DialectDetector:77] Determine dialect for MySQL 5.7
2018-06-13 16:46:55.657 INFO  [main][DialectDetector:155] Found dialect org.hibernate.dialect.MySQLDialect
2018-06-13 16:46:57.206 INFO  [main][HikariDataSource:95] HikariPool-2 - Starting...
2018-06-13 16:46:57.216 INFO  [main][HikariDataSource:107] HikariPool-2 - Start completed.
2018-06-13 16:46:57.570 INFO  [main][BundleStartStopLogger:35] STARTED org.eclipse.osgi_3.10.200.v20150831-0856 [0]
2018-06-13 16:46:57.578 ERROR [main][ModuleFrameworkImpl:1310] Missing /Users/paulo/Documents/eclipse-workspace/bundles/liferay-portal/tomcat-9.0.6/webapps/ROOT/WEB-INF/lib/com.liferay.portal.osgi.web.jasper.plugins.taglib.jar
2018-06-13 16:46:57.631 ERROR [Framework Event Dispatcher: Equinox Container: 10bb2686-426f-0018-1e6f-c89682bf7b71][com_liferay_util_taglib:97] FrameworkEvent ERROR 
org.osgi.framework.BundleException: Could not resolve module: com.liferay.util.taglib [1]_  Unresolved requirement: Import-Package: javax.el_ [Sanitized]
	at org.eclipse.osgi.container.Module.start(Module.java:429)
	at org.eclipse.osgi.container.ModuleContainer$ContainerStartLevel.incStartLevel(ModuleContainer.java:1582)
	at org.eclipse.osgi.container.ModuleContainer$ContainerStartLevel.incStartLevel(ModuleContainer.java:1562)
	at org.eclipse.osgi.container.ModuleContainer$ContainerStartLevel.doContainerStartLevel(ModuleContainer.java:1533)
	at org.eclipse.osgi.container.ModuleContainer$ContainerStartLevel.dispatchEvent(ModuleContainer.java:1476)
	at org.eclipse.osgi.container.ModuleContainer$ContainerStartLevel.dispatchEvent(ModuleContainer.java:1)
	at org.eclipse.osgi.framework.eventmgr.EventManager.dispatchEvent(EventManager.java:230)
	at org.eclipse.osgi.framework.eventmgr.EventManager$EventThread.run(EventManager.java:340)
2018-06-13 16:54:39.952 INFO  [main][HikariDataSource:95] HikariPool-1 - Starting...
2018-06-13 16:54:40.229 INFO  [main][HikariDataSource:107] HikariPool-1 - Start completed.
2018-06-13 16:54:40.233 INFO  [main][DialectDetector:77] Determine dialect for MySQL 5.7
2018-06-13 16:54:40.369 INFO  [main][DialectDetector:155] Found dialect org.hibernate.dialect.MySQLDialect
2018-06-13 16:54:42.063 INFO  [main][HikariDataSource:95] HikariPool-2 - Starting...
2018-06-13 16:54:42.074 INFO  [main][HikariDataSource:107] HikariPool-2 - Start completed.
2018-06-13 16:54:42.513 INFO  [main][BundleStartStopLogger:35] STARTED org.eclipse.osgi_3.10.200.v20150831-0856 [0]
2018-06-13 16:54:42.522 ERROR [main][ModuleFrameworkImpl:1310] Missing /Users/paulo/Documents/eclipse-workspace/bundles/liferay-portal/tomcat-9.0.6/webapps/ROOT/WEB-INF/lib/com.liferay.portal.osgi.web.jasper.plugins.taglib.jar
2018-06-13 16:54:42.567 ERROR [Framework Event Dispatcher: Equinox Container: 5056179b-436f-0018-1801-ca68b325dd47][com_liferay_util_taglib:97] FrameworkEvent ERROR 
org.osgi.framework.BundleException: Could not resolve module: com.liferay.util.taglib [1]_  Unresolved requirement: Import-Package: javax.el_ [Sanitized]
	at org.eclipse.osgi.container.Module.start(Module.java:429)
	at org.eclipse.osgi.container.ModuleContainer$ContainerStartLevel.incStartLevel(ModuleContainer.java:1582)
	at org.eclipse.osgi.container.ModuleContainer$ContainerStartLevel.incStartLevel(ModuleContainer.java:1562)
	at org.eclipse.osgi.container.ModuleContainer$ContainerStartLevel.doContainerStartLevel(ModuleContainer.java:1533)
	at org.eclipse.osgi.container.ModuleContainer$ContainerStartLevel.dispatchEvent(ModuleContainer.java:1476)
	at org.eclipse.osgi.container.ModuleContainer$ContainerStartLevel.dispatchEvent(ModuleContainer.java:1)
	at org.eclipse.osgi.framework.eventmgr.EventManager.dispatchEvent(EventManager.java:230)
	at org.eclipse.osgi.framework.eventmgr.EventManager$EventThread.run(EventManager.java:340)
