13-Aug-2018 11:17:05.766 INFO [main] org.apache.catalina.startup.VersionLoggerListener.log Server version:        Apache Tomcat/9.0.6
13-Aug-2018 11:17:05.771 INFO [main] org.apache.catalina.startup.VersionLoggerListener.log Server built:          Mar 5 2018 09:34:35 UTC
13-Aug-2018 11:17:05.771 INFO [main] org.apache.catalina.startup.VersionLoggerListener.log Server number:         9.0.6.0
13-Aug-2018 11:17:05.771 INFO [main] org.apache.catalina.startup.VersionLoggerListener.log OS Name:               Mac OS X
13-Aug-2018 11:17:05.771 INFO [main] org.apache.catalina.startup.VersionLoggerListener.log OS Version:            10.13.6
13-Aug-2018 11:17:05.772 INFO [main] org.apache.catalina.startup.VersionLoggerListener.log Architecture:          x86_64
13-Aug-2018 11:17:05.772 INFO [main] org.apache.catalina.startup.VersionLoggerListener.log Java Home:             /Library/Java/JavaVirtualMachines/jdk1.8.0_131.jdk/Contents/Home/jre
13-Aug-2018 11:17:05.772 INFO [main] org.apache.catalina.startup.VersionLoggerListener.log JVM Version:           1.8.0_131-b11
13-Aug-2018 11:17:05.772 INFO [main] org.apache.catalina.startup.VersionLoggerListener.log JVM Vendor:            Oracle Corporation
13-Aug-2018 11:17:05.772 INFO [main] org.apache.catalina.startup.VersionLoggerListener.log CATALINA_BASE:         /Users/paulo/Documents/eclipse-workspace/bundles/liferay-portal/tomcat-9.0.6
13-Aug-2018 11:17:05.773 INFO [main] org.apache.catalina.startup.VersionLoggerListener.log CATALINA_HOME:         /Users/paulo/Documents/eclipse-workspace/bundles/liferay-portal/tomcat-9.0.6
13-Aug-2018 11:17:05.774 INFO [main] org.apache.catalina.startup.VersionLoggerListener.log Command line argument: -Djava.util.logging.config.file=/Users/paulo/Documents/eclipse-workspace/bundles/liferay-portal/tomcat-9.0.6/conf/logging.properties
13-Aug-2018 11:17:05.774 INFO [main] org.apache.catalina.startup.VersionLoggerListener.log Command line argument: -Djava.util.logging.manager=org.apache.juli.ClassLoaderLogManager
13-Aug-2018 11:17:05.774 INFO [main] org.apache.catalina.startup.VersionLoggerListener.log Command line argument: -Djdk.tls.ephemeralDHKeySize=2048
13-Aug-2018 11:17:05.774 INFO [main] org.apache.catalina.startup.VersionLoggerListener.log Command line argument: -Djava.protocol.handler.pkgs=org.apache.catalina.webresources
13-Aug-2018 11:17:05.774 INFO [main] org.apache.catalina.startup.VersionLoggerListener.log Command line argument: -Dfile.encoding=UTF8
13-Aug-2018 11:17:05.775 INFO [main] org.apache.catalina.startup.VersionLoggerListener.log Command line argument: -Djava.net.preferIPv4Stack=true
13-Aug-2018 11:17:05.775 INFO [main] org.apache.catalina.startup.VersionLoggerListener.log Command line argument: -Dorg.apache.catalina.loader.WebappClassLoader.ENABLE_CLEAR_REFERENCES=false
13-Aug-2018 11:17:05.775 INFO [main] org.apache.catalina.startup.VersionLoggerListener.log Command line argument: -Duser.timezone=GMT
13-Aug-2018 11:17:05.775 INFO [main] org.apache.catalina.startup.VersionLoggerListener.log Command line argument: -Xdebug
13-Aug-2018 11:17:05.775 INFO [main] org.apache.catalina.startup.VersionLoggerListener.log Command line argument: -Xrunjdwp:transport=dt_socket,address=8000,server=y,suspend=n
13-Aug-2018 11:17:05.775 INFO [main] org.apache.catalina.startup.VersionLoggerListener.log Command line argument: -Dcom.sun.management.jmxremote
13-Aug-2018 11:17:05.775 INFO [main] org.apache.catalina.startup.VersionLoggerListener.log Command line argument: -Dcom.sun.management.jmxremote.authenticate=false
13-Aug-2018 11:17:05.776 INFO [main] org.apache.catalina.startup.VersionLoggerListener.log Command line argument: -Dcom.sun.management.jmxremote.port=8099
13-Aug-2018 11:17:05.776 INFO [main] org.apache.catalina.startup.VersionLoggerListener.log Command line argument: -Dcom.sun.management.jmxremote.ssl=false
13-Aug-2018 11:17:05.776 INFO [main] org.apache.catalina.startup.VersionLoggerListener.log Command line argument: -Dignore.endorsed.dirs=
13-Aug-2018 11:17:05.776 INFO [main] org.apache.catalina.startup.VersionLoggerListener.log Command line argument: -Dcatalina.base=/Users/paulo/Documents/eclipse-workspace/bundles/liferay-portal/tomcat-9.0.6
13-Aug-2018 11:17:05.776 INFO [main] org.apache.catalina.startup.VersionLoggerListener.log Command line argument: -Dcatalina.home=/Users/paulo/Documents/eclipse-workspace/bundles/liferay-portal/tomcat-9.0.6
13-Aug-2018 11:17:05.776 INFO [main] org.apache.catalina.startup.VersionLoggerListener.log Command line argument: -Djava.io.tmpdir=/Users/paulo/Documents/eclipse-workspace/bundles/liferay-portal/tomcat-9.0.6/temp
13-Aug-2018 11:17:05.776 INFO [main] org.apache.catalina.core.AprLifecycleListener.lifecycleEvent The APR based Apache Tomcat Native library which allows optimal performance in production environments was not found on the java.library.path: [/Users/paulo/Library/Java/Extensions:/Library/Java/Extensions:/Network/Library/Java/Extensions:/System/Library/Java/Extensions:/usr/lib/java:.]
13-Aug-2018 11:17:06.125 INFO [main] org.apache.coyote.AbstractProtocol.init Initializing ProtocolHandler ["http-nio-8080"]
13-Aug-2018 11:17:06.179 INFO [main] org.apache.tomcat.util.net.NioSelectorPool.getSharedSelector Using a shared selector for servlet write/read
13-Aug-2018 11:17:06.201 INFO [main] org.apache.coyote.AbstractProtocol.init Initializing ProtocolHandler ["ajp-nio-8009"]
13-Aug-2018 11:17:06.203 INFO [main] org.apache.tomcat.util.net.NioSelectorPool.getSharedSelector Using a shared selector for servlet write/read
13-Aug-2018 11:17:06.203 INFO [main] org.apache.catalina.startup.Catalina.load Initialization processed in 1373 ms
13-Aug-2018 11:17:06.260 INFO [main] org.apache.catalina.core.StandardService.startInternal Starting service [Catalina]
13-Aug-2018 11:17:06.260 INFO [main] org.apache.catalina.core.StandardEngine.startInternal Starting Servlet Engine: Apache Tomcat/9.0.6
13-Aug-2018 11:17:06.273 INFO [main] org.apache.catalina.startup.HostConfig.deployDescriptor Deploying deployment descriptor [/Users/paulo/Documents/eclipse-workspace/bundles/liferay-portal/tomcat-9.0.6/conf/Catalina/localhost/ROOT.xml]
13-Aug-2018 11:17:06.311 WARNING [main] org.apache.catalina.startup.HostConfig.deployDescriptor The path attribute with value [] in deployment descriptor [/Users/paulo/Documents/eclipse-workspace/bundles/liferay-portal/tomcat-9.0.6/conf/Catalina/localhost/ROOT.xml] has been ignored
13-Aug-2018 11:20:38.219 INFO [main] org.apache.catalina.startup.HostConfig.deployDescriptor Deployment of deployment descriptor [/Users/paulo/Documents/eclipse-workspace/bundles/liferay-portal/tomcat-9.0.6/conf/Catalina/localhost/ROOT.xml] has finished in [211,946] ms
13-Aug-2018 11:20:38.223 INFO [main] org.apache.coyote.AbstractProtocol.start Starting ProtocolHandler ["http-nio-8080"]
13-Aug-2018 11:20:38.233 INFO [main] org.apache.coyote.AbstractProtocol.start Starting ProtocolHandler ["ajp-nio-8009"]
13-Aug-2018 11:20:38.235 INFO [main] org.apache.catalina.startup.Catalina.start Server startup in 212029 ms
